My SLURM_ARRAY_TASK_I:  44
Input arguments: ['./embed_pubmed__array_gpu_job.py', '44']
slurm array id: 44
GPU sanity checks: 
device ID: 0
<torch.cuda.device object at 0x7fdac68797b8>
N devices: 1
Tesla K80
is available? True
Spacy GPU? True
elapsed (s): 2.3370232582092285
embedding subchunk number 0.0...
elapsed (s): 0.04905056953430176
processing batch of abstracts...
elapsed: 0.7353503704071045
writing embeddings to csv file...
elapsed: 0.004400014877319336
embedding subchunk number 1.0...
elapsed (s): 0.21163344383239746
processing batch of abstracts...
elapsed: 536.4580960273743
writing embeddings to csv file...
elapsed: 7.56779146194458
embedding subchunk number 2.0...
elapsed (s): 7.779274940490723
processing batch of abstracts...
elapsed: 602.8502516746521
writing embeddings to csv file...
elapsed: 7.504818677902222
embedding subchunk number 3.0...
elapsed (s): 7.774904489517212
processing batch of abstracts...
elapsed: 545.7470030784607
writing embeddings to csv file...
elapsed: 7.608079433441162
embedding subchunk number 4.0...
elapsed (s): 7.812396764755249
processing batch of abstracts...
elapsed: 544.2625689506531
writing embeddings to csv file...
elapsed: 7.639532566070557
embedding subchunk number 5.0...
elapsed (s): 7.901540517807007
processing batch of abstracts...
elapsed: 492.6567027568817
writing embeddings to csv file...
elapsed: 7.728097438812256
embedding subchunk number 6.0...
elapsed (s): 7.870577096939087
processing batch of abstracts...
elapsed: 436.6375150680542
writing embeddings to csv file...
elapsed: 7.585036277770996
embedding subchunk number 7.0...
elapsed (s): 7.845372438430786
processing batch of abstracts...
elapsed: 449.8612859249115
writing embeddings to csv file...
elapsed: 7.451908826828003
embedding subchunk number 8.0...
elapsed (s): 7.673797845840454
processing batch of abstracts...
elapsed: 500.61495208740234
writing embeddings to csv file...
elapsed: 7.571156740188599
embedding subchunk number 9.0...
elapsed (s): 7.876032590866089
processing batch of abstracts...
elapsed: 553.7741298675537
writing embeddings to csv file...
elapsed: 7.74258828163147
embedding subchunk number 10.0...
elapsed (s): 7.991250514984131
processing batch of abstracts...
elapsed: 583.2697274684906
writing embeddings to csv file...
elapsed: 7.8973846435546875
embedding subchunk number 11.0...
elapsed (s): 8.308032274246216
processing batch of abstracts...
elapsed: 629.3434464931488
writing embeddings to csv file...
elapsed: 7.503728866577148
embedding subchunk number 12.0...
elapsed (s): 7.723529100418091
processing batch of abstracts...
elapsed: 589.7866394519806
writing embeddings to csv file...
elapsed: 7.649266958236694
embedding subchunk number 13.0...
elapsed (s): 7.928255081176758
processing batch of abstracts...
elapsed: 603.2972528934479
writing embeddings to csv file...
elapsed: 7.598575115203857
embedding subchunk number 14.0...
elapsed (s): 7.787719964981079
processing batch of abstracts...
elapsed: 576.7665596008301
writing embeddings to csv file...
elapsed: 7.646112442016602
embedding subchunk number 15.0...
elapsed (s): 7.898762464523315
processing batch of abstracts...
elapsed: 542.6638290882111
writing embeddings to csv file...
elapsed: 7.457314968109131
embedding subchunk number 16.0...
elapsed (s): 7.616356134414673
processing batch of abstracts...
elapsed: 509.7686347961426
writing embeddings to csv file...
elapsed: 7.4848644733428955
embedding subchunk number 17.0...
elapsed (s): 7.760438919067383
processing batch of abstracts...
elapsed: 556.8671178817749
writing embeddings to csv file...
elapsed: 7.11987042427063
embedding subchunk number 18.0...
elapsed (s): 7.22201132774353
processing batch of abstracts...
elapsed: 396.83714032173157
writing embeddings to csv file...
elapsed: 7.074373483657837
embedding subchunk number 19.0...
elapsed (s): 7.302965402603149
processing batch of abstracts...
elapsed: 331.6615846157074
writing embeddings to csv file...
elapsed: 7.372460126876831
embedding subchunk number 20.0...
elapsed (s): 7.5171427726745605
processing batch of abstracts...
elapsed: 302.5314853191376
writing embeddings to csv file...
elapsed: 7.133779287338257
embedding subchunk number 21.0...
elapsed (s): 7.353480577468872
processing batch of abstracts...
elapsed: 267.49480867385864
writing embeddings to csv file...
elapsed: 7.114484548568726
embedding subchunk number 22.0...
elapsed (s): 7.186718702316284
processing batch of abstracts...
elapsed: 236.87618446350098
writing embeddings to csv file...
elapsed: 7.062302827835083
embedding subchunk number 23.0...
elapsed (s): 7.25546407699585
processing batch of abstracts...
elapsed: 199.11486196517944
writing embeddings to csv file...
elapsed: 7.29546594619751
embedding subchunk number 24.0...
elapsed (s): 7.5224690437316895
processing batch of abstracts...
elapsed: 343.75325536727905
writing embeddings to csv file...
elapsed: 7.130990505218506
embedding subchunk number 25.0...
elapsed (s): 7.332585096359253
processing batch of abstracts...
elapsed: 369.8769733905792
writing embeddings to csv file...
elapsed: 7.104531526565552
embedding subchunk number 26.0...
elapsed (s): 7.247039794921875
processing batch of abstracts...
elapsed: 260.27528071403503
writing embeddings to csv file...
elapsed: 7.390926122665405
embedding subchunk number 27.0...
elapsed (s): 7.558359861373901
processing batch of abstracts...
elapsed: 191.41715359687805
writing embeddings to csv file...
elapsed: 7.063225269317627
embedding subchunk number 28.0...
elapsed (s): 7.253899335861206
processing batch of abstracts...
elapsed: 248.18529772758484
writing embeddings to csv file...
elapsed: 7.172004222869873
embedding subchunk number 29.0...
elapsed (s): 7.340168476104736
processing batch of abstracts...
elapsed: 308.11347222328186
writing embeddings to csv file...
elapsed: 7.166610956192017
embedding subchunk number 30.0...
elapsed (s): 7.400930166244507
processing batch of abstracts...
elapsed: 392.9321799278259
writing embeddings to csv file...
elapsed: 7.093447208404541
embedding subchunk number 31.0...
elapsed (s): 7.302359104156494
processing batch of abstracts...
elapsed: 475.4439570903778
writing embeddings to csv file...
elapsed: 7.238877058029175
embedding subchunk number 32.0...
elapsed (s): 7.591487407684326
processing batch of abstracts...
elapsed: 612.1949768066406
writing embeddings to csv file...
elapsed: 7.2417519092559814
embedding subchunk number 33.0...
elapsed (s): 7.442436695098877
processing batch of abstracts...
elapsed: 532.5373485088348
writing embeddings to csv file...
elapsed: 7.081985235214233
embedding subchunk number 34.0...
elapsed (s): 7.377770900726318
processing batch of abstracts...
elapsed: 587.1869552135468
writing embeddings to csv file...
elapsed: 7.3881072998046875
embedding subchunk number 35.0...
elapsed (s): 7.5707714557647705
processing batch of abstracts...
elapsed: 547.8371686935425
writing embeddings to csv file...
elapsed: 7.100519418716431
embedding subchunk number 36.0...
elapsed (s): 7.489481687545776
processing batch of abstracts...
elapsed: 561.3431804180145
writing embeddings to csv file...
elapsed: 7.117990493774414
embedding subchunk number 37.0...
elapsed (s): 7.3636744022369385
processing batch of abstracts...
elapsed: 559.4637036323547
writing embeddings to csv file...
elapsed: 7.087623596191406
embedding subchunk number 38.0...
elapsed (s): 7.331693649291992
processing batch of abstracts...
elapsed: 549.451376914978
writing embeddings to csv file...
elapsed: 7.546302556991577
embedding subchunk number 39.0...
elapsed (s): 7.811439514160156
processing batch of abstracts...
elapsed: 581.8578028678894
writing embeddings to csv file...
elapsed: 7.487272500991821
embedding subchunk number 40.0...
elapsed (s): 7.716324329376221
processing batch of abstracts...
elapsed: 485.2165780067444
writing embeddings to csv file...
elapsed: 7.275737285614014
embedding subchunk number 41.0...
elapsed (s): 7.523806095123291
processing batch of abstracts...
elapsed: 412.5272080898285
writing embeddings to csv file...
elapsed: 7.3854711055755615
embedding subchunk number 42.0...
elapsed (s): 7.57334566116333
processing batch of abstracts...
elapsed: 309.45118498802185
writing embeddings to csv file...
elapsed: 7.545852422714233
embedding subchunk number 43.0...
elapsed (s): 7.8807220458984375
processing batch of abstracts...
elapsed: 626.00692486763
writing embeddings to csv file...
elapsed: 8.407418727874756
embedding subchunk number 44.0...
elapsed (s): 8.670331716537476
processing batch of abstracts...
elapsed: 651.9799139499664
writing embeddings to csv file...
elapsed: 7.435521841049194
embedding subchunk number 45.0...
elapsed (s): 7.724663496017456
processing batch of abstracts...
elapsed: 583.9453682899475
writing embeddings to csv file...
elapsed: 7.67919397354126
embedding subchunk number 46.0...
elapsed (s): 7.757480144500732
processing batch of abstracts...
elapsed: 247.35172271728516
writing embeddings to csv file...
elapsed: 7.951037645339966
embedding subchunk number 47.0...
elapsed (s): 8.28653335571289
processing batch of abstracts...
elapsed: 593.4139094352722
writing embeddings to csv file...
elapsed: 7.35295033454895
embedding subchunk number 48.0...
elapsed (s): 7.662007570266724
processing batch of abstracts...
elapsed: 587.4872026443481
writing embeddings to csv file...
elapsed: 7.3815789222717285
embedding subchunk number 49.0...
elapsed (s): 7.700200319290161
processing batch of abstracts...
elapsed: 535.157368183136
writing embeddings to csv file...
elapsed: 8.64352536201477
embedding subchunk number 50.0...
elapsed (s): 8.9247567653656
processing batch of abstracts...
elapsed: 547.7927060127258
writing embeddings to csv file...
elapsed: 8.070150375366211
embedding subchunk number 51.0...
elapsed (s): 8.366204977035522
processing batch of abstracts...
elapsed: 554.74187541008
writing embeddings to csv file...
elapsed: 7.431887865066528
embedding subchunk number 52.0...
elapsed (s): 7.627342700958252
processing batch of abstracts...
elapsed: 499.7039678096771
writing embeddings to csv file...
elapsed: 7.433008909225464
embedding subchunk number 53.0...
elapsed (s): 7.718982219696045
processing batch of abstracts...
elapsed: 523.6158690452576
writing embeddings to csv file...
elapsed: 7.483877182006836
embedding subchunk number 54.0...
elapsed (s): 7.718483209609985
processing batch of abstracts...
elapsed: 526.0474407672882
writing embeddings to csv file...
elapsed: 7.473022222518921
embedding subchunk number 55.0...
elapsed (s): 7.7097461223602295
processing batch of abstracts...
elapsed: 567.1129415035248
writing embeddings to csv file...
elapsed: 7.571610450744629
embedding subchunk number 56.0...
elapsed (s): 7.838971138000488
processing batch of abstracts...
elapsed: 534.1153683662415
writing embeddings to csv file...
elapsed: 7.618408441543579
embedding subchunk number 57.0...
elapsed (s): 7.909111738204956
processing batch of abstracts...
elapsed: 508.3204872608185
writing embeddings to csv file...
elapsed: 7.417719125747681
embedding subchunk number 58.0...
elapsed (s): 7.677269220352173
processing batch of abstracts...
elapsed: 512.1488566398621
writing embeddings to csv file...
elapsed: 7.980590105056763
embedding subchunk number 59.0...
elapsed (s): 8.238949537277222
processing batch of abstracts...
elapsed: 590.4693117141724
writing embeddings to csv file...
elapsed: 8.285055875778198
