My SLURM_ARRAY_TASK_I:  10
Input arguments: ['./embed_pubmed__array_gpu_job.py', '10']
slurm array id: 10
GPU sanity checks: 
device ID: 0
<torch.cuda.device object at 0x7f9499bb9860>
N devices: 1
Tesla K80
is available? True
Spacy GPU? True
elapsed (s): 2.9758002758026123
embedding subchunk number 0.0...
elapsed (s): 0.07121682167053223
processing batch of abstracts...
elapsed: 5.509823799133301
writing embeddings to csv file...
elapsed: 0.18773555755615234
embedding subchunk number 1.0...
elapsed (s): 0.48804330825805664
processing batch of abstracts...
elapsed: 606.790360212326
writing embeddings to csv file...
elapsed: 5.861611604690552
embedding subchunk number 2.0...
elapsed (s): 6.051930665969849
processing batch of abstracts...
elapsed: 465.0409080982208
writing embeddings to csv file...
elapsed: 4.358354091644287
embedding subchunk number 3.0...
elapsed (s): 4.675224304199219
processing batch of abstracts...
elapsed: 600.799257516861
writing embeddings to csv file...
elapsed: 5.288895606994629
embedding subchunk number 4.0...
elapsed (s): 5.453698635101318
processing batch of abstracts...
elapsed: 546.5473124980927
writing embeddings to csv file...
elapsed: 5.218683242797852
embedding subchunk number 5.0...
elapsed (s): 5.649585962295532
processing batch of abstracts...
elapsed: 511.6537721157074
writing embeddings to csv file...
elapsed: 4.896714687347412
embedding subchunk number 6.0...
elapsed (s): 5.155177116394043
processing batch of abstracts...
elapsed: 522.5641052722931
writing embeddings to csv file...
elapsed: 4.863107204437256
embedding subchunk number 7.0...
elapsed (s): 5.1614367961883545
processing batch of abstracts...
elapsed: 594.3478169441223
writing embeddings to csv file...
elapsed: 5.25432014465332
embedding subchunk number 8.0...
elapsed (s): 5.43716835975647
processing batch of abstracts...
elapsed: 486.0682508945465
writing embeddings to csv file...
elapsed: 4.1795244216918945
embedding subchunk number 9.0...
elapsed (s): 4.409950017929077
processing batch of abstracts...
elapsed: 267.0024788379669
writing embeddings to csv file...
elapsed: 2.486212730407715
embedding subchunk number 10.0...
elapsed (s): 2.7269229888916016
processing batch of abstracts...
elapsed: 298.06738018989563
writing embeddings to csv file...
elapsed: 3.1457836627960205
embedding subchunk number 11.0...
elapsed (s): 3.2421748638153076
processing batch of abstracts...
elapsed: 26.40022850036621
writing embeddings to csv file...
elapsed: 0.2960212230682373
embedding subchunk number 12.0...
elapsed (s): 0.49915456771850586
processing batch of abstracts...
elapsed: 239.41665148735046
writing embeddings to csv file...
elapsed: 2.222748279571533
embedding subchunk number 13.0...
elapsed (s): 2.520355463027954
processing batch of abstracts...
elapsed: 643.415988445282
writing embeddings to csv file...
elapsed: 5.63609766960144
embedding subchunk number 14.0...
elapsed (s): 5.983679533004761
processing batch of abstracts...
elapsed: 659.601969242096
writing embeddings to csv file...
elapsed: 5.830901861190796
embedding subchunk number 15.0...
elapsed (s): 6.196761608123779
processing batch of abstracts...
elapsed: 562.1867685317993
writing embeddings to csv file...
elapsed: 4.980057954788208
embedding subchunk number 16.0...
elapsed (s): 5.284269332885742
processing batch of abstracts...
elapsed: 624.7279438972473
writing embeddings to csv file...
elapsed: 5.29832911491394
embedding subchunk number 17.0...
elapsed (s): 5.704556703567505
processing batch of abstracts...
elapsed: 625.058919429779
writing embeddings to csv file...
elapsed: 5.916212320327759
embedding subchunk number 18.0...
elapsed (s): 6.245508670806885
processing batch of abstracts...
elapsed: 621.6968591213226
writing embeddings to csv file...
elapsed: 5.392579078674316
embedding subchunk number 19.0...
elapsed (s): 5.735310316085815
processing batch of abstracts...
elapsed: 617.0931797027588
writing embeddings to csv file...
elapsed: 5.301535129547119
embedding subchunk number 20.0...
elapsed (s): 5.652285814285278
processing batch of abstracts...
elapsed: 612.4937753677368
writing embeddings to csv file...
elapsed: 5.4100072383880615
embedding subchunk number 21.0...
elapsed (s): 5.722150564193726
processing batch of abstracts...
elapsed: 413.64373540878296
writing embeddings to csv file...
elapsed: 3.750281572341919
embedding subchunk number 22.0...
elapsed (s): 4.123793363571167
processing batch of abstracts...
elapsed: 573.9565484523773
writing embeddings to csv file...
elapsed: 5.192409515380859
embedding subchunk number 23.0...
elapsed (s): 5.53117299079895
processing batch of abstracts...
elapsed: 587.7069866657257
writing embeddings to csv file...
elapsed: 5.31172251701355
embedding subchunk number 24.0...
elapsed (s): 5.705582857131958
processing batch of abstracts...
elapsed: 531.8411509990692
writing embeddings to csv file...
elapsed: 4.927912712097168
embedding subchunk number 25.0...
elapsed (s): 5.057727098464966
processing batch of abstracts...
elapsed: 344.5035881996155
writing embeddings to csv file...
elapsed: 4.174086332321167
embedding subchunk number 26.0...
elapsed (s): 5.126112937927246
processing batch of abstracts...
elapsed: 423.27627420425415
writing embeddings to csv file...
elapsed: 4.124663591384888
embedding subchunk number 27.0...
elapsed (s): 4.30108118057251
processing batch of abstracts...
elapsed: 341.85384035110474
writing embeddings to csv file...
elapsed: 3.6030995845794678
embedding subchunk number 28.0...
elapsed (s): 4.095598459243774
processing batch of abstracts...
elapsed: 466.73119282722473
writing embeddings to csv file...
elapsed: 4.437399625778198
embedding subchunk number 29.0...
elapsed (s): 4.675475835800171
processing batch of abstracts...
elapsed: 552.475777387619
writing embeddings to csv file...
elapsed: 4.891213893890381
embedding subchunk number 30.0...
elapsed (s): 5.445690393447876
processing batch of abstracts...
elapsed: 593.0988566875458
writing embeddings to csv file...
elapsed: 4.954631567001343
embedding subchunk number 31.0...
elapsed (s): 5.280142307281494
processing batch of abstracts...
elapsed: 618.1464486122131
writing embeddings to csv file...
elapsed: 5.182822227478027
embedding subchunk number 32.0...
elapsed (s): 5.568769931793213
processing batch of abstracts...
elapsed: 629.5133638381958
writing embeddings to csv file...
elapsed: 5.325166463851929
embedding subchunk number 33.0...
elapsed (s): 5.72998309135437
processing batch of abstracts...
elapsed: 612.5490682125092
writing embeddings to csv file...
elapsed: 4.9700767993927
embedding subchunk number 34.0...
elapsed (s): 5.233378887176514
processing batch of abstracts...
elapsed: 400.34419560432434
writing embeddings to csv file...
elapsed: 3.602247953414917
embedding subchunk number 35.0...
elapsed (s): 3.897538900375366
processing batch of abstracts...
elapsed: 585.1970241069794
writing embeddings to csv file...
elapsed: 4.969618558883667
embedding subchunk number 36.0...
elapsed (s): 5.249725103378296
processing batch of abstracts...
elapsed: 571.1464049816132
writing embeddings to csv file...
elapsed: 5.6977667808532715
embedding subchunk number 37.0...
elapsed (s): 6.033535718917847
processing batch of abstracts...
elapsed: 578.1213703155518
writing embeddings to csv file...
elapsed: 5.086555480957031
embedding subchunk number 38.0...
elapsed (s): 5.344500303268433
processing batch of abstracts...
elapsed: 589.1032984256744
writing embeddings to csv file...
elapsed: 5.347477674484253
embedding subchunk number 39.0...
elapsed (s): 5.529396295547485
processing batch of abstracts...
elapsed: 590.6076192855835
writing embeddings to csv file...
elapsed: 5.121933937072754
embedding subchunk number 40.0...
elapsed (s): 5.297986745834351
processing batch of abstracts...
elapsed: 576.652330160141
writing embeddings to csv file...
elapsed: 5.066029787063599
embedding subchunk number 41.0...
elapsed (s): 5.359326362609863
processing batch of abstracts...
elapsed: 581.9139213562012
writing embeddings to csv file...
elapsed: 5.113205432891846
embedding subchunk number 42.0...
elapsed (s): 5.284368515014648
processing batch of abstracts...
elapsed: 594.8441565036774
writing embeddings to csv file...
elapsed: 5.467219114303589
embedding subchunk number 43.0...
elapsed (s): 5.7238264083862305
processing batch of abstracts...
elapsed: 368.4902431964874
writing embeddings to csv file...
elapsed: 3.002941608428955
embedding subchunk number 44.0...
elapsed (s): 3.0936198234558105
processing batch of abstracts...
elapsed: 298.49049186706543
writing embeddings to csv file...
elapsed: 2.5005300045013428
embedding subchunk number 45.0...
elapsed (s): 2.7413687705993652
processing batch of abstracts...
elapsed: 275.5343358516693
writing embeddings to csv file...
elapsed: 2.3441343307495117
embedding subchunk number 46.0...
elapsed (s): 2.5021140575408936
processing batch of abstracts...
elapsed: 266.46574783325195
writing embeddings to csv file...
elapsed: 2.5408051013946533
embedding subchunk number 47.0...
elapsed (s): 2.7701287269592285
processing batch of abstracts...
elapsed: 277.02075362205505
writing embeddings to csv file...
elapsed: 2.850074291229248
embedding subchunk number 48.0...
elapsed (s): 3.119558334350586
processing batch of abstracts...
elapsed: 552.3263401985168
writing embeddings to csv file...
elapsed: 4.757942199707031
embedding subchunk number 49.0...
elapsed (s): 5.124709367752075
processing batch of abstracts...
elapsed: 680.6880354881287
writing embeddings to csv file...
elapsed: 5.620350360870361
embedding subchunk number 50.0...
elapsed (s): 5.937338829040527
processing batch of abstracts...
elapsed: 583.7319533824921
writing embeddings to csv file...
elapsed: 5.582417964935303
embedding subchunk number 51.0...
elapsed (s): 5.858630895614624
processing batch of abstracts...
elapsed: 499.01061248779297
writing embeddings to csv file...
elapsed: 4.494828701019287
embedding subchunk number 52.0...
elapsed (s): 4.83223032951355
processing batch of abstracts...
elapsed: 637.6876821517944
writing embeddings to csv file...
elapsed: 5.720862865447998
embedding subchunk number 53.0...
elapsed (s): 6.071887493133545
processing batch of abstracts...
elapsed: 564.8003942966461
writing embeddings to csv file...
elapsed: 5.1994147300720215
embedding subchunk number 54.0...
elapsed (s): 5.435165643692017
processing batch of abstracts...
elapsed: 521.5549657344818
writing embeddings to csv file...
elapsed: 4.831767797470093
embedding subchunk number 55.0...
elapsed (s): 5.07671594619751
processing batch of abstracts...
elapsed: 578.493789434433
writing embeddings to csv file...
elapsed: 6.080074310302734
embedding subchunk number 56.0...
elapsed (s): 6.379010915756226
processing batch of abstracts...
elapsed: 613.2263352870941
writing embeddings to csv file...
elapsed: 5.464060544967651
embedding subchunk number 57.0...
elapsed (s): 5.72643256187439
processing batch of abstracts...
elapsed: 563.8420608043671
writing embeddings to csv file...
elapsed: 5.5041868686676025
embedding subchunk number 58.0...
elapsed (s): 5.76653528213501
processing batch of abstracts...
elapsed: 572.0442590713501
writing embeddings to csv file...
elapsed: 5.544396638870239
embedding subchunk number 59.0...
elapsed (s): 5.791733503341675
processing batch of abstracts...
elapsed: 610.003927230835
writing embeddings to csv file...
elapsed: 5.9308764934539795
