My SLURM_ARRAY_TASK_I:  35
Input arguments: ['./embed_pubmed__array_gpu_job.py', '35']
slurm array id: 35
GPU sanity checks: 
device ID: 0
<torch.cuda.device object at 0x7f91f0bf8860>
N devices: 1
Tesla K80
is available? True
Spacy GPU? True
elapsed (s): 1.3910558223724365
embedding subchunk number 0.0...
elapsed (s): 0.050032854080200195
processing batch of abstracts...
elapsed: 0.37393951416015625
writing embeddings to csv file...
elapsed: 0.0072209835052490234
embedding subchunk number 1.0...
elapsed (s): 0.15712976455688477
processing batch of abstracts...
elapsed: 414.29188561439514
writing embeddings to csv file...
elapsed: 4.595397472381592
embedding subchunk number 2.0...
elapsed (s): 4.748836517333984
processing batch of abstracts...
elapsed: 450.9505407810211
writing embeddings to csv file...
elapsed: 4.577021360397339
embedding subchunk number 3.0...
elapsed (s): 4.828750848770142
processing batch of abstracts...
elapsed: 402.9836609363556
writing embeddings to csv file...
elapsed: 4.302317142486572
embedding subchunk number 4.0...
elapsed (s): 4.4461610317230225
processing batch of abstracts...
elapsed: 398.66077613830566
writing embeddings to csv file...
elapsed: 4.27833104133606
embedding subchunk number 5.0...
elapsed (s): 4.511704921722412
processing batch of abstracts...
elapsed: 410.55856943130493
writing embeddings to csv file...
elapsed: 4.822841644287109
embedding subchunk number 6.0...
elapsed (s): 5.026108980178833
processing batch of abstracts...
elapsed: 448.78701090812683
writing embeddings to csv file...
elapsed: 5.011714696884155
embedding subchunk number 7.0...
elapsed (s): 5.23529839515686
processing batch of abstracts...
elapsed: 369.4201760292053
writing embeddings to csv file...
elapsed: 4.1020331382751465
embedding subchunk number 8.0...
elapsed (s): 4.259982109069824
processing batch of abstracts...
elapsed: 339.9447543621063
writing embeddings to csv file...
elapsed: 4.005044460296631
embedding subchunk number 9.0...
elapsed (s): 4.255957126617432
processing batch of abstracts...
elapsed: 327.790643453598
writing embeddings to csv file...
elapsed: 3.6806299686431885
embedding subchunk number 10.0...
elapsed (s): 3.8103878498077393
processing batch of abstracts...
elapsed: 313.31376361846924
writing embeddings to csv file...
elapsed: 3.3901305198669434
embedding subchunk number 11.0...
elapsed (s): 3.6036524772644043
processing batch of abstracts...
elapsed: 332.95977997779846
writing embeddings to csv file...
elapsed: 3.5636043548583984
embedding subchunk number 12.0...
elapsed (s): 3.7493033409118652
processing batch of abstracts...
elapsed: 352.0356750488281
writing embeddings to csv file...
elapsed: 3.8005731105804443
embedding subchunk number 13.0...
elapsed (s): 3.9669668674468994
processing batch of abstracts...
elapsed: 281.3433287143707
writing embeddings to csv file...
elapsed: 3.191782236099243
embedding subchunk number 14.0...
elapsed (s): 3.3547298908233643
processing batch of abstracts...
elapsed: 270.4115903377533
writing embeddings to csv file...
elapsed: 3.0409257411956787
embedding subchunk number 15.0...
elapsed (s): 3.292809009552002
processing batch of abstracts...
elapsed: 311.26465463638306
writing embeddings to csv file...
elapsed: 3.7237539291381836
embedding subchunk number 16.0...
elapsed (s): 3.852259874343872
processing batch of abstracts...
elapsed: 314.79826068878174
writing embeddings to csv file...
elapsed: 3.754725456237793
embedding subchunk number 17.0...
elapsed (s): 4.037538766860962
processing batch of abstracts...
elapsed: 369.4595286846161
writing embeddings to csv file...
elapsed: 4.206634759902954
embedding subchunk number 18.0...
elapsed (s): 4.372093677520752
processing batch of abstracts...
elapsed: 364.21669721603394
writing embeddings to csv file...
elapsed: 4.160944700241089
embedding subchunk number 19.0...
elapsed (s): 4.385439872741699
processing batch of abstracts...
elapsed: 339.71199011802673
writing embeddings to csv file...
elapsed: 4.152904748916626
embedding subchunk number 20.0...
elapsed (s): 4.288126707077026
processing batch of abstracts...
elapsed: 317.60863304138184
writing embeddings to csv file...
elapsed: 4.096373081207275
embedding subchunk number 21.0...
elapsed (s): 4.31995701789856
processing batch of abstracts...
elapsed: 282.0298409461975
writing embeddings to csv file...
elapsed: 3.529994249343872
embedding subchunk number 22.0...
elapsed (s): 3.714669704437256
processing batch of abstracts...
elapsed: 361.3808710575104
writing embeddings to csv file...
elapsed: 4.238935470581055
embedding subchunk number 23.0...
elapsed (s): 4.464507341384888
processing batch of abstracts...
elapsed: 408.25472140312195
writing embeddings to csv file...
elapsed: 4.592362403869629
embedding subchunk number 24.0...
elapsed (s): 4.794245004653931
processing batch of abstracts...
elapsed: 405.3839256763458
writing embeddings to csv file...
elapsed: 4.508075952529907
embedding subchunk number 25.0...
elapsed (s): 4.791662931442261
processing batch of abstracts...
elapsed: 499.8797137737274
writing embeddings to csv file...
elapsed: 5.294342756271362
embedding subchunk number 26.0...
elapsed (s): 5.476208925247192
processing batch of abstracts...
elapsed: 468.2775330543518
writing embeddings to csv file...
elapsed: 4.779003620147705
embedding subchunk number 27.0...
elapsed (s): 5.0017619132995605
processing batch of abstracts...
elapsed: 475.4010887145996
writing embeddings to csv file...
elapsed: 4.93652606010437
embedding subchunk number 28.0...
elapsed (s): 5.122116565704346
processing batch of abstracts...
elapsed: 494.8952443599701
writing embeddings to csv file...
elapsed: 4.932021617889404
embedding subchunk number 29.0...
elapsed (s): 5.17667555809021
processing batch of abstracts...
elapsed: 386.10082244873047
writing embeddings to csv file...
elapsed: 3.844684362411499
embedding subchunk number 30.0...
elapsed (s): 3.999035596847534
processing batch of abstracts...
elapsed: 360.6066646575928
writing embeddings to csv file...
elapsed: 3.5591301918029785
embedding subchunk number 31.0...
elapsed (s): 3.837482213973999
processing batch of abstracts...
elapsed: 367.98904156684875
writing embeddings to csv file...
elapsed: 3.602375030517578
embedding subchunk number 32.0...
elapsed (s): 3.743105411529541
processing batch of abstracts...
elapsed: 323.6282000541687
writing embeddings to csv file...
elapsed: 3.3152759075164795
embedding subchunk number 33.0...
elapsed (s): 3.5254366397857666
processing batch of abstracts...
elapsed: 363.5415930747986
writing embeddings to csv file...
elapsed: 3.951601982116699
embedding subchunk number 34.0...
elapsed (s): 4.1260716915130615
processing batch of abstracts...
elapsed: 318.47898030281067
writing embeddings to csv file...
elapsed: 3.662113904953003
embedding subchunk number 35.0...
elapsed (s): 3.9614031314849854
processing batch of abstracts...
elapsed: 296.0601623058319
writing embeddings to csv file...
elapsed: 3.2625503540039062
embedding subchunk number 36.0...
elapsed (s): 3.4285857677459717
processing batch of abstracts...
elapsed: 312.44956374168396
writing embeddings to csv file...
elapsed: 3.3231301307678223
embedding subchunk number 37.0...
elapsed (s): 3.5634827613830566
processing batch of abstracts...
elapsed: 194.31102514266968
writing embeddings to csv file...
elapsed: 2.390603542327881
embedding subchunk number 38.0...
elapsed (s): 2.602708578109741
processing batch of abstracts...
elapsed: 318.09800243377686
writing embeddings to csv file...
elapsed: 3.5503597259521484
embedding subchunk number 39.0...
elapsed (s): 3.837050199508667
processing batch of abstracts...
elapsed: 296.41217851638794
writing embeddings to csv file...
elapsed: 3.173488140106201
embedding subchunk number 40.0...
elapsed (s): 3.3084323406219482
processing batch of abstracts...
elapsed: 206.3879749774933
writing embeddings to csv file...
elapsed: 2.390237331390381
embedding subchunk number 41.0...
elapsed (s): 2.7530572414398193
processing batch of abstracts...
elapsed: 233.1233105659485
writing embeddings to csv file...
elapsed: 2.5226709842681885
embedding subchunk number 42.0...
elapsed (s): 2.7246861457824707
processing batch of abstracts...
elapsed: 214.73910999298096
writing embeddings to csv file...
elapsed: 2.343431234359741
embedding subchunk number 43.0...
elapsed (s): 2.557920217514038
processing batch of abstracts...
elapsed: 209.9559166431427
writing embeddings to csv file...
elapsed: 2.143496513366699
embedding subchunk number 44.0...
elapsed (s): 2.2839934825897217
processing batch of abstracts...
elapsed: 228.62155151367188
writing embeddings to csv file...
elapsed: 2.4722344875335693
embedding subchunk number 45.0...
elapsed (s): 2.7889766693115234
processing batch of abstracts...
elapsed: 319.3170084953308
writing embeddings to csv file...
elapsed: 3.175642251968384
embedding subchunk number 46.0...
elapsed (s): 3.406287908554077
processing batch of abstracts...
elapsed: 543.3397481441498
writing embeddings to csv file...
elapsed: 5.554492473602295
embedding subchunk number 47.0...
elapsed (s): 5.808840990066528
processing batch of abstracts...
elapsed: 543.0006070137024
writing embeddings to csv file...
elapsed: 5.106685638427734
embedding subchunk number 48.0...
elapsed (s): 5.400967359542847
processing batch of abstracts...
elapsed: 585.2483201026917
writing embeddings to csv file...
elapsed: 5.532944917678833
embedding subchunk number 49.0...
elapsed (s): 5.7778496742248535
processing batch of abstracts...
elapsed: 555.159752368927
writing embeddings to csv file...
elapsed: 5.18036150932312
embedding subchunk number 50.0...
elapsed (s): 5.464750289916992
processing batch of abstracts...
elapsed: 613.3443992137909
writing embeddings to csv file...
elapsed: 5.72954535484314
embedding subchunk number 51.0...
elapsed (s): 6.069942474365234
processing batch of abstracts...
elapsed: 620.4692199230194
writing embeddings to csv file...
elapsed: 5.644322633743286
embedding subchunk number 52.0...
elapsed (s): 5.910156488418579
processing batch of abstracts...
elapsed: 622.3580408096313
writing embeddings to csv file...
elapsed: 5.7156829833984375
embedding subchunk number 53.0...
elapsed (s): 5.963754653930664
processing batch of abstracts...
elapsed: 582.0193061828613
writing embeddings to csv file...
elapsed: 5.301987886428833
embedding subchunk number 54.0...
elapsed (s): 5.64916729927063
processing batch of abstracts...
elapsed: 601.3648040294647
writing embeddings to csv file...
elapsed: 5.4076972007751465
embedding subchunk number 55.0...
elapsed (s): 5.755420207977295
processing batch of abstracts...
elapsed: 602.1281015872955
writing embeddings to csv file...
elapsed: 5.625782251358032
embedding subchunk number 56.0...
elapsed (s): 5.982840538024902
processing batch of abstracts...
elapsed: 621.1953916549683
writing embeddings to csv file...
elapsed: 5.616587162017822
embedding subchunk number 57.0...
elapsed (s): 5.977339744567871
processing batch of abstracts...
elapsed: 643.7222805023193
writing embeddings to csv file...
elapsed: 5.831410884857178
embedding subchunk number 58.0...
elapsed (s): 6.140649795532227
processing batch of abstracts...
elapsed: 615.3850815296173
writing embeddings to csv file...
elapsed: 5.448978900909424
embedding subchunk number 59.0...
elapsed (s): 5.681610345840454
processing batch of abstracts...
elapsed: 619.7942864894867
writing embeddings to csv file...
elapsed: 5.561626195907593
