My SLURM_ARRAY_TASK_I:  7
Input arguments: ['./embed_pubmed__array_gpu_job.py', '7']
slurm array id: 7
GPU sanity checks: 
device ID: 0
<torch.cuda.device object at 0x7fa7ed0b47b8>
N devices: 1
Tesla K80
is available? True
Spacy GPU? True
elapsed (s): 1.2089452743530273
embedding subchunk number 0.0...
elapsed (s): 0.06672883033752441
processing batch of abstracts...
elapsed: 0.329758882522583
writing embeddings to csv file...
elapsed: 0.015665054321289062
embedding subchunk number 1.0...
elapsed (s): 0.15379071235656738
processing batch of abstracts...
elapsed: 300.2565960884094
writing embeddings to csv file...
elapsed: 7.7175469398498535
embedding subchunk number 2.0...
elapsed (s): 7.80803656578064
processing batch of abstracts...
elapsed: 322.875084400177
writing embeddings to csv file...
elapsed: 7.628682613372803
embedding subchunk number 3.0...
elapsed (s): 7.824239492416382
processing batch of abstracts...
elapsed: 337.8112630844116
writing embeddings to csv file...
elapsed: 7.533315181732178
embedding subchunk number 4.0...
elapsed (s): 7.649699687957764
processing batch of abstracts...
elapsed: 294.907949924469
writing embeddings to csv file...
elapsed: 7.495043039321899
embedding subchunk number 5.0...
elapsed (s): 7.687172889709473
processing batch of abstracts...
elapsed: 303.8179204463959
writing embeddings to csv file...
elapsed: 7.434273719787598
embedding subchunk number 6.0...
elapsed (s): 7.569862127304077
processing batch of abstracts...
elapsed: 300.4894902706146
writing embeddings to csv file...
elapsed: 7.4100799560546875
embedding subchunk number 7.0...
elapsed (s): 7.648637294769287
processing batch of abstracts...
elapsed: 426.6068124771118
writing embeddings to csv file...
elapsed: 7.460228681564331
embedding subchunk number 8.0...
elapsed (s): 7.6410322189331055
processing batch of abstracts...
elapsed: 491.8877441883087
writing embeddings to csv file...
elapsed: 7.429354429244995
embedding subchunk number 9.0...
elapsed (s): 7.711809158325195
processing batch of abstracts...
elapsed: 493.74429178237915
writing embeddings to csv file...
elapsed: 7.556248426437378
embedding subchunk number 10.0...
elapsed (s): 7.742664337158203
processing batch of abstracts...
elapsed: 478.4121506214142
writing embeddings to csv file...
elapsed: 7.503979921340942
embedding subchunk number 11.0...
elapsed (s): 7.740929841995239
processing batch of abstracts...
elapsed: 513.9379165172577
writing embeddings to csv file...
elapsed: 7.574006795883179
embedding subchunk number 12.0...
elapsed (s): 7.749895811080933
processing batch of abstracts...
elapsed: 529.1203396320343
writing embeddings to csv file...
elapsed: 7.503051519393921
embedding subchunk number 13.0...
elapsed (s): 7.722361326217651
processing batch of abstracts...
elapsed: 516.5143644809723
writing embeddings to csv file...
elapsed: 7.438750982284546
embedding subchunk number 14.0...
elapsed (s): 7.6189258098602295
processing batch of abstracts...
elapsed: 511.2651174068451
writing embeddings to csv file...
elapsed: 7.613621711730957
embedding subchunk number 15.0...
elapsed (s): 7.882839679718018
processing batch of abstracts...
elapsed: 538.4934802055359
writing embeddings to csv file...
elapsed: 7.460261583328247
embedding subchunk number 16.0...
elapsed (s): 7.623186349868774
processing batch of abstracts...
elapsed: 503.4424030780792
writing embeddings to csv file...
elapsed: 7.553409099578857
embedding subchunk number 17.0...
elapsed (s): 7.835411787033081
processing batch of abstracts...
elapsed: 529.8636448383331
writing embeddings to csv file...
elapsed: 7.565433025360107
embedding subchunk number 18.0...
elapsed (s): 7.73622727394104
processing batch of abstracts...
elapsed: 531.2112092971802
writing embeddings to csv file...
elapsed: 7.490821838378906
embedding subchunk number 19.0...
elapsed (s): 7.713486671447754
processing batch of abstracts...
elapsed: 521.2072532176971
writing embeddings to csv file...
elapsed: 7.440471887588501
embedding subchunk number 20.0...
elapsed (s): 7.667620658874512
processing batch of abstracts...
elapsed: 593.7614073753357
writing embeddings to csv file...
elapsed: 7.494425535202026
embedding subchunk number 21.0...
elapsed (s): 7.70120096206665
processing batch of abstracts...
elapsed: 394.81402134895325
writing embeddings to csv file...
elapsed: 7.424615859985352
embedding subchunk number 22.0...
elapsed (s): 7.553970813751221
processing batch of abstracts...
elapsed: 293.8359935283661
writing embeddings to csv file...
elapsed: 7.444973468780518
embedding subchunk number 23.0...
elapsed (s): 7.540722131729126
processing batch of abstracts...
elapsed: 124.88289260864258
writing embeddings to csv file...
elapsed: 7.415146589279175
embedding subchunk number 24.0...
elapsed (s): 7.548599481582642
processing batch of abstracts...
elapsed: 158.79948949813843
writing embeddings to csv file...
elapsed: 7.570631742477417
embedding subchunk number 25.0...
elapsed (s): 7.67900538444519
processing batch of abstracts...
elapsed: 130.39052319526672
writing embeddings to csv file...
elapsed: 7.410668611526489
embedding subchunk number 26.0...
elapsed (s): 7.525617361068726
processing batch of abstracts...
elapsed: 143.22061848640442
writing embeddings to csv file...
elapsed: 7.354682207107544
embedding subchunk number 27.0...
elapsed (s): 7.494495868682861
processing batch of abstracts...
elapsed: 258.25671005249023
writing embeddings to csv file...
elapsed: 7.509951591491699
embedding subchunk number 28.0...
elapsed (s): 7.776988744735718
processing batch of abstracts...
elapsed: 567.9074931144714
writing embeddings to csv file...
elapsed: 7.459636926651001
embedding subchunk number 29.0...
elapsed (s): 7.682790756225586
processing batch of abstracts...
elapsed: 583.2710475921631
writing embeddings to csv file...
elapsed: 7.43408203125
embedding subchunk number 30.0...
elapsed (s): 7.654843091964722
processing batch of abstracts...
elapsed: 518.5687093734741
writing embeddings to csv file...
elapsed: 7.6141839027404785
embedding subchunk number 31.0...
elapsed (s): 7.861377239227295
processing batch of abstracts...
elapsed: 570.9601311683655
writing embeddings to csv file...
elapsed: 7.482388973236084
embedding subchunk number 32.0...
elapsed (s): 7.733709335327148
processing batch of abstracts...
elapsed: 554.6351509094238
writing embeddings to csv file...
elapsed: 7.472529172897339
embedding subchunk number 33.0...
elapsed (s): 7.691753149032593
processing batch of abstracts...
elapsed: 566.1754148006439
writing embeddings to csv file...
elapsed: 7.555390119552612
embedding subchunk number 34.0...
elapsed (s): 7.798521280288696
processing batch of abstracts...
elapsed: 575.2976567745209
writing embeddings to csv file...
elapsed: 7.540161371231079
embedding subchunk number 35.0...
elapsed (s): 7.769766569137573
processing batch of abstracts...
elapsed: 575.3703043460846
writing embeddings to csv file...
elapsed: 7.4529807567596436
embedding subchunk number 36.0...
elapsed (s): 7.686300754547119
processing batch of abstracts...
elapsed: 544.6467714309692
writing embeddings to csv file...
elapsed: 7.735171318054199
embedding subchunk number 37.0...
elapsed (s): 7.9790613651275635
processing batch of abstracts...
elapsed: 554.0029518604279
writing embeddings to csv file...
elapsed: 7.388827800750732
embedding subchunk number 38.0...
elapsed (s): 7.604598760604858
processing batch of abstracts...
elapsed: 529.598219871521
writing embeddings to csv file...
elapsed: 7.491368293762207
embedding subchunk number 39.0...
elapsed (s): 7.727896213531494
processing batch of abstracts...
elapsed: 517.5207679271698
writing embeddings to csv file...
elapsed: 7.514053821563721
embedding subchunk number 40.0...
elapsed (s): 7.7350404262542725
processing batch of abstracts...
elapsed: 515.3779134750366
writing embeddings to csv file...
elapsed: 7.435158729553223
embedding subchunk number 41.0...
elapsed (s): 7.674731254577637
processing batch of abstracts...
elapsed: 443.38210916519165
writing embeddings to csv file...
elapsed: 7.438117027282715
embedding subchunk number 42.0...
elapsed (s): 7.655604362487793
processing batch of abstracts...
elapsed: 484.22451996803284
writing embeddings to csv file...
elapsed: 7.489664077758789
embedding subchunk number 43.0...
elapsed (s): 7.5761284828186035
processing batch of abstracts...
elapsed: 281.88549733161926
writing embeddings to csv file...
elapsed: 7.397864818572998
embedding subchunk number 44.0...
elapsed (s): 7.5885772705078125
processing batch of abstracts...
elapsed: 350.51709175109863
writing embeddings to csv file...
elapsed: 7.410294055938721
embedding subchunk number 45.0...
elapsed (s): 7.587155342102051
processing batch of abstracts...
elapsed: 364.01545882225037
writing embeddings to csv file...
elapsed: 7.390050411224365
embedding subchunk number 46.0...
elapsed (s): 7.588838338851929
processing batch of abstracts...
elapsed: 353.3776042461395
writing embeddings to csv file...
elapsed: 7.441380500793457
embedding subchunk number 47.0...
elapsed (s): 7.6111860275268555
processing batch of abstracts...
elapsed: 344.53486037254333
writing embeddings to csv file...
elapsed: 7.42268967628479
embedding subchunk number 48.0...
elapsed (s): 7.6204774379730225
processing batch of abstracts...
elapsed: 375.25372195243835
writing embeddings to csv file...
elapsed: 7.434815406799316
embedding subchunk number 49.0...
elapsed (s): 7.641147136688232
processing batch of abstracts...
elapsed: 421.29732370376587
writing embeddings to csv file...
elapsed: 7.573216438293457
embedding subchunk number 50.0...
elapsed (s): 7.722689390182495
processing batch of abstracts...
elapsed: 390.0818655490875
writing embeddings to csv file...
elapsed: 7.478060007095337
embedding subchunk number 51.0...
elapsed (s): 7.727718114852905
processing batch of abstracts...
elapsed: 546.4811661243439
writing embeddings to csv file...
elapsed: 7.519086122512817
embedding subchunk number 52.0...
elapsed (s): 7.723448753356934
processing batch of abstracts...
elapsed: 556.1844685077667
writing embeddings to csv file...
elapsed: 7.417011737823486
embedding subchunk number 53.0...
elapsed (s): 7.618750095367432
processing batch of abstracts...
elapsed: 516.5314781665802
writing embeddings to csv file...
elapsed: 7.463901996612549
embedding subchunk number 54.0...
elapsed (s): 7.586642742156982
processing batch of abstracts...
elapsed: 387.52232241630554
writing embeddings to csv file...
elapsed: 7.4382288455963135
embedding subchunk number 55.0...
elapsed (s): 7.6802263259887695
processing batch of abstracts...
elapsed: 603.299987077713
writing embeddings to csv file...
elapsed: 7.590269088745117
embedding subchunk number 56.0...
elapsed (s): 7.76931095123291
processing batch of abstracts...
elapsed: 532.0443949699402
writing embeddings to csv file...
elapsed: 7.496969938278198
embedding subchunk number 57.0...
elapsed (s): 7.707944869995117
processing batch of abstracts...
elapsed: 526.3030068874359
writing embeddings to csv file...
elapsed: 7.57674241065979
embedding subchunk number 58.0...
elapsed (s): 7.76640772819519
processing batch of abstracts...
elapsed: 551.713427066803
writing embeddings to csv file...
elapsed: 7.7337095737457275
embedding subchunk number 59.0...
elapsed (s): 7.9672791957855225
processing batch of abstracts...
elapsed: 565.7023758888245
writing embeddings to csv file...
elapsed: 7.479674577713013
