My SLURM_ARRAY_TASK_I:  13
Input arguments: ['./embed_pubmed__array_gpu_job.py', '13']
slurm array id: 13
GPU sanity checks: 
device ID: 0
<torch.cuda.device object at 0x7fbfacc8e828>
N devices: 1
Tesla K80
is available? True
Spacy GPU? True
elapsed (s): 2.5041089057922363
embedding subchunk number 0.0...
elapsed (s): 0.05324435234069824
processing batch of abstracts...
elapsed: 4.935264587402344e-05
writing embeddings to csv file...
elapsed: 0.035526275634765625
embedding subchunk number 1.0...
elapsed (s): 0.14294147491455078
processing batch of abstracts...
elapsed: 259.095712184906
writing embeddings to csv file...
elapsed: 2.597015619277954
embedding subchunk number 2.0...
elapsed (s): 2.718977451324463
processing batch of abstracts...
elapsed: 273.90591311454773
writing embeddings to csv file...
elapsed: 2.53291654586792
embedding subchunk number 3.0...
elapsed (s): 2.7380189895629883
processing batch of abstracts...
elapsed: 201.58069109916687
writing embeddings to csv file...
elapsed: 2.712763786315918
embedding subchunk number 4.0...
elapsed (s): 2.7666678428649902
processing batch of abstracts...
elapsed: 147.24742579460144
writing embeddings to csv file...
elapsed: 1.6951303482055664
embedding subchunk number 5.0...
elapsed (s): 1.8931562900543213
processing batch of abstracts...
elapsed: 190.35417795181274
writing embeddings to csv file...
elapsed: 1.9546949863433838
embedding subchunk number 6.0...
elapsed (s): 2.198038101196289
processing batch of abstracts...
elapsed: 243.5425066947937
writing embeddings to csv file...
elapsed: 2.1386353969573975
embedding subchunk number 7.0...
elapsed (s): 2.3452532291412354
processing batch of abstracts...
elapsed: 374.50779581069946
writing embeddings to csv file...
elapsed: 3.1636433601379395
embedding subchunk number 8.0...
elapsed (s): 3.5046489238739014
processing batch of abstracts...
elapsed: 493.42806577682495
writing embeddings to csv file...
elapsed: 4.360755443572998
embedding subchunk number 9.0...
elapsed (s): 4.5752973556518555
processing batch of abstracts...
elapsed: 448.4089741706848
writing embeddings to csv file...
elapsed: 4.254153490066528
embedding subchunk number 10.0...
elapsed (s): 4.567656517028809
processing batch of abstracts...
elapsed: 348.2171046733856
writing embeddings to csv file...
elapsed: 3.8553895950317383
embedding subchunk number 11.0...
elapsed (s): 4.099735498428345
processing batch of abstracts...
elapsed: 396.66798877716064
writing embeddings to csv file...
elapsed: 4.352266311645508
embedding subchunk number 12.0...
elapsed (s): 4.710512638092041
processing batch of abstracts...
elapsed: 498.33540320396423
writing embeddings to csv file...
elapsed: 4.450127363204956
embedding subchunk number 13.0...
elapsed (s): 4.70909309387207
processing batch of abstracts...
elapsed: 425.4027032852173
writing embeddings to csv file...
elapsed: 3.7278735637664795
embedding subchunk number 14.0...
elapsed (s): 4.144843339920044
processing batch of abstracts...
elapsed: 360.6233971118927
writing embeddings to csv file...
elapsed: 3.4012303352355957
embedding subchunk number 15.0...
elapsed (s): 3.676267623901367
processing batch of abstracts...
elapsed: 361.0226936340332
writing embeddings to csv file...
elapsed: 3.013486385345459
embedding subchunk number 16.0...
elapsed (s): 3.4383630752563477
processing batch of abstracts...
elapsed: 380.3653652667999
writing embeddings to csv file...
elapsed: 3.3645997047424316
embedding subchunk number 17.0...
elapsed (s): 3.568603277206421
processing batch of abstracts...
elapsed: 362.6337387561798
writing embeddings to csv file...
elapsed: 2.9614481925964355
embedding subchunk number 18.0...
elapsed (s): 3.2179176807403564
processing batch of abstracts...
elapsed: 349.0117335319519
writing embeddings to csv file...
elapsed: 3.3536972999572754
embedding subchunk number 19.0...
elapsed (s): 3.5627310276031494
processing batch of abstracts...
elapsed: 354.33316016197205
writing embeddings to csv file...
elapsed: 3.0219688415527344
embedding subchunk number 20.0...
elapsed (s): 3.3804192543029785
processing batch of abstracts...
elapsed: 325.5551702976227
writing embeddings to csv file...
elapsed: 3.042222499847412
embedding subchunk number 21.0...
elapsed (s): 3.284433364868164
processing batch of abstracts...
elapsed: 347.73561429977417
writing embeddings to csv file...
elapsed: 3.035212755203247
embedding subchunk number 22.0...
elapsed (s): 3.3784453868865967
processing batch of abstracts...
elapsed: 353.7039222717285
writing embeddings to csv file...
elapsed: 3.4140608310699463
embedding subchunk number 23.0...
elapsed (s): 4.110317945480347
processing batch of abstracts...
elapsed: 348.47331523895264
writing embeddings to csv file...
elapsed: 3.4642882347106934
embedding subchunk number 24.0...
elapsed (s): 3.7347190380096436
processing batch of abstracts...
elapsed: 351.21730184555054
writing embeddings to csv file...
elapsed: 3.4990415573120117
embedding subchunk number 25.0...
elapsed (s): 3.8388662338256836
processing batch of abstracts...
elapsed: 425.41981983184814
writing embeddings to csv file...
elapsed: 5.0114216804504395
embedding subchunk number 26.0...
elapsed (s): 5.3092005252838135
processing batch of abstracts...
elapsed: 529.6955122947693
writing embeddings to csv file...
elapsed: 4.527445077896118
embedding subchunk number 27.0...
elapsed (s): 4.706353187561035
processing batch of abstracts...
elapsed: 417.6561806201935
writing embeddings to csv file...
elapsed: 3.5401995182037354
embedding subchunk number 28.0...
elapsed (s): 3.6054980754852295
processing batch of abstracts...
elapsed: 9.005156755447388
writing embeddings to csv file...
elapsed: 0.15027594566345215
embedding subchunk number 29.0...
elapsed (s): 0.22796249389648438
processing batch of abstracts...
elapsed: 12.945633172988892
writing embeddings to csv file...
elapsed: 0.1756293773651123
embedding subchunk number 30.0...
elapsed (s): 0.36577749252319336
processing batch of abstracts...
elapsed: 169.86337876319885
writing embeddings to csv file...
elapsed: 1.6457428932189941
embedding subchunk number 31.0...
elapsed (s): 1.9133946895599365
processing batch of abstracts...
elapsed: 353.4204022884369
writing embeddings to csv file...
elapsed: 3.509810209274292
embedding subchunk number 32.0...
elapsed (s): 3.6762852668762207
processing batch of abstracts...
elapsed: 382.8992590904236
writing embeddings to csv file...
elapsed: 3.72403883934021
embedding subchunk number 33.0...
elapsed (s): 4.068697452545166
processing batch of abstracts...
elapsed: 479.4009144306183
writing embeddings to csv file...
elapsed: 4.136488914489746
embedding subchunk number 34.0...
elapsed (s): 4.416937351226807
processing batch of abstracts...
elapsed: 597.1749548912048
writing embeddings to csv file...
elapsed: 5.0796284675598145
embedding subchunk number 35.0...
elapsed (s): 5.380619287490845
processing batch of abstracts...
elapsed: 532.5985066890717
writing embeddings to csv file...
elapsed: 4.651233911514282
embedding subchunk number 36.0...
elapsed (s): 4.870507478713989
processing batch of abstracts...
elapsed: 586.843551158905
writing embeddings to csv file...
elapsed: 5.048331022262573
embedding subchunk number 37.0...
elapsed (s): 5.4825074672698975
processing batch of abstracts...
elapsed: 587.404054403305
writing embeddings to csv file...
elapsed: 4.777413368225098
embedding subchunk number 38.0...
elapsed (s): 4.998423099517822
processing batch of abstracts...
elapsed: 588.7263281345367
writing embeddings to csv file...
elapsed: 4.723682641983032
embedding subchunk number 39.0...
elapsed (s): 5.026743650436401
processing batch of abstracts...
elapsed: 560.7318344116211
writing embeddings to csv file...
elapsed: 4.619360446929932
embedding subchunk number 40.0...
elapsed (s): 4.851734638214111
processing batch of abstracts...
elapsed: 567.285590171814
writing embeddings to csv file...
elapsed: 4.920004367828369
embedding subchunk number 41.0...
elapsed (s): 5.197704792022705
processing batch of abstracts...
elapsed: 578.703953742981
writing embeddings to csv file...
elapsed: 4.700864791870117
embedding subchunk number 42.0...
elapsed (s): 4.982606887817383
processing batch of abstracts...
elapsed: 596.3967475891113
writing embeddings to csv file...
elapsed: 4.805674076080322
embedding subchunk number 43.0...
elapsed (s): 4.99679970741272
processing batch of abstracts...
elapsed: 659.8762347698212
writing embeddings to csv file...
elapsed: 5.725641965866089
embedding subchunk number 44.0...
elapsed (s): 5.943091869354248
processing batch of abstracts...
elapsed: 403.90981578826904
writing embeddings to csv file...
elapsed: 3.1325483322143555
embedding subchunk number 45.0...
elapsed (s): 3.2889671325683594
processing batch of abstracts...
elapsed: 294.83036732673645
writing embeddings to csv file...
elapsed: 2.4667303562164307
embedding subchunk number 46.0...
elapsed (s): 2.6938490867614746
processing batch of abstracts...
elapsed: 289.26344442367554
writing embeddings to csv file...
elapsed: 2.560790777206421
embedding subchunk number 47.0...
elapsed (s): 2.619507312774658
processing batch of abstracts...
elapsed: 151.23585724830627
writing embeddings to csv file...
elapsed: 1.3919181823730469
embedding subchunk number 48.0...
elapsed (s): 1.6075820922851562
processing batch of abstracts...
elapsed: 243.92352890968323
writing embeddings to csv file...
elapsed: 2.4739789962768555
embedding subchunk number 49.0...
elapsed (s): 2.7837066650390625
processing batch of abstracts...
elapsed: 324.4092757701874
writing embeddings to csv file...
elapsed: 2.542085647583008
embedding subchunk number 50.0...
elapsed (s): 2.864968776702881
processing batch of abstracts...
elapsed: 374.88687324523926
writing embeddings to csv file...
elapsed: 3.1098532676696777
embedding subchunk number 51.0...
elapsed (s): 3.3650572299957275
processing batch of abstracts...
elapsed: 361.56905460357666
writing embeddings to csv file...
elapsed: 2.9414963722229004
embedding subchunk number 52.0...
elapsed (s): 3.2115232944488525
processing batch of abstracts...
elapsed: 580.2960267066956
writing embeddings to csv file...
elapsed: 5.203972101211548
embedding subchunk number 53.0...
elapsed (s): 5.482935667037964
processing batch of abstracts...
elapsed: 605.9508769512177
writing embeddings to csv file...
elapsed: 4.9326393604278564
embedding subchunk number 54.0...
elapsed (s): 5.2014524936676025
processing batch of abstracts...
elapsed: 598.0137360095978
writing embeddings to csv file...
elapsed: 4.998203992843628
embedding subchunk number 55.0...
elapsed (s): 5.25298810005188
processing batch of abstracts...
elapsed: 623.6959834098816
writing embeddings to csv file...
elapsed: 5.099558591842651
embedding subchunk number 56.0...
elapsed (s): 5.36151385307312
processing batch of abstracts...
elapsed: 508.3008620738983
writing embeddings to csv file...
elapsed: 4.257710695266724
embedding subchunk number 57.0...
elapsed (s): 4.50902247428894
processing batch of abstracts...
elapsed: 422.10262632369995
writing embeddings to csv file...
elapsed: 3.4873175621032715
embedding subchunk number 58.0...
elapsed (s): 3.8022942543029785
processing batch of abstracts...
elapsed: 587.23224401474
writing embeddings to csv file...
elapsed: 4.851048469543457
embedding subchunk number 59.0...
elapsed (s): 5.101067066192627
processing batch of abstracts...
elapsed: 611.1164970397949
writing embeddings to csv file...
elapsed: 4.864722013473511
