My SLURM_ARRAY_TASK_I:  43
Input arguments: ['./embed_pubmed__array_gpu_job.py', '43']
slurm array id: 43
GPU sanity checks: 
device ID: 0
<torch.cuda.device object at 0x7f6034920550>
N devices: 1
Tesla K80
is available? True
Spacy GPU? True
elapsed (s): 1.4572927951812744
embedding subchunk number 0.0...
elapsed (s): 0.030418872833251953
processing batch of abstracts...
elapsed: 0.4581174850463867
writing embeddings to csv file...
elapsed: 0.03908061981201172
embedding subchunk number 1.0...
elapsed (s): 0.2114267349243164
processing batch of abstracts...
elapsed: 515.3770940303802
writing embeddings to csv file...
elapsed: 4.923677206039429
embedding subchunk number 2.0...
elapsed (s): 5.1748082637786865
processing batch of abstracts...
elapsed: 580.7062363624573
writing embeddings to csv file...
elapsed: 5.739997863769531
embedding subchunk number 3.0...
elapsed (s): 6.083224296569824
processing batch of abstracts...
elapsed: 554.8660280704498
writing embeddings to csv file...
elapsed: 5.710535287857056
embedding subchunk number 4.0...
elapsed (s): 5.986663341522217
processing batch of abstracts...
elapsed: 531.5144801139832
writing embeddings to csv file...
elapsed: 5.524517059326172
embedding subchunk number 5.0...
elapsed (s): 5.855900049209595
processing batch of abstracts...
elapsed: 621.6509697437286
writing embeddings to csv file...
elapsed: 5.576854467391968
embedding subchunk number 6.0...
elapsed (s): 5.773725509643555
processing batch of abstracts...
elapsed: 526.9090483188629
writing embeddings to csv file...
elapsed: 4.971776008605957
embedding subchunk number 7.0...
elapsed (s): 5.2836549282073975
processing batch of abstracts...
elapsed: 328.4702775478363
writing embeddings to csv file...
elapsed: 3.8068602085113525
embedding subchunk number 8.0...
elapsed (s): 4.011558294296265
processing batch of abstracts...
elapsed: 357.20863366127014
writing embeddings to csv file...
elapsed: 4.1204259395599365
embedding subchunk number 9.0...
elapsed (s): 4.381479978561401
processing batch of abstracts...
elapsed: 296.45544266700745
writing embeddings to csv file...
elapsed: 4.57337760925293
embedding subchunk number 10.0...
elapsed (s): 4.801279306411743
processing batch of abstracts...
elapsed: 366.28624415397644
writing embeddings to csv file...
elapsed: 4.173799276351929
embedding subchunk number 11.0...
elapsed (s): 4.472379684448242
processing batch of abstracts...
elapsed: 441.2139205932617
writing embeddings to csv file...
elapsed: 4.917443037033081
embedding subchunk number 12.0...
elapsed (s): 5.226459980010986
processing batch of abstracts...
elapsed: 501.64469718933105
writing embeddings to csv file...
elapsed: 4.9863197803497314
embedding subchunk number 13.0...
elapsed (s): 5.256535053253174
processing batch of abstracts...
elapsed: 478.08818006515503
writing embeddings to csv file...
elapsed: 5.876397132873535
embedding subchunk number 14.0...
elapsed (s): 6.143130779266357
processing batch of abstracts...
elapsed: 535.1010184288025
writing embeddings to csv file...
elapsed: 5.319905757904053
embedding subchunk number 15.0...
elapsed (s): 5.589846849441528
processing batch of abstracts...
elapsed: 481.15874338150024
writing embeddings to csv file...
elapsed: 5.088544130325317
embedding subchunk number 16.0...
elapsed (s): 5.245464324951172
processing batch of abstracts...
elapsed: 376.6416003704071
writing embeddings to csv file...
elapsed: 4.126123428344727
embedding subchunk number 17.0...
elapsed (s): 4.376530408859253
processing batch of abstracts...
elapsed: 404.6999044418335
writing embeddings to csv file...
elapsed: 4.616732358932495
embedding subchunk number 18.0...
elapsed (s): 4.850872755050659
processing batch of abstracts...
elapsed: 427.13331413269043
writing embeddings to csv file...
elapsed: 4.7975122928619385
embedding subchunk number 19.0...
elapsed (s): 5.087435007095337
processing batch of abstracts...
elapsed: 398.1549463272095
writing embeddings to csv file...
elapsed: 4.956984043121338
embedding subchunk number 20.0...
elapsed (s): 5.145853757858276
processing batch of abstracts...
elapsed: 406.4867219924927
writing embeddings to csv file...
elapsed: 4.501394033432007
embedding subchunk number 21.0...
elapsed (s): 4.8146071434021
processing batch of abstracts...
elapsed: 541.239737033844
writing embeddings to csv file...
elapsed: 5.525431871414185
embedding subchunk number 22.0...
elapsed (s): 5.819145202636719
processing batch of abstracts...
elapsed: 647.5859897136688
writing embeddings to csv file...
elapsed: 5.825162649154663
embedding subchunk number 23.0...
elapsed (s): 6.1523988246917725
processing batch of abstracts...
elapsed: 657.166533946991
writing embeddings to csv file...
elapsed: 5.900352478027344
embedding subchunk number 24.0...
elapsed (s): 6.197673082351685
processing batch of abstracts...
elapsed: 648.1688854694366
writing embeddings to csv file...
elapsed: 6.144147872924805
embedding subchunk number 25.0...
elapsed (s): 6.438565731048584
processing batch of abstracts...
elapsed: 575.9934206008911
writing embeddings to csv file...
elapsed: 5.516245365142822
embedding subchunk number 26.0...
elapsed (s): 5.754969596862793
processing batch of abstracts...
elapsed: 514.9951705932617
writing embeddings to csv file...
elapsed: 4.97713303565979
embedding subchunk number 27.0...
elapsed (s): 5.289048671722412
processing batch of abstracts...
elapsed: 509.2071328163147
writing embeddings to csv file...
elapsed: 5.520525693893433
embedding subchunk number 28.0...
elapsed (s): 5.8135833740234375
processing batch of abstracts...
elapsed: 524.4818775653839
writing embeddings to csv file...
elapsed: 5.190481424331665
embedding subchunk number 29.0...
elapsed (s): 5.751490592956543
processing batch of abstracts...
elapsed: 499.7992160320282
writing embeddings to csv file...
elapsed: 5.101516485214233
embedding subchunk number 30.0...
elapsed (s): 5.351650953292847
processing batch of abstracts...
elapsed: 507.3717460632324
writing embeddings to csv file...
elapsed: 4.95132303237915
embedding subchunk number 31.0...
elapsed (s): 5.228271484375
processing batch of abstracts...
elapsed: 513.2523832321167
writing embeddings to csv file...
elapsed: 5.063578128814697
embedding subchunk number 32.0...
elapsed (s): 5.224515438079834
processing batch of abstracts...
elapsed: 432.2771461009979
writing embeddings to csv file...
elapsed: 4.606738567352295
embedding subchunk number 33.0...
elapsed (s): 4.944629192352295
processing batch of abstracts...
elapsed: 597.6616859436035
writing embeddings to csv file...
elapsed: 5.527061223983765
embedding subchunk number 34.0...
elapsed (s): 5.79977822303772
processing batch of abstracts...
elapsed: 578.2719967365265
writing embeddings to csv file...
elapsed: 5.536360740661621
embedding subchunk number 35.0...
elapsed (s): 5.991891860961914
processing batch of abstracts...
elapsed: 542.5998158454895
writing embeddings to csv file...
elapsed: 5.160009860992432
embedding subchunk number 36.0...
elapsed (s): 5.545273303985596
processing batch of abstracts...
elapsed: 552.5201737880707
writing embeddings to csv file...
elapsed: 5.091081380844116
embedding subchunk number 37.0...
elapsed (s): 5.376406908035278
processing batch of abstracts...
elapsed: 405.67080879211426
writing embeddings to csv file...
elapsed: 8.167996168136597
embedding subchunk number 38.0...
elapsed (s): 8.415687322616577
processing batch of abstracts...
elapsed: 373.3063175678253
writing embeddings to csv file...
elapsed: 4.25488805770874
embedding subchunk number 39.0...
elapsed (s): 4.5312395095825195
processing batch of abstracts...
elapsed: 345.68492436408997
writing embeddings to csv file...
elapsed: 3.949422836303711
embedding subchunk number 40.0...
elapsed (s): 4.16662859916687
processing batch of abstracts...
elapsed: 372.6979923248291
writing embeddings to csv file...
elapsed: 4.153511047363281
embedding subchunk number 41.0...
elapsed (s): 4.368763208389282
processing batch of abstracts...
elapsed: 354.9143989086151
writing embeddings to csv file...
elapsed: 4.985748291015625
embedding subchunk number 42.0...
elapsed (s): 5.273505926132202
processing batch of abstracts...
elapsed: 400.68236446380615
writing embeddings to csv file...
elapsed: 4.165989637374878
embedding subchunk number 43.0...
elapsed (s): 4.431363344192505
processing batch of abstracts...
elapsed: 578.3687307834625
writing embeddings to csv file...
elapsed: 5.169729948043823
embedding subchunk number 44.0...
elapsed (s): 5.352170467376709
processing batch of abstracts...
elapsed: 451.265150308609
writing embeddings to csv file...
elapsed: 4.47718358039856
embedding subchunk number 45.0...
elapsed (s): 4.719796419143677
processing batch of abstracts...
elapsed: 442.9416723251343
writing embeddings to csv file...
elapsed: 4.416444540023804
embedding subchunk number 46.0...
elapsed (s): 4.594775915145874
processing batch of abstracts...
elapsed: 447.5805125236511
writing embeddings to csv file...
elapsed: 6.359436988830566
embedding subchunk number 47.0...
elapsed (s): 6.621924161911011
processing batch of abstracts...
elapsed: 429.6019356250763
writing embeddings to csv file...
elapsed: 4.181373357772827
embedding subchunk number 48.0...
elapsed (s): 4.4116456508636475
processing batch of abstracts...
elapsed: 487.36078333854675
writing embeddings to csv file...
elapsed: 4.525676965713501
embedding subchunk number 49.0...
elapsed (s): 4.771880149841309
processing batch of abstracts...
elapsed: 454.71941924095154
writing embeddings to csv file...
elapsed: 4.463475227355957
embedding subchunk number 50.0...
elapsed (s): 4.647649765014648
processing batch of abstracts...
elapsed: 432.1167240142822
writing embeddings to csv file...
elapsed: 4.022848844528198
embedding subchunk number 51.0...
elapsed (s): 4.248299598693848
processing batch of abstracts...
elapsed: 427.8279011249542
writing embeddings to csv file...
elapsed: 3.946497917175293
embedding subchunk number 52.0...
elapsed (s): 4.13666296005249
processing batch of abstracts...
elapsed: 419.6260983943939
writing embeddings to csv file...
elapsed: 3.97916579246521
embedding subchunk number 53.0...
elapsed (s): 4.345135927200317
processing batch of abstracts...
elapsed: 505.94188594818115
writing embeddings to csv file...
elapsed: 4.704699516296387
embedding subchunk number 54.0...
elapsed (s): 4.934753179550171
processing batch of abstracts...
elapsed: 563.2225391864777
writing embeddings to csv file...
elapsed: 5.358301162719727
embedding subchunk number 55.0...
elapsed (s): 5.611606597900391
processing batch of abstracts...
elapsed: 521.9828433990479
writing embeddings to csv file...
elapsed: 5.869979619979858
embedding subchunk number 56.0...
elapsed (s): 6.136599540710449
processing batch of abstracts...
elapsed: 559.790197134018
writing embeddings to csv file...
elapsed: 5.017115116119385
embedding subchunk number 57.0...
elapsed (s): 5.26873517036438
processing batch of abstracts...
elapsed: 543.0224294662476
writing embeddings to csv file...
elapsed: 4.903173923492432
embedding subchunk number 58.0...
elapsed (s): 5.154187440872192
processing batch of abstracts...
elapsed: 553.7662122249603
writing embeddings to csv file...
elapsed: 4.961698532104492
embedding subchunk number 59.0...
elapsed (s): 5.237738370895386
processing batch of abstracts...
elapsed: 520.5246677398682
writing embeddings to csv file...
elapsed: 4.843878507614136
