My SLURM_ARRAY_TASK_I:  31
Input arguments: ['./embed_pubmed__array_gpu_job.py', '31']
slurm array id: 31
GPU sanity checks: 
device ID: 0
<torch.cuda.device object at 0x7fde34a3b550>
N devices: 1
Tesla K80
is available? True
Spacy GPU? True
elapsed (s): 1.9697816371917725
embedding subchunk number 0.0...
elapsed (s): 0.08117437362670898
processing batch of abstracts...
elapsed: 0.3523283004760742
writing embeddings to csv file...
elapsed: 0.0046389102935791016
embedding subchunk number 1.0...
elapsed (s): 0.42032337188720703
processing batch of abstracts...
elapsed: 420.02059626579285
writing embeddings to csv file...
elapsed: 3.9700357913970947
embedding subchunk number 2.0...
elapsed (s): 4.154216289520264
processing batch of abstracts...
elapsed: 429.2013075351715
writing embeddings to csv file...
elapsed: 4.092317819595337
embedding subchunk number 3.0...
elapsed (s): 4.556713581085205
processing batch of abstracts...
elapsed: 414.8630962371826
writing embeddings to csv file...
elapsed: 4.084940195083618
embedding subchunk number 4.0...
elapsed (s): 4.3510332107543945
processing batch of abstracts...
elapsed: 387.84864473342896
writing embeddings to csv file...
elapsed: 3.8478190898895264
embedding subchunk number 5.0...
elapsed (s): 4.124463319778442
processing batch of abstracts...
elapsed: 150.43167567253113
writing embeddings to csv file...
elapsed: 1.5821349620819092
embedding subchunk number 6.0...
elapsed (s): 1.6242752075195312
processing batch of abstracts...
elapsed: 6.328418970108032
writing embeddings to csv file...
elapsed: 0.0986471176147461
embedding subchunk number 7.0...
elapsed (s): 0.1703968048095703
processing batch of abstracts...
elapsed: 8.61250352859497
writing embeddings to csv file...
elapsed: 0.8625144958496094
embedding subchunk number 8.0...
elapsed (s): 0.9380521774291992
processing batch of abstracts...
elapsed: 11.149731159210205
writing embeddings to csv file...
elapsed: 0.14578557014465332
embedding subchunk number 9.0...
elapsed (s): 0.20947957038879395
processing batch of abstracts...
elapsed: 4.013924837112427
writing embeddings to csv file...
elapsed: 0.058565616607666016
embedding subchunk number 10.0...
elapsed (s): 0.28520655632019043
processing batch of abstracts...
elapsed: 176.94779634475708
writing embeddings to csv file...
elapsed: 1.8941676616668701
embedding subchunk number 11.0...
elapsed (s): 2.090895414352417
processing batch of abstracts...
elapsed: 241.0649974346161
writing embeddings to csv file...
elapsed: 2.5311667919158936
embedding subchunk number 12.0...
elapsed (s): 2.763090133666992
processing batch of abstracts...
elapsed: 279.19984769821167
writing embeddings to csv file...
elapsed: 2.7474474906921387
embedding subchunk number 13.0...
elapsed (s): 2.9765243530273438
processing batch of abstracts...
elapsed: 350.36649990081787
writing embeddings to csv file...
elapsed: 3.601918935775757
embedding subchunk number 14.0...
elapsed (s): 3.8697309494018555
processing batch of abstracts...
elapsed: 361.0219578742981
writing embeddings to csv file...
elapsed: 3.5787110328674316
embedding subchunk number 15.0...
elapsed (s): 3.8381054401397705
processing batch of abstracts...
elapsed: 466.21286940574646
writing embeddings to csv file...
elapsed: 4.652476787567139
embedding subchunk number 16.0...
elapsed (s): 5.0181884765625
processing batch of abstracts...
elapsed: 430.9443016052246
writing embeddings to csv file...
elapsed: 4.340317964553833
embedding subchunk number 17.0...
elapsed (s): 4.634349584579468
processing batch of abstracts...
elapsed: 534.9649193286896
writing embeddings to csv file...
elapsed: 5.4956443309783936
embedding subchunk number 18.0...
elapsed (s): 5.805360555648804
processing batch of abstracts...
elapsed: 532.7587633132935
writing embeddings to csv file...
elapsed: 5.483098983764648
embedding subchunk number 19.0...
elapsed (s): 5.840005159378052
processing batch of abstracts...
elapsed: 606.0063393115997
writing embeddings to csv file...
elapsed: 5.904711723327637
embedding subchunk number 20.0...
elapsed (s): 6.2083189487457275
processing batch of abstracts...
elapsed: 554.8845875263214
writing embeddings to csv file...
elapsed: 5.370443105697632
embedding subchunk number 21.0...
elapsed (s): 5.66146993637085
processing batch of abstracts...
elapsed: 539.2367217540741
writing embeddings to csv file...
elapsed: 5.4581098556518555
embedding subchunk number 22.0...
elapsed (s): 5.744884729385376
processing batch of abstracts...
elapsed: 540.3277058601379
writing embeddings to csv file...
elapsed: 5.468682289123535
embedding subchunk number 23.0...
elapsed (s): 5.744649887084961
processing batch of abstracts...
elapsed: 533.5761797428131
writing embeddings to csv file...
elapsed: 5.452798366546631
embedding subchunk number 24.0...
elapsed (s): 5.72765588760376
processing batch of abstracts...
elapsed: 544.3093311786652
writing embeddings to csv file...
elapsed: 5.395137310028076
embedding subchunk number 25.0...
elapsed (s): 5.6398539543151855
processing batch of abstracts...
elapsed: 513.0015358924866
writing embeddings to csv file...
elapsed: 5.335668563842773
embedding subchunk number 26.0...
elapsed (s): 5.597772121429443
processing batch of abstracts...
elapsed: 542.4170045852661
writing embeddings to csv file...
elapsed: 5.557987928390503
embedding subchunk number 27.0...
elapsed (s): 5.833403825759888
processing batch of abstracts...
elapsed: 514.6070876121521
writing embeddings to csv file...
elapsed: 5.152632474899292
embedding subchunk number 28.0...
elapsed (s): 5.434971809387207
processing batch of abstracts...
elapsed: 540.7228236198425
writing embeddings to csv file...
elapsed: 5.463679313659668
embedding subchunk number 29.0...
elapsed (s): 5.796197891235352
processing batch of abstracts...
elapsed: 591.2794063091278
writing embeddings to csv file...
elapsed: 5.824358940124512
embedding subchunk number 30.0...
elapsed (s): 6.097901105880737
processing batch of abstracts...
elapsed: 607.8948345184326
writing embeddings to csv file...
elapsed: 6.016327857971191
embedding subchunk number 31.0...
elapsed (s): 6.289889097213745
processing batch of abstracts...
elapsed: 419.0166964530945
writing embeddings to csv file...
elapsed: 4.469398498535156
embedding subchunk number 32.0...
elapsed (s): 4.736423015594482
processing batch of abstracts...
elapsed: 361.445894241333
writing embeddings to csv file...
elapsed: 4.024476528167725
embedding subchunk number 33.0...
elapsed (s): 4.272329568862915
processing batch of abstracts...
elapsed: 378.6614112854004
writing embeddings to csv file...
elapsed: 4.093791246414185
embedding subchunk number 34.0...
elapsed (s): 4.3088014125823975
processing batch of abstracts...
elapsed: 416.5086133480072
writing embeddings to csv file...
elapsed: 4.281972646713257
embedding subchunk number 35.0...
elapsed (s): 4.527908563613892
processing batch of abstracts...
elapsed: 376.1618058681488
writing embeddings to csv file...
elapsed: 3.9768054485321045
embedding subchunk number 36.0...
elapsed (s): 4.196725845336914
processing batch of abstracts...
elapsed: 309.5778634548187
writing embeddings to csv file...
elapsed: 3.2140660285949707
embedding subchunk number 37.0...
elapsed (s): 3.409815788269043
processing batch of abstracts...
elapsed: 310.4543776512146
writing embeddings to csv file...
elapsed: 3.1882307529449463
embedding subchunk number 38.0...
elapsed (s): 3.3734748363494873
processing batch of abstracts...
elapsed: 260.9580771923065
writing embeddings to csv file...
elapsed: 2.633049488067627
embedding subchunk number 39.0...
elapsed (s): 2.7579238414764404
processing batch of abstracts...
elapsed: 174.89648413658142
writing embeddings to csv file...
elapsed: 1.9351115226745605
embedding subchunk number 40.0...
elapsed (s): 2.1675052642822266
processing batch of abstracts...
elapsed: 167.3042004108429
writing embeddings to csv file...
elapsed: 1.689467430114746
embedding subchunk number 41.0...
elapsed (s): 1.8096044063568115
processing batch of abstracts...
elapsed: 147.06473016738892
writing embeddings to csv file...
elapsed: 1.5101337432861328
embedding subchunk number 42.0...
elapsed (s): 1.6495311260223389
processing batch of abstracts...
elapsed: 169.55198645591736
writing embeddings to csv file...
elapsed: 1.9583861827850342
embedding subchunk number 43.0...
elapsed (s): 2.047495126724243
processing batch of abstracts...
elapsed: 156.5469732284546
writing embeddings to csv file...
elapsed: 1.5648918151855469
embedding subchunk number 44.0...
elapsed (s): 1.7943377494812012
processing batch of abstracts...
elapsed: 202.33992218971252
writing embeddings to csv file...
elapsed: 2.0584616661071777
embedding subchunk number 45.0...
elapsed (s): 2.0936801433563232
processing batch of abstracts...
elapsed: 13.523301124572754
writing embeddings to csv file...
elapsed: 0.18314313888549805
embedding subchunk number 46.0...
elapsed (s): 0.20873260498046875
processing batch of abstracts...
elapsed: 7.968996286392212
writing embeddings to csv file...
elapsed: 0.09643697738647461
embedding subchunk number 47.0...
elapsed (s): 0.25128817558288574
processing batch of abstracts...
elapsed: 183.1766483783722
writing embeddings to csv file...
elapsed: 1.8338232040405273
embedding subchunk number 48.0...
elapsed (s): 1.9959781169891357
processing batch of abstracts...
elapsed: 226.35947394371033
writing embeddings to csv file...
elapsed: 2.303666591644287
embedding subchunk number 49.0...
elapsed (s): 2.5086824893951416
processing batch of abstracts...
elapsed: 279.6047089099884
writing embeddings to csv file...
elapsed: 2.8123772144317627
embedding subchunk number 50.0...
elapsed (s): 3.0828857421875
processing batch of abstracts...
elapsed: 476.69131207466125
writing embeddings to csv file...
elapsed: 4.6925859451293945
embedding subchunk number 51.0...
elapsed (s): 4.940221071243286
processing batch of abstracts...
elapsed: 496.6893334388733
writing embeddings to csv file...
elapsed: 4.9101903438568115
embedding subchunk number 52.0...
elapsed (s): 5.166701793670654
processing batch of abstracts...
elapsed: 495.9802746772766
writing embeddings to csv file...
elapsed: 5.1644134521484375
embedding subchunk number 53.0...
elapsed (s): 5.453631639480591
processing batch of abstracts...
elapsed: 505.71249628067017
writing embeddings to csv file...
elapsed: 5.425168037414551
embedding subchunk number 54.0...
elapsed (s): 5.6668126583099365
processing batch of abstracts...
elapsed: 423.96646904945374
writing embeddings to csv file...
elapsed: 4.555080890655518
embedding subchunk number 55.0...
elapsed (s): 4.786571502685547
processing batch of abstracts...
elapsed: 352.7286810874939
writing embeddings to csv file...
elapsed: 3.8595104217529297
embedding subchunk number 56.0...
elapsed (s): 4.0599212646484375
processing batch of abstracts...
elapsed: 341.1674144268036
writing embeddings to csv file...
elapsed: 3.6533172130584717
embedding subchunk number 57.0...
elapsed (s): 3.932788610458374
processing batch of abstracts...
elapsed: 409.9149398803711
writing embeddings to csv file...
elapsed: 4.5853376388549805
embedding subchunk number 58.0...
elapsed (s): 4.830476522445679
processing batch of abstracts...
elapsed: 501.2928364276886
writing embeddings to csv file...
elapsed: 4.943895101547241
embedding subchunk number 59.0...
elapsed (s): 5.237848997116089
processing batch of abstracts...
elapsed: 551.2327599525452
writing embeddings to csv file...
elapsed: 5.315872430801392
