My SLURM_ARRAY_TASK_I:  4
Input arguments: ['./embed_pubmed__array_gpu_job.py', '4']
slurm array id: 4
GPU sanity checks: 
device ID: 0
<torch.cuda.device object at 0x7fc7178cd860>
N devices: 1
Tesla K80
is available? True
Spacy GPU? True
elapsed (s): 1.5549821853637695
embedding subchunk number 0.0...
elapsed (s): 0.16145873069763184
processing batch of abstracts...
elapsed: 0.35660624504089355
writing embeddings to csv file...
elapsed: 0.1496732234954834
embedding subchunk number 1.0...
elapsed (s): 0.530285120010376
processing batch of abstracts...
elapsed: 556.3898632526398
writing embeddings to csv file...
elapsed: 8.732306241989136
embedding subchunk number 2.0...
elapsed (s): 8.87327265739441
processing batch of abstracts...
elapsed: 542.1860332489014
writing embeddings to csv file...
elapsed: 5.336195707321167
embedding subchunk number 3.0...
elapsed (s): 5.713437557220459
processing batch of abstracts...
elapsed: 561.9814231395721
writing embeddings to csv file...
elapsed: 5.395108222961426
embedding subchunk number 4.0...
elapsed (s): 5.636074781417847
processing batch of abstracts...
elapsed: 549.1164910793304
writing embeddings to csv file...
elapsed: 5.257038354873657
embedding subchunk number 5.0...
elapsed (s): 5.6019368171691895
processing batch of abstracts...
elapsed: 551.7300980091095
writing embeddings to csv file...
elapsed: 5.288618564605713
embedding subchunk number 6.0...
elapsed (s): 5.558361530303955
processing batch of abstracts...
elapsed: 537.0306248664856
writing embeddings to csv file...
elapsed: 5.052789688110352
embedding subchunk number 7.0...
elapsed (s): 5.282162189483643
processing batch of abstracts...
elapsed: 464.9300651550293
writing embeddings to csv file...
elapsed: 4.78082275390625
embedding subchunk number 8.0...
elapsed (s): 4.959984302520752
processing batch of abstracts...
elapsed: 423.70195174217224
writing embeddings to csv file...
elapsed: 4.6544029712677
embedding subchunk number 9.0...
elapsed (s): 4.972925662994385
processing batch of abstracts...
elapsed: 458.2358522415161
writing embeddings to csv file...
elapsed: 4.849171161651611
embedding subchunk number 10.0...
elapsed (s): 4.988160848617554
processing batch of abstracts...
elapsed: 369.51814103126526
writing embeddings to csv file...
elapsed: 4.390900135040283
embedding subchunk number 11.0...
elapsed (s): 4.5981128215789795
processing batch of abstracts...
elapsed: 292.69825291633606
writing embeddings to csv file...
elapsed: 3.6190450191497803
embedding subchunk number 12.0...
elapsed (s): 3.7773756980895996
processing batch of abstracts...
elapsed: 353.050564289093
writing embeddings to csv file...
elapsed: 3.7739603519439697
embedding subchunk number 13.0...
elapsed (s): 4.116780042648315
processing batch of abstracts...
elapsed: 539.9539768695831
writing embeddings to csv file...
elapsed: 4.922951698303223
embedding subchunk number 14.0...
elapsed (s): 5.0131635665893555
processing batch of abstracts...
elapsed: 281.37011337280273
writing embeddings to csv file...
elapsed: 3.0008301734924316
embedding subchunk number 15.0...
elapsed (s): 3.179699659347534
processing batch of abstracts...
elapsed: 273.06075167655945
writing embeddings to csv file...
elapsed: 2.8326363563537598
embedding subchunk number 16.0...
elapsed (s): 3.020918607711792
processing batch of abstracts...
elapsed: 253.16419529914856
writing embeddings to csv file...
elapsed: 2.5457520484924316
embedding subchunk number 17.0...
elapsed (s): 2.5972235202789307
processing batch of abstracts...
elapsed: 118.04045152664185
writing embeddings to csv file...
elapsed: 1.5055487155914307
embedding subchunk number 18.0...
elapsed (s): 1.6908600330352783
processing batch of abstracts...
elapsed: 209.93833303451538
writing embeddings to csv file...
elapsed: 2.4170100688934326
embedding subchunk number 19.0...
elapsed (s): 2.7161688804626465
processing batch of abstracts...
elapsed: 531.8259010314941
writing embeddings to csv file...
elapsed: 5.129801988601685
embedding subchunk number 20.0...
elapsed (s): 5.367605924606323
processing batch of abstracts...
elapsed: 560.047310590744
writing embeddings to csv file...
elapsed: 5.129139184951782
embedding subchunk number 21.0...
elapsed (s): 5.440648317337036
processing batch of abstracts...
elapsed: 485.28626680374146
writing embeddings to csv file...
elapsed: 4.554741859436035
embedding subchunk number 22.0...
elapsed (s): 4.873178243637085
processing batch of abstracts...
elapsed: 370.6893925666809
writing embeddings to csv file...
elapsed: 3.736759662628174
embedding subchunk number 23.0...
elapsed (s): 3.953585386276245
processing batch of abstracts...
elapsed: 447.2454209327698
writing embeddings to csv file...
elapsed: 4.463896751403809
embedding subchunk number 24.0...
elapsed (s): 4.642883777618408
processing batch of abstracts...
elapsed: 402.24137687683105
writing embeddings to csv file...
elapsed: 3.8306963443756104
embedding subchunk number 25.0...
elapsed (s): 4.129172086715698
processing batch of abstracts...
elapsed: 469.3332326412201
writing embeddings to csv file...
elapsed: 4.824954271316528
embedding subchunk number 26.0...
elapsed (s): 5.053347826004028
processing batch of abstracts...
elapsed: 489.0015678405762
writing embeddings to csv file...
elapsed: 4.8871541023254395
embedding subchunk number 27.0...
elapsed (s): 5.161788702011108
processing batch of abstracts...
elapsed: 520.9259445667267
writing embeddings to csv file...
elapsed: 5.0340256690979
embedding subchunk number 28.0...
elapsed (s): 5.261477470397949
processing batch of abstracts...
elapsed: 452.28185176849365
writing embeddings to csv file...
elapsed: 4.728906154632568
embedding subchunk number 29.0...
elapsed (s): 4.996660470962524
processing batch of abstracts...
elapsed: 448.59602189064026
writing embeddings to csv file...
elapsed: 4.5801262855529785
embedding subchunk number 30.0...
elapsed (s): 4.824472904205322
processing batch of abstracts...
elapsed: 519.8668649196625
writing embeddings to csv file...
elapsed: 5.028453588485718
embedding subchunk number 31.0...
elapsed (s): 5.283724308013916
processing batch of abstracts...
elapsed: 463.2208240032196
writing embeddings to csv file...
elapsed: 4.864590406417847
embedding subchunk number 32.0...
elapsed (s): 5.040531873703003
processing batch of abstracts...
elapsed: 290.65235018730164
writing embeddings to csv file...
elapsed: 2.9435133934020996
embedding subchunk number 33.0...
elapsed (s): 3.202881097793579
processing batch of abstracts...
elapsed: 371.24406933784485
writing embeddings to csv file...
elapsed: 3.478499412536621
embedding subchunk number 34.0...
elapsed (s): 3.7735507488250732
processing batch of abstracts...
elapsed: 461.2337713241577
writing embeddings to csv file...
elapsed: 4.329010009765625
embedding subchunk number 35.0...
elapsed (s): 4.576907634735107
processing batch of abstracts...
elapsed: 493.5386755466461
writing embeddings to csv file...
elapsed: 4.752556562423706
embedding subchunk number 36.0...
elapsed (s): 4.983773946762085
processing batch of abstracts...
elapsed: 375.93796968460083
writing embeddings to csv file...
elapsed: 3.832745313644409
embedding subchunk number 37.0...
elapsed (s): 4.06727409362793
processing batch of abstracts...
elapsed: 398.8134734630585
writing embeddings to csv file...
elapsed: 4.214005470275879
embedding subchunk number 38.0...
elapsed (s): 4.3412322998046875
processing batch of abstracts...
elapsed: 276.71031284332275
writing embeddings to csv file...
elapsed: 2.7829856872558594
embedding subchunk number 39.0...
elapsed (s): 2.9967737197875977
processing batch of abstracts...
elapsed: 308.2596230506897
writing embeddings to csv file...
elapsed: 3.0408012866973877
embedding subchunk number 40.0...
elapsed (s): 3.4252469539642334
processing batch of abstracts...
elapsed: 593.6826775074005
writing embeddings to csv file...
elapsed: 6.240595102310181
embedding subchunk number 41.0...
elapsed (s): 6.573664426803589
processing batch of abstracts...
elapsed: 576.3968768119812
writing embeddings to csv file...
elapsed: 5.499836444854736
embedding subchunk number 42.0...
elapsed (s): 5.772790908813477
processing batch of abstracts...
elapsed: 489.6399142742157
writing embeddings to csv file...
elapsed: 5.286437511444092
embedding subchunk number 43.0...
elapsed (s): 5.915981769561768
processing batch of abstracts...
elapsed: 357.1959400177002
writing embeddings to csv file...
elapsed: 5.064249753952026
embedding subchunk number 44.0...
elapsed (s): 5.337875127792358
processing batch of abstracts...
elapsed: 378.2273714542389
writing embeddings to csv file...
elapsed: 4.566159963607788
embedding subchunk number 45.0...
elapsed (s): 4.749456882476807
processing batch of abstracts...
elapsed: 365.8256182670593
writing embeddings to csv file...
elapsed: 4.00027322769165
embedding subchunk number 46.0...
elapsed (s): 4.24484658241272
processing batch of abstracts...
elapsed: 287.5990946292877
writing embeddings to csv file...
elapsed: 3.1890618801116943
embedding subchunk number 47.0...
elapsed (s): 3.3479979038238525
processing batch of abstracts...
elapsed: 280.4988389015198
writing embeddings to csv file...
elapsed: 2.978893280029297
embedding subchunk number 48.0...
elapsed (s): 3.1911051273345947
processing batch of abstracts...
elapsed: 251.51576805114746
writing embeddings to csv file...
elapsed: 2.509153127670288
embedding subchunk number 49.0...
elapsed (s): 2.6604015827178955
processing batch of abstracts...
elapsed: 294.2291419506073
writing embeddings to csv file...
elapsed: 3.0240108966827393
embedding subchunk number 50.0...
elapsed (s): 3.293217182159424
processing batch of abstracts...
elapsed: 271.8132817745209
writing embeddings to csv file...
elapsed: 2.933570384979248
embedding subchunk number 51.0...
elapsed (s): 3.088186264038086
processing batch of abstracts...
elapsed: 264.01089119911194
writing embeddings to csv file...
elapsed: 2.8759799003601074
embedding subchunk number 52.0...
elapsed (s): 3.1337215900421143
processing batch of abstracts...
elapsed: 366.88189673423767
writing embeddings to csv file...
elapsed: 4.117090940475464
embedding subchunk number 53.0...
elapsed (s): 4.178983449935913
processing batch of abstracts...
elapsed: 159.22161221504211
writing embeddings to csv file...
elapsed: 2.2024691104888916
embedding subchunk number 54.0...
elapsed (s): 2.2894186973571777
processing batch of abstracts...
elapsed: 102.97334361076355
writing embeddings to csv file...
elapsed: 1.642103672027588
embedding subchunk number 55.0...
elapsed (s): 1.7971763610839844
processing batch of abstracts...
elapsed: 96.30383062362671
writing embeddings to csv file...
elapsed: 1.795856237411499
embedding subchunk number 56.0...
elapsed (s): 1.8620333671569824
processing batch of abstracts...
elapsed: 39.918734550476074
writing embeddings to csv file...
elapsed: 0.5591342449188232
embedding subchunk number 57.0...
elapsed (s): 0.5886411666870117
processing batch of abstracts...
elapsed: 2.9519152641296387
writing embeddings to csv file...
elapsed: 0.08554887771606445
embedding subchunk number 58.0...
elapsed (s): 0.41536974906921387
processing batch of abstracts...
elapsed: 352.684547662735
writing embeddings to csv file...
elapsed: 3.4784281253814697
embedding subchunk number 59.0...
elapsed (s): 3.7446818351745605
processing batch of abstracts...
elapsed: 508.57576513290405
writing embeddings to csv file...
elapsed: 5.109453916549683
