My SLURM_ARRAY_TASK_I:  23
Input arguments: ['./embed_pubmed__array_gpu_job.py', '23']
slurm array id: 23
GPU sanity checks: 
device ID: 0
<torch.cuda.device object at 0x7fef2c451860>
N devices: 1
Tesla K80
is available? True
Spacy GPU? True
elapsed (s): 2.4086694717407227
embedding subchunk number 0.0...
elapsed (s): 0.04612541198730469
processing batch of abstracts...
elapsed: 0.7906596660614014
writing embeddings to csv file...
elapsed: 1.821643352508545
embedding subchunk number 1.0...
elapsed (s): 2.012908935546875
processing batch of abstracts...
elapsed: 469.4125337600708
writing embeddings to csv file...
elapsed: 4.904965400695801
embedding subchunk number 2.0...
elapsed (s): 5.06578254699707
processing batch of abstracts...
elapsed: 469.3801259994507
writing embeddings to csv file...
elapsed: 5.236932277679443
embedding subchunk number 3.0...
elapsed (s): 5.493997573852539
processing batch of abstracts...
elapsed: 427.3476560115814
writing embeddings to csv file...
elapsed: 4.753307342529297
embedding subchunk number 4.0...
elapsed (s): 4.991298675537109
processing batch of abstracts...
elapsed: 461.89886569976807
writing embeddings to csv file...
elapsed: 4.935370206832886
embedding subchunk number 5.0...
elapsed (s): 5.245507001876831
processing batch of abstracts...
elapsed: 489.6889579296112
writing embeddings to csv file...
elapsed: 5.439943075180054
embedding subchunk number 6.0...
elapsed (s): 5.700461387634277
processing batch of abstracts...
elapsed: 499.75267696380615
writing embeddings to csv file...
elapsed: 4.961195230484009
embedding subchunk number 7.0...
elapsed (s): 5.2680344581604
processing batch of abstracts...
elapsed: 521.3500943183899
writing embeddings to csv file...
elapsed: 5.320048093795776
embedding subchunk number 8.0...
elapsed (s): 5.569079399108887
processing batch of abstracts...
elapsed: 617.0955753326416
writing embeddings to csv file...
elapsed: 5.763119459152222
embedding subchunk number 9.0...
elapsed (s): 6.102340459823608
processing batch of abstracts...
elapsed: 638.0828568935394
writing embeddings to csv file...
elapsed: 5.860337018966675
embedding subchunk number 10.0...
elapsed (s): 6.1586594581604
processing batch of abstracts...
elapsed: 638.3473401069641
writing embeddings to csv file...
elapsed: 5.949016809463501
embedding subchunk number 11.0...
elapsed (s): 6.2581868171691895
processing batch of abstracts...
elapsed: 630.5886478424072
writing embeddings to csv file...
elapsed: 5.9571380615234375
embedding subchunk number 12.0...
elapsed (s): 6.24212384223938
processing batch of abstracts...
elapsed: 574.0383439064026
writing embeddings to csv file...
elapsed: 5.7248992919921875
embedding subchunk number 13.0...
elapsed (s): 5.990334749221802
processing batch of abstracts...
elapsed: 576.1174681186676
writing embeddings to csv file...
elapsed: 6.052849769592285
embedding subchunk number 14.0...
elapsed (s): 6.351936101913452
processing batch of abstracts...
elapsed: 590.6546115875244
writing embeddings to csv file...
elapsed: 5.887426853179932
embedding subchunk number 15.0...
elapsed (s): 6.15855860710144
processing batch of abstracts...
elapsed: 572.1830840110779
writing embeddings to csv file...
elapsed: 5.5937066078186035
embedding subchunk number 16.0...
elapsed (s): 5.913742542266846
processing batch of abstracts...
elapsed: 557.2789072990417
writing embeddings to csv file...
elapsed: 5.446996450424194
embedding subchunk number 17.0...
elapsed (s): 5.715693473815918
processing batch of abstracts...
elapsed: 449.88305401802063
writing embeddings to csv file...
elapsed: 4.698221921920776
embedding subchunk number 18.0...
elapsed (s): 4.945124387741089
processing batch of abstracts...
elapsed: 487.87394070625305
writing embeddings to csv file...
elapsed: 4.971730709075928
embedding subchunk number 19.0...
elapsed (s): 5.25543212890625
processing batch of abstracts...
elapsed: 421.935998916626
writing embeddings to csv file...
elapsed: 4.402445316314697
embedding subchunk number 20.0...
elapsed (s): 4.620042324066162
processing batch of abstracts...
elapsed: 403.6785886287689
writing embeddings to csv file...
elapsed: 4.1657164096832275
embedding subchunk number 21.0...
elapsed (s): 4.434480667114258
processing batch of abstracts...
elapsed: 365.3152618408203
writing embeddings to csv file...
elapsed: 4.006466865539551
embedding subchunk number 22.0...
elapsed (s): 4.340208530426025
processing batch of abstracts...
elapsed: 439.3000011444092
writing embeddings to csv file...
elapsed: 4.7945966720581055
embedding subchunk number 23.0...
elapsed (s): 5.073351860046387
processing batch of abstracts...
elapsed: 459.9275200366974
writing embeddings to csv file...
elapsed: 5.000871181488037
embedding subchunk number 24.0...
elapsed (s): 5.2787933349609375
processing batch of abstracts...
elapsed: 565.7401044368744
writing embeddings to csv file...
elapsed: 5.70146107673645
embedding subchunk number 25.0...
elapsed (s): 6.015161037445068
processing batch of abstracts...
elapsed: 551.0962810516357
writing embeddings to csv file...
elapsed: 5.386636018753052
embedding subchunk number 26.0...
elapsed (s): 5.7121663093566895
processing batch of abstracts...
elapsed: 605.7530131340027
writing embeddings to csv file...
elapsed: 5.688299655914307
embedding subchunk number 27.0...
elapsed (s): 6.007047176361084
processing batch of abstracts...
elapsed: 567.3901977539062
writing embeddings to csv file...
elapsed: 5.460849761962891
embedding subchunk number 28.0...
elapsed (s): 5.704263210296631
processing batch of abstracts...
elapsed: 447.17007327079773
writing embeddings to csv file...
elapsed: 4.274408578872681
embedding subchunk number 29.0...
elapsed (s): 4.597476005554199
processing batch of abstracts...
elapsed: 416.5014617443085
writing embeddings to csv file...
elapsed: 7.059330463409424
embedding subchunk number 30.0...
elapsed (s): 7.280682563781738
processing batch of abstracts...
elapsed: 393.2161440849304
writing embeddings to csv file...
elapsed: 3.8352723121643066
embedding subchunk number 31.0...
elapsed (s): 4.160001754760742
processing batch of abstracts...
elapsed: 408.727379322052
writing embeddings to csv file...
elapsed: 3.9185168743133545
embedding subchunk number 32.0...
elapsed (s): 4.227356195449829
processing batch of abstracts...
elapsed: 380.1382386684418
writing embeddings to csv file...
elapsed: 3.6755003929138184
embedding subchunk number 33.0...
elapsed (s): 3.9096760749816895
processing batch of abstracts...
elapsed: 367.8225591182709
writing embeddings to csv file...
elapsed: 3.5235025882720947
embedding subchunk number 34.0...
elapsed (s): 3.8793280124664307
processing batch of abstracts...
elapsed: 375.97658228874207
writing embeddings to csv file...
elapsed: 3.498943328857422
embedding subchunk number 35.0...
elapsed (s): 3.7845993041992188
processing batch of abstracts...
elapsed: 411.62830686569214
writing embeddings to csv file...
elapsed: 3.998499631881714
embedding subchunk number 36.0...
elapsed (s): 4.1714348793029785
processing batch of abstracts...
elapsed: 407.6707601547241
writing embeddings to csv file...
elapsed: 4.286348104476929
embedding subchunk number 37.0...
elapsed (s): 4.496323108673096
processing batch of abstracts...
elapsed: 249.28024697303772
writing embeddings to csv file...
elapsed: 3.1159074306488037
embedding subchunk number 38.0...
elapsed (s): 3.395862102508545
processing batch of abstracts...
elapsed: 243.22115969657898
writing embeddings to csv file...
elapsed: 3.3324313163757324
embedding subchunk number 39.0...
elapsed (s): 3.617405891418457
processing batch of abstracts...
elapsed: 368.272029876709
writing embeddings to csv file...
elapsed: 3.8448541164398193
embedding subchunk number 40.0...
elapsed (s): 4.168512344360352
processing batch of abstracts...
elapsed: 490.21026134490967
writing embeddings to csv file...
elapsed: 4.8595380783081055
embedding subchunk number 41.0...
elapsed (s): 5.1645894050598145
processing batch of abstracts...
elapsed: 455.9058747291565
writing embeddings to csv file...
elapsed: 4.887927055358887
embedding subchunk number 42.0...
elapsed (s): 5.178734302520752
processing batch of abstracts...
elapsed: 496.83442854881287
writing embeddings to csv file...
elapsed: 5.095924139022827
embedding subchunk number 43.0...
elapsed (s): 5.39297890663147
processing batch of abstracts...
elapsed: 501.9595582485199
writing embeddings to csv file...
elapsed: 5.067215919494629
embedding subchunk number 44.0...
elapsed (s): 5.333975791931152
processing batch of abstracts...
elapsed: 446.73905777931213
writing embeddings to csv file...
elapsed: 4.5877525806427
embedding subchunk number 45.0...
elapsed (s): 4.921082019805908
processing batch of abstracts...
elapsed: 538.9588384628296
writing embeddings to csv file...
elapsed: 5.306795120239258
embedding subchunk number 46.0...
elapsed (s): 5.532278776168823
processing batch of abstracts...
elapsed: 507.9926097393036
writing embeddings to csv file...
elapsed: 5.278962135314941
embedding subchunk number 47.0...
elapsed (s): 5.551798105239868
processing batch of abstracts...
elapsed: 463.77806091308594
writing embeddings to csv file...
elapsed: 5.276891231536865
embedding subchunk number 48.0...
elapsed (s): 5.566313028335571
processing batch of abstracts...
elapsed: 503.95568680763245
writing embeddings to csv file...
elapsed: 4.956159591674805
embedding subchunk number 49.0...
elapsed (s): 5.229493856430054
processing batch of abstracts...
elapsed: 551.1357274055481
writing embeddings to csv file...
elapsed: 5.383884906768799
embedding subchunk number 50.0...
elapsed (s): 5.591235399246216
processing batch of abstracts...
elapsed: 499.8316421508789
writing embeddings to csv file...
elapsed: 5.2944300174713135
embedding subchunk number 51.0...
elapsed (s): 5.569451332092285
processing batch of abstracts...
elapsed: 461.60231852531433
writing embeddings to csv file...
elapsed: 5.029232978820801
embedding subchunk number 52.0...
elapsed (s): 5.308256149291992
processing batch of abstracts...
elapsed: 506.45933771133423
writing embeddings to csv file...
elapsed: 5.392519950866699
embedding subchunk number 53.0...
elapsed (s): 5.894962787628174
processing batch of abstracts...
elapsed: 473.58854484558105
writing embeddings to csv file...
elapsed: 5.552547216415405
embedding subchunk number 54.0...
elapsed (s): 5.852906703948975
processing batch of abstracts...
elapsed: 538.8656346797943
writing embeddings to csv file...
elapsed: 5.320011854171753
embedding subchunk number 55.0...
elapsed (s): 5.790128946304321
processing batch of abstracts...
elapsed: 595.20263671875
writing embeddings to csv file...
elapsed: 5.5141613483428955
embedding subchunk number 56.0...
elapsed (s): 5.773295164108276
processing batch of abstracts...
elapsed: 584.1233537197113
writing embeddings to csv file...
elapsed: 5.629285573959351
embedding subchunk number 57.0...
elapsed (s): 5.961057424545288
processing batch of abstracts...
elapsed: 507.90384221076965
writing embeddings to csv file...
elapsed: 5.731443881988525
embedding subchunk number 58.0...
elapsed (s): 5.962566375732422
processing batch of abstracts...
elapsed: 505.8764579296112
writing embeddings to csv file...
elapsed: 6.015643358230591
embedding subchunk number 59.0...
elapsed (s): 6.297715663909912
processing batch of abstracts...
elapsed: 553.4241015911102
writing embeddings to csv file...
elapsed: 5.876114845275879
