My SLURM_ARRAY_TASK_I:  48
Input arguments: ['./embed_pubmed__array_gpu_job.py', '48']
slurm array id: 48
GPU sanity checks: 
device ID: 0
<torch.cuda.device object at 0x7f22a3edc780>
N devices: 1
Tesla K80
is available? True
Spacy GPU? True
elapsed (s): 2.890601634979248
embedding subchunk number 0.0...
elapsed (s): 0.09537529945373535
processing batch of abstracts...
elapsed: 0.8511149883270264
writing embeddings to csv file...
elapsed: 0.012896299362182617
embedding subchunk number 1.0...
elapsed (s): 0.16904926300048828
processing batch of abstracts...
elapsed: 269.5916314125061
writing embeddings to csv file...
elapsed: 7.71820068359375
embedding subchunk number 2.0...
elapsed (s): 7.845963001251221
processing batch of abstracts...
elapsed: 279.23725414276123
writing embeddings to csv file...
elapsed: 7.54181981086731
embedding subchunk number 3.0...
elapsed (s): 7.770042896270752
processing batch of abstracts...
elapsed: 276.45648646354675
writing embeddings to csv file...
elapsed: 7.405416011810303
embedding subchunk number 4.0...
elapsed (s): 7.580253601074219
processing batch of abstracts...
elapsed: 280.2906062602997
writing embeddings to csv file...
elapsed: 7.539200067520142
embedding subchunk number 5.0...
elapsed (s): 7.782954454421997
processing batch of abstracts...
elapsed: 339.17090606689453
writing embeddings to csv file...
elapsed: 7.482930660247803
embedding subchunk number 6.0...
elapsed (s): 7.746060132980347
processing batch of abstracts...
elapsed: 566.323358297348
writing embeddings to csv file...
elapsed: 7.485682487487793
embedding subchunk number 7.0...
elapsed (s): 7.777383327484131
processing batch of abstracts...
elapsed: 553.9327640533447
writing embeddings to csv file...
elapsed: 7.413589239120483
embedding subchunk number 8.0...
elapsed (s): 7.589037895202637
processing batch of abstracts...
elapsed: 402.0758466720581
writing embeddings to csv file...
elapsed: 7.452870607376099
embedding subchunk number 9.0...
elapsed (s): 7.681818962097168
processing batch of abstracts...
elapsed: 392.4377694129944
writing embeddings to csv file...
elapsed: 7.514368772506714
embedding subchunk number 10.0...
elapsed (s): 7.650894403457642
processing batch of abstracts...
elapsed: 323.12318873405457
writing embeddings to csv file...
elapsed: 7.441203594207764
embedding subchunk number 11.0...
elapsed (s): 7.644640684127808
processing batch of abstracts...
elapsed: 335.85825848579407
writing embeddings to csv file...
elapsed: 7.48212742805481
embedding subchunk number 12.0...
elapsed (s): 7.683536529541016
processing batch of abstracts...
elapsed: 363.61585092544556
writing embeddings to csv file...
elapsed: 7.375998497009277
embedding subchunk number 13.0...
elapsed (s): 7.5875232219696045
processing batch of abstracts...
elapsed: 372.25563526153564
writing embeddings to csv file...
elapsed: 7.597483396530151
embedding subchunk number 14.0...
elapsed (s): 7.784464120864868
processing batch of abstracts...
elapsed: 379.27960872650146
writing embeddings to csv file...
elapsed: 7.703320503234863
embedding subchunk number 15.0...
elapsed (s): 7.933620452880859
processing batch of abstracts...
elapsed: 389.886194229126
writing embeddings to csv file...
elapsed: 8.067387580871582
embedding subchunk number 16.0...
elapsed (s): 8.257107019424438
processing batch of abstracts...
elapsed: 412.32305359840393
writing embeddings to csv file...
elapsed: 7.443100929260254
embedding subchunk number 17.0...
elapsed (s): 7.743522882461548
processing batch of abstracts...
elapsed: 451.5349736213684
writing embeddings to csv file...
elapsed: 7.5678019523620605
embedding subchunk number 18.0...
elapsed (s): 7.7387330532073975
processing batch of abstracts...
elapsed: 476.16750717163086
writing embeddings to csv file...
elapsed: 7.445629835128784
embedding subchunk number 19.0...
elapsed (s): 7.78284215927124
processing batch of abstracts...
elapsed: 452.07876682281494
writing embeddings to csv file...
elapsed: 7.428088426589966
embedding subchunk number 20.0...
elapsed (s): 7.53831148147583
processing batch of abstracts...
elapsed: 433.3530230522156
writing embeddings to csv file...
elapsed: 7.73591160774231
embedding subchunk number 21.0...
elapsed (s): 8.00407338142395
processing batch of abstracts...
elapsed: 503.6684899330139
writing embeddings to csv file...
elapsed: 7.4472925662994385
embedding subchunk number 22.0...
elapsed (s): 7.549072265625
processing batch of abstracts...
elapsed: 337.8045697212219
writing embeddings to csv file...
elapsed: 7.588083744049072
embedding subchunk number 23.0...
elapsed (s): 7.753092288970947
processing batch of abstracts...
elapsed: 293.71102952957153
writing embeddings to csv file...
elapsed: 7.350231885910034
embedding subchunk number 24.0...
elapsed (s): 7.5940539836883545
processing batch of abstracts...
elapsed: 291.1864607334137
writing embeddings to csv file...
elapsed: 7.381378889083862
embedding subchunk number 25.0...
elapsed (s): 7.544530391693115
processing batch of abstracts...
elapsed: 309.41914105415344
writing embeddings to csv file...
elapsed: 7.518226623535156
embedding subchunk number 26.0...
elapsed (s): 7.6651177406311035
processing batch of abstracts...
elapsed: 312.20472025871277
writing embeddings to csv file...
elapsed: 7.4187493324279785
embedding subchunk number 27.0...
elapsed (s): 7.526353359222412
processing batch of abstracts...
elapsed: 287.0407772064209
writing embeddings to csv file...
elapsed: 7.626013994216919
embedding subchunk number 28.0...
elapsed (s): 7.770948171615601
processing batch of abstracts...
elapsed: 128.67878937721252
writing embeddings to csv file...
elapsed: 7.544260263442993
embedding subchunk number 29.0...
elapsed (s): 7.87616229057312
processing batch of abstracts...
elapsed: 281.5248649120331
writing embeddings to csv file...
elapsed: 7.533323764801025
embedding subchunk number 30.0...
elapsed (s): 7.708052635192871
processing batch of abstracts...
elapsed: 395.2937808036804
writing embeddings to csv file...
elapsed: 7.459124803543091
embedding subchunk number 31.0...
elapsed (s): 7.7090654373168945
processing batch of abstracts...
elapsed: 419.78000497817993
writing embeddings to csv file...
elapsed: 7.42469334602356
embedding subchunk number 32.0...
elapsed (s): 7.6937477588653564
processing batch of abstracts...
elapsed: 477.8953731060028
writing embeddings to csv file...
elapsed: 7.524747610092163
embedding subchunk number 33.0...
elapsed (s): 7.76387882232666
processing batch of abstracts...
elapsed: 492.563449382782
writing embeddings to csv file...
elapsed: 7.535545110702515
embedding subchunk number 34.0...
elapsed (s): 7.8284125328063965
processing batch of abstracts...
elapsed: 526.1668691635132
writing embeddings to csv file...
elapsed: 7.47788405418396
embedding subchunk number 35.0...
elapsed (s): 7.77685284614563
processing batch of abstracts...
elapsed: 518.3622782230377
writing embeddings to csv file...
elapsed: 7.246825933456421
embedding subchunk number 36.0...
elapsed (s): 7.570392370223999
processing batch of abstracts...
elapsed: 509.9557316303253
writing embeddings to csv file...
elapsed: 7.234314441680908
embedding subchunk number 37.0...
elapsed (s): 7.464893341064453
processing batch of abstracts...
elapsed: 496.1496391296387
writing embeddings to csv file...
elapsed: 7.180548429489136
embedding subchunk number 38.0...
elapsed (s): 7.4637367725372314
processing batch of abstracts...
elapsed: 556.2049717903137
writing embeddings to csv file...
elapsed: 7.121345281600952
embedding subchunk number 39.0...
elapsed (s): 7.352340221405029
processing batch of abstracts...
elapsed: 546.7269756793976
writing embeddings to csv file...
elapsed: 7.145491361618042
embedding subchunk number 40.0...
elapsed (s): 7.43508505821228
processing batch of abstracts...
elapsed: 545.6232888698578
writing embeddings to csv file...
elapsed: 7.169672012329102
embedding subchunk number 41.0...
elapsed (s): 7.410301923751831
processing batch of abstracts...
elapsed: 548.1920680999756
writing embeddings to csv file...
elapsed: 7.309140920639038
embedding subchunk number 42.0...
elapsed (s): 7.622749090194702
processing batch of abstracts...
elapsed: 574.5740926265717
writing embeddings to csv file...
elapsed: 7.538597345352173
embedding subchunk number 43.0...
elapsed (s): 7.767882347106934
processing batch of abstracts...
elapsed: 543.8519639968872
writing embeddings to csv file...
elapsed: 7.163778781890869
embedding subchunk number 44.0...
elapsed (s): 7.447033643722534
processing batch of abstracts...
elapsed: 550.2254545688629
writing embeddings to csv file...
elapsed: 7.1556620597839355
embedding subchunk number 45.0...
elapsed (s): 7.303029775619507
processing batch of abstracts...
elapsed: 449.26819467544556
writing embeddings to csv file...
elapsed: 7.06572413444519
embedding subchunk number 46.0...
elapsed (s): 7.215991020202637
processing batch of abstracts...
elapsed: 185.24130177497864
writing embeddings to csv file...
elapsed: 7.1084885597229
embedding subchunk number 47.0...
elapsed (s): 7.288511753082275
processing batch of abstracts...
elapsed: 223.215589761734
writing embeddings to csv file...
elapsed: 7.205599546432495
embedding subchunk number 48.0...
elapsed (s): 7.524995565414429
processing batch of abstracts...
elapsed: 342.32154655456543
writing embeddings to csv file...
elapsed: 7.130632162094116
embedding subchunk number 49.0...
elapsed (s): 7.742010831832886
processing batch of abstracts...
elapsed: 449.5382127761841
writing embeddings to csv file...
elapsed: 7.041966915130615
embedding subchunk number 50.0...
elapsed (s): 7.286390781402588
processing batch of abstracts...
elapsed: 516.2930028438568
writing embeddings to csv file...
elapsed: 7.2000486850738525
embedding subchunk number 51.0...
elapsed (s): 7.302247762680054
processing batch of abstracts...
elapsed: 361.31847500801086
writing embeddings to csv file...
elapsed: 7.403002977371216
embedding subchunk number 52.0...
elapsed (s): 7.654570817947388
processing batch of abstracts...
elapsed: 353.41592168807983
writing embeddings to csv file...
elapsed: 7.074992418289185
embedding subchunk number 53.0...
elapsed (s): 7.3094213008880615
processing batch of abstracts...
elapsed: 353.7181673049927
writing embeddings to csv file...
elapsed: 7.270273447036743
embedding subchunk number 54.0...
elapsed (s): 7.61149263381958
processing batch of abstracts...
elapsed: 371.95364785194397
writing embeddings to csv file...
elapsed: 7.177131175994873
embedding subchunk number 55.0...
elapsed (s): 7.447650909423828
processing batch of abstracts...
elapsed: 450.9811189174652
writing embeddings to csv file...
elapsed: 7.177763223648071
embedding subchunk number 56.0...
elapsed (s): 7.364436388015747
processing batch of abstracts...
elapsed: 352.2937891483307
writing embeddings to csv file...
elapsed: 7.470386981964111
embedding subchunk number 57.0...
elapsed (s): 7.6921985149383545
processing batch of abstracts...
elapsed: 381.2073609828949
writing embeddings to csv file...
elapsed: 7.160374641418457
embedding subchunk number 58.0...
elapsed (s): 7.300765514373779
processing batch of abstracts...
elapsed: 371.20787596702576
writing embeddings to csv file...
elapsed: 7.2759459018707275
embedding subchunk number 59.0...
elapsed (s): 7.546044588088989
processing batch of abstracts...
elapsed: 547.8865623474121
writing embeddings to csv file...
elapsed: 7.57788348197937
