My SLURM_ARRAY_TASK_I:  14
Input arguments: ['./embed_pubmed__array_gpu_job.py', '14']
slurm array id: 14
GPU sanity checks: 
device ID: 0
<torch.cuda.device object at 0x7f4a7ec38550>
N devices: 1
Tesla K80
is available? True
Spacy GPU? True
elapsed (s): 3.313044309616089
embedding subchunk number 0.0...
elapsed (s): 0.09222865104675293
processing batch of abstracts...
elapsed: 0.8721089363098145
writing embeddings to csv file...
elapsed: 0.04001641273498535
embedding subchunk number 1.0...
elapsed (s): 0.26505136489868164
processing batch of abstracts...
elapsed: 537.1911902427673
writing embeddings to csv file...
elapsed: 5.186455249786377
embedding subchunk number 2.0...
elapsed (s): 5.335446119308472
processing batch of abstracts...
elapsed: 572.3005893230438
writing embeddings to csv file...
elapsed: 8.899194955825806
embedding subchunk number 3.0...
elapsed (s): 9.222016096115112
processing batch of abstracts...
elapsed: 585.68306016922
writing embeddings to csv file...
elapsed: 5.294173955917358
embedding subchunk number 4.0...
elapsed (s): 5.444094657897949
processing batch of abstracts...
elapsed: 574.7651309967041
writing embeddings to csv file...
elapsed: 5.3606250286102295
embedding subchunk number 5.0...
elapsed (s): 5.631669759750366
processing batch of abstracts...
elapsed: 518.1399395465851
writing embeddings to csv file...
elapsed: 4.820440769195557
embedding subchunk number 6.0...
elapsed (s): 5.070462942123413
processing batch of abstracts...
elapsed: 520.3235952854156
writing embeddings to csv file...
elapsed: 4.979152202606201
embedding subchunk number 7.0...
elapsed (s): 5.26134181022644
processing batch of abstracts...
elapsed: 514.922123670578
writing embeddings to csv file...
elapsed: 4.870102882385254
embedding subchunk number 8.0...
elapsed (s): 5.09164023399353
processing batch of abstracts...
elapsed: 527.1463553905487
writing embeddings to csv file...
elapsed: 4.9525980949401855
embedding subchunk number 9.0...
elapsed (s): 5.246948957443237
processing batch of abstracts...
elapsed: 480.2833442687988
writing embeddings to csv file...
elapsed: 4.617652177810669
embedding subchunk number 10.0...
elapsed (s): 4.865540981292725
processing batch of abstracts...
elapsed: 507.13722133636475
writing embeddings to csv file...
elapsed: 5.141951322555542
embedding subchunk number 11.0...
elapsed (s): 5.508898973464966
processing batch of abstracts...
elapsed: 497.61969923973083
writing embeddings to csv file...
elapsed: 4.820948362350464
embedding subchunk number 12.0...
elapsed (s): 5.0470898151397705
processing batch of abstracts...
elapsed: 497.07467889785767
writing embeddings to csv file...
elapsed: 4.914002418518066
embedding subchunk number 13.0...
elapsed (s): 5.174200773239136
processing batch of abstracts...
elapsed: 486.79479360580444
writing embeddings to csv file...
elapsed: 4.805820941925049
embedding subchunk number 14.0...
elapsed (s): 5.032850027084351
processing batch of abstracts...
elapsed: 512.2747976779938
writing embeddings to csv file...
elapsed: 5.470444202423096
embedding subchunk number 15.0...
elapsed (s): 5.819785833358765
processing batch of abstracts...
elapsed: 573.0364379882812
writing embeddings to csv file...
elapsed: 5.273385286331177
embedding subchunk number 16.0...
elapsed (s): 5.631438493728638
processing batch of abstracts...
elapsed: 595.5174350738525
writing embeddings to csv file...
elapsed: 5.710460662841797
embedding subchunk number 17.0...
elapsed (s): 6.005097150802612
processing batch of abstracts...
elapsed: 498.5759525299072
writing embeddings to csv file...
elapsed: 4.817465543746948
embedding subchunk number 18.0...
elapsed (s): 5.075533628463745
processing batch of abstracts...
elapsed: 331.07918334007263
writing embeddings to csv file...
elapsed: 3.150292158126831
embedding subchunk number 19.0...
elapsed (s): 3.4338109493255615
processing batch of abstracts...
elapsed: 334.47708082199097
writing embeddings to csv file...
elapsed: 3.1596946716308594
embedding subchunk number 20.0...
elapsed (s): 3.3823277950286865
processing batch of abstracts...
elapsed: 362.0954215526581
writing embeddings to csv file...
elapsed: 3.7191152572631836
embedding subchunk number 21.0...
elapsed (s): 3.951119899749756
processing batch of abstracts...
elapsed: 361.89593839645386
writing embeddings to csv file...
elapsed: 3.401865243911743
embedding subchunk number 22.0...
elapsed (s): 3.6611475944519043
processing batch of abstracts...
elapsed: 325.6382598876953
writing embeddings to csv file...
elapsed: 3.089918375015259
embedding subchunk number 23.0...
elapsed (s): 3.35036301612854
processing batch of abstracts...
elapsed: 367.1773045063019
writing embeddings to csv file...
elapsed: 3.3777847290039062
embedding subchunk number 24.0...
elapsed (s): 3.5434200763702393
processing batch of abstracts...
elapsed: 338.1984877586365
writing embeddings to csv file...
elapsed: 3.557021379470825
embedding subchunk number 25.0...
elapsed (s): 3.8163881301879883
processing batch of abstracts...
elapsed: 393.20600390434265
writing embeddings to csv file...
elapsed: 3.944133996963501
embedding subchunk number 26.0...
elapsed (s): 4.256634712219238
processing batch of abstracts...
elapsed: 433.86273169517517
writing embeddings to csv file...
elapsed: 4.1431334018707275
embedding subchunk number 27.0...
elapsed (s): 4.359551668167114
processing batch of abstracts...
elapsed: 344.2106592655182
writing embeddings to csv file...
elapsed: 3.476456880569458
embedding subchunk number 28.0...
elapsed (s): 3.6597964763641357
processing batch of abstracts...
elapsed: 299.5916156768799
writing embeddings to csv file...
elapsed: 3.0064873695373535
embedding subchunk number 29.0...
elapsed (s): 3.246473550796509
processing batch of abstracts...
elapsed: 311.4330813884735
writing embeddings to csv file...
elapsed: 3.246246576309204
embedding subchunk number 30.0...
elapsed (s): 3.3171260356903076
processing batch of abstracts...
elapsed: 190.9897494316101
writing embeddings to csv file...
elapsed: 2.2303738594055176
embedding subchunk number 31.0...
elapsed (s): 2.4417009353637695
processing batch of abstracts...
elapsed: 185.05385375022888
writing embeddings to csv file...
elapsed: 2.0158839225769043
embedding subchunk number 32.0...
elapsed (s): 2.1371991634368896
processing batch of abstracts...
elapsed: 184.99281454086304
writing embeddings to csv file...
elapsed: 2.0869622230529785
embedding subchunk number 33.0...
elapsed (s): 2.3289244174957275
processing batch of abstracts...
elapsed: 352.424791097641
writing embeddings to csv file...
elapsed: 3.797114610671997
embedding subchunk number 34.0...
elapsed (s): 4.100348472595215
processing batch of abstracts...
elapsed: 550.9522490501404
writing embeddings to csv file...
elapsed: 5.3448498249053955
embedding subchunk number 35.0...
elapsed (s): 5.586679220199585
processing batch of abstracts...
elapsed: 525.1476366519928
writing embeddings to csv file...
elapsed: 5.498475790023804
embedding subchunk number 36.0...
elapsed (s): 5.751249074935913
processing batch of abstracts...
elapsed: 352.52252650260925
writing embeddings to csv file...
elapsed: 3.396921396255493
embedding subchunk number 37.0...
elapsed (s): 3.6597936153411865
processing batch of abstracts...
elapsed: 378.73380637168884
writing embeddings to csv file...
elapsed: 3.701693296432495
embedding subchunk number 38.0...
elapsed (s): 3.9946353435516357
processing batch of abstracts...
elapsed: 482.41610622406006
writing embeddings to csv file...
elapsed: 4.631865978240967
embedding subchunk number 39.0...
elapsed (s): 4.937630891799927
processing batch of abstracts...
elapsed: 500.8095614910126
writing embeddings to csv file...
elapsed: 4.888643980026245
embedding subchunk number 40.0...
elapsed (s): 5.129521131515503
processing batch of abstracts...
elapsed: 401.7126188278198
writing embeddings to csv file...
elapsed: 4.067906141281128
embedding subchunk number 41.0...
elapsed (s): 4.360877275466919
processing batch of abstracts...
elapsed: 381.5579137802124
writing embeddings to csv file...
elapsed: 3.9552347660064697
embedding subchunk number 42.0...
elapsed (s): 4.252995491027832
processing batch of abstracts...
elapsed: 382.7449629306793
writing embeddings to csv file...
elapsed: 4.032484531402588
embedding subchunk number 43.0...
elapsed (s): 4.322986602783203
processing batch of abstracts...
elapsed: 348.17534947395325
writing embeddings to csv file...
elapsed: 3.384660482406616
embedding subchunk number 44.0...
elapsed (s): 3.6214873790740967
processing batch of abstracts...
elapsed: 341.16594648361206
writing embeddings to csv file...
elapsed: 3.375298261642456
embedding subchunk number 45.0...
elapsed (s): 3.6370370388031006
processing batch of abstracts...
elapsed: 492.51768493652344
writing embeddings to csv file...
elapsed: 5.030752182006836
embedding subchunk number 46.0...
elapsed (s): 5.272234916687012
processing batch of abstracts...
elapsed: 457.12046813964844
writing embeddings to csv file...
elapsed: 5.052487134933472
embedding subchunk number 47.0...
elapsed (s): 5.283941030502319
processing batch of abstracts...
elapsed: 414.9634954929352
writing embeddings to csv file...
elapsed: 4.8590545654296875
embedding subchunk number 48.0...
elapsed (s): 5.09904670715332
processing batch of abstracts...
elapsed: 464.91218280792236
writing embeddings to csv file...
elapsed: 5.055900812149048
embedding subchunk number 49.0...
elapsed (s): 5.314544677734375
processing batch of abstracts...
elapsed: 455.4395821094513
writing embeddings to csv file...
elapsed: 4.95857310295105
embedding subchunk number 50.0...
elapsed (s): 5.2925238609313965
processing batch of abstracts...
elapsed: 488.0164477825165
writing embeddings to csv file...
elapsed: 5.030477523803711
embedding subchunk number 51.0...
elapsed (s): 5.247783660888672
processing batch of abstracts...
elapsed: 346.0087263584137
writing embeddings to csv file...
elapsed: 3.639910936355591
embedding subchunk number 52.0...
elapsed (s): 3.8645553588867188
processing batch of abstracts...
elapsed: 316.32676243782043
writing embeddings to csv file...
elapsed: 3.2938640117645264
embedding subchunk number 53.0...
elapsed (s): 3.5712335109710693
processing batch of abstracts...
elapsed: 339.39805722236633
writing embeddings to csv file...
elapsed: 3.585585594177246
embedding subchunk number 54.0...
elapsed (s): 3.788559675216675
processing batch of abstracts...
elapsed: 351.9786956310272
writing embeddings to csv file...
elapsed: 3.690762996673584
embedding subchunk number 55.0...
elapsed (s): 3.9435362815856934
processing batch of abstracts...
elapsed: 346.5016596317291
writing embeddings to csv file...
elapsed: 3.581082344055176
embedding subchunk number 56.0...
elapsed (s): 3.809230089187622
processing batch of abstracts...
elapsed: 353.32245326042175
writing embeddings to csv file...
elapsed: 3.567296266555786
embedding subchunk number 57.0...
elapsed (s): 3.800321340560913
processing batch of abstracts...
elapsed: 365.83413195610046
writing embeddings to csv file...
elapsed: 3.740901470184326
embedding subchunk number 58.0...
elapsed (s): 3.8197810649871826
processing batch of abstracts...
elapsed: 204.4442925453186
writing embeddings to csv file...
elapsed: 2.436683177947998
embedding subchunk number 59.0...
elapsed (s): 2.6532437801361084
processing batch of abstracts...
elapsed: 361.40736985206604
writing embeddings to csv file...
elapsed: 4.03940486907959
