My SLURM_ARRAY_TASK_I:  26
Input arguments: ['./embed_pubmed__array_gpu_job.py', '26']
slurm array id: 26
GPU sanity checks: 
device ID: 0
<torch.cuda.device object at 0x7f86471e5860>
N devices: 1
Tesla K80
is available? True
Spacy GPU? True
elapsed (s): 2.618215322494507
embedding subchunk number 0.0...
elapsed (s): 0.07865309715270996
processing batch of abstracts...
elapsed: 4.696846008300781e-05
writing embeddings to csv file...
elapsed: 0.010808467864990234
embedding subchunk number 1.0...
elapsed (s): 0.19641661643981934
processing batch of abstracts...
elapsed: 499.9052917957306
writing embeddings to csv file...
elapsed: 5.290781021118164
embedding subchunk number 2.0...
elapsed (s): 5.63382887840271
processing batch of abstracts...
elapsed: 517.0392091274261
writing embeddings to csv file...
elapsed: 5.287862062454224
embedding subchunk number 3.0...
elapsed (s): 5.616475343704224
processing batch of abstracts...
elapsed: 503.8936791419983
writing embeddings to csv file...
elapsed: 5.249279260635376
embedding subchunk number 4.0...
elapsed (s): 5.548274278640747
processing batch of abstracts...
elapsed: 537.1685988903046
writing embeddings to csv file...
elapsed: 5.423125743865967
embedding subchunk number 5.0...
elapsed (s): 5.69405460357666
processing batch of abstracts...
elapsed: 493.76810336112976
writing embeddings to csv file...
elapsed: 4.991698980331421
embedding subchunk number 6.0...
elapsed (s): 5.237597227096558
processing batch of abstracts...
elapsed: 535.6435949802399
writing embeddings to csv file...
elapsed: 5.456944942474365
embedding subchunk number 7.0...
elapsed (s): 5.828342437744141
processing batch of abstracts...
elapsed: 562.8664433956146
writing embeddings to csv file...
elapsed: 5.5357582569122314
embedding subchunk number 8.0...
elapsed (s): 5.830454587936401
processing batch of abstracts...
elapsed: 562.247040271759
writing embeddings to csv file...
elapsed: 5.680660963058472
embedding subchunk number 9.0...
elapsed (s): 6.01681661605835
processing batch of abstracts...
elapsed: 558.045823097229
writing embeddings to csv file...
elapsed: 5.62848687171936
embedding subchunk number 10.0...
elapsed (s): 6.052253723144531
processing batch of abstracts...
elapsed: 518.3570599555969
writing embeddings to csv file...
elapsed: 5.541783094406128
embedding subchunk number 11.0...
elapsed (s): 5.915204763412476
processing batch of abstracts...
elapsed: 491.25626850128174
writing embeddings to csv file...
elapsed: 5.585012197494507
embedding subchunk number 12.0...
elapsed (s): 6.12791895866394
processing batch of abstracts...
elapsed: 510.8270115852356
writing embeddings to csv file...
elapsed: 5.457695007324219
embedding subchunk number 13.0...
elapsed (s): 5.877725839614868
processing batch of abstracts...
elapsed: 500.6489703655243
writing embeddings to csv file...
elapsed: 5.367895603179932
embedding subchunk number 14.0...
elapsed (s): 5.638413190841675
processing batch of abstracts...
elapsed: 411.1448140144348
writing embeddings to csv file...
elapsed: 4.753164768218994
embedding subchunk number 15.0...
elapsed (s): 5.113305330276489
processing batch of abstracts...
elapsed: 399.9000220298767
writing embeddings to csv file...
elapsed: 4.456996917724609
embedding subchunk number 16.0...
elapsed (s): 4.715909957885742
processing batch of abstracts...
elapsed: 430.180349111557
writing embeddings to csv file...
elapsed: 4.710521459579468
embedding subchunk number 17.0...
elapsed (s): 5.108167409896851
processing batch of abstracts...
elapsed: 399.31230998039246
writing embeddings to csv file...
elapsed: 4.50810170173645
embedding subchunk number 18.0...
elapsed (s): 4.793365001678467
processing batch of abstracts...
elapsed: 403.26439571380615
writing embeddings to csv file...
elapsed: 4.5705554485321045
embedding subchunk number 19.0...
elapsed (s): 4.938072681427002
processing batch of abstracts...
elapsed: 376.0561258792877
writing embeddings to csv file...
elapsed: 4.137549877166748
embedding subchunk number 20.0...
elapsed (s): 4.492318391799927
processing batch of abstracts...
elapsed: 397.55791544914246
writing embeddings to csv file...
elapsed: 4.330034971237183
embedding subchunk number 21.0...
elapsed (s): 4.5924108028411865
processing batch of abstracts...
elapsed: 377.11822986602783
writing embeddings to csv file...
elapsed: 4.117764472961426
embedding subchunk number 22.0...
elapsed (s): 4.20061182975769
processing batch of abstracts...
elapsed: 251.65023374557495
writing embeddings to csv file...
elapsed: 2.675424814224243
embedding subchunk number 23.0...
elapsed (s): 3.0394270420074463
processing batch of abstracts...
elapsed: 611.3662271499634
writing embeddings to csv file...
elapsed: 5.773686647415161
embedding subchunk number 24.0...
elapsed (s): 5.9361653327941895
processing batch of abstracts...
elapsed: 583.5983872413635
writing embeddings to csv file...
elapsed: 6.021245241165161
embedding subchunk number 25.0...
elapsed (s): 6.569080352783203
processing batch of abstracts...
elapsed: 569.7220134735107
writing embeddings to csv file...
elapsed: 5.453165292739868
embedding subchunk number 26.0...
elapsed (s): 5.650618314743042
processing batch of abstracts...
elapsed: 569.2925968170166
writing embeddings to csv file...
elapsed: 5.295378923416138
embedding subchunk number 27.0...
elapsed (s): 5.626317262649536
processing batch of abstracts...
elapsed: 589.0698866844177
writing embeddings to csv file...
elapsed: 5.475925445556641
embedding subchunk number 28.0...
elapsed (s): 5.703752279281616
processing batch of abstracts...
elapsed: 600.1504120826721
writing embeddings to csv file...
elapsed: 5.577138662338257
embedding subchunk number 29.0...
elapsed (s): 5.885645627975464
processing batch of abstracts...
elapsed: 593.3912916183472
writing embeddings to csv file...
elapsed: 5.427813291549683
embedding subchunk number 30.0...
elapsed (s): 5.747044801712036
processing batch of abstracts...
elapsed: 595.2332243919373
writing embeddings to csv file...
elapsed: 5.768866777420044
embedding subchunk number 31.0...
elapsed (s): 6.34444785118103
processing batch of abstracts...
elapsed: 598.2002685070038
writing embeddings to csv file...
elapsed: 5.541553258895874
embedding subchunk number 32.0...
elapsed (s): 5.875018119812012
processing batch of abstracts...
elapsed: 631.156806230545
writing embeddings to csv file...
elapsed: 5.740325212478638
embedding subchunk number 33.0...
elapsed (s): 6.34790563583374
processing batch of abstracts...
elapsed: 613.327018737793
writing embeddings to csv file...
elapsed: 5.751873731613159
embedding subchunk number 34.0...
elapsed (s): 6.077601194381714
processing batch of abstracts...
elapsed: 609.5608866214752
writing embeddings to csv file...
elapsed: 5.601900339126587
embedding subchunk number 35.0...
elapsed (s): 6.015797853469849
processing batch of abstracts...
elapsed: 591.5870997905731
writing embeddings to csv file...
elapsed: 5.529413223266602
embedding subchunk number 36.0...
elapsed (s): 5.872262716293335
processing batch of abstracts...
elapsed: 577.9031794071198
writing embeddings to csv file...
elapsed: 5.454012155532837
embedding subchunk number 37.0...
elapsed (s): 5.881552457809448
processing batch of abstracts...
elapsed: 597.3545212745667
writing embeddings to csv file...
elapsed: 5.782228231430054
embedding subchunk number 38.0...
elapsed (s): 6.182300806045532
processing batch of abstracts...
elapsed: 582.2040920257568
writing embeddings to csv file...
elapsed: 5.538950204849243
embedding subchunk number 39.0...
elapsed (s): 5.988122224807739
processing batch of abstracts...
elapsed: 564.9041228294373
writing embeddings to csv file...
elapsed: 5.315797328948975
embedding subchunk number 40.0...
elapsed (s): 5.629273176193237
processing batch of abstracts...
elapsed: 586.2942199707031
writing embeddings to csv file...
elapsed: 5.539231538772583
embedding subchunk number 41.0...
elapsed (s): 6.119546413421631
processing batch of abstracts...
elapsed: 590.9433238506317
writing embeddings to csv file...
elapsed: 5.814311742782593
embedding subchunk number 42.0...
elapsed (s): 6.10808539390564
processing batch of abstracts...
elapsed: 554.7893784046173
writing embeddings to csv file...
elapsed: 5.440505027770996
embedding subchunk number 43.0...
elapsed (s): 5.795978784561157
processing batch of abstracts...
elapsed: 545.6948640346527
writing embeddings to csv file...
elapsed: 5.6395838260650635
embedding subchunk number 44.0...
elapsed (s): 5.9338977336883545
processing batch of abstracts...
elapsed: 566.6335389614105
writing embeddings to csv file...
elapsed: 5.505284309387207
embedding subchunk number 45.0...
elapsed (s): 5.840868949890137
processing batch of abstracts...
elapsed: 591.5436379909515
writing embeddings to csv file...
elapsed: 5.522423267364502
embedding subchunk number 46.0...
elapsed (s): 5.801985740661621
processing batch of abstracts...
elapsed: 573.8996028900146
writing embeddings to csv file...
elapsed: 5.672061443328857
embedding subchunk number 47.0...
elapsed (s): 6.152347087860107
processing batch of abstracts...
elapsed: 576.8914079666138
writing embeddings to csv file...
elapsed: 5.352891206741333
embedding subchunk number 48.0...
elapsed (s): 5.564713001251221
processing batch of abstracts...
elapsed: 591.5762581825256
writing embeddings to csv file...
elapsed: 5.6917946338653564
embedding subchunk number 49.0...
elapsed (s): 6.254274129867554
processing batch of abstracts...
elapsed: 599.6839282512665
writing embeddings to csv file...
elapsed: 5.747726202011108
embedding subchunk number 50.0...
elapsed (s): 6.091985464096069
processing batch of abstracts...
elapsed: 615.7028579711914
writing embeddings to csv file...
elapsed: 5.6138527393341064
embedding subchunk number 51.0...
elapsed (s): 6.1562724113464355
processing batch of abstracts...
elapsed: 629.8413326740265
writing embeddings to csv file...
elapsed: 5.683595895767212
embedding subchunk number 52.0...
elapsed (s): 6.123984336853027
processing batch of abstracts...
elapsed: 650.3466243743896
writing embeddings to csv file...
elapsed: 5.780806064605713
embedding subchunk number 53.0...
elapsed (s): 6.092384338378906
processing batch of abstracts...
elapsed: 633.388947725296
writing embeddings to csv file...
elapsed: 5.55869722366333
embedding subchunk number 54.0...
elapsed (s): 5.907297849655151
processing batch of abstracts...
elapsed: 623.6284308433533
writing embeddings to csv file...
elapsed: 5.7370171546936035
embedding subchunk number 55.0...
elapsed (s): 6.267152786254883
processing batch of abstracts...
elapsed: 607.7351613044739
writing embeddings to csv file...
elapsed: 5.75654935836792
embedding subchunk number 56.0...
elapsed (s): 6.21713662147522
processing batch of abstracts...
elapsed: 594.8126575946808
writing embeddings to csv file...
elapsed: 5.408427715301514
embedding subchunk number 57.0...
elapsed (s): 5.71337103843689
processing batch of abstracts...
elapsed: 605.1454224586487
writing embeddings to csv file...
elapsed: 5.627880811691284
embedding subchunk number 58.0...
elapsed (s): 5.969118595123291
processing batch of abstracts...
elapsed: 589.5664892196655
writing embeddings to csv file...
elapsed: 6.1106648445129395
embedding subchunk number 59.0...
elapsed (s): 6.618666887283325
processing batch of abstracts...
elapsed: 572.669643163681
writing embeddings to csv file...
elapsed: 5.585070610046387
