My SLURM_ARRAY_TASK_I:  2
Input arguments: ['./embed_pubmed__array_gpu_job.py', '2']
slurm array id: 2
GPU sanity checks: 
device ID: 0
<torch.cuda.device object at 0x7f7ca4b327b8>
N devices: 1
Tesla K80
is available? True
Spacy GPU? True
elapsed (s): 2.4248671531677246
embedding subchunk number 0.0...
elapsed (s): 0.037957191467285156
processing batch of abstracts...
elapsed: 5.127196311950684
writing embeddings to csv file...
elapsed: 0.13143086433410645
embedding subchunk number 1.0...
elapsed (s): 0.4330403804779053
processing batch of abstracts...
elapsed: 570.1469676494598
writing embeddings to csv file...
elapsed: 8.110395193099976
embedding subchunk number 2.0...
elapsed (s): 8.333008766174316
processing batch of abstracts...
elapsed: 577.8814091682434
writing embeddings to csv file...
elapsed: 7.945772647857666
embedding subchunk number 3.0...
elapsed (s): 8.213637113571167
processing batch of abstracts...
elapsed: 601.044214963913
writing embeddings to csv file...
elapsed: 9.249189376831055
embedding subchunk number 4.0...
elapsed (s): 9.435842514038086
processing batch of abstracts...
elapsed: 534.8565909862518
writing embeddings to csv file...
elapsed: 7.977292776107788
embedding subchunk number 5.0...
elapsed (s): 8.22611117362976
processing batch of abstracts...
elapsed: 547.6956763267517
writing embeddings to csv file...
elapsed: 7.995138645172119
embedding subchunk number 6.0...
elapsed (s): 8.220149993896484
processing batch of abstracts...
elapsed: 599.7169778347015
writing embeddings to csv file...
elapsed: 7.932185173034668
embedding subchunk number 7.0...
elapsed (s): 8.17688512802124
processing batch of abstracts...
elapsed: 578.3732199668884
writing embeddings to csv file...
elapsed: 7.872222423553467
embedding subchunk number 8.0...
elapsed (s): 8.101024866104126
processing batch of abstracts...
elapsed: 574.7055952548981
writing embeddings to csv file...
elapsed: 7.870640993118286
embedding subchunk number 9.0...
elapsed (s): 8.161656141281128
processing batch of abstracts...
elapsed: 567.3591017723083
writing embeddings to csv file...
elapsed: 7.913856506347656
embedding subchunk number 10.0...
elapsed (s): 8.104970932006836
processing batch of abstracts...
elapsed: 548.9775042533875
writing embeddings to csv file...
elapsed: 7.840622186660767
embedding subchunk number 11.0...
elapsed (s): 8.123257160186768
processing batch of abstracts...
elapsed: 597.950502872467
writing embeddings to csv file...
elapsed: 7.8646392822265625
embedding subchunk number 12.0...
elapsed (s): 8.05811095237732
processing batch of abstracts...
elapsed: 559.8005378246307
writing embeddings to csv file...
elapsed: 7.792943477630615
embedding subchunk number 13.0...
elapsed (s): 8.011773109436035
processing batch of abstracts...
elapsed: 526.0127635002136
writing embeddings to csv file...
elapsed: 7.84336256980896
embedding subchunk number 14.0...
elapsed (s): 8.00333547592163
processing batch of abstracts...
elapsed: 500.5153839588165
writing embeddings to csv file...
elapsed: 7.906481504440308
embedding subchunk number 15.0...
elapsed (s): 8.196623086929321
processing batch of abstracts...
elapsed: 521.0059902667999
writing embeddings to csv file...
elapsed: 7.905227899551392
embedding subchunk number 16.0...
elapsed (s): 8.113246440887451
processing batch of abstracts...
elapsed: 535.9075999259949
writing embeddings to csv file...
elapsed: 7.955722093582153
embedding subchunk number 17.0...
elapsed (s): 8.187137842178345
processing batch of abstracts...
elapsed: 500.6582896709442
writing embeddings to csv file...
elapsed: 7.838230133056641
embedding subchunk number 18.0...
elapsed (s): 8.06894326210022
processing batch of abstracts...
elapsed: 494.5667223930359
writing embeddings to csv file...
elapsed: 7.849001407623291
embedding subchunk number 19.0...
elapsed (s): 8.084063053131104
processing batch of abstracts...
elapsed: 499.1862995624542
writing embeddings to csv file...
elapsed: 7.8363964557647705
embedding subchunk number 20.0...
elapsed (s): 8.067129135131836
processing batch of abstracts...
elapsed: 513.930380821228
writing embeddings to csv file...
elapsed: 7.838575124740601
embedding subchunk number 21.0...
elapsed (s): 8.054535627365112
processing batch of abstracts...
elapsed: 526.4697382450104
writing embeddings to csv file...
elapsed: 7.885512113571167
embedding subchunk number 22.0...
elapsed (s): 8.116840839385986
processing batch of abstracts...
elapsed: 472.5985052585602
writing embeddings to csv file...
elapsed: 7.850125312805176
embedding subchunk number 23.0...
elapsed (s): 8.103015899658203
processing batch of abstracts...
elapsed: 535.6935114860535
writing embeddings to csv file...
elapsed: 7.984176874160767
embedding subchunk number 24.0...
elapsed (s): 8.218186140060425
processing batch of abstracts...
elapsed: 581.481865644455
writing embeddings to csv file...
elapsed: 7.841878890991211
embedding subchunk number 25.0...
elapsed (s): 8.150688409805298
processing batch of abstracts...
elapsed: 603.188889503479
writing embeddings to csv file...
elapsed: 7.900656223297119
embedding subchunk number 26.0...
elapsed (s): 8.160440444946289
processing batch of abstracts...
elapsed: 593.1397104263306
writing embeddings to csv file...
elapsed: 7.924594163894653
embedding subchunk number 27.0...
elapsed (s): 8.156430959701538
processing batch of abstracts...
elapsed: 534.1825063228607
writing embeddings to csv file...
elapsed: 7.827057838439941
embedding subchunk number 28.0...
elapsed (s): 8.057732582092285
processing batch of abstracts...
elapsed: 579.6096363067627
writing embeddings to csv file...
elapsed: 7.886180877685547
embedding subchunk number 29.0...
elapsed (s): 8.145411729812622
processing batch of abstracts...
elapsed: 569.5053827762604
writing embeddings to csv file...
elapsed: 7.87895655632019
embedding subchunk number 30.0...
elapsed (s): 8.155635356903076
processing batch of abstracts...
elapsed: 580.6751534938812
writing embeddings to csv file...
elapsed: 7.803983926773071
embedding subchunk number 31.0...
elapsed (s): 8.090540885925293
processing batch of abstracts...
elapsed: 575.1829998493195
writing embeddings to csv file...
elapsed: 7.911263704299927
embedding subchunk number 32.0...
elapsed (s): 8.170402526855469
processing batch of abstracts...
elapsed: 520.6885476112366
writing embeddings to csv file...
elapsed: 7.833500862121582
embedding subchunk number 33.0...
elapsed (s): 8.051532745361328
processing batch of abstracts...
elapsed: 435.9647755622864
writing embeddings to csv file...
elapsed: 7.902461290359497
embedding subchunk number 34.0...
elapsed (s): 8.097795009613037
processing batch of abstracts...
elapsed: 382.244735956192
writing embeddings to csv file...
elapsed: 8.12208867073059
embedding subchunk number 35.0...
elapsed (s): 8.347910642623901
processing batch of abstracts...
elapsed: 400.31028151512146
writing embeddings to csv file...
elapsed: 7.782344579696655
embedding subchunk number 36.0...
elapsed (s): 8.020536184310913
processing batch of abstracts...
elapsed: 398.6789164543152
writing embeddings to csv file...
elapsed: 7.8331756591796875
embedding subchunk number 37.0...
elapsed (s): 8.018386125564575
processing batch of abstracts...
elapsed: 372.82612562179565
writing embeddings to csv file...
elapsed: 7.761465787887573
embedding subchunk number 38.0...
elapsed (s): 7.927549123764038
processing batch of abstracts...
elapsed: 270.1528468132019
writing embeddings to csv file...
elapsed: 7.873812675476074
embedding subchunk number 39.0...
elapsed (s): 7.987359523773193
processing batch of abstracts...
elapsed: 202.48937034606934
writing embeddings to csv file...
elapsed: 7.864130735397339
embedding subchunk number 40.0...
elapsed (s): 8.099230289459229
processing batch of abstracts...
elapsed: 570.110729932785
writing embeddings to csv file...
elapsed: 7.917534351348877
embedding subchunk number 41.0...
elapsed (s): 8.119645118713379
processing batch of abstracts...
elapsed: 541.0046000480652
writing embeddings to csv file...
elapsed: 7.827171802520752
embedding subchunk number 42.0...
elapsed (s): 8.064186334609985
processing batch of abstracts...
elapsed: 512.0828719139099
writing embeddings to csv file...
elapsed: 7.835343837738037
embedding subchunk number 43.0...
elapsed (s): 8.041201114654541
processing batch of abstracts...
elapsed: 519.8620269298553
writing embeddings to csv file...
elapsed: 7.858189105987549
embedding subchunk number 44.0...
elapsed (s): 8.09551477432251
processing batch of abstracts...
elapsed: 533.7495591640472
writing embeddings to csv file...
elapsed: 7.83007550239563
embedding subchunk number 45.0...
elapsed (s): 8.01301908493042
processing batch of abstracts...
elapsed: 534.7317609786987
writing embeddings to csv file...
elapsed: 7.856975078582764
embedding subchunk number 46.0...
elapsed (s): 8.150566339492798
processing batch of abstracts...
elapsed: 587.8133931159973
writing embeddings to csv file...
elapsed: 7.866872310638428
embedding subchunk number 47.0...
elapsed (s): 8.058485507965088
processing batch of abstracts...
elapsed: 558.4027380943298
writing embeddings to csv file...
elapsed: 7.573113441467285
embedding subchunk number 48.0...
elapsed (s): 7.8294291496276855
processing batch of abstracts...
elapsed: 613.1591718196869
writing embeddings to csv file...
elapsed: 7.486050605773926
embedding subchunk number 49.0...
elapsed (s): 7.688631772994995
processing batch of abstracts...
elapsed: 622.5855202674866
writing embeddings to csv file...
elapsed: 7.398524284362793
embedding subchunk number 50.0...
elapsed (s): 7.6643993854522705
processing batch of abstracts...
elapsed: 627.6377611160278
writing embeddings to csv file...
elapsed: 7.459293365478516
embedding subchunk number 51.0...
elapsed (s): 7.67694616317749
processing batch of abstracts...
elapsed: 614.3891282081604
writing embeddings to csv file...
elapsed: 7.525984764099121
embedding subchunk number 52.0...
elapsed (s): 7.75178074836731
processing batch of abstracts...
elapsed: 602.748616695404
writing embeddings to csv file...
elapsed: 7.567681074142456
embedding subchunk number 53.0...
elapsed (s): 7.692925214767456
processing batch of abstracts...
elapsed: 472.68731355667114
writing embeddings to csv file...
elapsed: 7.490056276321411
embedding subchunk number 54.0...
elapsed (s): 7.712674617767334
processing batch of abstracts...
elapsed: 538.0193562507629
writing embeddings to csv file...
elapsed: 7.531209468841553
embedding subchunk number 55.0...
elapsed (s): 7.642805337905884
processing batch of abstracts...
elapsed: 418.92834186553955
writing embeddings to csv file...
elapsed: 7.848257303237915
embedding subchunk number 56.0...
elapsed (s): 8.059273958206177
processing batch of abstracts...
elapsed: 406.0084991455078
writing embeddings to csv file...
elapsed: 7.644819736480713
embedding subchunk number 57.0...
elapsed (s): 7.831773042678833
processing batch of abstracts...
elapsed: 426.3817241191864
writing embeddings to csv file...
elapsed: 7.471524715423584
embedding subchunk number 58.0...
elapsed (s): 7.679363965988159
processing batch of abstracts...
elapsed: 423.68580055236816
writing embeddings to csv file...
elapsed: 7.4634690284729
embedding subchunk number 59.0...
elapsed (s): 7.699532747268677
processing batch of abstracts...
elapsed: 445.86376452445984
writing embeddings to csv file...
elapsed: 7.623721361160278
