My SLURM_ARRAY_TASK_I:  5
Input arguments: ['./embed_pubmed__array_gpu_job.py', '5']
slurm array id: 5
GPU sanity checks: 
device ID: 0
<torch.cuda.device object at 0x7f32c31a5860>
N devices: 1
Tesla K80
is available? True
Spacy GPU? True
elapsed (s): 0.8106975555419922
embedding subchunk number 0.0...
elapsed (s): 0.08913850784301758
processing batch of abstracts...
elapsed: 6.747245788574219e-05
writing embeddings to csv file...
elapsed: 0.0018458366394042969
embedding subchunk number 1.0...
elapsed (s): 0.03154754638671875
processing batch of abstracts...
elapsed: 18.152976989746094
writing embeddings to csv file...
elapsed: 0.198530912399292
embedding subchunk number 2.0...
elapsed (s): 0.265059232711792
processing batch of abstracts...
elapsed: 81.41920256614685
writing embeddings to csv file...
elapsed: 0.7853670120239258
embedding subchunk number 3.0...
elapsed (s): 0.9813535213470459
processing batch of abstracts...
elapsed: 289.5985219478607
writing embeddings to csv file...
elapsed: 16.04687237739563
embedding subchunk number 4.0...
elapsed (s): 16.286452531814575
processing batch of abstracts...
elapsed: 393.509215593338
writing embeddings to csv file...
elapsed: 3.5656447410583496
embedding subchunk number 5.0...
elapsed (s): 3.8123607635498047
processing batch of abstracts...
elapsed: 481.0973711013794
writing embeddings to csv file...
elapsed: 5.782317638397217
embedding subchunk number 6.0...
elapsed (s): 5.930042266845703
processing batch of abstracts...
elapsed: 290.0847420692444
writing embeddings to csv file...
elapsed: 2.7377536296844482
embedding subchunk number 7.0...
elapsed (s): 3.0277013778686523
processing batch of abstracts...
elapsed: 256.15225863456726
writing embeddings to csv file...
elapsed: 2.505704641342163
embedding subchunk number 8.0...
elapsed (s): 2.7407314777374268
processing batch of abstracts...
elapsed: 376.3149917125702
writing embeddings to csv file...
elapsed: 3.5565593242645264
embedding subchunk number 9.0...
elapsed (s): 3.6812334060668945
processing batch of abstracts...
elapsed: 262.38397789001465
writing embeddings to csv file...
elapsed: 2.587830066680908
embedding subchunk number 10.0...
elapsed (s): 2.786787271499634
processing batch of abstracts...
elapsed: 253.52093410491943
writing embeddings to csv file...
elapsed: 2.547846794128418
embedding subchunk number 11.0...
elapsed (s): 2.6830904483795166
processing batch of abstracts...
elapsed: 260.7895836830139
writing embeddings to csv file...
elapsed: 2.7369332313537598
embedding subchunk number 12.0...
elapsed (s): 2.996039628982544
processing batch of abstracts...
elapsed: 234.53731679916382
writing embeddings to csv file...
elapsed: 2.242746114730835
embedding subchunk number 13.0...
elapsed (s): 2.387382745742798
processing batch of abstracts...
elapsed: 226.02215766906738
writing embeddings to csv file...
elapsed: 2.278135299682617
embedding subchunk number 14.0...
elapsed (s): 2.468355894088745
processing batch of abstracts...
elapsed: 207.5552237033844
writing embeddings to csv file...
elapsed: 2.208252429962158
embedding subchunk number 15.0...
elapsed (s): 2.4962408542633057
processing batch of abstracts...
elapsed: 235.38075852394104
writing embeddings to csv file...
elapsed: 2.0832126140594482
embedding subchunk number 16.0...
elapsed (s): 2.385584831237793
processing batch of abstracts...
elapsed: 514.0783660411835
writing embeddings to csv file...
elapsed: 4.576888561248779
embedding subchunk number 17.0...
elapsed (s): 4.787252426147461
processing batch of abstracts...
elapsed: 410.77912521362305
writing embeddings to csv file...
elapsed: 4.1842896938323975
embedding subchunk number 18.0...
elapsed (s): 4.653912782669067
processing batch of abstracts...
elapsed: 447.60510325431824
writing embeddings to csv file...
elapsed: 4.322813272476196
embedding subchunk number 19.0...
elapsed (s): 4.628314971923828
processing batch of abstracts...
elapsed: 462.98087215423584
writing embeddings to csv file...
elapsed: 4.38560938835144
embedding subchunk number 20.0...
elapsed (s): 5.065474271774292
processing batch of abstracts...
elapsed: 448.865300655365
writing embeddings to csv file...
elapsed: 4.270594596862793
embedding subchunk number 21.0...
elapsed (s): 4.560819864273071
processing batch of abstracts...
elapsed: 458.09590697288513
writing embeddings to csv file...
elapsed: 4.396830320358276
embedding subchunk number 22.0...
elapsed (s): 4.838062047958374
processing batch of abstracts...
elapsed: 405.4650912284851
writing embeddings to csv file...
elapsed: 4.439089059829712
embedding subchunk number 23.0...
elapsed (s): 4.6720240116119385
processing batch of abstracts...
elapsed: 441.0897800922394
writing embeddings to csv file...
elapsed: 4.467763900756836
embedding subchunk number 24.0...
elapsed (s): 4.766219139099121
processing batch of abstracts...
elapsed: 499.8159556388855
writing embeddings to csv file...
elapsed: 4.770310163497925
embedding subchunk number 25.0...
elapsed (s): 5.105288982391357
processing batch of abstracts...
elapsed: 610.8196179866791
writing embeddings to csv file...
elapsed: 5.259129285812378
embedding subchunk number 26.0...
elapsed (s): 5.567894697189331
processing batch of abstracts...
elapsed: 493.60054564476013
writing embeddings to csv file...
elapsed: 4.220085620880127
embedding subchunk number 27.0...
elapsed (s): 4.371222972869873
processing batch of abstracts...
elapsed: 348.82503747940063
writing embeddings to csv file...
elapsed: 3.3023293018341064
embedding subchunk number 28.0...
elapsed (s): 3.5428664684295654
processing batch of abstracts...
elapsed: 246.32565832138062
writing embeddings to csv file...
elapsed: 2.0381057262420654
embedding subchunk number 29.0...
elapsed (s): 2.0968146324157715
processing batch of abstracts...
elapsed: 169.51502776145935
writing embeddings to csv file...
elapsed: 1.9686498641967773
embedding subchunk number 30.0...
elapsed (s): 2.1257927417755127
processing batch of abstracts...
elapsed: 169.35591745376587
writing embeddings to csv file...
elapsed: 1.7236168384552002
embedding subchunk number 31.0...
elapsed (s): 1.9187495708465576
processing batch of abstracts...
elapsed: 165.30630660057068
writing embeddings to csv file...
elapsed: 1.5217993259429932
embedding subchunk number 32.0...
elapsed (s): 1.6867103576660156
processing batch of abstracts...
elapsed: 164.1362795829773
writing embeddings to csv file...
elapsed: 1.5034401416778564
embedding subchunk number 33.0...
elapsed (s): 1.7208409309387207
processing batch of abstracts...
elapsed: 273.07912158966064
writing embeddings to csv file...
elapsed: 2.288217544555664
embedding subchunk number 34.0...
elapsed (s): 2.4424245357513428
processing batch of abstracts...
elapsed: 391.692987203598
writing embeddings to csv file...
elapsed: 3.305088758468628
embedding subchunk number 35.0...
elapsed (s): 3.612168073654175
processing batch of abstracts...
elapsed: 535.7941422462463
writing embeddings to csv file...
elapsed: 4.331907510757446
embedding subchunk number 36.0...
elapsed (s): 4.628535032272339
processing batch of abstracts...
elapsed: 517.8519992828369
writing embeddings to csv file...
elapsed: 4.599499940872192
embedding subchunk number 37.0...
elapsed (s): 4.693751096725464
processing batch of abstracts...
elapsed: 298.4977843761444
writing embeddings to csv file...
elapsed: 3.3534977436065674
embedding subchunk number 38.0...
elapsed (s): 3.5587871074676514
processing batch of abstracts...
elapsed: 249.99732327461243
writing embeddings to csv file...
elapsed: 2.2597246170043945
embedding subchunk number 39.0...
elapsed (s): 2.553161859512329
processing batch of abstracts...
elapsed: 478.3520884513855
writing embeddings to csv file...
elapsed: 4.498136281967163
embedding subchunk number 40.0...
elapsed (s): 4.777226209640503
processing batch of abstracts...
elapsed: 565.3431057929993
writing embeddings to csv file...
elapsed: 5.030280828475952
embedding subchunk number 41.0...
elapsed (s): 5.318926811218262
processing batch of abstracts...
elapsed: 515.3420221805573
writing embeddings to csv file...
elapsed: 4.710111379623413
embedding subchunk number 42.0...
elapsed (s): 4.947067022323608
processing batch of abstracts...
elapsed: 378.78722310066223
writing embeddings to csv file...
elapsed: 3.4167592525482178
embedding subchunk number 43.0...
elapsed (s): 3.6360955238342285
processing batch of abstracts...
elapsed: 344.51055335998535
writing embeddings to csv file...
elapsed: 3.245316743850708
embedding subchunk number 44.0...
elapsed (s): 3.4402031898498535
processing batch of abstracts...
elapsed: 362.7011971473694
writing embeddings to csv file...
elapsed: 3.1576359272003174
embedding subchunk number 45.0...
elapsed (s): 3.4602341651916504
processing batch of abstracts...
elapsed: 273.60870838165283
writing embeddings to csv file...
elapsed: 2.8343653678894043
embedding subchunk number 46.0...
elapsed (s): 2.9845409393310547
processing batch of abstracts...
elapsed: 256.6838102340698
writing embeddings to csv file...
elapsed: 2.470423936843872
embedding subchunk number 47.0...
elapsed (s): 2.6889255046844482
processing batch of abstracts...
elapsed: 273.4339814186096
writing embeddings to csv file...
elapsed: 2.492286443710327
embedding subchunk number 48.0...
elapsed (s): 2.8324434757232666
processing batch of abstracts...
elapsed: 433.6260528564453
writing embeddings to csv file...
elapsed: 3.8240163326263428
embedding subchunk number 49.0...
elapsed (s): 4.1253650188446045
processing batch of abstracts...
elapsed: 501.3866901397705
writing embeddings to csv file...
elapsed: 5.189434766769409
embedding subchunk number 50.0...
elapsed (s): 5.502388954162598
processing batch of abstracts...
elapsed: 475.2527678012848
writing embeddings to csv file...
elapsed: 4.2802324295043945
embedding subchunk number 51.0...
elapsed (s): 4.493789434432983
processing batch of abstracts...
elapsed: 309.2872574329376
writing embeddings to csv file...
elapsed: 3.2041690349578857
embedding subchunk number 52.0...
elapsed (s): 3.441145658493042
processing batch of abstracts...
elapsed: 416.22132182121277
writing embeddings to csv file...
elapsed: 3.7929928302764893
embedding subchunk number 53.0...
elapsed (s): 4.016731023788452
processing batch of abstracts...
elapsed: 401.25488543510437
writing embeddings to csv file...
elapsed: 3.621345281600952
embedding subchunk number 54.0...
elapsed (s): 3.860527992248535
processing batch of abstracts...
elapsed: 398.8345732688904
writing embeddings to csv file...
elapsed: 3.796851634979248
embedding subchunk number 55.0...
elapsed (s): 4.07965612411499
processing batch of abstracts...
elapsed: 409.3655643463135
writing embeddings to csv file...
elapsed: 3.738966464996338
embedding subchunk number 56.0...
elapsed (s): 3.9711005687713623
processing batch of abstracts...
elapsed: 405.81524300575256
writing embeddings to csv file...
elapsed: 3.7314271926879883
embedding subchunk number 57.0...
elapsed (s): 4.011872291564941
processing batch of abstracts...
elapsed: 384.47734570503235
writing embeddings to csv file...
elapsed: 3.392300605773926
embedding subchunk number 58.0...
elapsed (s): 3.6189656257629395
processing batch of abstracts...
elapsed: 382.15863823890686
writing embeddings to csv file...
elapsed: 3.553389072418213
embedding subchunk number 59.0...
elapsed (s): 3.8443944454193115
processing batch of abstracts...
elapsed: 523.4230000972748
writing embeddings to csv file...
elapsed: 4.744286298751831
