My SLURM_ARRAY_TASK_I:  45
Input arguments: ['./embed_pubmed__array_gpu_job.py', '45']
slurm array id: 45
GPU sanity checks: 
device ID: 0
<torch.cuda.device object at 0x7f4c347937b8>
N devices: 1
Tesla K80
is available? True
Spacy GPU? True
elapsed (s): 1.589310646057129
embedding subchunk number 0.0...
elapsed (s): 0.059446096420288086
processing batch of abstracts...
elapsed: 0.5229463577270508
writing embeddings to csv file...
elapsed: 0.006104469299316406
embedding subchunk number 1.0...
elapsed (s): 0.20122098922729492
processing batch of abstracts...
elapsed: 542.6795580387115
writing embeddings to csv file...
elapsed: 7.218761682510376
embedding subchunk number 2.0...
elapsed (s): 7.379314422607422
processing batch of abstracts...
elapsed: 557.8914997577667
writing embeddings to csv file...
elapsed: 7.428785562515259
embedding subchunk number 3.0...
elapsed (s): 7.714235305786133
processing batch of abstracts...
elapsed: 560.072318315506
writing embeddings to csv file...
elapsed: 7.106005430221558
embedding subchunk number 4.0...
elapsed (s): 7.258755683898926
processing batch of abstracts...
elapsed: 466.1747968196869
writing embeddings to csv file...
elapsed: 7.363722801208496
embedding subchunk number 5.0...
elapsed (s): 7.611395835876465
processing batch of abstracts...
elapsed: 541.1426839828491
writing embeddings to csv file...
elapsed: 7.1026670932769775
embedding subchunk number 6.0...
elapsed (s): 7.365566253662109
processing batch of abstracts...
elapsed: 552.7587921619415
writing embeddings to csv file...
elapsed: 7.160461902618408
embedding subchunk number 7.0...
elapsed (s): 7.418051719665527
processing batch of abstracts...
elapsed: 550.4297177791595
writing embeddings to csv file...
elapsed: 7.254744529724121
embedding subchunk number 8.0...
elapsed (s): 7.504456996917725
processing batch of abstracts...
elapsed: 557.1368055343628
writing embeddings to csv file...
elapsed: 7.199175119400024
embedding subchunk number 9.0...
elapsed (s): 7.5568625926971436
processing batch of abstracts...
elapsed: 539.0675814151764
writing embeddings to csv file...
elapsed: 7.208318471908569
embedding subchunk number 10.0...
elapsed (s): 7.476435661315918
processing batch of abstracts...
elapsed: 579.2814507484436
writing embeddings to csv file...
elapsed: 7.437646865844727
embedding subchunk number 11.0...
elapsed (s): 7.695401906967163
processing batch of abstracts...
elapsed: 573.8601369857788
writing embeddings to csv file...
elapsed: 7.458501815795898
embedding subchunk number 12.0...
elapsed (s): 7.749496698379517
processing batch of abstracts...
elapsed: 431.7583518028259
writing embeddings to csv file...
elapsed: 7.360173940658569
embedding subchunk number 13.0...
elapsed (s): 7.587664604187012
processing batch of abstracts...
elapsed: 328.8566052913666
writing embeddings to csv file...
elapsed: 7.837383031845093
embedding subchunk number 14.0...
elapsed (s): 8.01653528213501
processing batch of abstracts...
elapsed: 345.00859332084656
writing embeddings to csv file...
elapsed: 7.364094018936157
embedding subchunk number 15.0...
elapsed (s): 7.54803991317749
processing batch of abstracts...
elapsed: 331.37546944618225
writing embeddings to csv file...
elapsed: 7.103097200393677
embedding subchunk number 16.0...
elapsed (s): 7.294360637664795
processing batch of abstracts...
elapsed: 353.25930094718933
writing embeddings to csv file...
elapsed: 7.1258814334869385
embedding subchunk number 17.0...
elapsed (s): 7.352474212646484
processing batch of abstracts...
elapsed: 353.6821973323822
writing embeddings to csv file...
elapsed: 7.187605142593384
embedding subchunk number 18.0...
elapsed (s): 7.428475618362427
processing batch of abstracts...
elapsed: 373.26407265663147
writing embeddings to csv file...
elapsed: 7.297781229019165
embedding subchunk number 19.0...
elapsed (s): 7.504148244857788
processing batch of abstracts...
elapsed: 379.3360517024994
writing embeddings to csv file...
elapsed: 8.520915269851685
embedding subchunk number 20.0...
elapsed (s): 8.783786058425903
processing batch of abstracts...
elapsed: 378.74199771881104
writing embeddings to csv file...
elapsed: 7.482028007507324
embedding subchunk number 21.0...
elapsed (s): 7.710469722747803
processing batch of abstracts...
elapsed: 374.5245130062103
writing embeddings to csv file...
elapsed: 8.003787279129028
embedding subchunk number 22.0...
elapsed (s): 8.186493158340454
processing batch of abstracts...
elapsed: 369.8551630973816
writing embeddings to csv file...
elapsed: 7.479328155517578
embedding subchunk number 23.0...
elapsed (s): 7.696532487869263
processing batch of abstracts...
elapsed: 382.2894096374512
writing embeddings to csv file...
elapsed: 7.493947267532349
embedding subchunk number 24.0...
elapsed (s): 7.582337856292725
processing batch of abstracts...
elapsed: 270.7555899620056
writing embeddings to csv file...
elapsed: 7.412200689315796
embedding subchunk number 25.0...
elapsed (s): 7.631068229675293
processing batch of abstracts...
elapsed: 260.66743540763855
writing embeddings to csv file...
elapsed: 7.409086465835571
embedding subchunk number 26.0...
elapsed (s): 7.54564642906189
processing batch of abstracts...
elapsed: 277.4932544231415
writing embeddings to csv file...
elapsed: 7.756598949432373
embedding subchunk number 27.0...
elapsed (s): 7.880081653594971
processing batch of abstracts...
elapsed: 124.81227135658264
writing embeddings to csv file...
elapsed: 7.40163779258728
embedding subchunk number 28.0...
elapsed (s): 7.676712274551392
processing batch of abstracts...
elapsed: 285.89456510543823
writing embeddings to csv file...
elapsed: 7.721380710601807
embedding subchunk number 29.0...
elapsed (s): 7.857950687408447
processing batch of abstracts...
elapsed: 284.31972885131836
writing embeddings to csv file...
elapsed: 8.03334355354309
embedding subchunk number 30.0...
elapsed (s): 8.289399147033691
processing batch of abstracts...
elapsed: 274.6331877708435
writing embeddings to csv file...
elapsed: 7.4483349323272705
embedding subchunk number 31.0...
elapsed (s): 7.597357988357544
processing batch of abstracts...
elapsed: 234.83186101913452
writing embeddings to csv file...
elapsed: 7.380670547485352
embedding subchunk number 32.0...
elapsed (s): 7.564104795455933
processing batch of abstracts...
elapsed: 256.7831754684448
writing embeddings to csv file...
elapsed: 7.465465307235718
embedding subchunk number 33.0...
elapsed (s): 7.712684154510498
processing batch of abstracts...
elapsed: 427.3293137550354
writing embeddings to csv file...
elapsed: 7.609350919723511
embedding subchunk number 34.0...
elapsed (s): 7.914350271224976
processing batch of abstracts...
elapsed: 572.7299475669861
writing embeddings to csv file...
elapsed: 7.426922798156738
embedding subchunk number 35.0...
elapsed (s): 7.806237697601318
processing batch of abstracts...
elapsed: 578.5058693885803
writing embeddings to csv file...
elapsed: 7.694021701812744
embedding subchunk number 36.0...
elapsed (s): 7.977962255477905
processing batch of abstracts...
elapsed: 568.8560342788696
writing embeddings to csv file...
elapsed: 7.445553302764893
embedding subchunk number 37.0...
elapsed (s): 7.732113838195801
processing batch of abstracts...
elapsed: 579.5334370136261
writing embeddings to csv file...
elapsed: 7.666661262512207
embedding subchunk number 38.0...
elapsed (s): 7.95223593711853
processing batch of abstracts...
elapsed: 556.7455124855042
writing embeddings to csv file...
elapsed: 7.453006267547607
embedding subchunk number 39.0...
elapsed (s): 7.716600656509399
processing batch of abstracts...
elapsed: 609.7499718666077
writing embeddings to csv file...
elapsed: 7.630693435668945
embedding subchunk number 40.0...
elapsed (s): 7.9548659324646
processing batch of abstracts...
elapsed: 606.1562128067017
writing embeddings to csv file...
elapsed: 7.903256893157959
embedding subchunk number 41.0...
elapsed (s): 8.207318544387817
processing batch of abstracts...
elapsed: 592.6544046401978
writing embeddings to csv file...
elapsed: 7.509280443191528
embedding subchunk number 42.0...
elapsed (s): 7.8570921421051025
processing batch of abstracts...
elapsed: 636.0602293014526
writing embeddings to csv file...
elapsed: 7.560683012008667
embedding subchunk number 43.0...
elapsed (s): 7.885040283203125
processing batch of abstracts...
elapsed: 622.0765762329102
writing embeddings to csv file...
elapsed: 7.517456531524658
embedding subchunk number 44.0...
elapsed (s): 7.816870212554932
processing batch of abstracts...
elapsed: 593.1074442863464
writing embeddings to csv file...
elapsed: 8.572051525115967
embedding subchunk number 45.0...
elapsed (s): 8.812095642089844
processing batch of abstracts...
elapsed: 479.9327976703644
writing embeddings to csv file...
elapsed: 7.461324453353882
embedding subchunk number 46.0...
elapsed (s): 7.906437397003174
processing batch of abstracts...
elapsed: 445.1770911216736
writing embeddings to csv file...
elapsed: 7.9672691822052
embedding subchunk number 47.0...
elapsed (s): 8.298403263092041
processing batch of abstracts...
elapsed: 444.5341329574585
writing embeddings to csv file...
elapsed: 7.859619140625
embedding subchunk number 48.0...
elapsed (s): 8.103163719177246
processing batch of abstracts...
elapsed: 391.3695740699768
writing embeddings to csv file...
elapsed: 7.401766061782837
embedding subchunk number 49.0...
elapsed (s): 7.693444728851318
processing batch of abstracts...
elapsed: 423.940712928772
writing embeddings to csv file...
elapsed: 7.404153347015381
embedding subchunk number 50.0...
elapsed (s): 7.643352270126343
processing batch of abstracts...
elapsed: 331.8676207065582
writing embeddings to csv file...
elapsed: 7.512789964675903
embedding subchunk number 51.0...
elapsed (s): 7.632803440093994
processing batch of abstracts...
elapsed: 177.08585786819458
writing embeddings to csv file...
elapsed: 7.442810535430908
embedding subchunk number 52.0...
elapsed (s): 7.668562173843384
processing batch of abstracts...
elapsed: 228.35888242721558
writing embeddings to csv file...
elapsed: 7.448445558547974
embedding subchunk number 53.0...
elapsed (s): 7.587529897689819
processing batch of abstracts...
elapsed: 268.76545000076294
writing embeddings to csv file...
elapsed: 7.703681707382202
embedding subchunk number 54.0...
elapsed (s): 7.9844911098480225
processing batch of abstracts...
elapsed: 213.72397184371948
writing embeddings to csv file...
elapsed: 7.512999057769775
embedding subchunk number 55.0...
elapsed (s): 7.553394794464111
processing batch of abstracts...
elapsed: 93.49175477027893
writing embeddings to csv file...
elapsed: 7.7176408767700195
embedding subchunk number 56.0...
elapsed (s): 7.857177734375
processing batch of abstracts...
elapsed: 79.75081086158752
writing embeddings to csv file...
elapsed: 7.399062633514404
embedding subchunk number 57.0...
elapsed (s): 7.596221208572388
processing batch of abstracts...
elapsed: 206.79722428321838
writing embeddings to csv file...
elapsed: 7.436794281005859
embedding subchunk number 58.0...
elapsed (s): 7.70497465133667
processing batch of abstracts...
elapsed: 312.37810349464417
writing embeddings to csv file...
elapsed: 7.403962850570679
embedding subchunk number 59.0...
elapsed (s): 7.611068248748779
processing batch of abstracts...
elapsed: 308.72520089149475
writing embeddings to csv file...
elapsed: 7.547610759735107
