My SLURM_ARRAY_TASK_I:  16
Input arguments: ['./embed_pubmed__array_gpu_job.py', '16']
slurm array id: 16
GPU sanity checks: 
device ID: 0
<torch.cuda.device object at 0x7f062a046828>
N devices: 1
Tesla K80
is available? True
Spacy GPU? True
elapsed (s): 2.8166847229003906
embedding subchunk number 0.0...
elapsed (s): 0.0826420783996582
processing batch of abstracts...
elapsed: 5.655066728591919
writing embeddings to csv file...
elapsed: 0.17005157470703125
embedding subchunk number 1.0...
elapsed (s): 0.43759870529174805
processing batch of abstracts...
elapsed: 598.9487690925598
writing embeddings to csv file...
elapsed: 5.522629976272583
embedding subchunk number 2.0...
elapsed (s): 5.773925065994263
processing batch of abstracts...
elapsed: 618.7223942279816
writing embeddings to csv file...
elapsed: 4.993023157119751
embedding subchunk number 3.0...
elapsed (s): 5.237199068069458
processing batch of abstracts...
elapsed: 506.906453371048
writing embeddings to csv file...
elapsed: 4.819716691970825
embedding subchunk number 4.0...
elapsed (s): 4.978615760803223
processing batch of abstracts...
elapsed: 468.10537219047546
writing embeddings to csv file...
elapsed: 4.218072891235352
embedding subchunk number 5.0...
elapsed (s): 4.652763366699219
processing batch of abstracts...
elapsed: 532.9078073501587
writing embeddings to csv file...
elapsed: 4.71251654624939
embedding subchunk number 6.0...
elapsed (s): 4.949507474899292
processing batch of abstracts...
elapsed: 552.1139612197876
writing embeddings to csv file...
elapsed: 4.6840150356292725
embedding subchunk number 7.0...
elapsed (s): 4.888233184814453
processing batch of abstracts...
elapsed: 357.8042366504669
writing embeddings to csv file...
elapsed: 2.9807045459747314
embedding subchunk number 8.0...
elapsed (s): 3.178546667098999
processing batch of abstracts...
elapsed: 381.37495517730713
writing embeddings to csv file...
elapsed: 3.409162759780884
embedding subchunk number 9.0...
elapsed (s): 3.634923219680786
processing batch of abstracts...
elapsed: 397.3917877674103
writing embeddings to csv file...
elapsed: 3.478212594985962
embedding subchunk number 10.0...
elapsed (s): 3.707547187805176
processing batch of abstracts...
elapsed: 401.6846697330475
writing embeddings to csv file...
elapsed: 3.3227837085723877
embedding subchunk number 11.0...
elapsed (s): 3.6089694499969482
processing batch of abstracts...
elapsed: 375.97220826148987
writing embeddings to csv file...
elapsed: 3.1235508918762207
embedding subchunk number 12.0...
elapsed (s): 3.2711310386657715
processing batch of abstracts...
elapsed: 382.3902122974396
writing embeddings to csv file...
elapsed: 3.8797290325164795
embedding subchunk number 13.0...
elapsed (s): 4.127068996429443
processing batch of abstracts...
elapsed: 404.0230300426483
writing embeddings to csv file...
elapsed: 3.494293689727783
embedding subchunk number 14.0...
elapsed (s): 3.5958292484283447
processing batch of abstracts...
elapsed: 371.2531518936157
writing embeddings to csv file...
elapsed: 3.257605791091919
embedding subchunk number 15.0...
elapsed (s): 3.527005195617676
processing batch of abstracts...
elapsed: 423.46073269844055
writing embeddings to csv file...
elapsed: 3.443998336791992
embedding subchunk number 16.0...
elapsed (s): 3.5414202213287354
processing batch of abstracts...
elapsed: 349.4976279735565
writing embeddings to csv file...
elapsed: 3.100278854370117
embedding subchunk number 17.0...
elapsed (s): 3.3770084381103516
processing batch of abstracts...
elapsed: 375.34753036499023
writing embeddings to csv file...
elapsed: 3.13761043548584
embedding subchunk number 18.0...
elapsed (s): 3.3219590187072754
processing batch of abstracts...
elapsed: 387.974356174469
writing embeddings to csv file...
elapsed: 3.4669692516326904
embedding subchunk number 19.0...
elapsed (s): 3.688779592514038
processing batch of abstracts...
elapsed: 342.6130850315094
writing embeddings to csv file...
elapsed: 2.898618459701538
embedding subchunk number 20.0...
elapsed (s): 3.085392951965332
processing batch of abstracts...
elapsed: 346.9995265007019
writing embeddings to csv file...
elapsed: 3.1090621948242188
embedding subchunk number 21.0...
elapsed (s): 3.327064275741577
processing batch of abstracts...
elapsed: 384.63641595840454
writing embeddings to csv file...
elapsed: 3.192553997039795
embedding subchunk number 22.0...
elapsed (s): 3.344694137573242
processing batch of abstracts...
elapsed: 362.2006673812866
writing embeddings to csv file...
elapsed: 3.1358232498168945
embedding subchunk number 23.0...
elapsed (s): 3.3781912326812744
processing batch of abstracts...
elapsed: 377.4069993495941
writing embeddings to csv file...
elapsed: 3.373422861099243
embedding subchunk number 24.0...
elapsed (s): 3.504476547241211
processing batch of abstracts...
elapsed: 334.4723377227783
writing embeddings to csv file...
elapsed: 3.354902982711792
embedding subchunk number 25.0...
elapsed (s): 3.588653326034546
processing batch of abstracts...
elapsed: 521.8619918823242
writing embeddings to csv file...
elapsed: 4.792666673660278
embedding subchunk number 26.0...
elapsed (s): 5.032204866409302
processing batch of abstracts...
elapsed: 545.2403032779694
writing embeddings to csv file...
elapsed: 4.862159967422485
embedding subchunk number 27.0...
elapsed (s): 5.156877040863037
processing batch of abstracts...
elapsed: 489.9768946170807
writing embeddings to csv file...
elapsed: 4.762142896652222
embedding subchunk number 28.0...
elapsed (s): 4.9884421825408936
processing batch of abstracts...
elapsed: 506.90992069244385
writing embeddings to csv file...
elapsed: 4.531382322311401
embedding subchunk number 29.0...
elapsed (s): 4.767121076583862
processing batch of abstracts...
elapsed: 467.2840120792389
writing embeddings to csv file...
elapsed: 4.361845254898071
embedding subchunk number 30.0...
elapsed (s): 4.578004837036133
processing batch of abstracts...
elapsed: 481.8856930732727
writing embeddings to csv file...
elapsed: 4.638271331787109
embedding subchunk number 31.0...
elapsed (s): 4.88298487663269
processing batch of abstracts...
elapsed: 486.8170733451843
writing embeddings to csv file...
elapsed: 4.409307479858398
embedding subchunk number 32.0...
elapsed (s): 4.599900245666504
processing batch of abstracts...
elapsed: 490.49695205688477
writing embeddings to csv file...
elapsed: 4.462526559829712
embedding subchunk number 33.0...
elapsed (s): 4.781026840209961
processing batch of abstracts...
elapsed: 474.1250479221344
writing embeddings to csv file...
elapsed: 4.501543760299683
embedding subchunk number 34.0...
elapsed (s): 4.817541122436523
processing batch of abstracts...
elapsed: 510.78516602516174
writing embeddings to csv file...
elapsed: 4.522665023803711
embedding subchunk number 35.0...
elapsed (s): 4.7605180740356445
processing batch of abstracts...
elapsed: 509.59606075286865
writing embeddings to csv file...
elapsed: 4.5400683879852295
embedding subchunk number 36.0...
elapsed (s): 4.787942171096802
processing batch of abstracts...
elapsed: 592.3059239387512
writing embeddings to csv file...
elapsed: 4.9615256786346436
embedding subchunk number 37.0...
elapsed (s): 5.223308801651001
processing batch of abstracts...
elapsed: 560.0423982143402
writing embeddings to csv file...
elapsed: 4.622302532196045
embedding subchunk number 38.0...
elapsed (s): 4.966470718383789
processing batch of abstracts...
elapsed: 581.7405173778534
writing embeddings to csv file...
elapsed: 4.916751861572266
embedding subchunk number 39.0...
elapsed (s): 5.166325807571411
processing batch of abstracts...
elapsed: 471.82887029647827
writing embeddings to csv file...
elapsed: 4.054128646850586
embedding subchunk number 40.0...
elapsed (s): 4.260532855987549
processing batch of abstracts...
elapsed: 400.3235213756561
writing embeddings to csv file...
elapsed: 3.439906120300293
embedding subchunk number 41.0...
elapsed (s): 3.809001922607422
processing batch of abstracts...
elapsed: 510.1852698326111
writing embeddings to csv file...
elapsed: 4.646144390106201
embedding subchunk number 42.0...
elapsed (s): 4.911703586578369
processing batch of abstracts...
elapsed: 481.05746126174927
writing embeddings to csv file...
elapsed: 4.436782121658325
embedding subchunk number 43.0...
elapsed (s): 4.724030017852783
processing batch of abstracts...
elapsed: 492.943480014801
writing embeddings to csv file...
elapsed: 4.378746271133423
embedding subchunk number 44.0...
elapsed (s): 4.650458097457886
processing batch of abstracts...
elapsed: 524.5931718349457
writing embeddings to csv file...
elapsed: 4.682750940322876
embedding subchunk number 45.0...
elapsed (s): 4.93591833114624
processing batch of abstracts...
elapsed: 491.12551856040955
writing embeddings to csv file...
elapsed: 4.556692838668823
embedding subchunk number 46.0...
elapsed (s): 4.783965349197388
processing batch of abstracts...
elapsed: 482.8308539390564
writing embeddings to csv file...
elapsed: 4.202501535415649
embedding subchunk number 47.0...
elapsed (s): 4.408950090408325
processing batch of abstracts...
elapsed: 340.69892382621765
writing embeddings to csv file...
elapsed: 3.086643934249878
embedding subchunk number 48.0...
elapsed (s): 3.2815182209014893
processing batch of abstracts...
elapsed: 328.3077609539032
writing embeddings to csv file...
elapsed: 2.8863112926483154
embedding subchunk number 49.0...
elapsed (s): 3.0546486377716064
processing batch of abstracts...
elapsed: 268.8656597137451
writing embeddings to csv file...
elapsed: 2.3656888008117676
embedding subchunk number 50.0...
elapsed (s): 2.57134747505188
processing batch of abstracts...
elapsed: 226.26508569717407
writing embeddings to csv file...
elapsed: 2.0255191326141357
embedding subchunk number 51.0...
elapsed (s): 2.0556905269622803
processing batch of abstracts...
elapsed: 44.33547902107239
writing embeddings to csv file...
elapsed: 0.46267056465148926
embedding subchunk number 52.0...
elapsed (s): 0.4876265525817871
processing batch of abstracts...
elapsed: 1.7149226665496826
writing embeddings to csv file...
elapsed: 0.019421815872192383
embedding subchunk number 53.0...
elapsed (s): 0.040833234786987305
processing batch of abstracts...
elapsed: 1.7115871906280518
writing embeddings to csv file...
elapsed: 0.014979839324951172
embedding subchunk number 54.0...
elapsed (s): 0.21812033653259277
processing batch of abstracts...
elapsed: 221.5791220664978
writing embeddings to csv file...
elapsed: 1.8798620700836182
embedding subchunk number 55.0...
elapsed (s): 2.140511989593506
processing batch of abstracts...
elapsed: 593.5841007232666
writing embeddings to csv file...
elapsed: 4.786083221435547
embedding subchunk number 56.0...
elapsed (s): 5.046857595443726
processing batch of abstracts...
elapsed: 585.6449189186096
writing embeddings to csv file...
elapsed: 4.99467658996582
embedding subchunk number 57.0...
elapsed (s): 5.2709386348724365
processing batch of abstracts...
elapsed: 516.7658979892731
writing embeddings to csv file...
elapsed: 4.37663722038269
embedding subchunk number 58.0...
elapsed (s): 4.647916316986084
processing batch of abstracts...
elapsed: 570.0942726135254
writing embeddings to csv file...
elapsed: 5.1141557693481445
embedding subchunk number 59.0...
elapsed (s): 5.364424228668213
processing batch of abstracts...
elapsed: 605.5971927642822
writing embeddings to csv file...
elapsed: 4.905294179916382
