My SLURM_ARRAY_TASK_I:  6
Input arguments: ['./embed_pubmed__array_gpu_job.py', '6']
slurm array id: 6
GPU sanity checks: 
device ID: 0
<torch.cuda.device object at 0x7f2bed755860>
N devices: 1
Tesla K80
is available? True
Spacy GPU? True
elapsed (s): 2.8625423908233643
embedding subchunk number 0.0...
elapsed (s): 0.06185460090637207
processing batch of abstracts...
elapsed: 0.9404795169830322
writing embeddings to csv file...
elapsed: 0.0054111480712890625
embedding subchunk number 1.0...
elapsed (s): 0.19536876678466797
processing batch of abstracts...
elapsed: 485.46006512641907
writing embeddings to csv file...
elapsed: 4.559966087341309
embedding subchunk number 2.0...
elapsed (s): 4.691254138946533
processing batch of abstracts...
elapsed: 508.44904947280884
writing embeddings to csv file...
elapsed: 4.993040323257446
embedding subchunk number 3.0...
elapsed (s): 5.242209196090698
processing batch of abstracts...
elapsed: 485.25374007225037
writing embeddings to csv file...
elapsed: 4.704002857208252
embedding subchunk number 4.0...
elapsed (s): 4.925193548202515
processing batch of abstracts...
elapsed: 506.85672545433044
writing embeddings to csv file...
elapsed: 4.873481035232544
embedding subchunk number 5.0...
elapsed (s): 5.198877573013306
processing batch of abstracts...
elapsed: 504.28164625167847
writing embeddings to csv file...
elapsed: 5.168023586273193
embedding subchunk number 6.0...
elapsed (s): 5.473624229431152
processing batch of abstracts...
elapsed: 556.5597295761108
writing embeddings to csv file...
elapsed: 5.027056455612183
embedding subchunk number 7.0...
elapsed (s): 5.300230979919434
processing batch of abstracts...
elapsed: 572.4009983539581
writing embeddings to csv file...
elapsed: 5.08597993850708
embedding subchunk number 8.0...
elapsed (s): 5.367502689361572
processing batch of abstracts...
elapsed: 567.7254509925842
writing embeddings to csv file...
elapsed: 5.379312992095947
embedding subchunk number 9.0...
elapsed (s): 5.715803384780884
processing batch of abstracts...
elapsed: 583.6449818611145
writing embeddings to csv file...
elapsed: 5.237699270248413
embedding subchunk number 10.0...
elapsed (s): 5.479574203491211
processing batch of abstracts...
elapsed: 565.5809335708618
writing embeddings to csv file...
elapsed: 5.208372116088867
embedding subchunk number 11.0...
elapsed (s): 5.556423902511597
processing batch of abstracts...
elapsed: 599.814106464386
writing embeddings to csv file...
elapsed: 5.521142482757568
embedding subchunk number 12.0...
elapsed (s): 5.842719554901123
processing batch of abstracts...
elapsed: 519.2725346088409
writing embeddings to csv file...
elapsed: 5.120084285736084
embedding subchunk number 13.0...
elapsed (s): 5.389432907104492
processing batch of abstracts...
elapsed: 582.1162602901459
writing embeddings to csv file...
elapsed: 5.30501914024353
embedding subchunk number 14.0...
elapsed (s): 5.586634159088135
processing batch of abstracts...
elapsed: 584.0194683074951
writing embeddings to csv file...
elapsed: 5.28585147857666
embedding subchunk number 15.0...
elapsed (s): 5.592568635940552
processing batch of abstracts...
elapsed: 592.1642541885376
writing embeddings to csv file...
elapsed: 5.1630659103393555
embedding subchunk number 16.0...
elapsed (s): 5.286286354064941
processing batch of abstracts...
elapsed: 450.38386964797974
writing embeddings to csv file...
elapsed: 4.011340141296387
embedding subchunk number 17.0...
elapsed (s): 4.269658803939819
processing batch of abstracts...
elapsed: 412.07211422920227
writing embeddings to csv file...
elapsed: 3.9702885150909424
embedding subchunk number 18.0...
elapsed (s): 4.19193434715271
processing batch of abstracts...
elapsed: 395.67159271240234
writing embeddings to csv file...
elapsed: 3.697016477584839
embedding subchunk number 19.0...
elapsed (s): 3.9316649436950684
processing batch of abstracts...
elapsed: 422.29157543182373
writing embeddings to csv file...
elapsed: 4.069996356964111
embedding subchunk number 20.0...
elapsed (s): 4.311091899871826
processing batch of abstracts...
elapsed: 465.8386640548706
writing embeddings to csv file...
elapsed: 4.4455342292785645
embedding subchunk number 21.0...
elapsed (s): 4.697996139526367
processing batch of abstracts...
elapsed: 423.0246469974518
writing embeddings to csv file...
elapsed: 4.3374621868133545
embedding subchunk number 22.0...
elapsed (s): 4.526813507080078
processing batch of abstracts...
elapsed: 363.01794385910034
writing embeddings to csv file...
elapsed: 3.6824398040771484
embedding subchunk number 23.0...
elapsed (s): 3.941662311553955
processing batch of abstracts...
elapsed: 447.9882073402405
writing embeddings to csv file...
elapsed: 4.423191547393799
embedding subchunk number 24.0...
elapsed (s): 4.697226285934448
processing batch of abstracts...
elapsed: 543.6399900913239
writing embeddings to csv file...
elapsed: 4.869089841842651
embedding subchunk number 25.0...
elapsed (s): 5.099165201187134
processing batch of abstracts...
elapsed: 488.6709420681
writing embeddings to csv file...
elapsed: 4.3702428340911865
embedding subchunk number 26.0...
elapsed (s): 4.491179943084717
processing batch of abstracts...
elapsed: 241.04359769821167
writing embeddings to csv file...
elapsed: 2.2660322189331055
embedding subchunk number 27.0...
elapsed (s): 2.4735021591186523
processing batch of abstracts...
elapsed: 250.91662287712097
writing embeddings to csv file...
elapsed: 2.3656394481658936
embedding subchunk number 28.0...
elapsed (s): 2.521883726119995
processing batch of abstracts...
elapsed: 261.54990005493164
writing embeddings to csv file...
elapsed: 2.3938229084014893
embedding subchunk number 29.0...
elapsed (s): 2.645050525665283
processing batch of abstracts...
elapsed: 188.32523250579834
writing embeddings to csv file...
elapsed: 1.8019137382507324
embedding subchunk number 30.0...
elapsed (s): 1.9766793251037598
processing batch of abstracts...
elapsed: 296.4019527435303
writing embeddings to csv file...
elapsed: 2.7450153827667236
embedding subchunk number 31.0...
elapsed (s): 3.0240323543548584
processing batch of abstracts...
elapsed: 370.57841181755066
writing embeddings to csv file...
elapsed: 3.804692268371582
embedding subchunk number 32.0...
elapsed (s): 4.159237623214722
processing batch of abstracts...
elapsed: 438.16383957862854
writing embeddings to csv file...
elapsed: 4.5621278285980225
embedding subchunk number 33.0...
elapsed (s): 4.860016822814941
processing batch of abstracts...
elapsed: 424.6646590232849
writing embeddings to csv file...
elapsed: 4.389158248901367
embedding subchunk number 34.0...
elapsed (s): 4.635602951049805
processing batch of abstracts...
elapsed: 296.95486521720886
writing embeddings to csv file...
elapsed: 2.9176745414733887
embedding subchunk number 35.0...
elapsed (s): 3.1245932579040527
processing batch of abstracts...
elapsed: 260.308509349823
writing embeddings to csv file...
elapsed: 2.5950608253479004
embedding subchunk number 36.0...
elapsed (s): 2.7840888500213623
processing batch of abstracts...
elapsed: 270.4971194267273
writing embeddings to csv file...
elapsed: 2.7837820053100586
embedding subchunk number 37.0...
elapsed (s): 3.0182619094848633
processing batch of abstracts...
elapsed: 341.38959074020386
writing embeddings to csv file...
elapsed: 3.2698705196380615
embedding subchunk number 38.0...
elapsed (s): 3.4019851684570312
processing batch of abstracts...
elapsed: 262.82679557800293
writing embeddings to csv file...
elapsed: 2.5962202548980713
embedding subchunk number 39.0...
elapsed (s): 2.810776472091675
processing batch of abstracts...
elapsed: 223.58923292160034
writing embeddings to csv file...
elapsed: 2.178565263748169
embedding subchunk number 40.0...
elapsed (s): 2.3293964862823486
processing batch of abstracts...
elapsed: 240.62445759773254
writing embeddings to csv file...
elapsed: 2.387819766998291
embedding subchunk number 41.0...
elapsed (s): 2.6195857524871826
processing batch of abstracts...
elapsed: 374.84495782852173
writing embeddings to csv file...
elapsed: 3.5463602542877197
embedding subchunk number 42.0...
elapsed (s): 3.7546043395996094
processing batch of abstracts...
elapsed: 452.19661021232605
writing embeddings to csv file...
elapsed: 4.3497474193573
embedding subchunk number 43.0...
elapsed (s): 4.57368278503418
processing batch of abstracts...
elapsed: 433.297682762146
writing embeddings to csv file...
elapsed: 4.403273105621338
embedding subchunk number 44.0...
elapsed (s): 4.672907114028931
processing batch of abstracts...
elapsed: 443.367947101593
writing embeddings to csv file...
elapsed: 4.491449594497681
embedding subchunk number 45.0...
elapsed (s): 4.7449631690979
processing batch of abstracts...
elapsed: 495.1759223937988
writing embeddings to csv file...
elapsed: 4.657021760940552
embedding subchunk number 46.0...
elapsed (s): 4.911205053329468
processing batch of abstracts...
elapsed: 543.7768979072571
writing embeddings to csv file...
elapsed: 4.937109470367432
embedding subchunk number 47.0...
elapsed (s): 5.219640016555786
processing batch of abstracts...
elapsed: 574.2902204990387
writing embeddings to csv file...
elapsed: 5.037069320678711
embedding subchunk number 48.0...
elapsed (s): 5.305711507797241
processing batch of abstracts...
elapsed: 544.794846534729
writing embeddings to csv file...
elapsed: 5.232029676437378
embedding subchunk number 49.0...
elapsed (s): 5.4914231300354
processing batch of abstracts...
elapsed: 554.9743773937225
writing embeddings to csv file...
elapsed: 4.826523065567017
embedding subchunk number 50.0...
elapsed (s): 5.117690086364746
processing batch of abstracts...
elapsed: 561.7773299217224
writing embeddings to csv file...
elapsed: 4.833202838897705
embedding subchunk number 51.0...
elapsed (s): 5.085449457168579
processing batch of abstracts...
elapsed: 525.9407947063446
writing embeddings to csv file...
elapsed: 4.952635765075684
embedding subchunk number 52.0...
elapsed (s): 5.224626541137695
processing batch of abstracts...
elapsed: 484.93783378601074
writing embeddings to csv file...
elapsed: 4.655320882797241
embedding subchunk number 53.0...
elapsed (s): 4.940424203872681
processing batch of abstracts...
elapsed: 505.7163596153259
writing embeddings to csv file...
elapsed: 4.7845330238342285
embedding subchunk number 54.0...
elapsed (s): 5.093830347061157
processing batch of abstracts...
elapsed: 456.0287585258484
writing embeddings to csv file...
elapsed: 4.779554128646851
embedding subchunk number 55.0...
elapsed (s): 5.01494026184082
processing batch of abstracts...
elapsed: 456.2474572658539
writing embeddings to csv file...
elapsed: 4.531345367431641
embedding subchunk number 56.0...
elapsed (s): 4.742318868637085
processing batch of abstracts...
elapsed: 480.8591458797455
writing embeddings to csv file...
elapsed: 4.6051154136657715
embedding subchunk number 57.0...
elapsed (s): 4.932173490524292
processing batch of abstracts...
elapsed: 471.9451096057892
writing embeddings to csv file...
elapsed: 4.682534217834473
embedding subchunk number 58.0...
elapsed (s): 4.854411602020264
processing batch of abstracts...
elapsed: 428.3215596675873
writing embeddings to csv file...
elapsed: 4.11271595954895
embedding subchunk number 59.0...
elapsed (s): 4.338788747787476
processing batch of abstracts...
elapsed: 330.2374646663666
writing embeddings to csv file...
elapsed: 3.558932065963745
