My SLURM_ARRAY_TASK_I:  15
Input arguments: ['./embed_pubmed__array_gpu_job.py', '15']
slurm array id: 15
GPU sanity checks: 
device ID: 0
<torch.cuda.device object at 0x7f5429a07550>
N devices: 1
Tesla K80
is available? True
Spacy GPU? True
elapsed (s): 1.6300780773162842
embedding subchunk number 0.0...
elapsed (s): 0.07378411293029785
processing batch of abstracts...
elapsed: 0.4107959270477295
writing embeddings to csv file...
elapsed: 0.23762798309326172
embedding subchunk number 1.0...
elapsed (s): 0.4601094722747803
processing batch of abstracts...
elapsed: 498.55487966537476
writing embeddings to csv file...
elapsed: 5.021848440170288
embedding subchunk number 2.0...
elapsed (s): 5.132963180541992
processing batch of abstracts...
elapsed: 274.6616277694702
writing embeddings to csv file...
elapsed: 2.5272395610809326
embedding subchunk number 3.0...
elapsed (s): 2.7383346557617188
processing batch of abstracts...
elapsed: 335.1252417564392
writing embeddings to csv file...
elapsed: 3.489661455154419
embedding subchunk number 4.0...
elapsed (s): 3.7606680393218994
processing batch of abstracts...
elapsed: 345.13106775283813
writing embeddings to csv file...
elapsed: 4.065431594848633
embedding subchunk number 5.0...
elapsed (s): 4.2833802700042725
processing batch of abstracts...
elapsed: 358.5818076133728
writing embeddings to csv file...
elapsed: 3.4285032749176025
embedding subchunk number 6.0...
elapsed (s): 3.6768910884857178
processing batch of abstracts...
elapsed: 350.0619926452637
writing embeddings to csv file...
elapsed: 3.344270706176758
embedding subchunk number 7.0...
elapsed (s): 3.541980266571045
processing batch of abstracts...
elapsed: 241.3656108379364
writing embeddings to csv file...
elapsed: 2.494999408721924
embedding subchunk number 8.0...
elapsed (s): 2.790492296218872
processing batch of abstracts...
elapsed: 466.0716109275818
writing embeddings to csv file...
elapsed: 4.537947177886963
embedding subchunk number 9.0...
elapsed (s): 4.808032274246216
processing batch of abstracts...
elapsed: 540.2283086776733
writing embeddings to csv file...
elapsed: 5.254706382751465
embedding subchunk number 10.0...
elapsed (s): 5.604461193084717
processing batch of abstracts...
elapsed: 591.6247560977936
writing embeddings to csv file...
elapsed: 6.171111583709717
embedding subchunk number 11.0...
elapsed (s): 6.400667190551758
processing batch of abstracts...
elapsed: 536.8675684928894
writing embeddings to csv file...
elapsed: 5.092767238616943
embedding subchunk number 12.0...
elapsed (s): 5.437812566757202
processing batch of abstracts...
elapsed: 607.0257778167725
writing embeddings to csv file...
elapsed: 5.650410890579224
embedding subchunk number 13.0...
elapsed (s): 5.812423944473267
processing batch of abstracts...
elapsed: 452.9487807750702
writing embeddings to csv file...
elapsed: 4.665722608566284
embedding subchunk number 14.0...
elapsed (s): 4.999976396560669
processing batch of abstracts...
elapsed: 395.129355430603
writing embeddings to csv file...
elapsed: 4.088845491409302
embedding subchunk number 15.0...
elapsed (s): 4.3589746952056885
processing batch of abstracts...
elapsed: 392.21458435058594
writing embeddings to csv file...
elapsed: 3.9582936763763428
embedding subchunk number 16.0...
elapsed (s): 4.249668836593628
processing batch of abstracts...
elapsed: 441.7534906864166
writing embeddings to csv file...
elapsed: 4.344988822937012
embedding subchunk number 17.0...
elapsed (s): 4.686959981918335
processing batch of abstracts...
elapsed: 466.2042896747589
writing embeddings to csv file...
elapsed: 4.9406208992004395
embedding subchunk number 18.0...
elapsed (s): 5.224092483520508
processing batch of abstracts...
elapsed: 468.4563698768616
writing embeddings to csv file...
elapsed: 4.297327518463135
embedding subchunk number 19.0...
elapsed (s): 4.52716588973999
processing batch of abstracts...
elapsed: 385.12999987602234
writing embeddings to csv file...
elapsed: 3.393962860107422
embedding subchunk number 20.0...
elapsed (s): 3.5911002159118652
processing batch of abstracts...
elapsed: 297.6007602214813
writing embeddings to csv file...
elapsed: 2.7521157264709473
embedding subchunk number 21.0...
elapsed (s): 2.9484446048736572
processing batch of abstracts...
elapsed: 282.840213060379
writing embeddings to csv file...
elapsed: 2.635639190673828
embedding subchunk number 22.0...
elapsed (s): 2.8127434253692627
processing batch of abstracts...
elapsed: 262.91339588165283
writing embeddings to csv file...
elapsed: 2.5478525161743164
embedding subchunk number 23.0...
elapsed (s): 2.7699191570281982
processing batch of abstracts...
elapsed: 199.4315149784088
writing embeddings to csv file...
elapsed: 1.9009902477264404
embedding subchunk number 24.0...
elapsed (s): 2.069138526916504
processing batch of abstracts...
elapsed: 191.47740125656128
writing embeddings to csv file...
elapsed: 2.048710584640503
embedding subchunk number 25.0...
elapsed (s): 2.317789316177368
processing batch of abstracts...
elapsed: 565.6238188743591
writing embeddings to csv file...
elapsed: 5.3590943813323975
embedding subchunk number 26.0...
elapsed (s): 5.4995293617248535
processing batch of abstracts...
elapsed: 415.1389260292053
writing embeddings to csv file...
elapsed: 4.515421152114868
embedding subchunk number 27.0...
elapsed (s): 4.794658184051514
processing batch of abstracts...
elapsed: 433.51449966430664
writing embeddings to csv file...
elapsed: 4.902817487716675
embedding subchunk number 28.0...
elapsed (s): 5.048638105392456
processing batch of abstracts...
elapsed: 403.95716381073
writing embeddings to csv file...
elapsed: 4.542757749557495
embedding subchunk number 29.0...
elapsed (s): 4.770991563796997
processing batch of abstracts...
elapsed: 323.60285925865173
writing embeddings to csv file...
elapsed: 3.358595371246338
embedding subchunk number 30.0...
elapsed (s): 3.4801037311553955
processing batch of abstracts...
elapsed: 326.7855033874512
writing embeddings to csv file...
elapsed: 3.5068600177764893
embedding subchunk number 31.0...
elapsed (s): 3.7642621994018555
processing batch of abstracts...
elapsed: 275.89894366264343
writing embeddings to csv file...
elapsed: 2.9735794067382812
embedding subchunk number 32.0...
elapsed (s): 3.1076738834381104
processing batch of abstracts...
elapsed: 240.02903079986572
writing embeddings to csv file...
elapsed: 2.700190782546997
embedding subchunk number 33.0...
elapsed (s): 2.9011731147766113
processing batch of abstracts...
elapsed: 258.64629435539246
writing embeddings to csv file...
elapsed: 2.6851303577423096
embedding subchunk number 34.0...
elapsed (s): 2.810253143310547
processing batch of abstracts...
elapsed: 255.94837522506714
writing embeddings to csv file...
elapsed: 2.4927802085876465
embedding subchunk number 35.0...
elapsed (s): 2.719420909881592
processing batch of abstracts...
elapsed: 366.45100951194763
writing embeddings to csv file...
elapsed: 4.330061197280884
embedding subchunk number 36.0...
elapsed (s): 4.535843133926392
processing batch of abstracts...
elapsed: 388.74082112312317
writing embeddings to csv file...
elapsed: 3.9125235080718994
embedding subchunk number 37.0...
elapsed (s): 4.098170280456543
processing batch of abstracts...
elapsed: 140.44280552864075
writing embeddings to csv file...
elapsed: 1.5462279319763184
embedding subchunk number 38.0...
elapsed (s): 1.7727117538452148
processing batch of abstracts...
elapsed: 260.10068249702454
writing embeddings to csv file...
elapsed: 2.432299852371216
embedding subchunk number 39.0...
elapsed (s): 2.6183323860168457
processing batch of abstracts...
elapsed: 309.29775309562683
writing embeddings to csv file...
elapsed: 2.9636731147766113
embedding subchunk number 40.0...
elapsed (s): 3.177900552749634
processing batch of abstracts...
elapsed: 350.90029072761536
writing embeddings to csv file...
elapsed: 3.396878242492676
embedding subchunk number 41.0...
elapsed (s): 3.600289821624756
processing batch of abstracts...
elapsed: 356.1109154224396
writing embeddings to csv file...
elapsed: 3.3005974292755127
embedding subchunk number 42.0...
elapsed (s): 3.621016263961792
processing batch of abstracts...
elapsed: 512.7584519386292
writing embeddings to csv file...
elapsed: 5.120408058166504
embedding subchunk number 43.0...
elapsed (s): 5.274690628051758
processing batch of abstracts...
elapsed: 336.86532497406006
writing embeddings to csv file...
elapsed: 3.336540699005127
embedding subchunk number 44.0...
elapsed (s): 3.5849900245666504
processing batch of abstracts...
elapsed: 473.30253076553345
writing embeddings to csv file...
elapsed: 4.8883020877838135
embedding subchunk number 45.0...
elapsed (s): 5.031299352645874
processing batch of abstracts...
elapsed: 414.4162836074829
writing embeddings to csv file...
elapsed: 4.633638143539429
embedding subchunk number 46.0...
elapsed (s): 4.910903692245483
processing batch of abstracts...
elapsed: 501.776743888855
writing embeddings to csv file...
elapsed: 4.987842798233032
embedding subchunk number 47.0...
elapsed (s): 5.154973745346069
processing batch of abstracts...
elapsed: 508.39356994628906
writing embeddings to csv file...
elapsed: 5.135053396224976
embedding subchunk number 48.0...
elapsed (s): 5.396430253982544
processing batch of abstracts...
elapsed: 416.72710490226746
writing embeddings to csv file...
elapsed: 4.113753795623779
embedding subchunk number 49.0...
elapsed (s): 4.435612916946411
processing batch of abstracts...
elapsed: 472.2097342014313
writing embeddings to csv file...
elapsed: 4.8157432079315186
embedding subchunk number 50.0...
elapsed (s): 5.087407827377319
processing batch of abstracts...
elapsed: 478.2084023952484
writing embeddings to csv file...
elapsed: 4.622252941131592
embedding subchunk number 51.0...
elapsed (s): 4.910743713378906
processing batch of abstracts...
elapsed: 598.5449578762054
writing embeddings to csv file...
elapsed: 5.443758487701416
embedding subchunk number 52.0...
elapsed (s): 5.72758674621582
processing batch of abstracts...
elapsed: 589.6018226146698
writing embeddings to csv file...
elapsed: 5.407190561294556
embedding subchunk number 53.0...
elapsed (s): 5.684729099273682
processing batch of abstracts...
elapsed: 550.0464379787445
writing embeddings to csv file...
elapsed: 5.104573965072632
embedding subchunk number 54.0...
elapsed (s): 5.383081436157227
processing batch of abstracts...
elapsed: 597.1474947929382
writing embeddings to csv file...
elapsed: 5.432135105133057
embedding subchunk number 55.0...
elapsed (s): 5.706309795379639
processing batch of abstracts...
elapsed: 598.3688116073608
writing embeddings to csv file...
elapsed: 5.552791357040405
embedding subchunk number 56.0...
elapsed (s): 5.7994303703308105
processing batch of abstracts...
elapsed: 517.4159145355225
writing embeddings to csv file...
elapsed: 4.934756278991699
embedding subchunk number 57.0...
elapsed (s): 5.281705856323242
processing batch of abstracts...
elapsed: 585.9800441265106
writing embeddings to csv file...
elapsed: 5.409771919250488
embedding subchunk number 58.0...
elapsed (s): 5.817173004150391
processing batch of abstracts...
elapsed: 605.1297664642334
writing embeddings to csv file...
elapsed: 5.7738847732543945
embedding subchunk number 59.0...
elapsed (s): 6.055365562438965
processing batch of abstracts...
elapsed: 588.335391998291
writing embeddings to csv file...
elapsed: 5.56109881401062
