My SLURM_ARRAY_TASK_I:  37
Input arguments: ['./embed_pubmed__array_gpu_job.py', '37']
slurm array id: 37
GPU sanity checks: 
device ID: 0
<torch.cuda.device object at 0x7fad2a09b828>
N devices: 1
Tesla K80
is available? True
Spacy GPU? True
elapsed (s): 2.1550698280334473
embedding subchunk number 0.0...
elapsed (s): 0.07349872589111328
processing batch of abstracts...
elapsed: 0.7351603507995605
writing embeddings to csv file...
elapsed: 0.018362045288085938
embedding subchunk number 1.0...
elapsed (s): 0.23488640785217285
processing batch of abstracts...
elapsed: 509.8257703781128
writing embeddings to csv file...
elapsed: 5.197248935699463
embedding subchunk number 2.0...
elapsed (s): 5.363336563110352
processing batch of abstracts...
elapsed: 530.1593692302704
writing embeddings to csv file...
elapsed: 5.207164287567139
embedding subchunk number 3.0...
elapsed (s): 5.493881464004517
processing batch of abstracts...
elapsed: 461.7724997997284
writing embeddings to csv file...
elapsed: 4.653021812438965
embedding subchunk number 4.0...
elapsed (s): 4.88749098777771
processing batch of abstracts...
elapsed: 533.9347248077393
writing embeddings to csv file...
elapsed: 5.346070289611816
embedding subchunk number 5.0...
elapsed (s): 5.6348512172698975
processing batch of abstracts...
elapsed: 492.8052842617035
writing embeddings to csv file...
elapsed: 5.117108106613159
embedding subchunk number 6.0...
elapsed (s): 5.4328649044036865
processing batch of abstracts...
elapsed: 382.7780659198761
writing embeddings to csv file...
elapsed: 4.212855577468872
embedding subchunk number 7.0...
elapsed (s): 4.4521708488464355
processing batch of abstracts...
elapsed: 330.8586120605469
writing embeddings to csv file...
elapsed: 3.388828754425049
embedding subchunk number 8.0...
elapsed (s): 3.4502010345458984
processing batch of abstracts...
elapsed: 171.38592195510864
writing embeddings to csv file...
elapsed: 1.8460910320281982
embedding subchunk number 9.0...
elapsed (s): 2.0015480518341064
processing batch of abstracts...
elapsed: 197.58206224441528
writing embeddings to csv file...
elapsed: 2.3032634258270264
embedding subchunk number 10.0...
elapsed (s): 2.511228322982788
processing batch of abstracts...
elapsed: 182.31200122833252
writing embeddings to csv file...
elapsed: 1.933652400970459
embedding subchunk number 11.0...
elapsed (s): 2.135711908340454
processing batch of abstracts...
elapsed: 256.1586513519287
writing embeddings to csv file...
elapsed: 2.7207682132720947
embedding subchunk number 12.0...
elapsed (s): 2.8928256034851074
processing batch of abstracts...
elapsed: 253.16911387443542
writing embeddings to csv file...
elapsed: 3.1103127002716064
embedding subchunk number 13.0...
elapsed (s): 3.3090953826904297
processing batch of abstracts...
elapsed: 329.115181684494
writing embeddings to csv file...
elapsed: 4.0225982666015625
embedding subchunk number 14.0...
elapsed (s): 4.212466239929199
processing batch of abstracts...
elapsed: 343.32226395606995
writing embeddings to csv file...
elapsed: 4.197404623031616
embedding subchunk number 15.0...
elapsed (s): 4.5653088092803955
processing batch of abstracts...
elapsed: 414.86120414733887
writing embeddings to csv file...
elapsed: 4.4686994552612305
embedding subchunk number 16.0...
elapsed (s): 4.732871770858765
processing batch of abstracts...
elapsed: 454.7071132659912
writing embeddings to csv file...
elapsed: 4.52431845664978
embedding subchunk number 17.0...
elapsed (s): 4.7919251918792725
processing batch of abstracts...
elapsed: 607.1265664100647
writing embeddings to csv file...
elapsed: 5.282636880874634
embedding subchunk number 18.0...
elapsed (s): 5.378316879272461
processing batch of abstracts...
elapsed: 302.47468996047974
writing embeddings to csv file...
elapsed: 2.782982349395752
embedding subchunk number 19.0...
elapsed (s): 2.8286259174346924
processing batch of abstracts...
elapsed: 89.89343976974487
writing embeddings to csv file...
elapsed: 1.015207290649414
embedding subchunk number 20.0...
elapsed (s): 1.2445557117462158
processing batch of abstracts...
elapsed: 110.23436546325684
writing embeddings to csv file...
elapsed: 1.011164665222168
embedding subchunk number 21.0...
elapsed (s): 1.2412300109863281
processing batch of abstracts...
elapsed: 310.0309889316559
writing embeddings to csv file...
elapsed: 2.747985601425171
embedding subchunk number 22.0...
elapsed (s): 2.9913508892059326
processing batch of abstracts...
elapsed: 400.33746552467346
writing embeddings to csv file...
elapsed: 3.619835615158081
embedding subchunk number 23.0...
elapsed (s): 3.90889573097229
processing batch of abstracts...
elapsed: 599.490097284317
writing embeddings to csv file...
elapsed: 5.324059724807739
embedding subchunk number 24.0...
elapsed (s): 5.485488176345825
processing batch of abstracts...
elapsed: 424.34245228767395
writing embeddings to csv file...
elapsed: 3.9052681922912598
embedding subchunk number 25.0...
elapsed (s): 4.14479398727417
processing batch of abstracts...
elapsed: 363.23365116119385
writing embeddings to csv file...
elapsed: 3.2968039512634277
embedding subchunk number 26.0...
elapsed (s): 3.45483136177063
processing batch of abstracts...
elapsed: 349.12924313545227
writing embeddings to csv file...
elapsed: 3.170433282852173
embedding subchunk number 27.0...
elapsed (s): 3.4257490634918213
processing batch of abstracts...
elapsed: 414.697594165802
writing embeddings to csv file...
elapsed: 3.7103757858276367
embedding subchunk number 28.0...
elapsed (s): 3.9250690937042236
processing batch of abstracts...
elapsed: 418.1175796985626
writing embeddings to csv file...
elapsed: 3.6796607971191406
embedding subchunk number 29.0...
elapsed (s): 3.943887233734131
processing batch of abstracts...
elapsed: 429.1025912761688
writing embeddings to csv file...
elapsed: 3.686216354370117
embedding subchunk number 30.0...
elapsed (s): 3.8958654403686523
processing batch of abstracts...
elapsed: 507.57626581192017
writing embeddings to csv file...
elapsed: 4.788757562637329
embedding subchunk number 31.0...
elapsed (s): 5.049139738082886
processing batch of abstracts...
elapsed: 574.9180130958557
writing embeddings to csv file...
elapsed: 5.302580118179321
embedding subchunk number 32.0...
elapsed (s): 5.593773603439331
processing batch of abstracts...
elapsed: 572.1710076332092
writing embeddings to csv file...
elapsed: 5.245535373687744
embedding subchunk number 33.0...
elapsed (s): 5.518972873687744
processing batch of abstracts...
elapsed: 441.5543370246887
writing embeddings to csv file...
elapsed: 4.325968027114868
embedding subchunk number 34.0...
elapsed (s): 4.393956661224365
processing batch of abstracts...
elapsed: 192.11172604560852
writing embeddings to csv file...
elapsed: 2.1640982627868652
embedding subchunk number 35.0...
elapsed (s): 2.348308563232422
processing batch of abstracts...
elapsed: 240.85103940963745
writing embeddings to csv file...
elapsed: 2.524171829223633
embedding subchunk number 36.0...
elapsed (s): 2.7555572986602783
processing batch of abstracts...
elapsed: 229.48328185081482
writing embeddings to csv file...
elapsed: 2.1378865242004395
embedding subchunk number 37.0...
elapsed (s): 2.3432939052581787
processing batch of abstracts...
elapsed: 220.88218927383423
writing embeddings to csv file...
elapsed: 2.379432439804077
embedding subchunk number 38.0...
elapsed (s): 2.604282855987549
processing batch of abstracts...
elapsed: 251.3606517314911
writing embeddings to csv file...
elapsed: 2.4957191944122314
embedding subchunk number 39.0...
elapsed (s): 2.723461151123047
processing batch of abstracts...
elapsed: 238.80205988883972
writing embeddings to csv file...
elapsed: 2.473733425140381
embedding subchunk number 40.0...
elapsed (s): 2.606104612350464
processing batch of abstracts...
elapsed: 243.41046333312988
writing embeddings to csv file...
elapsed: 2.220979690551758
embedding subchunk number 41.0...
elapsed (s): 2.4189260005950928
processing batch of abstracts...
elapsed: 247.44549560546875
writing embeddings to csv file...
elapsed: 2.4734628200531006
embedding subchunk number 42.0...
elapsed (s): 2.722297430038452
processing batch of abstracts...
elapsed: 513.29079413414
writing embeddings to csv file...
elapsed: 4.793642282485962
embedding subchunk number 43.0...
elapsed (s): 5.018165349960327
processing batch of abstracts...
elapsed: 395.1411762237549
writing embeddings to csv file...
elapsed: 4.24898624420166
embedding subchunk number 44.0...
elapsed (s): 4.527179718017578
processing batch of abstracts...
elapsed: 373.63679671287537
writing embeddings to csv file...
elapsed: 3.9678211212158203
embedding subchunk number 45.0...
elapsed (s): 4.15483021736145
processing batch of abstracts...
elapsed: 360.01344180107117
writing embeddings to csv file...
elapsed: 3.7932956218719482
embedding subchunk number 46.0...
elapsed (s): 4.05456018447876
processing batch of abstracts...
elapsed: 371.4480633735657
writing embeddings to csv file...
elapsed: 3.6792781352996826
embedding subchunk number 47.0...
elapsed (s): 3.817667245864868
processing batch of abstracts...
elapsed: 300.91545057296753
writing embeddings to csv file...
elapsed: 2.9534871578216553
embedding subchunk number 48.0...
elapsed (s): 3.2422304153442383
processing batch of abstracts...
elapsed: 308.3748278617859
writing embeddings to csv file...
elapsed: 3.0822136402130127
embedding subchunk number 49.0...
elapsed (s): 3.20477557182312
processing batch of abstracts...
elapsed: 300.1417694091797
writing embeddings to csv file...
elapsed: 2.889357089996338
embedding subchunk number 50.0...
elapsed (s): 3.1231062412261963
processing batch of abstracts...
elapsed: 282.2052254676819
writing embeddings to csv file...
elapsed: 2.908726692199707
embedding subchunk number 51.0...
elapsed (s): 3.031127452850342
processing batch of abstracts...
elapsed: 296.12850618362427
writing embeddings to csv file...
elapsed: 2.8464250564575195
embedding subchunk number 52.0...
elapsed (s): 3.041534185409546
processing batch of abstracts...
elapsed: 266.38656663894653
writing embeddings to csv file...
elapsed: 2.4974865913391113
embedding subchunk number 53.0...
elapsed (s): 2.651611328125
processing batch of abstracts...
elapsed: 252.6067533493042
writing embeddings to csv file...
elapsed: 2.3837287425994873
embedding subchunk number 54.0...
elapsed (s): 2.6589272022247314
processing batch of abstracts...
elapsed: 454.1646728515625
writing embeddings to csv file...
elapsed: 4.413797616958618
embedding subchunk number 55.0...
elapsed (s): 4.642755508422852
processing batch of abstracts...
elapsed: 530.2667410373688
writing embeddings to csv file...
elapsed: 4.9271204471588135
embedding subchunk number 56.0...
elapsed (s): 5.215109825134277
processing batch of abstracts...
elapsed: 534.6091823577881
writing embeddings to csv file...
elapsed: 5.054360389709473
embedding subchunk number 57.0...
elapsed (s): 5.2359092235565186
processing batch of abstracts...
elapsed: 527.664648771286
writing embeddings to csv file...
elapsed: 4.933799743652344
embedding subchunk number 58.0...
elapsed (s): 5.200235366821289
processing batch of abstracts...
elapsed: 562.5178570747375
writing embeddings to csv file...
elapsed: 5.309215545654297
embedding subchunk number 59.0...
elapsed (s): 5.5114758014678955
processing batch of abstracts...
elapsed: 540.6354622840881
writing embeddings to csv file...
elapsed: 5.096206426620483
