My SLURM_ARRAY_TASK_I:  17
Input arguments: ['./embed_pubmed__array_gpu_job.py', '17']
slurm array id: 17
GPU sanity checks: 
device ID: 0
<torch.cuda.device object at 0x7ff27e5c8550>
N devices: 1
Tesla K80
is available? True
Spacy GPU? True
elapsed (s): 1.1725945472717285
embedding subchunk number 0.0...
elapsed (s): 0.045664072036743164
processing batch of abstracts...
elapsed: 0.35787034034729004
writing embeddings to csv file...
elapsed: 0.3815577030181885
embedding subchunk number 1.0...
elapsed (s): 0.5844588279724121
processing batch of abstracts...
elapsed: 617.3566193580627
writing embeddings to csv file...
elapsed: 5.6392669677734375
embedding subchunk number 2.0...
elapsed (s): 5.840918064117432
processing batch of abstracts...
elapsed: 597.1077153682709
writing embeddings to csv file...
elapsed: 5.793013334274292
embedding subchunk number 3.0...
elapsed (s): 6.120504856109619
processing batch of abstracts...
elapsed: 618.701673746109
writing embeddings to csv file...
elapsed: 5.776530504226685
embedding subchunk number 4.0...
elapsed (s): 6.136831998825073
processing batch of abstracts...
elapsed: 621.7986052036285
writing embeddings to csv file...
elapsed: 5.874568462371826
embedding subchunk number 5.0...
elapsed (s): 6.193671464920044
processing batch of abstracts...
elapsed: 639.7234032154083
writing embeddings to csv file...
elapsed: 5.788536787033081
embedding subchunk number 6.0...
elapsed (s): 5.990036249160767
processing batch of abstracts...
elapsed: 518.7954142093658
writing embeddings to csv file...
elapsed: 5.137494802474976
embedding subchunk number 7.0...
elapsed (s): 5.449657917022705
processing batch of abstracts...
elapsed: 468.27633905410767
writing embeddings to csv file...
elapsed: 4.860236167907715
embedding subchunk number 8.0...
elapsed (s): 5.1401402950286865
processing batch of abstracts...
elapsed: 475.64225125312805
writing embeddings to csv file...
elapsed: 5.218901872634888
embedding subchunk number 9.0...
elapsed (s): 5.537915468215942
processing batch of abstracts...
elapsed: 477.31024861335754
writing embeddings to csv file...
elapsed: 5.034329652786255
embedding subchunk number 10.0...
elapsed (s): 5.310456991195679
processing batch of abstracts...
elapsed: 474.13297867774963
writing embeddings to csv file...
elapsed: 5.028936862945557
embedding subchunk number 11.0...
elapsed (s): 5.322360277175903
processing batch of abstracts...
elapsed: 479.9029715061188
writing embeddings to csv file...
elapsed: 4.8549792766571045
embedding subchunk number 12.0...
elapsed (s): 5.116141319274902
processing batch of abstracts...
elapsed: 519.4500710964203
writing embeddings to csv file...
elapsed: 5.357872724533081
embedding subchunk number 13.0...
elapsed (s): 5.6523003578186035
processing batch of abstracts...
elapsed: 535.3384158611298
writing embeddings to csv file...
elapsed: 5.397636890411377
embedding subchunk number 14.0...
elapsed (s): 5.676835536956787
processing batch of abstracts...
elapsed: 495.88363003730774
writing embeddings to csv file...
elapsed: 5.115055799484253
embedding subchunk number 15.0...
elapsed (s): 5.404529094696045
processing batch of abstracts...
elapsed: 503.0076220035553
writing embeddings to csv file...
elapsed: 5.664140701293945
embedding subchunk number 16.0...
elapsed (s): 5.94537615776062
processing batch of abstracts...
elapsed: 576.852296590805
writing embeddings to csv file...
elapsed: 5.71141505241394
embedding subchunk number 17.0...
elapsed (s): 6.023939847946167
processing batch of abstracts...
elapsed: 562.3250846862793
writing embeddings to csv file...
elapsed: 5.594051837921143
embedding subchunk number 18.0...
elapsed (s): 5.869221448898315
processing batch of abstracts...
elapsed: 596.0558497905731
writing embeddings to csv file...
elapsed: 5.599647760391235
embedding subchunk number 19.0...
elapsed (s): 5.966580390930176
processing batch of abstracts...
elapsed: 608.40877866745
writing embeddings to csv file...
elapsed: 5.479698419570923
embedding subchunk number 20.0...
elapsed (s): 5.629114866256714
processing batch of abstracts...
elapsed: 477.3210744857788
writing embeddings to csv file...
elapsed: 4.700989723205566
embedding subchunk number 21.0...
elapsed (s): 4.987365484237671
processing batch of abstracts...
elapsed: 467.9604423046112
writing embeddings to csv file...
elapsed: 4.491357088088989
embedding subchunk number 22.0...
elapsed (s): 4.69072699546814
processing batch of abstracts...
elapsed: 452.65563583374023
writing embeddings to csv file...
elapsed: 4.253853797912598
embedding subchunk number 23.0...
elapsed (s): 4.53723669052124
processing batch of abstracts...
elapsed: 422.70524311065674
writing embeddings to csv file...
elapsed: 4.217623233795166
embedding subchunk number 24.0...
elapsed (s): 4.358569860458374
processing batch of abstracts...
elapsed: 410.211279630661
writing embeddings to csv file...
elapsed: 4.436941146850586
embedding subchunk number 25.0...
elapsed (s): 4.687602519989014
processing batch of abstracts...
elapsed: 464.01677536964417
writing embeddings to csv file...
elapsed: 4.465314626693726
embedding subchunk number 26.0...
elapsed (s): 4.635605573654175
processing batch of abstracts...
elapsed: 430.30106830596924
writing embeddings to csv file...
elapsed: 4.342922925949097
embedding subchunk number 27.0...
elapsed (s): 4.551336050033569
processing batch of abstracts...
elapsed: 423.3541021347046
writing embeddings to csv file...
elapsed: 4.373230934143066
embedding subchunk number 28.0...
elapsed (s): 4.543237209320068
processing batch of abstracts...
elapsed: 396.11630058288574
writing embeddings to csv file...
elapsed: 4.150818109512329
embedding subchunk number 29.0...
elapsed (s): 4.436892032623291
processing batch of abstracts...
elapsed: 459.3527081012726
writing embeddings to csv file...
elapsed: 4.507012128829956
embedding subchunk number 30.0...
elapsed (s): 4.660098314285278
processing batch of abstracts...
elapsed: 431.12519359588623
writing embeddings to csv file...
elapsed: 4.196406602859497
embedding subchunk number 31.0...
elapsed (s): 4.412841081619263
processing batch of abstracts...
elapsed: 360.7013318538666
writing embeddings to csv file...
elapsed: 4.015645265579224
embedding subchunk number 32.0...
elapsed (s): 4.188952445983887
processing batch of abstracts...
elapsed: 414.44171237945557
writing embeddings to csv file...
elapsed: 4.760179758071899
embedding subchunk number 33.0...
elapsed (s): 5.026900768280029
processing batch of abstracts...
elapsed: 426.12987065315247
writing embeddings to csv file...
elapsed: 4.950923919677734
embedding subchunk number 34.0...
elapsed (s): 5.108315944671631
processing batch of abstracts...
elapsed: 407.96669840812683
writing embeddings to csv file...
elapsed: 4.380432605743408
embedding subchunk number 35.0...
elapsed (s): 4.608826398849487
processing batch of abstracts...
elapsed: 460.59908533096313
writing embeddings to csv file...
elapsed: 4.729154109954834
embedding subchunk number 36.0...
elapsed (s): 4.975075006484985
processing batch of abstracts...
elapsed: 568.9091007709503
writing embeddings to csv file...
elapsed: 5.2483720779418945
embedding subchunk number 37.0...
elapsed (s): 5.477248907089233
processing batch of abstracts...
elapsed: 402.7591972351074
writing embeddings to csv file...
elapsed: 3.5865538120269775
embedding subchunk number 38.0...
elapsed (s): 3.80049991607666
processing batch of abstracts...
