My SLURM_ARRAY_TASK_I:  8
Input arguments: ['./embed_pubmed__array_gpu_job.py', '8']
slurm array id: 8
GPU sanity checks: 
device ID: 0
<torch.cuda.device object at 0x7f55f984c828>
N devices: 1
Tesla K80
is available? True
Spacy GPU? True
elapsed (s): 1.7585759162902832
embedding subchunk number 0.0...
elapsed (s): 0.06203508377075195
processing batch of abstracts...
elapsed: 0.44099974632263184
writing embeddings to csv file...
elapsed: 0.009397029876708984
embedding subchunk number 1.0...
elapsed (s): 0.23782134056091309
processing batch of abstracts...
elapsed: 524.822713136673
writing embeddings to csv file...
elapsed: 5.343036413192749
embedding subchunk number 2.0...
elapsed (s): 5.470537424087524
processing batch of abstracts...
elapsed: 461.264705657959
writing embeddings to csv file...
elapsed: 4.431286811828613
embedding subchunk number 3.0...
elapsed (s): 4.690371513366699
processing batch of abstracts...
elapsed: 431.21562480926514
writing embeddings to csv file...
elapsed: 4.561220169067383
embedding subchunk number 4.0...
elapsed (s): 4.896551609039307
processing batch of abstracts...
elapsed: 466.65591526031494
writing embeddings to csv file...
elapsed: 4.643894672393799
embedding subchunk number 5.0...
elapsed (s): 4.88463282585144
processing batch of abstracts...
elapsed: 473.9087917804718
writing embeddings to csv file...
elapsed: 4.543982744216919
embedding subchunk number 6.0...
elapsed (s): 4.778805255889893
processing batch of abstracts...
elapsed: 494.08312487602234
writing embeddings to csv file...
elapsed: 4.390223264694214
embedding subchunk number 7.0...
elapsed (s): 4.619948863983154
processing batch of abstracts...
elapsed: 364.32435154914856
writing embeddings to csv file...
elapsed: 3.368629217147827
embedding subchunk number 8.0...
elapsed (s): 3.6002800464630127
processing batch of abstracts...
elapsed: 553.879255771637
writing embeddings to csv file...
elapsed: 5.06039834022522
embedding subchunk number 9.0...
elapsed (s): 5.205040216445923
processing batch of abstracts...
elapsed: 431.00516629219055
writing embeddings to csv file...
elapsed: 4.189657926559448
embedding subchunk number 10.0...
elapsed (s): 4.42293643951416
processing batch of abstracts...
elapsed: 472.7793273925781
writing embeddings to csv file...
elapsed: 4.270724773406982
embedding subchunk number 11.0...
elapsed (s): 4.372095346450806
processing batch of abstracts...
elapsed: 391.89252400398254
writing embeddings to csv file...
elapsed: 3.688234806060791
embedding subchunk number 12.0...
elapsed (s): 4.0068464279174805
processing batch of abstracts...
elapsed: 311.1098208427429
writing embeddings to csv file...
elapsed: 3.0756258964538574
embedding subchunk number 13.0...
elapsed (s): 3.256948232650757
processing batch of abstracts...
elapsed: 358.3018915653229
writing embeddings to csv file...
elapsed: 3.3323116302490234
embedding subchunk number 14.0...
elapsed (s): 3.741544723510742
processing batch of abstracts...
elapsed: 382.4516384601593
writing embeddings to csv file...
elapsed: 3.504340887069702
embedding subchunk number 15.0...
elapsed (s): 3.78361177444458
processing batch of abstracts...
elapsed: 555.5694630146027
writing embeddings to csv file...
elapsed: 5.432436943054199
embedding subchunk number 16.0...
elapsed (s): 5.579524278640747
processing batch of abstracts...
elapsed: 376.43531489372253
writing embeddings to csv file...
elapsed: 3.5652472972869873
embedding subchunk number 17.0...
elapsed (s): 3.792445182800293
processing batch of abstracts...
elapsed: 287.7810182571411
writing embeddings to csv file...
elapsed: 2.5966830253601074
embedding subchunk number 18.0...
elapsed (s): 2.6968679428100586
processing batch of abstracts...
elapsed: 300.3283898830414
writing embeddings to csv file...
elapsed: 2.722796678543091
embedding subchunk number 19.0...
elapsed (s): 2.948542833328247
processing batch of abstracts...
elapsed: 336.1815984249115
writing embeddings to csv file...
elapsed: 3.091470956802368
embedding subchunk number 20.0...
elapsed (s): 3.4027371406555176
processing batch of abstracts...
elapsed: 351.4240825176239
writing embeddings to csv file...
elapsed: 3.3941874504089355
embedding subchunk number 21.0...
elapsed (s): 3.5677552223205566
processing batch of abstracts...
elapsed: 307.225466966629
writing embeddings to csv file...
elapsed: 2.7851598262786865
embedding subchunk number 22.0...
elapsed (s): 3.008270740509033
processing batch of abstracts...
elapsed: 235.5598566532135
writing embeddings to csv file...
elapsed: 2.278989315032959
embedding subchunk number 23.0...
elapsed (s): 2.494579553604126
processing batch of abstracts...
elapsed: 319.9692358970642
writing embeddings to csv file...
elapsed: 3.3800017833709717
embedding subchunk number 24.0...
elapsed (s): 3.5439810752868652
processing batch of abstracts...
elapsed: 247.3695240020752
writing embeddings to csv file...
elapsed: 2.3479859828948975
embedding subchunk number 25.0...
elapsed (s): 2.491823673248291
processing batch of abstracts...
elapsed: 149.80522966384888
writing embeddings to csv file...
elapsed: 1.5541293621063232
embedding subchunk number 26.0...
elapsed (s): 1.5864942073822021
processing batch of abstracts...
elapsed: 26.28794240951538
writing embeddings to csv file...
elapsed: 0.31676530838012695
embedding subchunk number 27.0...
elapsed (s): 0.47310471534729004
processing batch of abstracts...
elapsed: 183.4030635356903
writing embeddings to csv file...
elapsed: 1.8130733966827393
embedding subchunk number 28.0...
elapsed (s): 2.125685930252075
processing batch of abstracts...
elapsed: 468.31412720680237
writing embeddings to csv file...
elapsed: 4.334476709365845
embedding subchunk number 29.0...
elapsed (s): 4.493306875228882
processing batch of abstracts...
elapsed: 353.5601577758789
writing embeddings to csv file...
elapsed: 3.2027642726898193
embedding subchunk number 30.0...
elapsed (s): 3.4250357151031494
processing batch of abstracts...
elapsed: 270.9244861602783
writing embeddings to csv file...
elapsed: 2.5076241493225098
embedding subchunk number 31.0...
elapsed (s): 2.6647520065307617
processing batch of abstracts...
elapsed: 299.9929542541504
writing embeddings to csv file...
elapsed: 2.885782241821289
embedding subchunk number 32.0...
elapsed (s): 3.1162800788879395
processing batch of abstracts...
elapsed: 275.7785062789917
writing embeddings to csv file...
elapsed: 2.650592803955078
embedding subchunk number 33.0...
elapsed (s): 2.781594753265381
processing batch of abstracts...
elapsed: 308.99638986587524
writing embeddings to csv file...
elapsed: 2.910707950592041
embedding subchunk number 34.0...
elapsed (s): 3.177096128463745
processing batch of abstracts...
elapsed: 302.63118839263916
writing embeddings to csv file...
elapsed: 2.9430954456329346
embedding subchunk number 35.0...
elapsed (s): 3.118767261505127
processing batch of abstracts...
elapsed: 369.2072365283966
writing embeddings to csv file...
elapsed: 3.265965223312378
embedding subchunk number 36.0...
elapsed (s): 3.567021369934082
processing batch of abstracts...
elapsed: 358.15787172317505
writing embeddings to csv file...
elapsed: 3.030383348464966
embedding subchunk number 37.0...
elapsed (s): 3.3186700344085693
processing batch of abstracts...
elapsed: 592.690835237503
writing embeddings to csv file...
elapsed: 5.062965631484985
embedding subchunk number 38.0...
elapsed (s): 5.28945255279541
processing batch of abstracts...
elapsed: 553.4617280960083
writing embeddings to csv file...
elapsed: 5.002506256103516
embedding subchunk number 39.0...
elapsed (s): 5.240257024765015
processing batch of abstracts...
elapsed: 484.42692971229553
writing embeddings to csv file...
elapsed: 4.893543481826782
embedding subchunk number 40.0...
elapsed (s): 5.136894226074219
processing batch of abstracts...
elapsed: 477.9026069641113
writing embeddings to csv file...
elapsed: 4.7906365394592285
embedding subchunk number 41.0...
elapsed (s): 5.091717958450317
processing batch of abstracts...
elapsed: 522.6894683837891
writing embeddings to csv file...
elapsed: 4.839613199234009
embedding subchunk number 42.0...
elapsed (s): 4.991997718811035
processing batch of abstracts...
elapsed: 440.96591329574585
writing embeddings to csv file...
elapsed: 4.389795541763306
embedding subchunk number 43.0...
elapsed (s): 4.660903453826904
processing batch of abstracts...
elapsed: 446.1221306324005
writing embeddings to csv file...
elapsed: 4.3334667682647705
embedding subchunk number 44.0...
elapsed (s): 4.583757638931274
processing batch of abstracts...
elapsed: 442.4057297706604
writing embeddings to csv file...
elapsed: 4.4323813915252686
embedding subchunk number 45.0...
elapsed (s): 4.667016983032227
processing batch of abstracts...
elapsed: 461.8504087924957
writing embeddings to csv file...
elapsed: 4.348536014556885
embedding subchunk number 46.0...
elapsed (s): 4.54498815536499
processing batch of abstracts...
elapsed: 443.527302980423
writing embeddings to csv file...
elapsed: 4.240407228469849
embedding subchunk number 47.0...
elapsed (s): 4.469977855682373
processing batch of abstracts...
elapsed: 492.1213581562042
writing embeddings to csv file...
elapsed: 4.579034090042114
embedding subchunk number 48.0...
elapsed (s): 4.7643256187438965
processing batch of abstracts...
elapsed: 464.6015131473541
writing embeddings to csv file...
elapsed: 4.234405994415283
embedding subchunk number 49.0...
elapsed (s): 4.527054309844971
processing batch of abstracts...
elapsed: 545.8806896209717
writing embeddings to csv file...
elapsed: 4.933053016662598
embedding subchunk number 50.0...
elapsed (s): 5.107331037521362
processing batch of abstracts...
elapsed: 534.9530427455902
writing embeddings to csv file...
elapsed: 4.827908515930176
embedding subchunk number 51.0...
elapsed (s): 5.045076847076416
processing batch of abstracts...
elapsed: 438.0789957046509
writing embeddings to csv file...
elapsed: 4.248086452484131
embedding subchunk number 52.0...
elapsed (s): 4.322460651397705
processing batch of abstracts...
elapsed: 206.8560185432434
writing embeddings to csv file...
elapsed: 2.38621187210083
embedding subchunk number 53.0...
elapsed (s): 2.6061558723449707
processing batch of abstracts...
elapsed: 211.62728548049927
writing embeddings to csv file...
elapsed: 2.2240560054779053
embedding subchunk number 54.0...
elapsed (s): 2.4440512657165527
processing batch of abstracts...
elapsed: 311.0122220516205
writing embeddings to csv file...
elapsed: 2.769791841506958
embedding subchunk number 55.0...
elapsed (s): 2.9975714683532715
processing batch of abstracts...
elapsed: 473.41547751426697
writing embeddings to csv file...
elapsed: 4.300353288650513
embedding subchunk number 56.0...
elapsed (s): 4.722106695175171
processing batch of abstracts...
elapsed: 612.8024220466614
writing embeddings to csv file...
elapsed: 5.283165693283081
embedding subchunk number 57.0...
elapsed (s): 5.547190189361572
processing batch of abstracts...
elapsed: 589.3031470775604
writing embeddings to csv file...
elapsed: 5.5614824295043945
embedding subchunk number 58.0...
elapsed (s): 5.8398942947387695
processing batch of abstracts...
elapsed: 608.4844596385956
writing embeddings to csv file...
elapsed: 5.208638668060303
embedding subchunk number 59.0...
elapsed (s): 5.490966081619263
processing batch of abstracts...
elapsed: 524.7429306507111
writing embeddings to csv file...
elapsed: 4.382799863815308
