My SLURM_ARRAY_TASK_I:  20
Input arguments: ['./embed_pubmed__array_gpu_job.py', '20']
slurm array id: 20
GPU sanity checks: 
device ID: 0
<torch.cuda.device object at 0x7f2932c317b8>
N devices: 1
Tesla K80
is available? True
Spacy GPU? True
elapsed (s): 1.5850465297698975
embedding subchunk number 0.0...
elapsed (s): 0.04943394660949707
processing batch of abstracts...
elapsed: 0.6003265380859375
writing embeddings to csv file...
elapsed: 0.0048160552978515625
embedding subchunk number 1.0...
elapsed (s): 0.1908416748046875
processing batch of abstracts...
elapsed: 508.292227268219
writing embeddings to csv file...
elapsed: 7.923866271972656
embedding subchunk number 2.0...
elapsed (s): 8.049759149551392
processing batch of abstracts...
elapsed: 473.5791037082672
writing embeddings to csv file...
elapsed: 7.8676981925964355
embedding subchunk number 3.0...
elapsed (s): 8.125533103942871
processing batch of abstracts...
elapsed: 510.17901968955994
writing embeddings to csv file...
elapsed: 7.865715503692627
embedding subchunk number 4.0...
elapsed (s): 8.069320678710938
processing batch of abstracts...
elapsed: 526.3584072589874
writing embeddings to csv file...
elapsed: 7.86302638053894
embedding subchunk number 5.0...
elapsed (s): 8.13840103149414
processing batch of abstracts...
elapsed: 539.2633166313171
writing embeddings to csv file...
elapsed: 7.851485967636108
embedding subchunk number 6.0...
elapsed (s): 8.046608448028564
processing batch of abstracts...
elapsed: 545.7349271774292
writing embeddings to csv file...
elapsed: 7.8173394203186035
embedding subchunk number 7.0...
elapsed (s): 8.104663848876953
processing batch of abstracts...
elapsed: 550.9352593421936
writing embeddings to csv file...
elapsed: 7.859668016433716
embedding subchunk number 8.0...
elapsed (s): 8.06670331954956
processing batch of abstracts...
elapsed: 555.1280150413513
writing embeddings to csv file...
elapsed: 7.927709341049194
embedding subchunk number 9.0...
elapsed (s): 8.184220552444458
processing batch of abstracts...
elapsed: 564.7035517692566
writing embeddings to csv file...
elapsed: 7.872413635253906
embedding subchunk number 10.0...
elapsed (s): 8.05393123626709
processing batch of abstracts...
elapsed: 586.7150654792786
writing embeddings to csv file...
elapsed: 7.879657983779907
embedding subchunk number 11.0...
elapsed (s): 8.16326093673706
processing batch of abstracts...
elapsed: 595.0003881454468
writing embeddings to csv file...
elapsed: 7.898141622543335
embedding subchunk number 12.0...
elapsed (s): 8.064098119735718
processing batch of abstracts...
elapsed: 541.5557672977448
writing embeddings to csv file...
elapsed: 7.853118181228638
embedding subchunk number 13.0...
elapsed (s): 8.139576435089111
processing batch of abstracts...
elapsed: 538.9579472541809
writing embeddings to csv file...
elapsed: 7.874109983444214
embedding subchunk number 14.0...
elapsed (s): 8.072802782058716
processing batch of abstracts...
elapsed: 537.1222274303436
writing embeddings to csv file...
elapsed: 7.574001789093018
embedding subchunk number 15.0...
elapsed (s): 7.838775396347046
processing batch of abstracts...
elapsed: 530.1617729663849
writing embeddings to csv file...
elapsed: 7.6771039962768555
embedding subchunk number 16.0...
elapsed (s): 7.899194955825806
processing batch of abstracts...
elapsed: 504.16265892982483
writing embeddings to csv file...
elapsed: 7.559032678604126
embedding subchunk number 17.0...
elapsed (s): 7.9559643268585205
processing batch of abstracts...
elapsed: 537.3713850975037
writing embeddings to csv file...
elapsed: 7.606590747833252
embedding subchunk number 18.0...
elapsed (s): 7.825292348861694
processing batch of abstracts...
elapsed: 522.156186580658
writing embeddings to csv file...
elapsed: 7.800755262374878
embedding subchunk number 19.0...
elapsed (s): 8.051118612289429
processing batch of abstracts...
elapsed: 411.5189039707184
writing embeddings to csv file...
elapsed: 7.546860694885254
embedding subchunk number 20.0...
elapsed (s): 7.812384605407715
processing batch of abstracts...
elapsed: 404.01121735572815
writing embeddings to csv file...
elapsed: 7.600722551345825
embedding subchunk number 21.0...
elapsed (s): 7.8523993492126465
processing batch of abstracts...
elapsed: 491.19680285453796
writing embeddings to csv file...
elapsed: 7.15438985824585
embedding subchunk number 22.0...
elapsed (s): 7.286699295043945
processing batch of abstracts...
elapsed: 314.1974847316742
writing embeddings to csv file...
elapsed: 7.117551565170288
embedding subchunk number 23.0...
elapsed (s): 7.351440668106079
processing batch of abstracts...
elapsed: 246.75422382354736
writing embeddings to csv file...
elapsed: 7.027530908584595
embedding subchunk number 24.0...
elapsed (s): 7.149941682815552
processing batch of abstracts...
elapsed: 240.49055171012878
writing embeddings to csv file...
elapsed: 7.219576120376587
embedding subchunk number 25.0...
elapsed (s): 7.3863255977630615
processing batch of abstracts...
elapsed: 216.57793474197388
writing embeddings to csv file...
elapsed: 7.2762291431427
embedding subchunk number 26.0...
elapsed (s): 7.49448561668396
processing batch of abstracts...
elapsed: 221.26153469085693
writing embeddings to csv file...
elapsed: 7.296309232711792
embedding subchunk number 27.0...
elapsed (s): 7.493892669677734
processing batch of abstracts...
elapsed: 203.32557010650635
writing embeddings to csv file...
elapsed: 7.509056806564331
embedding subchunk number 28.0...
elapsed (s): 7.588597297668457
processing batch of abstracts...
elapsed: 118.3818747997284
writing embeddings to csv file...
elapsed: 7.146766185760498
embedding subchunk number 29.0...
elapsed (s): 7.205448389053345
processing batch of abstracts...
elapsed: 53.18378782272339
writing embeddings to csv file...
elapsed: 7.0584375858306885
embedding subchunk number 30.0...
elapsed (s): 7.293511629104614
processing batch of abstracts...
elapsed: 119.68061351776123
writing embeddings to csv file...
elapsed: 7.13360595703125
embedding subchunk number 31.0...
elapsed (s): 7.263789415359497
processing batch of abstracts...
elapsed: 209.7858166694641
writing embeddings to csv file...
elapsed: 7.093452453613281
embedding subchunk number 32.0...
elapsed (s): 7.3319830894470215
processing batch of abstracts...
elapsed: 182.42641043663025
writing embeddings to csv file...
elapsed: 7.130892753601074
embedding subchunk number 33.0...
elapsed (s): 7.291226625442505
processing batch of abstracts...
elapsed: 205.74247646331787
writing embeddings to csv file...
elapsed: 7.187227964401245
embedding subchunk number 34.0...
elapsed (s): 7.358351707458496
processing batch of abstracts...
elapsed: 232.2313380241394
writing embeddings to csv file...
elapsed: 7.655213356018066
embedding subchunk number 35.0...
elapsed (s): 7.88630223274231
processing batch of abstracts...
elapsed: 285.59085726737976
writing embeddings to csv file...
elapsed: 7.172959566116333
embedding subchunk number 36.0...
elapsed (s): 7.310079097747803
processing batch of abstracts...
elapsed: 275.0829713344574
writing embeddings to csv file...
elapsed: 7.122717618942261
embedding subchunk number 37.0...
elapsed (s): 7.271961212158203
processing batch of abstracts...
elapsed: 386.22143483161926
writing embeddings to csv file...
elapsed: 7.378359079360962
embedding subchunk number 38.0...
elapsed (s): 7.601676940917969
processing batch of abstracts...
elapsed: 508.3135578632355
writing embeddings to csv file...
elapsed: 7.178234815597534
embedding subchunk number 39.0...
elapsed (s): 7.43720269203186
processing batch of abstracts...
elapsed: 502.5682933330536
writing embeddings to csv file...
elapsed: 7.2384727001190186
embedding subchunk number 40.0...
elapsed (s): 7.3504273891448975
processing batch of abstracts...
elapsed: 417.09711050987244
writing embeddings to csv file...
elapsed: 7.294251918792725
embedding subchunk number 41.0...
elapsed (s): 7.52545690536499
processing batch of abstracts...
elapsed: 429.1605508327484
writing embeddings to csv file...
elapsed: 7.501002788543701
embedding subchunk number 42.0...
elapsed (s): 7.682179927825928
processing batch of abstracts...
elapsed: 427.9614043235779
writing embeddings to csv file...
elapsed: 7.281747341156006
embedding subchunk number 43.0...
elapsed (s): 7.520999908447266
processing batch of abstracts...
elapsed: 451.145471572876
writing embeddings to csv file...
elapsed: 7.143306732177734
embedding subchunk number 44.0...
elapsed (s): 7.298335075378418
processing batch of abstracts...
elapsed: 439.4041543006897
writing embeddings to csv file...
elapsed: 7.862741231918335
embedding subchunk number 45.0...
elapsed (s): 8.124646425247192
processing batch of abstracts...
elapsed: 453.26848912239075
writing embeddings to csv file...
elapsed: 7.103293418884277
embedding subchunk number 46.0...
elapsed (s): 7.36633038520813
processing batch of abstracts...
elapsed: 449.14353108406067
writing embeddings to csv file...
elapsed: 7.1603758335113525
embedding subchunk number 47.0...
elapsed (s): 7.410886287689209
processing batch of abstracts...
elapsed: 415.98609161376953
writing embeddings to csv file...
elapsed: 7.105923414230347
embedding subchunk number 48.0...
elapsed (s): 7.360808610916138
processing batch of abstracts...
elapsed: 439.26871824264526
writing embeddings to csv file...
elapsed: 7.088084936141968
embedding subchunk number 49.0...
elapsed (s): 7.315934419631958
processing batch of abstracts...
elapsed: 470.05632066726685
writing embeddings to csv file...
elapsed: 7.3350670337677
embedding subchunk number 50.0...
elapsed (s): 7.599304437637329
processing batch of abstracts...
elapsed: 542.9356694221497
writing embeddings to csv file...
elapsed: 7.276711702346802
embedding subchunk number 51.0...
elapsed (s): 7.510662317276001
processing batch of abstracts...
elapsed: 513.4661109447479
writing embeddings to csv file...
elapsed: 7.221719264984131
embedding subchunk number 52.0...
elapsed (s): 7.484971046447754
processing batch of abstracts...
elapsed: 491.6123049259186
writing embeddings to csv file...
elapsed: 7.250275611877441
embedding subchunk number 53.0...
elapsed (s): 7.5003509521484375
processing batch of abstracts...
elapsed: 488.3610415458679
writing embeddings to csv file...
elapsed: 7.134774923324585
embedding subchunk number 54.0...
elapsed (s): 7.383446455001831
processing batch of abstracts...
elapsed: 486.6336557865143
writing embeddings to csv file...
elapsed: 8.586178064346313
embedding subchunk number 55.0...
elapsed (s): 8.815981149673462
processing batch of abstracts...
elapsed: 460.6386487483978
writing embeddings to csv file...
elapsed: 7.0918824672698975
embedding subchunk number 56.0...
elapsed (s): 7.24514365196228
processing batch of abstracts...
elapsed: 355.2868549823761
writing embeddings to csv file...
elapsed: 7.269049644470215
embedding subchunk number 57.0...
elapsed (s): 7.5403218269348145
processing batch of abstracts...
elapsed: 500.75566029548645
writing embeddings to csv file...
elapsed: 7.176294565200806
embedding subchunk number 58.0...
elapsed (s): 7.326535701751709
processing batch of abstracts...
elapsed: 484.01253962516785
writing embeddings to csv file...
elapsed: 8.073070526123047
embedding subchunk number 59.0...
elapsed (s): 8.345242738723755
processing batch of abstracts...
elapsed: 501.42381715774536
writing embeddings to csv file...
elapsed: 7.207716703414917
