My SLURM_ARRAY_TASK_I:  47
Input arguments: ['./embed_pubmed__array_gpu_job.py', '47']
slurm array id: 47
GPU sanity checks: 
device ID: 0
<torch.cuda.device object at 0x7fb79863e828>
N devices: 1
Tesla K80
is available? True
Spacy GPU? True
elapsed (s): 2.0155842304229736
embedding subchunk number 0.0...
elapsed (s): 0.06377911567687988
processing batch of abstracts...
elapsed: 0.00011134147644042969
writing embeddings to csv file...
elapsed: 0.022302627563476562
embedding subchunk number 1.0...
elapsed (s): 0.05350947380065918
processing batch of abstracts...
elapsed: 44.472593545913696
writing embeddings to csv file...
elapsed: 0.5971286296844482
embedding subchunk number 2.0...
elapsed (s): 0.8635349273681641
processing batch of abstracts...
elapsed: 227.30606603622437
writing embeddings to csv file...
elapsed: 2.024820566177368
embedding subchunk number 3.0...
elapsed (s): 2.1924335956573486
processing batch of abstracts...
elapsed: 277.16472840309143
writing embeddings to csv file...
elapsed: 2.2999329566955566
embedding subchunk number 4.0...
elapsed (s): 2.5772898197174072
processing batch of abstracts...
elapsed: 355.5991768836975
writing embeddings to csv file...
elapsed: 2.8571557998657227
embedding subchunk number 5.0...
elapsed (s): 3.169363498687744
processing batch of abstracts...
elapsed: 623.1263139247894
writing embeddings to csv file...
elapsed: 5.0822601318359375
embedding subchunk number 6.0...
elapsed (s): 5.290823936462402
processing batch of abstracts...
elapsed: 403.84327960014343
writing embeddings to csv file...
elapsed: 3.425612449645996
embedding subchunk number 7.0...
elapsed (s): 3.6551780700683594
processing batch of abstracts...
elapsed: 327.6305592060089
writing embeddings to csv file...
elapsed: 3.1093199253082275
embedding subchunk number 8.0...
elapsed (s): 3.181668758392334
processing batch of abstracts...
elapsed: 228.23007082939148
writing embeddings to csv file...
elapsed: 2.3904833793640137
embedding subchunk number 9.0...
elapsed (s): 2.594599962234497
processing batch of abstracts...
elapsed: 252.60056018829346
writing embeddings to csv file...
elapsed: 2.483219861984253
embedding subchunk number 10.0...
elapsed (s): 2.5936591625213623
processing batch of abstracts...
elapsed: 257.43602442741394
writing embeddings to csv file...
elapsed: 2.498314380645752
embedding subchunk number 11.0...
elapsed (s): 2.693713665008545
processing batch of abstracts...
elapsed: 228.2051866054535
writing embeddings to csv file...
elapsed: 2.4138147830963135
embedding subchunk number 12.0...
elapsed (s): 2.5107369422912598
processing batch of abstracts...
elapsed: 223.50371146202087
writing embeddings to csv file...
elapsed: 2.2580831050872803
embedding subchunk number 13.0...
elapsed (s): 2.4644761085510254
processing batch of abstracts...
elapsed: 240.6923668384552
writing embeddings to csv file...
elapsed: 2.439398765563965
embedding subchunk number 14.0...
elapsed (s): 2.6699283123016357
processing batch of abstracts...
elapsed: 313.26398277282715
writing embeddings to csv file...
elapsed: 3.055744171142578
embedding subchunk number 15.0...
elapsed (s): 3.268587112426758
processing batch of abstracts...
elapsed: 407.5226356983185
writing embeddings to csv file...
elapsed: 3.995532989501953
embedding subchunk number 16.0...
elapsed (s): 4.192759037017822
processing batch of abstracts...
elapsed: 462.21805787086487
writing embeddings to csv file...
elapsed: 4.274430274963379
embedding subchunk number 17.0...
elapsed (s): 4.546050310134888
processing batch of abstracts...
elapsed: 495.3808002471924
writing embeddings to csv file...
elapsed: 4.580321550369263
embedding subchunk number 18.0...
elapsed (s): 4.770030498504639
processing batch of abstracts...
elapsed: 420.56200075149536
writing embeddings to csv file...
elapsed: 4.349586248397827
embedding subchunk number 19.0...
elapsed (s): 4.605685472488403
processing batch of abstracts...
elapsed: 505.3505504131317
writing embeddings to csv file...
elapsed: 4.934694290161133
embedding subchunk number 20.0...
elapsed (s): 5.15477180480957
processing batch of abstracts...
elapsed: 522.1597721576691
writing embeddings to csv file...
elapsed: 4.90738320350647
embedding subchunk number 21.0...
elapsed (s): 5.163918495178223
processing batch of abstracts...
elapsed: 501.8954882621765
writing embeddings to csv file...
elapsed: 4.749940872192383
embedding subchunk number 22.0...
elapsed (s): 4.906167507171631
processing batch of abstracts...
elapsed: 352.571985244751
writing embeddings to csv file...
elapsed: 3.2573506832122803
embedding subchunk number 23.0...
elapsed (s): 3.5083141326904297
processing batch of abstracts...
elapsed: 445.8525230884552
writing embeddings to csv file...
elapsed: 4.134415149688721
embedding subchunk number 24.0...
elapsed (s): 4.44535756111145
processing batch of abstracts...
elapsed: 536.7318625450134
writing embeddings to csv file...
elapsed: 4.990449905395508
embedding subchunk number 25.0...
elapsed (s): 5.227910995483398
processing batch of abstracts...
elapsed: 543.1860022544861
writing embeddings to csv file...
elapsed: 4.946531057357788
embedding subchunk number 26.0...
elapsed (s): 5.1778481006622314
processing batch of abstracts...
elapsed: 524.9007322788239
writing embeddings to csv file...
elapsed: 4.935117483139038
embedding subchunk number 27.0...
elapsed (s): 5.184603214263916
processing batch of abstracts...
elapsed: 481.630578994751
writing embeddings to csv file...
elapsed: 4.540364742279053
embedding subchunk number 28.0...
elapsed (s): 4.867542505264282
processing batch of abstracts...
elapsed: 503.3808240890503
writing embeddings to csv file...
elapsed: 4.588022947311401
embedding subchunk number 29.0...
elapsed (s): 4.841217756271362
processing batch of abstracts...
elapsed: 504.4655976295471
writing embeddings to csv file...
elapsed: 4.69912052154541
embedding subchunk number 30.0...
elapsed (s): 4.925355672836304
processing batch of abstracts...
elapsed: 453.4987962245941
writing embeddings to csv file...
elapsed: 4.495002031326294
embedding subchunk number 31.0...
elapsed (s): 4.760623216629028
processing batch of abstracts...
elapsed: 462.44481348991394
writing embeddings to csv file...
elapsed: 4.754798889160156
embedding subchunk number 32.0...
elapsed (s): 4.907341480255127
processing batch of abstracts...
elapsed: 429.3707823753357
writing embeddings to csv file...
elapsed: 4.295116186141968
embedding subchunk number 33.0...
elapsed (s): 4.519485950469971
processing batch of abstracts...
elapsed: 307.1155526638031
writing embeddings to csv file...
elapsed: 3.017573118209839
embedding subchunk number 34.0...
elapsed (s): 3.0739095211029053
processing batch of abstracts...
elapsed: 109.97977137565613
writing embeddings to csv file...
elapsed: 1.0178508758544922
embedding subchunk number 35.0...
elapsed (s): 1.1873130798339844
processing batch of abstracts...
elapsed: 268.96181440353394
writing embeddings to csv file...
elapsed: 2.3058650493621826
embedding subchunk number 36.0...
elapsed (s): 2.51237416267395
processing batch of abstracts...
elapsed: 257.9672894477844
writing embeddings to csv file...
elapsed: 2.247706174850464
embedding subchunk number 37.0...
elapsed (s): 2.3839666843414307
processing batch of abstracts...
elapsed: 206.26340079307556
writing embeddings to csv file...
elapsed: 1.887382984161377
embedding subchunk number 38.0...
elapsed (s): 2.166757106781006
processing batch of abstracts...
elapsed: 509.3640787601471
writing embeddings to csv file...
elapsed: 4.309008836746216
embedding subchunk number 39.0...
elapsed (s): 4.495344877243042
processing batch of abstracts...
elapsed: 504.92614555358887
writing embeddings to csv file...
elapsed: 4.324012756347656
embedding subchunk number 40.0...
elapsed (s): 4.571107864379883
processing batch of abstracts...
elapsed: 534.8785622119904
writing embeddings to csv file...
elapsed: 4.705502986907959
embedding subchunk number 41.0...
elapsed (s): 4.911382436752319
processing batch of abstracts...
elapsed: 555.3220686912537
writing embeddings to csv file...
elapsed: 4.9644951820373535
embedding subchunk number 42.0...
elapsed (s): 5.247958660125732
processing batch of abstracts...
elapsed: 586.8564248085022
writing embeddings to csv file...
elapsed: 5.179803133010864
embedding subchunk number 43.0...
elapsed (s): 5.352030277252197
processing batch of abstracts...
elapsed: 556.3423306941986
writing embeddings to csv file...
elapsed: 5.175314664840698
embedding subchunk number 44.0...
elapsed (s): 5.403837442398071
processing batch of abstracts...
elapsed: 554.4310150146484
writing embeddings to csv file...
elapsed: 4.97779393196106
embedding subchunk number 45.0...
elapsed (s): 5.170247316360474
processing batch of abstracts...
elapsed: 558.2674345970154
writing embeddings to csv file...
elapsed: 5.162492990493774
embedding subchunk number 46.0...
elapsed (s): 5.405411720275879
processing batch of abstracts...
elapsed: 573.969076871872
writing embeddings to csv file...
elapsed: 5.271435976028442
embedding subchunk number 47.0...
elapsed (s): 5.451420783996582
processing batch of abstracts...
elapsed: 549.5065104961395
writing embeddings to csv file...
elapsed: 5.073680400848389
embedding subchunk number 48.0...
elapsed (s): 5.324311256408691
processing batch of abstracts...
elapsed: 550.5181951522827
writing embeddings to csv file...
elapsed: 4.974069356918335
embedding subchunk number 49.0...
elapsed (s): 5.276417016983032
processing batch of abstracts...
elapsed: 572.7006993293762
writing embeddings to csv file...
elapsed: 5.192412614822388
embedding subchunk number 50.0...
elapsed (s): 5.452686309814453
processing batch of abstracts...
elapsed: 554.1195533275604
writing embeddings to csv file...
elapsed: 4.871758937835693
embedding subchunk number 51.0...
elapsed (s): 5.141928672790527
processing batch of abstracts...
elapsed: 551.4291474819183
writing embeddings to csv file...
elapsed: 4.971027135848999
embedding subchunk number 52.0...
elapsed (s): 5.274976015090942
processing batch of abstracts...
elapsed: 484.31803154945374
writing embeddings to csv file...
elapsed: 4.857591152191162
embedding subchunk number 53.0...
elapsed (s): 5.073309898376465
processing batch of abstracts...
elapsed: 466.13127303123474
writing embeddings to csv file...
elapsed: 4.63028359413147
embedding subchunk number 54.0...
elapsed (s): 4.835738182067871
processing batch of abstracts...
elapsed: 311.24056339263916
writing embeddings to csv file...
elapsed: 3.1453678607940674
embedding subchunk number 55.0...
elapsed (s): 3.372255325317383
processing batch of abstracts...
elapsed: 362.84586238861084
writing embeddings to csv file...
elapsed: 3.675504684448242
embedding subchunk number 56.0...
elapsed (s): 3.8766257762908936
processing batch of abstracts...
elapsed: 307.887503862381
writing embeddings to csv file...
elapsed: 3.162893772125244
embedding subchunk number 57.0...
elapsed (s): 3.3549375534057617
processing batch of abstracts...
elapsed: 313.20804715156555
writing embeddings to csv file...
elapsed: 3.2503254413604736
embedding subchunk number 58.0...
elapsed (s): 3.416008472442627
processing batch of abstracts...
elapsed: 300.3674213886261
writing embeddings to csv file...
elapsed: 3.0240681171417236
embedding subchunk number 59.0...
elapsed (s): 3.2240121364593506
processing batch of abstracts...
elapsed: 339.75159072875977
writing embeddings to csv file...
elapsed: 3.5526440143585205
