My SLURM_ARRAY_TASK_I:  46
Input arguments: ['./embed_pubmed__array_gpu_job.py', '46']
slurm array id: 46
GPU sanity checks: 
device ID: 0
<torch.cuda.device object at 0x7f177732f7b8>
N devices: 1
Tesla K80
is available? True
Spacy GPU? True
elapsed (s): 1.8547027111053467
embedding subchunk number 0.0...
elapsed (s): 0.07024598121643066
processing batch of abstracts...
elapsed: 0.6766080856323242
writing embeddings to csv file...
elapsed: 0.02024364471435547
embedding subchunk number 1.0...
elapsed (s): 0.18907952308654785
processing batch of abstracts...
elapsed: 557.8337297439575
writing embeddings to csv file...
elapsed: 7.500945568084717
embedding subchunk number 2.0...
elapsed (s): 7.6809327602386475
processing batch of abstracts...
elapsed: 607.60968708992
writing embeddings to csv file...
elapsed: 7.448957443237305
embedding subchunk number 3.0...
elapsed (s): 7.7689855098724365
processing batch of abstracts...
elapsed: 609.7001492977142
writing embeddings to csv file...
elapsed: 7.4975926876068115
embedding subchunk number 4.0...
elapsed (s): 7.6717610359191895
processing batch of abstracts...
elapsed: 576.0579597949982
writing embeddings to csv file...
elapsed: 7.937708377838135
embedding subchunk number 5.0...
elapsed (s): 8.244748592376709
processing batch of abstracts...
elapsed: 622.947194814682
writing embeddings to csv file...
elapsed: 7.6964263916015625
embedding subchunk number 6.0...
elapsed (s): 7.859985589981079
processing batch of abstracts...
elapsed: 570.0272126197815
writing embeddings to csv file...
elapsed: 7.492302656173706
embedding subchunk number 7.0...
elapsed (s): 7.825533866882324
processing batch of abstracts...
elapsed: 614.1283252239227
writing embeddings to csv file...
elapsed: 7.402196407318115
embedding subchunk number 8.0...
elapsed (s): 7.555509328842163
processing batch of abstracts...
elapsed: 606.9806571006775
writing embeddings to csv file...
elapsed: 8.576813697814941
embedding subchunk number 9.0...
elapsed (s): 8.87795090675354
processing batch of abstracts...
elapsed: 612.899801492691
writing embeddings to csv file...
elapsed: 7.497178554534912
embedding subchunk number 10.0...
elapsed (s): 7.729184865951538
processing batch of abstracts...
elapsed: 607.6987388134003
writing embeddings to csv file...
elapsed: 7.499078750610352
embedding subchunk number 11.0...
elapsed (s): 7.795739650726318
processing batch of abstracts...
elapsed: 584.8504474163055
writing embeddings to csv file...
elapsed: 7.4577367305755615
embedding subchunk number 12.0...
elapsed (s): 7.677680969238281
processing batch of abstracts...
elapsed: 651.4445729255676
writing embeddings to csv file...
elapsed: 7.450917720794678
embedding subchunk number 13.0...
elapsed (s): 7.866313695907593
processing batch of abstracts...
elapsed: 593.4048771858215
writing embeddings to csv file...
elapsed: 7.60248589515686
embedding subchunk number 14.0...
elapsed (s): 7.8522422313690186
processing batch of abstracts...
elapsed: 617.024840593338
writing embeddings to csv file...
elapsed: 7.5807883739471436
embedding subchunk number 15.0...
elapsed (s): 7.825955629348755
processing batch of abstracts...
elapsed: 595.1280152797699
writing embeddings to csv file...
elapsed: 7.6660051345825195
embedding subchunk number 16.0...
elapsed (s): 7.940995693206787
processing batch of abstracts...
elapsed: 575.0406565666199
writing embeddings to csv file...
elapsed: 7.960057735443115
embedding subchunk number 17.0...
elapsed (s): 8.218804597854614
processing batch of abstracts...
elapsed: 530.1872808933258
writing embeddings to csv file...
elapsed: 7.460035800933838
embedding subchunk number 18.0...
elapsed (s): 7.79059362411499
processing batch of abstracts...
elapsed: 488.3930654525757
writing embeddings to csv file...
elapsed: 7.872620105743408
embedding subchunk number 19.0...
elapsed (s): 8.148439645767212
processing batch of abstracts...
elapsed: 566.8746528625488
writing embeddings to csv file...
elapsed: 7.4365074634552
embedding subchunk number 20.0...
elapsed (s): 7.654564142227173
processing batch of abstracts...
elapsed: 632.3982274532318
writing embeddings to csv file...
elapsed: 7.882154703140259
embedding subchunk number 21.0...
elapsed (s): 8.299225568771362
processing batch of abstracts...
elapsed: 584.6891288757324
writing embeddings to csv file...
elapsed: 7.931121826171875
embedding subchunk number 22.0...
elapsed (s): 8.177988767623901
processing batch of abstracts...
elapsed: 581.1479830741882
writing embeddings to csv file...
elapsed: 7.492306232452393
embedding subchunk number 23.0...
elapsed (s): 7.7859086990356445
processing batch of abstracts...
elapsed: 588.4431457519531
writing embeddings to csv file...
elapsed: 7.7035534381866455
embedding subchunk number 24.0...
elapsed (s): 8.12443232536316
processing batch of abstracts...
elapsed: 622.2627038955688
writing embeddings to csv file...
elapsed: 7.606643438339233
embedding subchunk number 25.0...
elapsed (s): 8.04115104675293
processing batch of abstracts...
elapsed: 621.5638346672058
writing embeddings to csv file...
elapsed: 7.7160444259643555
embedding subchunk number 26.0...
elapsed (s): 7.957091808319092
processing batch of abstracts...
elapsed: 596.9672095775604
writing embeddings to csv file...
elapsed: 7.4893059730529785
embedding subchunk number 27.0...
elapsed (s): 7.962473392486572
processing batch of abstracts...
elapsed: 487.3784420490265
writing embeddings to csv file...
elapsed: 7.512029409408569
embedding subchunk number 28.0...
elapsed (s): 7.650282382965088
processing batch of abstracts...
elapsed: 406.8426926136017
writing embeddings to csv file...
elapsed: 7.424458980560303
embedding subchunk number 29.0...
elapsed (s): 7.755785226821899
processing batch of abstracts...
elapsed: 412.3531377315521
writing embeddings to csv file...
elapsed: 7.413630247116089
embedding subchunk number 30.0...
elapsed (s): 7.551417350769043
processing batch of abstracts...
elapsed: 370.6930410861969
writing embeddings to csv file...
elapsed: 7.803757905960083
embedding subchunk number 31.0...
elapsed (s): 8.039485454559326
processing batch of abstracts...
elapsed: 326.4684429168701
writing embeddings to csv file...
elapsed: 7.721599340438843
embedding subchunk number 32.0...
elapsed (s): 7.905780792236328
processing batch of abstracts...
elapsed: 313.8030467033386
writing embeddings to csv file...
elapsed: 7.4417688846588135
embedding subchunk number 33.0...
elapsed (s): 7.721084833145142
processing batch of abstracts...
elapsed: 297.9723107814789
writing embeddings to csv file...
elapsed: 7.553374528884888
embedding subchunk number 34.0...
elapsed (s): 7.774216890335083
processing batch of abstracts...
elapsed: 380.78546047210693
writing embeddings to csv file...
elapsed: 7.887393951416016
embedding subchunk number 35.0...
elapsed (s): 8.13807463645935
processing batch of abstracts...
elapsed: 428.83798384666443
writing embeddings to csv file...
elapsed: 7.424703359603882
embedding subchunk number 36.0...
elapsed (s): 7.639634132385254
processing batch of abstracts...
elapsed: 444.423951625824
writing embeddings to csv file...
elapsed: 7.4851861000061035
embedding subchunk number 37.0...
elapsed (s): 7.701303005218506
processing batch of abstracts...
elapsed: 430.92835688591003
writing embeddings to csv file...
elapsed: 7.661726474761963
embedding subchunk number 38.0...
elapsed (s): 7.939520359039307
processing batch of abstracts...
elapsed: 393.4035930633545
writing embeddings to csv file...
elapsed: 7.473111391067505
embedding subchunk number 39.0...
elapsed (s): 7.703237295150757
processing batch of abstracts...
elapsed: 455.2145745754242
writing embeddings to csv file...
elapsed: 7.475959777832031
embedding subchunk number 40.0...
elapsed (s): 7.828797101974487
processing batch of abstracts...
elapsed: 540.5624458789825
writing embeddings to csv file...
elapsed: 7.469570159912109
embedding subchunk number 41.0...
elapsed (s): 7.833559989929199
processing batch of abstracts...
elapsed: 479.5479106903076
writing embeddings to csv file...
elapsed: 7.491102695465088
embedding subchunk number 42.0...
elapsed (s): 7.738367080688477
processing batch of abstracts...
elapsed: 489.5862715244293
writing embeddings to csv file...
elapsed: 7.447744369506836
embedding subchunk number 43.0...
elapsed (s): 7.737235069274902
processing batch of abstracts...
elapsed: 503.9336314201355
writing embeddings to csv file...
elapsed: 7.390266418457031
embedding subchunk number 44.0...
elapsed (s): 7.477525472640991
processing batch of abstracts...
elapsed: 313.05402183532715
writing embeddings to csv file...
elapsed: 7.5781638622283936
embedding subchunk number 45.0...
elapsed (s): 7.765673398971558
processing batch of abstracts...
elapsed: 346.2136080265045
writing embeddings to csv file...
elapsed: 7.494846343994141
embedding subchunk number 46.0...
elapsed (s): 7.620004415512085
processing batch of abstracts...
elapsed: 310.3402383327484
writing embeddings to csv file...
elapsed: 7.547658681869507
embedding subchunk number 47.0...
elapsed (s): 7.882368803024292
processing batch of abstracts...
elapsed: 304.28651690483093
writing embeddings to csv file...
elapsed: 7.445605754852295
embedding subchunk number 48.0...
elapsed (s): 7.607976913452148
processing batch of abstracts...
elapsed: 342.51267743110657
writing embeddings to csv file...
elapsed: 7.4315314292907715
embedding subchunk number 49.0...
elapsed (s): 7.630146265029907
processing batch of abstracts...
elapsed: 324.56023383140564
writing embeddings to csv file...
elapsed: 7.330564260482788
embedding subchunk number 50.0...
elapsed (s): 7.443574905395508
processing batch of abstracts...
elapsed: 316.4336185455322
writing embeddings to csv file...
elapsed: 7.850063800811768
embedding subchunk number 51.0...
elapsed (s): 8.05277705192566
processing batch of abstracts...
elapsed: 190.53656911849976
writing embeddings to csv file...
elapsed: 7.602937459945679
embedding subchunk number 52.0...
elapsed (s): 7.919212818145752
processing batch of abstracts...
elapsed: 247.25088620185852
writing embeddings to csv file...
elapsed: 7.704357385635376
embedding subchunk number 53.0...
elapsed (s): 7.96527099609375
processing batch of abstracts...
elapsed: 401.92031240463257
writing embeddings to csv file...
elapsed: 7.4924070835113525
embedding subchunk number 54.0...
elapsed (s): 7.697093486785889
processing batch of abstracts...
elapsed: 409.04965806007385
writing embeddings to csv file...
elapsed: 7.388592958450317
embedding subchunk number 55.0...
elapsed (s): 7.5434064865112305
processing batch of abstracts...
elapsed: 294.3404378890991
writing embeddings to csv file...
elapsed: 7.436723947525024
embedding subchunk number 56.0...
elapsed (s): 7.6600258350372314
processing batch of abstracts...
elapsed: 293.9216203689575
writing embeddings to csv file...
elapsed: 7.456371068954468
embedding subchunk number 57.0...
elapsed (s): 7.649199724197388
processing batch of abstracts...
elapsed: 349.02236342430115
writing embeddings to csv file...
elapsed: 7.508931636810303
embedding subchunk number 58.0...
elapsed (s): 7.758910655975342
processing batch of abstracts...
elapsed: 377.32132720947266
writing embeddings to csv file...
elapsed: 7.700664758682251
embedding subchunk number 59.0...
elapsed (s): 7.868571758270264
processing batch of abstracts...
elapsed: 286.3585546016693
writing embeddings to csv file...
elapsed: 7.636492490768433
