My SLURM_ARRAY_TASK_I:  27
Input arguments: ['./embed_pubmed__array_gpu_job.py', '27']
slurm array id: 27
GPU sanity checks: 
device ID: 0
<torch.cuda.device object at 0x7f15c6042f60>
N devices: 1
Tesla K80
is available? True
Spacy GPU? True
elapsed (s): 2.2852046489715576
embedding subchunk number 0.0...
elapsed (s): 0.06796765327453613
processing batch of abstracts...
elapsed: 0.6811954975128174
writing embeddings to csv file...
elapsed: 0.21467161178588867
embedding subchunk number 1.0...
elapsed (s): 0.3798801898956299
processing batch of abstracts...
elapsed: 418.7757921218872
writing embeddings to csv file...
elapsed: 7.204918384552002
embedding subchunk number 2.0...
elapsed (s): 7.479360342025757
processing batch of abstracts...
elapsed: 550.1031913757324
writing embeddings to csv file...
elapsed: 7.329383611679077
embedding subchunk number 3.0...
elapsed (s): 7.580630779266357
processing batch of abstracts...
elapsed: 540.070760011673
writing embeddings to csv file...
elapsed: 7.237233638763428
embedding subchunk number 4.0...
elapsed (s): 7.498061180114746
processing batch of abstracts...
elapsed: 553.4272713661194
writing embeddings to csv file...
elapsed: 7.121811628341675
embedding subchunk number 5.0...
elapsed (s): 7.4124436378479
processing batch of abstracts...
elapsed: 532.1423244476318
writing embeddings to csv file...
elapsed: 7.227694988250732
embedding subchunk number 6.0...
elapsed (s): 7.320138216018677
processing batch of abstracts...
elapsed: 318.650839805603
writing embeddings to csv file...
elapsed: 7.1213555335998535
embedding subchunk number 7.0...
elapsed (s): 7.390196800231934
processing batch of abstracts...
elapsed: 327.8656394481659
writing embeddings to csv file...
elapsed: 7.37006139755249
embedding subchunk number 8.0...
elapsed (s): 7.560196876525879
processing batch of abstracts...
elapsed: 320.90511417388916
writing embeddings to csv file...
elapsed: 7.134564399719238
embedding subchunk number 9.0...
elapsed (s): 7.349437236785889
processing batch of abstracts...
elapsed: 280.5812714099884
writing embeddings to csv file...
elapsed: 9.11177945137024
embedding subchunk number 10.0...
elapsed (s): 9.268784284591675
processing batch of abstracts...
elapsed: 305.4065239429474
writing embeddings to csv file...
elapsed: 7.0369651317596436
embedding subchunk number 11.0...
elapsed (s): 7.239314556121826
processing batch of abstracts...
elapsed: 303.57339310646057
writing embeddings to csv file...
elapsed: 7.310578346252441
embedding subchunk number 12.0...
elapsed (s): 7.464462995529175
processing batch of abstracts...
elapsed: 291.17870259284973
writing embeddings to csv file...
elapsed: 7.128022193908691
embedding subchunk number 13.0...
elapsed (s): 7.377527475357056
processing batch of abstracts...
elapsed: 393.9952404499054
writing embeddings to csv file...
elapsed: 7.195790529251099
embedding subchunk number 14.0...
elapsed (s): 7.416040420532227
processing batch of abstracts...
elapsed: 479.0648925304413
writing embeddings to csv file...
elapsed: 9.517234325408936
embedding subchunk number 15.0...
elapsed (s): 9.795917987823486
processing batch of abstracts...
elapsed: 568.9383089542389
writing embeddings to csv file...
elapsed: 7.113791465759277
embedding subchunk number 16.0...
elapsed (s): 7.367257595062256
processing batch of abstracts...
elapsed: 560.9338405132294
writing embeddings to csv file...
elapsed: 7.113842964172363
embedding subchunk number 17.0...
elapsed (s): 7.377411842346191
processing batch of abstracts...
elapsed: 519.5803751945496
writing embeddings to csv file...
elapsed: 7.150023698806763
embedding subchunk number 18.0...
elapsed (s): 7.3847856521606445
processing batch of abstracts...
elapsed: 566.2272052764893
writing embeddings to csv file...
elapsed: 7.828239440917969
embedding subchunk number 19.0...
elapsed (s): 8.023511409759521
processing batch of abstracts...
elapsed: 379.5267479419708
writing embeddings to csv file...
elapsed: 7.045781373977661
embedding subchunk number 20.0...
elapsed (s): 7.236239910125732
processing batch of abstracts...
elapsed: 327.4498016834259
writing embeddings to csv file...
elapsed: 7.216080665588379
embedding subchunk number 21.0...
elapsed (s): 7.423110485076904
processing batch of abstracts...
elapsed: 371.83203768730164
writing embeddings to csv file...
elapsed: 7.402646780014038
embedding subchunk number 22.0...
elapsed (s): 7.619225978851318
processing batch of abstracts...
elapsed: 332.438481092453
writing embeddings to csv file...
elapsed: 7.277751207351685
embedding subchunk number 23.0...
elapsed (s): 7.5057454109191895
processing batch of abstracts...
elapsed: 421.5001425743103
writing embeddings to csv file...
elapsed: 7.317408084869385
embedding subchunk number 24.0...
elapsed (s): 7.635296106338501
processing batch of abstracts...
elapsed: 438.245165348053
writing embeddings to csv file...
elapsed: 7.0502119064331055
embedding subchunk number 25.0...
elapsed (s): 7.317372560501099
processing batch of abstracts...
elapsed: 541.4962646961212
writing embeddings to csv file...
elapsed: 7.131556987762451
embedding subchunk number 26.0...
elapsed (s): 7.424102544784546
processing batch of abstracts...
elapsed: 575.993049621582
writing embeddings to csv file...
elapsed: 7.20187783241272
embedding subchunk number 27.0...
elapsed (s): 7.470041275024414
processing batch of abstracts...
elapsed: 535.0987808704376
writing embeddings to csv file...
elapsed: 7.102563858032227
embedding subchunk number 28.0...
elapsed (s): 7.343856573104858
processing batch of abstracts...
elapsed: 545.4251234531403
writing embeddings to csv file...
elapsed: 7.097799777984619
embedding subchunk number 29.0...
elapsed (s): 7.398981332778931
processing batch of abstracts...
elapsed: 546.0914947986603
writing embeddings to csv file...
elapsed: 7.147477626800537
embedding subchunk number 30.0...
elapsed (s): 7.401468753814697
processing batch of abstracts...
elapsed: 574.4199664592743
writing embeddings to csv file...
elapsed: 7.074298858642578
embedding subchunk number 31.0...
elapsed (s): 7.319322824478149
processing batch of abstracts...
elapsed: 574.4177711009979
writing embeddings to csv file...
elapsed: 7.53172755241394
embedding subchunk number 32.0...
elapsed (s): 7.813703298568726
processing batch of abstracts...
elapsed: 550.0520641803741
writing embeddings to csv file...
elapsed: 7.0817787647247314
embedding subchunk number 33.0...
elapsed (s): 7.368515491485596
processing batch of abstracts...
elapsed: 571.2912487983704
writing embeddings to csv file...
elapsed: 7.160825490951538
embedding subchunk number 34.0...
elapsed (s): 7.380253791809082
processing batch of abstracts...
elapsed: 553.2986607551575
writing embeddings to csv file...
elapsed: 7.08912205696106
embedding subchunk number 35.0...
elapsed (s): 7.36381721496582
processing batch of abstracts...
elapsed: 576.5071935653687
writing embeddings to csv file...
elapsed: 7.232420921325684
embedding subchunk number 36.0...
elapsed (s): 7.519333600997925
processing batch of abstracts...
elapsed: 574.8096466064453
writing embeddings to csv file...
elapsed: 7.033799648284912
embedding subchunk number 37.0...
elapsed (s): 7.272712469100952
processing batch of abstracts...
elapsed: 574.2084536552429
writing embeddings to csv file...
elapsed: 7.122553825378418
embedding subchunk number 38.0...
elapsed (s): 7.345021724700928
processing batch of abstracts...
elapsed: 508.6754832267761
writing embeddings to csv file...
elapsed: 7.130181312561035
embedding subchunk number 39.0...
elapsed (s): 7.371704578399658
processing batch of abstracts...
elapsed: 491.9961791038513
writing embeddings to csv file...
elapsed: 7.123474836349487
embedding subchunk number 40.0...
elapsed (s): 7.22233772277832
processing batch of abstracts...
elapsed: 351.61004972457886
writing embeddings to csv file...
elapsed: 7.306898593902588
embedding subchunk number 41.0...
elapsed (s): 7.513627767562866
processing batch of abstracts...
elapsed: 362.2724115848541
writing embeddings to csv file...
elapsed: 7.329394340515137
embedding subchunk number 42.0...
elapsed (s): 7.542325496673584
processing batch of abstracts...
elapsed: 377.8058216571808
writing embeddings to csv file...
elapsed: 7.366798162460327
embedding subchunk number 43.0...
elapsed (s): 7.5426185131073
processing batch of abstracts...
elapsed: 267.66758465766907
writing embeddings to csv file...
elapsed: 7.10554838180542
embedding subchunk number 44.0...
elapsed (s): 7.2539145946502686
processing batch of abstracts...
elapsed: 259.6324417591095
writing embeddings to csv file...
elapsed: 7.149595499038696
embedding subchunk number 45.0...
elapsed (s): 7.327306032180786
processing batch of abstracts...
elapsed: 304.8469178676605
writing embeddings to csv file...
elapsed: 7.024447679519653
embedding subchunk number 46.0...
elapsed (s): 7.248327016830444
processing batch of abstracts...
elapsed: 515.9705476760864
writing embeddings to csv file...
elapsed: 7.146661043167114
embedding subchunk number 47.0...
elapsed (s): 7.319665431976318
processing batch of abstracts...
elapsed: 472.1434688568115
writing embeddings to csv file...
elapsed: 7.063360929489136
embedding subchunk number 48.0...
elapsed (s): 7.28379487991333
processing batch of abstracts...
elapsed: 405.3404166698456
writing embeddings to csv file...
elapsed: 7.027059555053711
embedding subchunk number 49.0...
elapsed (s): 7.1183295249938965
processing batch of abstracts...
elapsed: 336.91558480262756
writing embeddings to csv file...
elapsed: 7.02468729019165
embedding subchunk number 50.0...
elapsed (s): 7.2521584033966064
processing batch of abstracts...
elapsed: 359.7255573272705
writing embeddings to csv file...
elapsed: 7.057265758514404
embedding subchunk number 51.0...
elapsed (s): 7.292462110519409
processing batch of abstracts...
elapsed: 370.48175859451294
writing embeddings to csv file...
elapsed: 7.039764642715454
embedding subchunk number 52.0...
elapsed (s): 7.23123025894165
processing batch of abstracts...
elapsed: 352.7082529067993
writing embeddings to csv file...
elapsed: 7.119513273239136
embedding subchunk number 53.0...
elapsed (s): 7.336507558822632
processing batch of abstracts...
elapsed: 361.09852051734924
writing embeddings to csv file...
elapsed: 7.065105199813843
embedding subchunk number 54.0...
elapsed (s): 7.300437927246094
processing batch of abstracts...
elapsed: 344.0870113372803
writing embeddings to csv file...
elapsed: 7.057179689407349
embedding subchunk number 55.0...
elapsed (s): 7.6864306926727295
processing batch of abstracts...
elapsed: 360.22854828834534
writing embeddings to csv file...
elapsed: 7.179636716842651
embedding subchunk number 56.0...
elapsed (s): 7.399912595748901
processing batch of abstracts...
elapsed: 435.93070673942566
writing embeddings to csv file...
elapsed: 7.112820386886597
embedding subchunk number 57.0...
elapsed (s): 7.349483489990234
processing batch of abstracts...
elapsed: 551.5221748352051
writing embeddings to csv file...
elapsed: 7.211297273635864
embedding subchunk number 58.0...
elapsed (s): 7.512683391571045
processing batch of abstracts...
elapsed: 552.3506090641022
writing embeddings to csv file...
elapsed: 7.120669364929199
embedding subchunk number 59.0...
elapsed (s): 7.39007830619812
processing batch of abstracts...
elapsed: 560.038081407547
writing embeddings to csv file...
elapsed: 7.350062370300293
