My SLURM_ARRAY_TASK_I:  39
Input arguments: ['./embed_pubmed__array_gpu_job.py', '39']
slurm array id: 39
GPU sanity checks: 
device ID: 0
<torch.cuda.device object at 0x7f494ce62780>
N devices: 1
Tesla K80
is available? True
Spacy GPU? True
elapsed (s): 2.4751534461975098
embedding subchunk number 0.0...
elapsed (s): 0.05032658576965332
processing batch of abstracts...
elapsed: 0.6810293197631836
writing embeddings to csv file...
elapsed: 0.07686138153076172
embedding subchunk number 1.0...
elapsed (s): 0.2890341281890869
processing batch of abstracts...
elapsed: 526.8024625778198
writing embeddings to csv file...
elapsed: 7.274780988693237
embedding subchunk number 2.0...
elapsed (s): 7.40624475479126
processing batch of abstracts...
elapsed: 506.2172749042511
writing embeddings to csv file...
elapsed: 7.182105779647827
embedding subchunk number 3.0...
elapsed (s): 7.4837565422058105
processing batch of abstracts...
elapsed: 519.783659696579
writing embeddings to csv file...
elapsed: 7.158819913864136
embedding subchunk number 4.0...
elapsed (s): 7.257110118865967
processing batch of abstracts...
elapsed: 335.9675874710083
writing embeddings to csv file...
elapsed: 7.1723411083221436
embedding subchunk number 5.0...
elapsed (s): 7.355640172958374
processing batch of abstracts...
elapsed: 279.5138759613037
writing embeddings to csv file...
elapsed: 7.224438905715942
embedding subchunk number 6.0...
elapsed (s): 7.415219783782959
processing batch of abstracts...
elapsed: 281.8054118156433
writing embeddings to csv file...
elapsed: 7.214364767074585
embedding subchunk number 7.0...
elapsed (s): 7.468656778335571
processing batch of abstracts...
elapsed: 285.43551683425903
writing embeddings to csv file...
elapsed: 7.257440090179443
embedding subchunk number 8.0...
elapsed (s): 7.377458810806274
processing batch of abstracts...
elapsed: 289.69184255599976
writing embeddings to csv file...
elapsed: 7.1744771003723145
embedding subchunk number 9.0...
elapsed (s): 7.407280445098877
processing batch of abstracts...
elapsed: 304.16787242889404
writing embeddings to csv file...
elapsed: 7.177931785583496
embedding subchunk number 10.0...
elapsed (s): 7.362968683242798
processing batch of abstracts...
elapsed: 320.95730090141296
writing embeddings to csv file...
elapsed: 7.131658554077148
embedding subchunk number 11.0...
elapsed (s): 7.364936590194702
processing batch of abstracts...
elapsed: 362.5741858482361
writing embeddings to csv file...
elapsed: 7.165364027023315
embedding subchunk number 12.0...
elapsed (s): 7.361501693725586
processing batch of abstracts...
elapsed: 400.8927912712097
writing embeddings to csv file...
elapsed: 7.246240854263306
embedding subchunk number 13.0...
elapsed (s): 7.463687419891357
processing batch of abstracts...
elapsed: 336.62300086021423
writing embeddings to csv file...
elapsed: 7.199922323226929
embedding subchunk number 14.0...
elapsed (s): 7.36057186126709
processing batch of abstracts...
elapsed: 248.66623520851135
writing embeddings to csv file...
elapsed: 7.152155637741089
embedding subchunk number 15.0...
elapsed (s): 7.3783299922943115
processing batch of abstracts...
elapsed: 375.5873589515686
writing embeddings to csv file...
elapsed: 7.161158561706543
embedding subchunk number 16.0...
elapsed (s): 7.483251333236694
processing batch of abstracts...
elapsed: 408.0576846599579
writing embeddings to csv file...
elapsed: 7.10956883430481
embedding subchunk number 17.0...
elapsed (s): 7.46600341796875
processing batch of abstracts...
elapsed: 503.10333490371704
writing embeddings to csv file...
elapsed: 7.211825132369995
embedding subchunk number 18.0...
elapsed (s): 7.358811855316162
processing batch of abstracts...
elapsed: 413.8228404521942
writing embeddings to csv file...
elapsed: 7.194604396820068
embedding subchunk number 19.0...
elapsed (s): 7.493778705596924
processing batch of abstracts...
elapsed: 343.1178970336914
writing embeddings to csv file...
elapsed: 7.165047883987427
embedding subchunk number 20.0...
elapsed (s): 7.24067234992981
processing batch of abstracts...
elapsed: 252.4898602962494
writing embeddings to csv file...
elapsed: 7.204029083251953
embedding subchunk number 21.0...
elapsed (s): 7.377682447433472
processing batch of abstracts...
elapsed: 252.40724301338196
writing embeddings to csv file...
elapsed: 7.087292194366455
embedding subchunk number 22.0...
elapsed (s): 7.327622413635254
processing batch of abstracts...
elapsed: 473.44203090667725
writing embeddings to csv file...
elapsed: 7.068549156188965
embedding subchunk number 23.0...
elapsed (s): 7.325018644332886
processing batch of abstracts...
elapsed: 507.84625005722046
writing embeddings to csv file...
elapsed: 7.104498386383057
embedding subchunk number 24.0...
elapsed (s): 7.392103672027588
processing batch of abstracts...
elapsed: 497.98877573013306
writing embeddings to csv file...
elapsed: 7.059662342071533
embedding subchunk number 25.0...
elapsed (s): 7.246317386627197
processing batch of abstracts...
elapsed: 327.6585829257965
writing embeddings to csv file...
elapsed: 7.1411120891571045
embedding subchunk number 26.0...
elapsed (s): 7.431891679763794
processing batch of abstracts...
elapsed: 474.92536520957947
writing embeddings to csv file...
elapsed: 7.235113143920898
embedding subchunk number 27.0...
elapsed (s): 7.409508943557739
processing batch of abstracts...
elapsed: 401.7216863632202
writing embeddings to csv file...
elapsed: 7.1240410804748535
embedding subchunk number 28.0...
elapsed (s): 7.399636268615723
processing batch of abstracts...
elapsed: 347.4573130607605
writing embeddings to csv file...
elapsed: 7.145406007766724
embedding subchunk number 29.0...
elapsed (s): 7.364454984664917
processing batch of abstracts...
elapsed: 414.75411796569824
writing embeddings to csv file...
elapsed: 7.127746820449829
embedding subchunk number 30.0...
elapsed (s): 7.405170202255249
processing batch of abstracts...
elapsed: 414.0136594772339
writing embeddings to csv file...
elapsed: 7.112375974655151
embedding subchunk number 31.0...
elapsed (s): 7.2016613483428955
processing batch of abstracts...
elapsed: 296.0095648765564
writing embeddings to csv file...
elapsed: 7.065474987030029
embedding subchunk number 32.0...
elapsed (s): 7.322290658950806
processing batch of abstracts...
elapsed: 356.8803141117096
writing embeddings to csv file...
elapsed: 7.150146722793579
embedding subchunk number 33.0...
elapsed (s): 7.405898094177246
processing batch of abstracts...
elapsed: 451.7731227874756
writing embeddings to csv file...
elapsed: 7.115551948547363
embedding subchunk number 34.0...
elapsed (s): 7.321269512176514
processing batch of abstracts...
elapsed: 393.12991666793823
writing embeddings to csv file...
elapsed: 7.096778631210327
embedding subchunk number 35.0...
elapsed (s): 7.527418851852417
processing batch of abstracts...
elapsed: 488.06435918807983
writing embeddings to csv file...
elapsed: 7.138216257095337
embedding subchunk number 36.0...
elapsed (s): 7.557080984115601
processing batch of abstracts...
elapsed: 522.155157327652
writing embeddings to csv file...
elapsed: 7.1482789516448975
embedding subchunk number 37.0...
elapsed (s): 7.4143595695495605
processing batch of abstracts...
elapsed: 483.11081171035767
writing embeddings to csv file...
elapsed: 7.063725471496582
embedding subchunk number 38.0...
elapsed (s): 7.28948712348938
processing batch of abstracts...
elapsed: 469.6890079975128
writing embeddings to csv file...
elapsed: 7.318624973297119
embedding subchunk number 39.0...
elapsed (s): 7.5594329833984375
processing batch of abstracts...
elapsed: 457.5976994037628
writing embeddings to csv file...
elapsed: 7.122331619262695
embedding subchunk number 40.0...
elapsed (s): 7.341279983520508
processing batch of abstracts...
elapsed: 463.6711747646332
writing embeddings to csv file...
elapsed: 7.136200428009033
embedding subchunk number 41.0...
elapsed (s): 7.382719993591309
processing batch of abstracts...
elapsed: 422.93931913375854
writing embeddings to csv file...
elapsed: 7.0613367557525635
embedding subchunk number 42.0...
elapsed (s): 7.301058769226074
processing batch of abstracts...
elapsed: 475.5594050884247
writing embeddings to csv file...
elapsed: 7.224331378936768
embedding subchunk number 43.0...
elapsed (s): 7.447150230407715
processing batch of abstracts...
elapsed: 474.06864953041077
writing embeddings to csv file...
elapsed: 7.1526007652282715
embedding subchunk number 44.0...
elapsed (s): 7.449035406112671
processing batch of abstracts...
elapsed: 460.4351029396057
writing embeddings to csv file...
elapsed: 7.164560556411743
embedding subchunk number 45.0...
elapsed (s): 7.447109937667847
processing batch of abstracts...
elapsed: 535.2630698680878
writing embeddings to csv file...
elapsed: 7.579244613647461
embedding subchunk number 46.0...
elapsed (s): 7.799986362457275
processing batch of abstracts...
elapsed: 526.9000751972198
writing embeddings to csv file...
elapsed: 7.652634382247925
embedding subchunk number 47.0...
elapsed (s): 7.936891078948975
processing batch of abstracts...
elapsed: 531.7384145259857
writing embeddings to csv file...
elapsed: 7.129169464111328
embedding subchunk number 48.0...
elapsed (s): 7.392863750457764
processing batch of abstracts...
elapsed: 475.21749091148376
writing embeddings to csv file...
elapsed: 7.2488181591033936
embedding subchunk number 49.0...
elapsed (s): 7.556454420089722
processing batch of abstracts...
elapsed: 490.2198884487152
writing embeddings to csv file...
elapsed: 7.168348789215088
embedding subchunk number 50.0...
elapsed (s): 7.281431674957275
processing batch of abstracts...
elapsed: 401.177579164505
writing embeddings to csv file...
elapsed: 7.163748264312744
embedding subchunk number 51.0...
elapsed (s): 7.430959463119507
processing batch of abstracts...
elapsed: 456.0256972312927
writing embeddings to csv file...
elapsed: 7.264452219009399
embedding subchunk number 52.0...
elapsed (s): 7.390605449676514
processing batch of abstracts...
elapsed: 451.38421297073364
writing embeddings to csv file...
elapsed: 7.118072271347046
embedding subchunk number 53.0...
elapsed (s): 7.217894554138184
processing batch of abstracts...
elapsed: 312.558735370636
writing embeddings to csv file...
elapsed: 7.271509885787964
embedding subchunk number 54.0...
elapsed (s): 7.473851203918457
processing batch of abstracts...
elapsed: 328.1077015399933
writing embeddings to csv file...
elapsed: 7.038382053375244
embedding subchunk number 55.0...
elapsed (s): 7.272682428359985
processing batch of abstracts...
elapsed: 325.8966007232666
writing embeddings to csv file...
elapsed: 7.088000297546387
embedding subchunk number 56.0...
elapsed (s): 7.317640066146851
processing batch of abstracts...
elapsed: 268.6531422138214
writing embeddings to csv file...
elapsed: 7.256906747817993
embedding subchunk number 57.0...
elapsed (s): 7.37692928314209
processing batch of abstracts...
elapsed: 274.25470781326294
writing embeddings to csv file...
elapsed: 7.01092267036438
embedding subchunk number 58.0...
elapsed (s): 7.241003036499023
processing batch of abstracts...
elapsed: 187.29588317871094
writing embeddings to csv file...
elapsed: 7.355254173278809
embedding subchunk number 59.0...
elapsed (s): 7.448294401168823
processing batch of abstracts...
elapsed: 156.44355654716492
writing embeddings to csv file...
elapsed: 7.069774150848389
