My SLURM_ARRAY_TASK_I:  42
Input arguments: ['./embed_pubmed__array_gpu_job.py', '42']
slurm array id: 42
GPU sanity checks: 
device ID: 0
<torch.cuda.device object at 0x7f8d3ba2a860>
N devices: 1
Tesla K80
is available? True
Spacy GPU? True
elapsed (s): 1.929405689239502
embedding subchunk number 0.0...
elapsed (s): 0.06749868392944336
processing batch of abstracts...
elapsed: 5.340576171875e-05
writing embeddings to csv file...
elapsed: 0.00446319580078125
embedding subchunk number 1.0...
elapsed (s): 0.10917448997497559
processing batch of abstracts...
elapsed: 299.45937395095825
writing embeddings to csv file...
elapsed: 3.014518976211548
embedding subchunk number 2.0...
elapsed (s): 3.102827310562134
processing batch of abstracts...
elapsed: 248.6502387523651
writing embeddings to csv file...
elapsed: 2.4777028560638428
embedding subchunk number 3.0...
elapsed (s): 2.558471918106079
processing batch of abstracts...
elapsed: 50.52230477333069
writing embeddings to csv file...
elapsed: 0.732609748840332
embedding subchunk number 4.0...
elapsed (s): 0.8622226715087891
processing batch of abstracts...
elapsed: 30.40076446533203
writing embeddings to csv file...
elapsed: 0.5818748474121094
embedding subchunk number 5.0...
elapsed (s): 0.679227352142334
processing batch of abstracts...
elapsed: 32.62958645820618
writing embeddings to csv file...
elapsed: 0.8748576641082764
embedding subchunk number 6.0...
elapsed (s): 0.9796421527862549
processing batch of abstracts...
elapsed: 74.5135452747345
writing embeddings to csv file...
elapsed: 0.9774003028869629
embedding subchunk number 7.0...
elapsed (s): 1.1200675964355469
processing batch of abstracts...
elapsed: 131.06583881378174
writing embeddings to csv file...
elapsed: 1.4235856533050537
embedding subchunk number 8.0...
elapsed (s): 1.6941101551055908
processing batch of abstracts...
elapsed: 123.88667583465576
writing embeddings to csv file...
elapsed: 1.4873907566070557
embedding subchunk number 9.0...
elapsed (s): 1.688642978668213
processing batch of abstracts...
elapsed: 184.08494544029236
writing embeddings to csv file...
elapsed: 2.373764991760254
embedding subchunk number 10.0...
elapsed (s): 2.6922624111175537
processing batch of abstracts...
elapsed: 219.2916657924652
writing embeddings to csv file...
elapsed: 2.6450064182281494
embedding subchunk number 11.0...
elapsed (s): 2.8109264373779297
processing batch of abstracts...
elapsed: 220.11597275733948
writing embeddings to csv file...
elapsed: 4.24074125289917
embedding subchunk number 12.0...
elapsed (s): 4.392745733261108
processing batch of abstracts...
elapsed: 144.14529991149902
writing embeddings to csv file...
elapsed: 1.8355746269226074
embedding subchunk number 13.0...
elapsed (s): 1.9932494163513184
processing batch of abstracts...
elapsed: 169.11291074752808
writing embeddings to csv file...
elapsed: 2.2315549850463867
embedding subchunk number 14.0...
elapsed (s): 2.4082958698272705
processing batch of abstracts...
elapsed: 229.18545007705688
writing embeddings to csv file...
elapsed: 2.7765135765075684
embedding subchunk number 15.0...
elapsed (s): 2.8754918575286865
processing batch of abstracts...
elapsed: 195.016832113266
writing embeddings to csv file...
elapsed: 2.51767897605896
embedding subchunk number 16.0...
elapsed (s): 2.699455976486206
processing batch of abstracts...
elapsed: 185.46080946922302
writing embeddings to csv file...
elapsed: 2.4183859825134277
embedding subchunk number 17.0...
elapsed (s): 2.5727379322052
processing batch of abstracts...
elapsed: 133.92053508758545
writing embeddings to csv file...
elapsed: 2.2236216068267822
embedding subchunk number 18.0...
elapsed (s): 2.631920576095581
processing batch of abstracts...
elapsed: 190.8718295097351
writing embeddings to csv file...
elapsed: 1.8642139434814453
embedding subchunk number 19.0...
elapsed (s): 2.1596696376800537
processing batch of abstracts...
elapsed: 549.9210493564606
writing embeddings to csv file...
elapsed: 5.323857069015503
embedding subchunk number 20.0...
elapsed (s): 5.40457558631897
processing batch of abstracts...
elapsed: 250.13771057128906
writing embeddings to csv file...
elapsed: 2.8156793117523193
embedding subchunk number 21.0...
elapsed (s): 2.970602512359619
processing batch of abstracts...
elapsed: 244.8475842475891
writing embeddings to csv file...
elapsed: 2.3716111183166504
embedding subchunk number 22.0...
elapsed (s): 2.5297024250030518
processing batch of abstracts...
elapsed: 262.13155579566956
writing embeddings to csv file...
elapsed: 2.597928047180176
embedding subchunk number 23.0...
elapsed (s): 2.854041337966919
processing batch of abstracts...
elapsed: 188.87858080863953
writing embeddings to csv file...
elapsed: 1.8476231098175049
embedding subchunk number 24.0...
elapsed (s): 2.0319557189941406
processing batch of abstracts...
elapsed: 268.85051250457764
writing embeddings to csv file...
elapsed: 2.8597395420074463
embedding subchunk number 25.0...
elapsed (s): 3.12477707862854
processing batch of abstracts...
elapsed: 479.5374963283539
writing embeddings to csv file...
elapsed: 4.273939847946167
embedding subchunk number 26.0...
elapsed (s): 4.57895302772522
processing batch of abstracts...
elapsed: 548.8690085411072
writing embeddings to csv file...
elapsed: 5.100350379943848
embedding subchunk number 27.0...
elapsed (s): 5.347946882247925
processing batch of abstracts...
elapsed: 383.34188985824585
writing embeddings to csv file...
elapsed: 3.334848642349243
embedding subchunk number 28.0...
elapsed (s): 3.610280752182007
processing batch of abstracts...
elapsed: 396.4050405025482
writing embeddings to csv file...
elapsed: 3.757880926132202
embedding subchunk number 29.0...
elapsed (s): 3.9934914112091064
processing batch of abstracts...
elapsed: 422.85246443748474
writing embeddings to csv file...
elapsed: 3.9857003688812256
embedding subchunk number 30.0...
elapsed (s): 4.236807584762573
processing batch of abstracts...
elapsed: 397.1452386379242
writing embeddings to csv file...
elapsed: 3.6845428943634033
embedding subchunk number 31.0...
elapsed (s): 3.7816011905670166
processing batch of abstracts...
elapsed: 279.67837047576904
writing embeddings to csv file...
elapsed: 2.476569414138794
embedding subchunk number 32.0...
elapsed (s): 2.7096147537231445
processing batch of abstracts...
elapsed: 220.7914788722992
writing embeddings to csv file...
elapsed: 2.0765857696533203
embedding subchunk number 33.0...
elapsed (s): 2.1999688148498535
processing batch of abstracts...
elapsed: 189.23515915870667
writing embeddings to csv file...
elapsed: 2.182908058166504
embedding subchunk number 34.0...
elapsed (s): 2.39206862449646
processing batch of abstracts...
elapsed: 175.05905628204346
writing embeddings to csv file...
elapsed: 1.8783047199249268
embedding subchunk number 35.0...
elapsed (s): 1.9763298034667969
processing batch of abstracts...
elapsed: 160.88998770713806
writing embeddings to csv file...
elapsed: 1.5119078159332275
embedding subchunk number 36.0...
elapsed (s): 1.5661513805389404
processing batch of abstracts...
elapsed: 7.756225347518921
writing embeddings to csv file...
elapsed: 0.11266255378723145
embedding subchunk number 37.0...
elapsed (s): 0.5633394718170166
processing batch of abstracts...
elapsed: 426.47091150283813
writing embeddings to csv file...
elapsed: 4.516950607299805
embedding subchunk number 38.0...
elapsed (s): 4.690996885299683
processing batch of abstracts...
elapsed: 447.5870611667633
writing embeddings to csv file...
elapsed: 6.11328387260437
embedding subchunk number 39.0...
elapsed (s): 6.477025747299194
processing batch of abstracts...
elapsed: 436.77540349960327
writing embeddings to csv file...
elapsed: 4.863290786743164
embedding subchunk number 40.0...
elapsed (s): 5.0382726192474365
processing batch of abstracts...
elapsed: 412.1413061618805
writing embeddings to csv file...
elapsed: 4.289840936660767
embedding subchunk number 41.0...
elapsed (s): 4.712782621383667
processing batch of abstracts...
elapsed: 431.4656491279602
writing embeddings to csv file...
elapsed: 4.537173748016357
embedding subchunk number 42.0...
elapsed (s): 4.688612461090088
processing batch of abstracts...
elapsed: 387.93652725219727
writing embeddings to csv file...
elapsed: 4.25334620475769
embedding subchunk number 43.0...
elapsed (s): 4.582196950912476
processing batch of abstracts...
elapsed: 276.10169768333435
writing embeddings to csv file...
elapsed: 3.3246967792510986
embedding subchunk number 44.0...
elapsed (s): 3.576180934906006
processing batch of abstracts...
elapsed: 310.65908193588257
writing embeddings to csv file...
elapsed: 4.257342576980591
embedding subchunk number 45.0...
elapsed (s): 4.473978519439697
processing batch of abstracts...
elapsed: 350.8935499191284
writing embeddings to csv file...
elapsed: 3.8284730911254883
embedding subchunk number 46.0...
elapsed (s): 4.016169548034668
processing batch of abstracts...
elapsed: 410.6647593975067
writing embeddings to csv file...
elapsed: 4.506486177444458
embedding subchunk number 47.0...
elapsed (s): 4.878627300262451
processing batch of abstracts...
elapsed: 349.70452213287354
writing embeddings to csv file...
elapsed: 3.9282419681549072
embedding subchunk number 48.0...
elapsed (s): 4.098801374435425
processing batch of abstracts...
elapsed: 337.73170161247253
writing embeddings to csv file...
elapsed: 4.045817613601685
embedding subchunk number 49.0...
elapsed (s): 4.873219728469849
processing batch of abstracts...
elapsed: 376.42460107803345
writing embeddings to csv file...
elapsed: 4.087050914764404
embedding subchunk number 50.0...
elapsed (s): 4.297094821929932
processing batch of abstracts...
elapsed: 420.98741364479065
writing embeddings to csv file...
elapsed: 4.4367358684539795
embedding subchunk number 51.0...
elapsed (s): 4.688296794891357
processing batch of abstracts...
elapsed: 517.6128830909729
writing embeddings to csv file...
elapsed: 5.416390657424927
embedding subchunk number 52.0...
elapsed (s): 5.636503219604492
processing batch of abstracts...
elapsed: 534.5328078269958
writing embeddings to csv file...
elapsed: 5.299748420715332
embedding subchunk number 53.0...
elapsed (s): 5.61191201210022
processing batch of abstracts...
elapsed: 541.6634359359741
writing embeddings to csv file...
elapsed: 5.3152546882629395
embedding subchunk number 54.0...
elapsed (s): 5.52942156791687
processing batch of abstracts...
elapsed: 560.4006986618042
writing embeddings to csv file...
elapsed: 5.932400941848755
embedding subchunk number 55.0...
elapsed (s): 6.19503927230835
processing batch of abstracts...
elapsed: 445.0052647590637
writing embeddings to csv file...
elapsed: 4.490597248077393
embedding subchunk number 56.0...
elapsed (s): 4.664413928985596
processing batch of abstracts...
elapsed: 344.6068825721741
writing embeddings to csv file...
elapsed: 3.4976413249969482
embedding subchunk number 57.0...
elapsed (s): 3.7988622188568115
processing batch of abstracts...
elapsed: 487.0729434490204
writing embeddings to csv file...
elapsed: 6.506182432174683
embedding subchunk number 58.0...
elapsed (s): 6.846944808959961
processing batch of abstracts...
elapsed: 495.95667004585266
writing embeddings to csv file...
elapsed: 5.080694198608398
embedding subchunk number 59.0...
elapsed (s): 5.372965335845947
processing batch of abstracts...
elapsed: 479.54772329330444
writing embeddings to csv file...
elapsed: 4.769067287445068
