My SLURM_ARRAY_TASK_I:  24
Input arguments: ['./embed_pubmed__array_gpu_job.py', '24']
slurm array id: 24
GPU sanity checks: 
device ID: 0
<torch.cuda.device object at 0x7f094820ea90>
N devices: 1
Tesla K80
is available? True
Spacy GPU? True
elapsed (s): 1.259523630142212
embedding subchunk number 0.0...
elapsed (s): 0.06020092964172363
processing batch of abstracts...
elapsed: 0.3669760227203369
writing embeddings to csv file...
elapsed: 0.0043718814849853516
embedding subchunk number 1.0...
elapsed (s): 0.17787384986877441
processing batch of abstracts...
elapsed: 586.4570279121399
writing embeddings to csv file...
elapsed: 5.5220842361450195
embedding subchunk number 2.0...
elapsed (s): 5.709764719009399
processing batch of abstracts...
elapsed: 605.335363149643
writing embeddings to csv file...
elapsed: 5.726863861083984
embedding subchunk number 3.0...
elapsed (s): 6.014188528060913
processing batch of abstracts...
elapsed: 597.996958732605
writing embeddings to csv file...
elapsed: 5.545932292938232
embedding subchunk number 4.0...
elapsed (s): 5.829006195068359
processing batch of abstracts...
elapsed: 596.0181639194489
writing embeddings to csv file...
elapsed: 5.7174975872039795
embedding subchunk number 5.0...
elapsed (s): 6.032721996307373
processing batch of abstracts...
elapsed: 584.2263131141663
writing embeddings to csv file...
elapsed: 5.47787070274353
embedding subchunk number 6.0...
elapsed (s): 5.787030220031738
processing batch of abstracts...
elapsed: 637.0847036838531
writing embeddings to csv file...
elapsed: 5.875068187713623
embedding subchunk number 7.0...
elapsed (s): 6.156876564025879
processing batch of abstracts...
elapsed: 626.0016198158264
writing embeddings to csv file...
elapsed: 5.749016284942627
embedding subchunk number 8.0...
elapsed (s): 6.019495248794556
processing batch of abstracts...
elapsed: 509.14277482032776
writing embeddings to csv file...
elapsed: 4.642575979232788
embedding subchunk number 9.0...
elapsed (s): 4.862505674362183
processing batch of abstracts...
elapsed: 281.5752384662628
writing embeddings to csv file...
elapsed: 2.6628401279449463
embedding subchunk number 10.0...
elapsed (s): 2.90120267868042
processing batch of abstracts...
elapsed: 293.7137393951416
writing embeddings to csv file...
elapsed: 2.623974561691284
embedding subchunk number 11.0...
elapsed (s): 2.6774864196777344
processing batch of abstracts...
elapsed: 6.791771411895752
writing embeddings to csv file...
elapsed: 0.0865790843963623
embedding subchunk number 12.0...
elapsed (s): 0.35262084007263184
processing batch of abstracts...
elapsed: 401.75642442703247
writing embeddings to csv file...
elapsed: 4.046128988265991
embedding subchunk number 13.0...
elapsed (s): 4.343105316162109
processing batch of abstracts...
elapsed: 547.8707087039948
writing embeddings to csv file...
elapsed: 5.094607353210449
embedding subchunk number 14.0...
elapsed (s): 5.3376054763793945
processing batch of abstracts...
elapsed: 381.25620770454407
writing embeddings to csv file...
elapsed: 3.612746238708496
embedding subchunk number 15.0...
elapsed (s): 3.9042246341705322
processing batch of abstracts...
elapsed: 369.346204996109
writing embeddings to csv file...
elapsed: 3.5448520183563232
embedding subchunk number 16.0...
elapsed (s): 3.7732620239257812
processing batch of abstracts...
elapsed: 393.1569564342499
writing embeddings to csv file...
elapsed: 3.7161481380462646
embedding subchunk number 17.0...
elapsed (s): 4.007848739624023
processing batch of abstracts...
elapsed: 290.02277731895447
writing embeddings to csv file...
elapsed: 2.7988274097442627
embedding subchunk number 18.0...
elapsed (s): 2.965745449066162
processing batch of abstracts...
elapsed: 238.476069688797
writing embeddings to csv file...
elapsed: 2.453655242919922
embedding subchunk number 19.0...
elapsed (s): 2.750974178314209
processing batch of abstracts...
elapsed: 279.01613903045654
writing embeddings to csv file...
elapsed: 2.5342137813568115
embedding subchunk number 20.0...
elapsed (s): 2.7367026805877686
processing batch of abstracts...
elapsed: 329.07931900024414
writing embeddings to csv file...
elapsed: 3.57775616645813
embedding subchunk number 21.0...
elapsed (s): 3.89125919342041
processing batch of abstracts...
elapsed: 444.908447265625
writing embeddings to csv file...
elapsed: 4.009416580200195
embedding subchunk number 22.0...
elapsed (s): 4.250337839126587
processing batch of abstracts...
elapsed: 449.55556750297546
writing embeddings to csv file...
elapsed: 4.288392066955566
embedding subchunk number 23.0...
elapsed (s): 4.63151741027832
processing batch of abstracts...
elapsed: 528.8997995853424
writing embeddings to csv file...
elapsed: 4.8314573764801025
embedding subchunk number 24.0...
elapsed (s): 5.07711386680603
processing batch of abstracts...
elapsed: 576.004646062851
writing embeddings to csv file...
elapsed: 6.241610527038574
embedding subchunk number 25.0...
elapsed (s): 6.721929550170898
processing batch of abstracts...
elapsed: 574.3061916828156
writing embeddings to csv file...
elapsed: 5.463828086853027
embedding subchunk number 26.0...
elapsed (s): 5.668350458145142
processing batch of abstracts...
elapsed: 517.2236902713776
writing embeddings to csv file...
elapsed: 5.037872552871704
embedding subchunk number 27.0...
elapsed (s): 5.2816760540008545
processing batch of abstracts...
elapsed: 280.03877997398376
writing embeddings to csv file...
elapsed: 2.5638058185577393
embedding subchunk number 28.0...
elapsed (s): 2.6619229316711426
processing batch of abstracts...
elapsed: 178.13662099838257
writing embeddings to csv file...
elapsed: 1.6720292568206787
embedding subchunk number 29.0...
elapsed (s): 1.7342407703399658
processing batch of abstracts...
elapsed: 5.000900030136108
writing embeddings to csv file...
elapsed: 0.13460278511047363
embedding subchunk number 30.0...
elapsed (s): 0.3989548683166504
processing batch of abstracts...
elapsed: 288.83938789367676
writing embeddings to csv file...
elapsed: 2.557976484298706
embedding subchunk number 31.0...
elapsed (s): 2.9191033840179443
processing batch of abstracts...
elapsed: 661.4359366893768
writing embeddings to csv file...
elapsed: 5.754178285598755
embedding subchunk number 32.0...
elapsed (s): 6.104030609130859
processing batch of abstracts...
elapsed: 663.9332599639893
writing embeddings to csv file...
elapsed: 5.681578874588013
embedding subchunk number 33.0...
elapsed (s): 5.948004722595215
processing batch of abstracts...
elapsed: 664.7305526733398
writing embeddings to csv file...
elapsed: 5.789024591445923
embedding subchunk number 34.0...
elapsed (s): 5.978412389755249
processing batch of abstracts...
elapsed: 542.1486065387726
writing embeddings to csv file...
elapsed: 4.8505775928497314
embedding subchunk number 35.0...
elapsed (s): 5.17638897895813
processing batch of abstracts...
elapsed: 605.1701037883759
writing embeddings to csv file...
elapsed: 5.519134521484375
embedding subchunk number 36.0...
elapsed (s): 5.784029245376587
processing batch of abstracts...
elapsed: 582.9691174030304
writing embeddings to csv file...
elapsed: 5.495335817337036
embedding subchunk number 37.0...
elapsed (s): 5.84763503074646
processing batch of abstracts...
elapsed: 597.2407262325287
writing embeddings to csv file...
elapsed: 5.927876234054565
embedding subchunk number 38.0...
elapsed (s): 6.085111856460571
processing batch of abstracts...
elapsed: 380.11180901527405
writing embeddings to csv file...
elapsed: 3.3671038150787354
embedding subchunk number 39.0...
elapsed (s): 3.695521116256714
processing batch of abstracts...
elapsed: 501.62000370025635
writing embeddings to csv file...
elapsed: 4.686237573623657
embedding subchunk number 40.0...
elapsed (s): 4.946710824966431
processing batch of abstracts...
elapsed: 596.3311409950256
writing embeddings to csv file...
elapsed: 5.532601594924927
embedding subchunk number 41.0...
elapsed (s): 5.839995384216309
processing batch of abstracts...
elapsed: 598.385632276535
writing embeddings to csv file...
elapsed: 6.006960153579712
embedding subchunk number 42.0...
elapsed (s): 6.343461036682129
processing batch of abstracts...
elapsed: 601.0867614746094
writing embeddings to csv file...
elapsed: 5.626897811889648
embedding subchunk number 43.0...
elapsed (s): 6.050008058547974
processing batch of abstracts...
elapsed: 558.8868956565857
writing embeddings to csv file...
elapsed: 4.990509033203125
embedding subchunk number 44.0...
elapsed (s): 5.312439203262329
processing batch of abstracts...
elapsed: 584.3809723854065
writing embeddings to csv file...
elapsed: 5.486456394195557
embedding subchunk number 45.0...
elapsed (s): 5.748130798339844
processing batch of abstracts...
elapsed: 528.4522664546967
writing embeddings to csv file...
elapsed: 5.236688613891602
embedding subchunk number 46.0...
elapsed (s): 5.541973352432251
processing batch of abstracts...
elapsed: 614.7923755645752
writing embeddings to csv file...
elapsed: 5.730752229690552
embedding subchunk number 47.0...
elapsed (s): 6.027739524841309
processing batch of abstracts...
elapsed: 538.6299436092377
writing embeddings to csv file...
elapsed: 5.355567216873169
embedding subchunk number 48.0...
elapsed (s): 5.743095397949219
processing batch of abstracts...
elapsed: 463.3892288208008
writing embeddings to csv file...
elapsed: 4.775424957275391
embedding subchunk number 49.0...
elapsed (s): 4.99714732170105
processing batch of abstracts...
elapsed: 465.3662009239197
writing embeddings to csv file...
elapsed: 4.643198251724243
embedding subchunk number 50.0...
elapsed (s): 4.972140312194824
processing batch of abstracts...
elapsed: 429.3794586658478
writing embeddings to csv file...
elapsed: 5.081477165222168
embedding subchunk number 51.0...
elapsed (s): 5.375522613525391
processing batch of abstracts...
elapsed: 450.80996918678284
writing embeddings to csv file...
elapsed: 4.717287540435791
embedding subchunk number 52.0...
elapsed (s): 5.187417507171631
processing batch of abstracts...
elapsed: 498.40158891677856
writing embeddings to csv file...
elapsed: 4.855566024780273
embedding subchunk number 53.0...
elapsed (s): 5.183366298675537
processing batch of abstracts...
elapsed: 548.3044340610504
writing embeddings to csv file...
elapsed: 5.550058126449585
embedding subchunk number 54.0...
elapsed (s): 5.849595546722412
processing batch of abstracts...
elapsed: 585.0997626781464
writing embeddings to csv file...
elapsed: 5.476032257080078
embedding subchunk number 55.0...
elapsed (s): 5.642975568771362
processing batch of abstracts...
elapsed: 603.2854611873627
writing embeddings to csv file...
elapsed: 5.656687021255493
embedding subchunk number 56.0...
elapsed (s): 5.868577480316162
processing batch of abstracts...
elapsed: 608.5249860286713
writing embeddings to csv file...
elapsed: 5.618103504180908
embedding subchunk number 57.0...
elapsed (s): 5.917913198471069
processing batch of abstracts...
elapsed: 523.8603038787842
writing embeddings to csv file...
elapsed: 5.027350187301636
embedding subchunk number 58.0...
elapsed (s): 5.401150465011597
processing batch of abstracts...
elapsed: 623.720752954483
writing embeddings to csv file...
elapsed: 5.7612786293029785
embedding subchunk number 59.0...
elapsed (s): 6.238116025924683
processing batch of abstracts...
elapsed: 617.0741517543793
writing embeddings to csv file...
elapsed: 5.698922395706177
