My SLURM_ARRAY_TASK_I:  22
Input arguments: ['./embed_pubmed__array_gpu_job.py', '22']
slurm array id: 22
GPU sanity checks: 
device ID: 0
<torch.cuda.device object at 0x7f5769a2e860>
N devices: 1
Tesla K80
is available? True
Spacy GPU? True
elapsed (s): 1.3167436122894287
embedding subchunk number 0.0...
elapsed (s): 0.05810093879699707
processing batch of abstracts...
elapsed: 8.320808410644531e-05
writing embeddings to csv file...
elapsed: 0.010980606079101562
embedding subchunk number 1.0...
elapsed (s): 0.09201502799987793
processing batch of abstracts...
elapsed: 240.63828921318054
writing embeddings to csv file...
elapsed: 3.4415431022644043
embedding subchunk number 2.0...
elapsed (s): 3.5536134243011475
processing batch of abstracts...
elapsed: 254.90932822227478
writing embeddings to csv file...
elapsed: 3.687920331954956
embedding subchunk number 3.0...
elapsed (s): 3.878297805786133
processing batch of abstracts...
elapsed: 250.20635890960693
writing embeddings to csv file...
elapsed: 3.656463623046875
embedding subchunk number 4.0...
elapsed (s): 3.9533677101135254
processing batch of abstracts...
elapsed: 378.9008409976959
writing embeddings to csv file...
elapsed: 4.474951505661011
embedding subchunk number 5.0...
elapsed (s): 4.646991014480591
processing batch of abstracts...
elapsed: 253.01550817489624
writing embeddings to csv file...
elapsed: 3.487531900405884
embedding subchunk number 6.0...
elapsed (s): 3.7351090908050537
processing batch of abstracts...
elapsed: 345.85702252388
writing embeddings to csv file...
elapsed: 4.182513236999512
embedding subchunk number 7.0...
elapsed (s): 4.458035469055176
processing batch of abstracts...
elapsed: 566.8653030395508
writing embeddings to csv file...
elapsed: 5.521524429321289
embedding subchunk number 8.0...
elapsed (s): 5.841535806655884
processing batch of abstracts...
elapsed: 590.7510333061218
writing embeddings to csv file...
elapsed: 5.622973442077637
embedding subchunk number 9.0...
elapsed (s): 5.9550700187683105
processing batch of abstracts...
elapsed: 500.9810597896576
writing embeddings to csv file...
elapsed: 5.293349981307983
embedding subchunk number 10.0...
elapsed (s): 5.560034513473511
processing batch of abstracts...
elapsed: 506.0714750289917
writing embeddings to csv file...
elapsed: 5.273078203201294
embedding subchunk number 11.0...
elapsed (s): 5.561752557754517
processing batch of abstracts...
elapsed: 502.4202148914337
writing embeddings to csv file...
elapsed: 5.305852174758911
embedding subchunk number 12.0...
elapsed (s): 5.650293350219727
processing batch of abstracts...
elapsed: 536.9289426803589
writing embeddings to csv file...
elapsed: 5.481165170669556
embedding subchunk number 13.0...
elapsed (s): 5.769147634506226
processing batch of abstracts...
elapsed: 526.8647632598877
writing embeddings to csv file...
elapsed: 5.351957082748413
embedding subchunk number 14.0...
elapsed (s): 5.671080589294434
processing batch of abstracts...
elapsed: 535.8137710094452
writing embeddings to csv file...
elapsed: 5.289567470550537
embedding subchunk number 15.0...
elapsed (s): 5.46012806892395
processing batch of abstracts...
elapsed: 521.0994668006897
writing embeddings to csv file...
elapsed: 5.4649317264556885
embedding subchunk number 16.0...
elapsed (s): 5.755631446838379
processing batch of abstracts...
elapsed: 459.5203230381012
writing embeddings to csv file...
elapsed: 4.814745903015137
embedding subchunk number 17.0...
elapsed (s): 5.070097208023071
processing batch of abstracts...
elapsed: 486.09072256088257
writing embeddings to csv file...
elapsed: 5.200186491012573
embedding subchunk number 18.0...
elapsed (s): 5.460364580154419
processing batch of abstracts...
elapsed: 559.7529239654541
writing embeddings to csv file...
elapsed: 5.34261417388916
embedding subchunk number 19.0...
elapsed (s): 5.542964458465576
processing batch of abstracts...
elapsed: 598.4652190208435
writing embeddings to csv file...
elapsed: 6.258588552474976
embedding subchunk number 20.0...
elapsed (s): 6.449876546859741
processing batch of abstracts...
elapsed: 398.76654744148254
writing embeddings to csv file...
elapsed: 3.8058369159698486
embedding subchunk number 21.0...
elapsed (s): 3.9074294567108154
processing batch of abstracts...
elapsed: 319.1635525226593
writing embeddings to csv file...
elapsed: 3.0066821575164795
embedding subchunk number 22.0...
elapsed (s): 3.2696194648742676
processing batch of abstracts...
elapsed: 400.95488953590393
writing embeddings to csv file...
elapsed: 4.026140213012695
embedding subchunk number 23.0...
elapsed (s): 4.297827243804932
processing batch of abstracts...
elapsed: 395.0402567386627
writing embeddings to csv file...
elapsed: 3.8464674949645996
embedding subchunk number 24.0...
elapsed (s): 4.0978124141693115
processing batch of abstracts...
elapsed: 410.23401403427124
writing embeddings to csv file...
elapsed: 3.9060795307159424
embedding subchunk number 25.0...
elapsed (s): 4.174015283584595
processing batch of abstracts...
elapsed: 409.0406949520111
writing embeddings to csv file...
elapsed: 4.049981594085693
embedding subchunk number 26.0...
elapsed (s): 4.292057275772095
processing batch of abstracts...
elapsed: 403.876948595047
writing embeddings to csv file...
elapsed: 4.077938556671143
embedding subchunk number 27.0...
elapsed (s): 4.328281879425049
processing batch of abstracts...
elapsed: 428.635240316391
writing embeddings to csv file...
elapsed: 4.09138822555542
embedding subchunk number 28.0...
elapsed (s): 4.301570653915405
processing batch of abstracts...
elapsed: 418.97198820114136
writing embeddings to csv file...
elapsed: 4.037052392959595
embedding subchunk number 29.0...
elapsed (s): 4.263939380645752
processing batch of abstracts...
elapsed: 427.5555953979492
writing embeddings to csv file...
elapsed: 3.966655731201172
embedding subchunk number 30.0...
elapsed (s): 4.25109601020813
processing batch of abstracts...
elapsed: 565.031468629837
writing embeddings to csv file...
elapsed: 5.325472116470337
embedding subchunk number 31.0...
elapsed (s): 5.445614576339722
processing batch of abstracts...
elapsed: 361.60617446899414
writing embeddings to csv file...
elapsed: 3.914503574371338
embedding subchunk number 32.0...
elapsed (s): 4.177899599075317
processing batch of abstracts...
elapsed: 426.46518111228943
writing embeddings to csv file...
elapsed: 4.283387660980225
embedding subchunk number 33.0...
elapsed (s): 4.355288743972778
processing batch of abstracts...
elapsed: 195.47253608703613
writing embeddings to csv file...
elapsed: 2.2882421016693115
embedding subchunk number 34.0...
elapsed (s): 2.5111467838287354
processing batch of abstracts...
elapsed: 398.0037922859192
writing embeddings to csv file...
elapsed: 4.164808988571167
embedding subchunk number 35.0...
elapsed (s): 4.467960834503174
processing batch of abstracts...
elapsed: 471.29275584220886
writing embeddings to csv file...
elapsed: 4.591741561889648
embedding subchunk number 36.0...
elapsed (s): 4.8773462772369385
processing batch of abstracts...
elapsed: 448.85058093070984
writing embeddings to csv file...
elapsed: 4.39385986328125
embedding subchunk number 37.0...
elapsed (s): 4.740728855133057
processing batch of abstracts...
elapsed: 533.1768939495087
writing embeddings to csv file...
elapsed: 5.612916469573975
embedding subchunk number 38.0...
elapsed (s): 5.939520597457886
processing batch of abstracts...
elapsed: 562.7892961502075
writing embeddings to csv file...
elapsed: 5.419237375259399
embedding subchunk number 39.0...
elapsed (s): 5.719996690750122
processing batch of abstracts...
elapsed: 579.5304458141327
writing embeddings to csv file...
elapsed: 5.628825426101685
embedding subchunk number 40.0...
elapsed (s): 5.91580605506897
processing batch of abstracts...
elapsed: 559.5522994995117
writing embeddings to csv file...
elapsed: 5.769871950149536
embedding subchunk number 41.0...
elapsed (s): 6.085387229919434
processing batch of abstracts...
elapsed: 569.7614109516144
writing embeddings to csv file...
elapsed: 5.384928464889526
embedding subchunk number 42.0...
elapsed (s): 5.6219916343688965
processing batch of abstracts...
elapsed: 508.1390562057495
writing embeddings to csv file...
elapsed: 4.928246021270752
embedding subchunk number 43.0...
elapsed (s): 5.247304677963257
processing batch of abstracts...
elapsed: 629.224422454834
writing embeddings to csv file...
elapsed: 5.791624069213867
embedding subchunk number 44.0...
elapsed (s): 6.045409440994263
processing batch of abstracts...
elapsed: 583.9351315498352
writing embeddings to csv file...
elapsed: 5.511850357055664
embedding subchunk number 45.0...
elapsed (s): 5.819746494293213
processing batch of abstracts...
elapsed: 577.0170452594757
writing embeddings to csv file...
elapsed: 5.322798728942871
embedding subchunk number 46.0...
elapsed (s): 5.566194295883179
processing batch of abstracts...
elapsed: 598.5039639472961
writing embeddings to csv file...
elapsed: 5.6951305866241455
embedding subchunk number 47.0...
elapsed (s): 6.03768253326416
processing batch of abstracts...
elapsed: 558.9145605564117
writing embeddings to csv file...
elapsed: 5.252596616744995
embedding subchunk number 48.0...
elapsed (s): 5.45796012878418
processing batch of abstracts...
elapsed: 537.8615381717682
writing embeddings to csv file...
elapsed: 5.276815176010132
embedding subchunk number 49.0...
elapsed (s): 5.562286615371704
processing batch of abstracts...
elapsed: 539.2402632236481
writing embeddings to csv file...
elapsed: 5.323244571685791
embedding subchunk number 50.0...
elapsed (s): 5.613821744918823
processing batch of abstracts...
elapsed: 593.1065359115601
writing embeddings to csv file...
elapsed: 5.48728609085083
embedding subchunk number 51.0...
elapsed (s): 5.719188451766968
processing batch of abstracts...
elapsed: 402.0151598453522
writing embeddings to csv file...
elapsed: 3.965798854827881
embedding subchunk number 52.0...
elapsed (s): 4.145150661468506
processing batch of abstracts...
elapsed: 357.66219544410706
writing embeddings to csv file...
elapsed: 3.5655553340911865
embedding subchunk number 53.0...
elapsed (s): 3.890650987625122
processing batch of abstracts...
elapsed: 323.0123176574707
writing embeddings to csv file...
elapsed: 3.433710813522339
embedding subchunk number 54.0...
elapsed (s): 3.625821828842163
processing batch of abstracts...
elapsed: 335.0115306377411
writing embeddings to csv file...
elapsed: 3.377746820449829
embedding subchunk number 55.0...
elapsed (s): 3.6204965114593506
processing batch of abstracts...
elapsed: 362.9676458835602
writing embeddings to csv file...
elapsed: 3.434417247772217
embedding subchunk number 56.0...
elapsed (s): 3.499572277069092
processing batch of abstracts...
elapsed: 178.2185776233673
writing embeddings to csv file...
elapsed: 1.6743695735931396
embedding subchunk number 57.0...
elapsed (s): 1.8037045001983643
processing batch of abstracts...
elapsed: 164.7747347354889
writing embeddings to csv file...
elapsed: 1.576047658920288
embedding subchunk number 58.0...
elapsed (s): 1.6323704719543457
processing batch of abstracts...
elapsed: 8.297082424163818
writing embeddings to csv file...
elapsed: 0.10979485511779785
embedding subchunk number 59.0...
elapsed (s): 0.13384485244750977
processing batch of abstracts...
elapsed: 3.143649101257324
writing embeddings to csv file...
elapsed: 0.03526496887207031
