My SLURM_ARRAY_TASK_I:  34
Input arguments: ['./embed_pubmed__array_gpu_job.py', '34']
slurm array id: 34
GPU sanity checks: 
device ID: 0
<torch.cuda.device object at 0x7f7f6ec817b8>
N devices: 1
Tesla K80
is available? True
Spacy GPU? True
elapsed (s): 2.69020414352417
embedding subchunk number 0.0...
elapsed (s): 0.07399988174438477
processing batch of abstracts...
elapsed: 4.935579538345337
writing embeddings to csv file...
elapsed: 0.028648853302001953
embedding subchunk number 1.0...
elapsed (s): 0.31143808364868164
processing batch of abstracts...
elapsed: 420.89339542388916
writing embeddings to csv file...
elapsed: 7.232300281524658
embedding subchunk number 2.0...
elapsed (s): 7.505176544189453
processing batch of abstracts...
elapsed: 444.1140580177307
writing embeddings to csv file...
elapsed: 7.444636821746826
embedding subchunk number 3.0...
elapsed (s): 7.647154092788696
processing batch of abstracts...
elapsed: 462.74475741386414
writing embeddings to csv file...
elapsed: 7.534384727478027
embedding subchunk number 4.0...
elapsed (s): 7.750812530517578
processing batch of abstracts...
elapsed: 467.642911195755
writing embeddings to csv file...
elapsed: 7.5442163944244385
embedding subchunk number 5.0...
elapsed (s): 7.84213662147522
processing batch of abstracts...
elapsed: 447.6583197116852
writing embeddings to csv file...
elapsed: 7.458022594451904
embedding subchunk number 6.0...
elapsed (s): 7.7124011516571045
processing batch of abstracts...
elapsed: 574.293918132782
writing embeddings to csv file...
elapsed: 7.490712404251099
embedding subchunk number 7.0...
elapsed (s): 7.775267601013184
processing batch of abstracts...
elapsed: 598.7595734596252
writing embeddings to csv file...
elapsed: 7.58387017250061
embedding subchunk number 8.0...
elapsed (s): 8.008657217025757
processing batch of abstracts...
elapsed: 606.5870440006256
writing embeddings to csv file...
elapsed: 7.44657039642334
embedding subchunk number 9.0...
elapsed (s): 7.729094505310059
processing batch of abstracts...
elapsed: 590.9814474582672
writing embeddings to csv file...
elapsed: 7.559296131134033
embedding subchunk number 10.0...
elapsed (s): 7.891897201538086
processing batch of abstracts...
elapsed: 550.7594318389893
writing embeddings to csv file...
elapsed: 7.537862300872803
embedding subchunk number 11.0...
elapsed (s): 7.843759059906006
processing batch of abstracts...
elapsed: 564.5592968463898
writing embeddings to csv file...
elapsed: 7.558159351348877
embedding subchunk number 12.0...
elapsed (s): 7.84883451461792
processing batch of abstracts...
elapsed: 571.0844416618347
writing embeddings to csv file...
elapsed: 7.524719476699829
embedding subchunk number 13.0...
elapsed (s): 7.767125844955444
processing batch of abstracts...
elapsed: 549.8184967041016
writing embeddings to csv file...
elapsed: 7.353403806686401
embedding subchunk number 14.0...
elapsed (s): 7.624874591827393
processing batch of abstracts...
elapsed: 551.1676845550537
writing embeddings to csv file...
elapsed: 7.4811248779296875
embedding subchunk number 15.0...
elapsed (s): 7.751522541046143
processing batch of abstracts...
elapsed: 572.9107294082642
writing embeddings to csv file...
elapsed: 7.5106425285339355
embedding subchunk number 16.0...
elapsed (s): 7.798762083053589
processing batch of abstracts...
elapsed: 556.9906466007233
writing embeddings to csv file...
elapsed: 7.439244747161865
embedding subchunk number 17.0...
elapsed (s): 7.715775728225708
processing batch of abstracts...
elapsed: 581.6243968009949
writing embeddings to csv file...
elapsed: 7.505775213241577
embedding subchunk number 18.0...
elapsed (s): 7.758946657180786
processing batch of abstracts...
elapsed: 597.0466151237488
writing embeddings to csv file...
elapsed: 7.452990293502808
embedding subchunk number 19.0...
elapsed (s): 7.735895395278931
processing batch of abstracts...
elapsed: 592.0869452953339
writing embeddings to csv file...
elapsed: 7.462283611297607
embedding subchunk number 20.0...
elapsed (s): 7.733433723449707
processing batch of abstracts...
elapsed: 498.0332896709442
writing embeddings to csv file...
elapsed: 7.515444278717041
embedding subchunk number 21.0...
elapsed (s): 7.787103176116943
processing batch of abstracts...
elapsed: 437.55709505081177
writing embeddings to csv file...
elapsed: 7.387846946716309
embedding subchunk number 22.0...
elapsed (s): 7.597558259963989
processing batch of abstracts...
elapsed: 463.2577311992645
writing embeddings to csv file...
elapsed: 7.510628700256348
embedding subchunk number 23.0...
elapsed (s): 7.830298662185669
processing batch of abstracts...
elapsed: 465.2764799594879
writing embeddings to csv file...
elapsed: 7.57466197013855
embedding subchunk number 24.0...
elapsed (s): 7.8549134731292725
processing batch of abstracts...
elapsed: 454.8104102611542
writing embeddings to csv file...
elapsed: 7.33663272857666
embedding subchunk number 25.0...
elapsed (s): 7.5667760372161865
processing batch of abstracts...
elapsed: 471.45396661758423
writing embeddings to csv file...
elapsed: 7.510832786560059
embedding subchunk number 26.0...
elapsed (s): 7.745391607284546
processing batch of abstracts...
elapsed: 441.9321508407593
writing embeddings to csv file...
elapsed: 7.5348169803619385
embedding subchunk number 27.0...
elapsed (s): 7.739176988601685
processing batch of abstracts...
elapsed: 401.84221029281616
writing embeddings to csv file...
elapsed: 7.377100467681885
embedding subchunk number 28.0...
elapsed (s): 7.727849721908569
processing batch of abstracts...
elapsed: 452.4402678012848
writing embeddings to csv file...
elapsed: 7.418627023696899
embedding subchunk number 29.0...
elapsed (s): 7.642854690551758
processing batch of abstracts...
elapsed: 298.0183107852936
writing embeddings to csv file...
elapsed: 7.395477771759033
embedding subchunk number 30.0...
elapsed (s): 7.622806787490845
processing batch of abstracts...
elapsed: 376.8248596191406
writing embeddings to csv file...
elapsed: 7.40092134475708
embedding subchunk number 31.0...
elapsed (s): 7.663225889205933
processing batch of abstracts...
elapsed: 428.73472476005554
writing embeddings to csv file...
elapsed: 7.391947031021118
embedding subchunk number 32.0...
elapsed (s): 7.6353418827056885
processing batch of abstracts...
elapsed: 443.86671781539917
writing embeddings to csv file...
elapsed: 7.640993595123291
embedding subchunk number 33.0...
elapsed (s): 7.870252847671509
processing batch of abstracts...
elapsed: 419.1500849723816
writing embeddings to csv file...
elapsed: 7.136190891265869
embedding subchunk number 34.0...
elapsed (s): 7.34721302986145
processing batch of abstracts...
elapsed: 458.61616492271423
writing embeddings to csv file...
elapsed: 7.516127824783325
embedding subchunk number 35.0...
elapsed (s): 7.727108001708984
processing batch of abstracts...
elapsed: 385.1676380634308
writing embeddings to csv file...
elapsed: 7.376190185546875
embedding subchunk number 36.0...
elapsed (s): 7.591180801391602
processing batch of abstracts...
elapsed: 397.65949964523315
writing embeddings to csv file...
elapsed: 7.416370391845703
embedding subchunk number 37.0...
elapsed (s): 7.658768653869629
processing batch of abstracts...
elapsed: 506.08522725105286
writing embeddings to csv file...
elapsed: 7.3418543338775635
embedding subchunk number 38.0...
elapsed (s): 7.667788982391357
processing batch of abstracts...
elapsed: 566.9342787265778
writing embeddings to csv file...
elapsed: 7.4384543895721436
embedding subchunk number 39.0...
elapsed (s): 7.758188247680664
processing batch of abstracts...
elapsed: 591.2507631778717
writing embeddings to csv file...
elapsed: 7.334783554077148
embedding subchunk number 40.0...
elapsed (s): 7.978722333908081
processing batch of abstracts...
elapsed: 599.0628063678741
writing embeddings to csv file...
elapsed: 7.481509208679199
embedding subchunk number 41.0...
elapsed (s): 8.068747520446777
processing batch of abstracts...
elapsed: 519.6134219169617
writing embeddings to csv file...
elapsed: 7.435373544692993
embedding subchunk number 42.0...
elapsed (s): 7.710930585861206
processing batch of abstracts...
elapsed: 396.05064034461975
writing embeddings to csv file...
elapsed: 7.610001087188721
embedding subchunk number 43.0...
elapsed (s): 7.869393348693848
processing batch of abstracts...
elapsed: 421.3514404296875
writing embeddings to csv file...
elapsed: 7.484836101531982
embedding subchunk number 44.0...
elapsed (s): 7.693743705749512
processing batch of abstracts...
elapsed: 390.1342239379883
writing embeddings to csv file...
elapsed: 7.417720794677734
embedding subchunk number 45.0...
elapsed (s): 7.641482353210449
processing batch of abstracts...
elapsed: 401.2801094055176
writing embeddings to csv file...
elapsed: 7.520129203796387
embedding subchunk number 46.0...
elapsed (s): 7.739894151687622
processing batch of abstracts...
elapsed: 376.3992917537689
writing embeddings to csv file...
elapsed: 7.396217346191406
embedding subchunk number 47.0...
elapsed (s): 7.629781723022461
processing batch of abstracts...
elapsed: 318.18030047416687
writing embeddings to csv file...
elapsed: 7.421947002410889
embedding subchunk number 48.0...
elapsed (s): 7.652578353881836
processing batch of abstracts...
elapsed: 421.2124812602997
writing embeddings to csv file...
elapsed: 7.451556444168091
embedding subchunk number 49.0...
elapsed (s): 7.51879620552063
processing batch of abstracts...
elapsed: 173.3796670436859
writing embeddings to csv file...
elapsed: 7.399213790893555
embedding subchunk number 50.0...
elapsed (s): 7.64699649810791
processing batch of abstracts...
elapsed: 541.0232281684875
writing embeddings to csv file...
elapsed: 7.609534978866577
embedding subchunk number 51.0...
elapsed (s): 7.839482545852661
processing batch of abstracts...
elapsed: 526.8779170513153
writing embeddings to csv file...
elapsed: 7.469193458557129
embedding subchunk number 52.0...
elapsed (s): 7.8698694705963135
processing batch of abstracts...
elapsed: 565.4255409240723
writing embeddings to csv file...
elapsed: 7.580886602401733
embedding subchunk number 53.0...
elapsed (s): 7.73401141166687
processing batch of abstracts...
elapsed: 491.55212330818176
writing embeddings to csv file...
elapsed: 7.147507667541504
embedding subchunk number 54.0...
elapsed (s): 7.399787664413452
processing batch of abstracts...
elapsed: 461.0174162387848
writing embeddings to csv file...
elapsed: 7.134246110916138
embedding subchunk number 55.0...
elapsed (s): 7.2803027629852295
processing batch of abstracts...
elapsed: 457.7972981929779
writing embeddings to csv file...
elapsed: 7.129915714263916
embedding subchunk number 56.0...
elapsed (s): 7.381608724594116
processing batch of abstracts...
elapsed: 485.0633473396301
writing embeddings to csv file...
elapsed: 7.104412794113159
embedding subchunk number 57.0...
elapsed (s): 7.292900562286377
processing batch of abstracts...
elapsed: 471.7263765335083
writing embeddings to csv file...
elapsed: 7.08549690246582
embedding subchunk number 58.0...
elapsed (s): 7.404713153839111
processing batch of abstracts...
elapsed: 467.53506660461426
writing embeddings to csv file...
elapsed: 7.2234015464782715
embedding subchunk number 59.0...
elapsed (s): 7.36155366897583
processing batch of abstracts...
elapsed: 407.65573930740356
writing embeddings to csv file...
elapsed: 7.130821466445923
