My SLURM_ARRAY_TASK_I:  28
Input arguments: ['./embed_pubmed__array_gpu_job.py', '28']
slurm array id: 28
GPU sanity checks: 
device ID: 0
<torch.cuda.device object at 0x7f767ca55550>
N devices: 1
Tesla K80
is available? True
Spacy GPU? True
elapsed (s): 1.1434590816497803
embedding subchunk number 0.0...
elapsed (s): 0.05804133415222168
processing batch of abstracts...
elapsed: 0.4271821975708008
writing embeddings to csv file...
elapsed: 0.034142494201660156
embedding subchunk number 1.0...
elapsed (s): 0.2909069061279297
processing batch of abstracts...
elapsed: 549.8828072547913
writing embeddings to csv file...
elapsed: 5.425466537475586
embedding subchunk number 2.0...
elapsed (s): 5.766619920730591
processing batch of abstracts...
elapsed: 619.1323051452637
writing embeddings to csv file...
elapsed: 5.81137490272522
embedding subchunk number 3.0...
elapsed (s): 6.17250657081604
processing batch of abstracts...
elapsed: 608.4757642745972
writing embeddings to csv file...
elapsed: 5.770146369934082
embedding subchunk number 4.0...
elapsed (s): 6.037348031997681
processing batch of abstracts...
elapsed: 610.009682893753
writing embeddings to csv file...
elapsed: 5.79780125617981
embedding subchunk number 5.0...
elapsed (s): 6.164766073226929
processing batch of abstracts...
elapsed: 621.3012795448303
writing embeddings to csv file...
elapsed: 5.78735089302063
embedding subchunk number 6.0...
elapsed (s): 5.9647746086120605
processing batch of abstracts...
elapsed: 496.164386510849
writing embeddings to csv file...
elapsed: 4.596119165420532
embedding subchunk number 7.0...
elapsed (s): 5.132110595703125
processing batch of abstracts...
elapsed: 591.1926743984222
writing embeddings to csv file...
elapsed: 5.425782203674316
embedding subchunk number 8.0...
elapsed (s): 5.878530740737915
processing batch of abstracts...
elapsed: 639.8771793842316
writing embeddings to csv file...
elapsed: 5.8693201541900635
embedding subchunk number 9.0...
elapsed (s): 6.44866156578064
processing batch of abstracts...
elapsed: 665.621205329895
writing embeddings to csv file...
elapsed: 5.982201814651489
embedding subchunk number 10.0...
elapsed (s): 6.259134769439697
processing batch of abstracts...
elapsed: 653.049836397171
writing embeddings to csv file...
elapsed: 5.740684509277344
embedding subchunk number 11.0...
elapsed (s): 6.34413480758667
processing batch of abstracts...
elapsed: 601.9578211307526
writing embeddings to csv file...
elapsed: 5.534754037857056
embedding subchunk number 12.0...
elapsed (s): 5.874605417251587
processing batch of abstracts...
elapsed: 574.3489954471588
writing embeddings to csv file...
elapsed: 5.595901250839233
embedding subchunk number 13.0...
elapsed (s): 6.120812177658081
processing batch of abstracts...
elapsed: 555.5411756038666
writing embeddings to csv file...
elapsed: 5.581648588180542
embedding subchunk number 14.0...
elapsed (s): 5.807649374008179
processing batch of abstracts...
elapsed: 482.8599269390106
writing embeddings to csv file...
elapsed: 4.964554309844971
embedding subchunk number 15.0...
elapsed (s): 5.421831846237183
processing batch of abstracts...
elapsed: 571.3176724910736
writing embeddings to csv file...
elapsed: 5.518273591995239
embedding subchunk number 16.0...
elapsed (s): 5.748916864395142
processing batch of abstracts...
elapsed: 533.5784404277802
writing embeddings to csv file...
elapsed: 5.550032138824463
embedding subchunk number 17.0...
elapsed (s): 5.918573617935181
processing batch of abstracts...
elapsed: 503.21944761276245
writing embeddings to csv file...
elapsed: 5.324467897415161
embedding subchunk number 18.0...
elapsed (s): 5.717092037200928
processing batch of abstracts...
elapsed: 524.4648284912109
writing embeddings to csv file...
elapsed: 5.393609523773193
embedding subchunk number 19.0...
elapsed (s): 5.762882232666016
processing batch of abstracts...
elapsed: 575.2767312526703
writing embeddings to csv file...
elapsed: 5.461840391159058
embedding subchunk number 20.0...
elapsed (s): 5.8838019371032715
processing batch of abstracts...
elapsed: 590.9226086139679
writing embeddings to csv file...
elapsed: 5.7469706535339355
embedding subchunk number 21.0...
elapsed (s): 6.138068914413452
processing batch of abstracts...
elapsed: 568.3995666503906
writing embeddings to csv file...
elapsed: 5.552877902984619
embedding subchunk number 22.0...
elapsed (s): 5.901137828826904
processing batch of abstracts...
elapsed: 570.6582107543945
writing embeddings to csv file...
elapsed: 5.447851896286011
embedding subchunk number 23.0...
elapsed (s): 5.753443479537964
processing batch of abstracts...
elapsed: 569.7299327850342
writing embeddings to csv file...
elapsed: 5.497920036315918
embedding subchunk number 24.0...
elapsed (s): 5.89035964012146
processing batch of abstracts...
elapsed: 585.6548290252686
writing embeddings to csv file...
elapsed: 5.722555637359619
embedding subchunk number 25.0...
elapsed (s): 6.0768256187438965
processing batch of abstracts...
elapsed: 574.1238570213318
writing embeddings to csv file...
elapsed: 5.541683912277222
embedding subchunk number 26.0...
elapsed (s): 6.130521059036255
processing batch of abstracts...
elapsed: 480.412104845047
writing embeddings to csv file...
elapsed: 4.8875205516815186
embedding subchunk number 27.0...
elapsed (s): 5.301469802856445
processing batch of abstracts...
elapsed: 571.6226489543915
writing embeddings to csv file...
elapsed: 5.487972974777222
embedding subchunk number 28.0...
elapsed (s): 5.749034404754639
processing batch of abstracts...
elapsed: 565.9082758426666
writing embeddings to csv file...
elapsed: 5.565621614456177
embedding subchunk number 29.0...
elapsed (s): 5.970724821090698
processing batch of abstracts...
elapsed: 497.0808935165405
writing embeddings to csv file...
elapsed: 5.177244186401367
embedding subchunk number 30.0...
elapsed (s): 5.480468988418579
processing batch of abstracts...
elapsed: 560.1925528049469
writing embeddings to csv file...
elapsed: 5.355693340301514
embedding subchunk number 31.0...
elapsed (s): 5.944941282272339
processing batch of abstracts...
elapsed: 554.5628392696381
writing embeddings to csv file...
elapsed: 4.796281337738037
embedding subchunk number 32.0...
elapsed (s): 4.934156179428101
processing batch of abstracts...
elapsed: 299.88746309280396
writing embeddings to csv file...
elapsed: 2.714419364929199
embedding subchunk number 33.0...
elapsed (s): 3.1082170009613037
processing batch of abstracts...
elapsed: 310.0789680480957
writing embeddings to csv file...
elapsed: 2.644465684890747
embedding subchunk number 34.0...
elapsed (s): 3.0941245555877686
processing batch of abstracts...
elapsed: 299.17219710350037
writing embeddings to csv file...
elapsed: 2.750251293182373
embedding subchunk number 35.0...
elapsed (s): 3.079820394515991
processing batch of abstracts...
elapsed: 325.913809299469
writing embeddings to csv file...
elapsed: 2.8235034942626953
embedding subchunk number 36.0...
elapsed (s): 3.047671318054199
processing batch of abstracts...
elapsed: 296.9883813858032
writing embeddings to csv file...
elapsed: 2.9923412799835205
embedding subchunk number 37.0...
elapsed (s): 3.618861198425293
processing batch of abstracts...
elapsed: 587.4024369716644
writing embeddings to csv file...
elapsed: 5.614653587341309
embedding subchunk number 38.0...
elapsed (s): 5.945227384567261
processing batch of abstracts...
elapsed: 591.2817125320435
writing embeddings to csv file...
elapsed: 5.8108062744140625
embedding subchunk number 39.0...
elapsed (s): 6.17922830581665
processing batch of abstracts...
elapsed: 573.2993602752686
writing embeddings to csv file...
elapsed: 5.443643808364868
embedding subchunk number 40.0...
elapsed (s): 5.756258487701416
processing batch of abstracts...
elapsed: 570.9382500648499
writing embeddings to csv file...
elapsed: 5.342035531997681
embedding subchunk number 41.0...
elapsed (s): 5.7091662883758545
processing batch of abstracts...
elapsed: 574.5770816802979
writing embeddings to csv file...
elapsed: 5.4229185581207275
embedding subchunk number 42.0...
elapsed (s): 5.677474021911621
processing batch of abstracts...
elapsed: 539.1666262149811
writing embeddings to csv file...
elapsed: 4.873830556869507
embedding subchunk number 43.0...
elapsed (s): 5.284336090087891
processing batch of abstracts...
elapsed: 666.236813545227
writing embeddings to csv file...
elapsed: 5.816023349761963
embedding subchunk number 44.0...
elapsed (s): 6.040920972824097
processing batch of abstracts...
elapsed: 657.8535256385803
writing embeddings to csv file...
elapsed: 5.758063316345215
embedding subchunk number 45.0...
elapsed (s): 6.06652045249939
processing batch of abstracts...
elapsed: 514.7021083831787
writing embeddings to csv file...
elapsed: 4.977408170700073
embedding subchunk number 46.0...
elapsed (s): 5.09466290473938
processing batch of abstracts...
elapsed: 396.6883840560913
writing embeddings to csv file...
elapsed: 3.489994764328003
embedding subchunk number 47.0...
elapsed (s): 3.762791395187378
processing batch of abstracts...
elapsed: 404.0102994441986
writing embeddings to csv file...
elapsed: 3.6563382148742676
embedding subchunk number 48.0...
elapsed (s): 3.880707263946533
processing batch of abstracts...
elapsed: 377.55500745773315
writing embeddings to csv file...
elapsed: 3.5599524974823
embedding subchunk number 49.0...
elapsed (s): 3.9330246448516846
processing batch of abstracts...
elapsed: 295.1658818721771
writing embeddings to csv file...
elapsed: 2.9362497329711914
embedding subchunk number 50.0...
elapsed (s): 3.105198860168457
processing batch of abstracts...
elapsed: 307.24899458885193
writing embeddings to csv file...
elapsed: 2.9507806301116943
embedding subchunk number 51.0...
elapsed (s): 3.1898813247680664
processing batch of abstracts...
elapsed: 317.6891334056854
writing embeddings to csv file...
elapsed: 3.252845048904419
embedding subchunk number 52.0...
elapsed (s): 3.3992743492126465
processing batch of abstracts...
elapsed: 296.3972201347351
writing embeddings to csv file...
elapsed: 3.233566999435425
embedding subchunk number 53.0...
elapsed (s): 3.4544756412506104
processing batch of abstracts...
elapsed: 296.215939283371
writing embeddings to csv file...
elapsed: 3.277644157409668
embedding subchunk number 54.0...
elapsed (s): 3.5235726833343506
processing batch of abstracts...
elapsed: 409.4348430633545
writing embeddings to csv file...
elapsed: 4.497393369674683
embedding subchunk number 55.0...
elapsed (s): 4.807008266448975
processing batch of abstracts...
elapsed: 568.2106907367706
writing embeddings to csv file...
elapsed: 5.593384265899658
embedding subchunk number 56.0...
elapsed (s): 5.8775718212127686
processing batch of abstracts...
elapsed: 593.1628336906433
writing embeddings to csv file...
elapsed: 5.383915662765503
embedding subchunk number 57.0...
elapsed (s): 5.728247165679932
processing batch of abstracts...
elapsed: 605.0292267799377
writing embeddings to csv file...
elapsed: 5.60799241065979
embedding subchunk number 58.0...
elapsed (s): 5.843012571334839
processing batch of abstracts...
elapsed: 510.98225712776184
writing embeddings to csv file...
elapsed: 5.156830787658691
embedding subchunk number 59.0...
elapsed (s): 5.463150501251221
processing batch of abstracts...
elapsed: 541.5930821895599
writing embeddings to csv file...
elapsed: 5.259652853012085
