My SLURM_ARRAY_TASK_I:  38
Input arguments: ['./embed_pubmed__array_gpu_job.py', '38']
slurm array id: 38
GPU sanity checks: 
device ID: 0
<torch.cuda.device object at 0x7f4e5bd10550>
N devices: 1
Tesla K80
is available? True
Spacy GPU? True
elapsed (s): 2.0090415477752686
embedding subchunk number 0.0...
elapsed (s): 0.07584309577941895
processing batch of abstracts...
elapsed: 0.9274449348449707
writing embeddings to csv file...
elapsed: 0.022095203399658203
embedding subchunk number 1.0...
elapsed (s): 0.2180464267730713
processing batch of abstracts...
elapsed: 539.0950479507446
writing embeddings to csv file...
elapsed: 5.058323860168457
embedding subchunk number 2.0...
elapsed (s): 5.194840908050537
processing batch of abstracts...
elapsed: 555.6862795352936
writing embeddings to csv file...
elapsed: 5.302236318588257
embedding subchunk number 3.0...
elapsed (s): 5.577406406402588
processing batch of abstracts...
elapsed: 596.8390033245087
writing embeddings to csv file...
elapsed: 5.342176675796509
embedding subchunk number 4.0...
elapsed (s): 5.550718307495117
processing batch of abstracts...
elapsed: 586.4995439052582
writing embeddings to csv file...
elapsed: 5.2075090408325195
embedding subchunk number 5.0...
elapsed (s): 5.5218117237091064
processing batch of abstracts...
elapsed: 581.8829083442688
writing embeddings to csv file...
elapsed: 5.2233664989471436
embedding subchunk number 6.0...
elapsed (s): 5.389509916305542
processing batch of abstracts...
elapsed: 558.9460275173187
writing embeddings to csv file...
elapsed: 5.17306661605835
embedding subchunk number 7.0...
elapsed (s): 5.4275641441345215
processing batch of abstracts...
elapsed: 514.4748742580414
writing embeddings to csv file...
elapsed: 4.763932943344116
embedding subchunk number 8.0...
elapsed (s): 4.956984043121338
processing batch of abstracts...
elapsed: 475.2594726085663
writing embeddings to csv file...
elapsed: 4.718583822250366
embedding subchunk number 9.0...
elapsed (s): 5.006456613540649
processing batch of abstracts...
elapsed: 405.76033306121826
writing embeddings to csv file...
elapsed: 4.064568042755127
embedding subchunk number 10.0...
elapsed (s): 4.3173980712890625
processing batch of abstracts...
elapsed: 455.9646339416504
writing embeddings to csv file...
elapsed: 4.554334878921509
embedding subchunk number 11.0...
elapsed (s): 4.844273328781128
processing batch of abstracts...
elapsed: 416.6322660446167
writing embeddings to csv file...
elapsed: 4.459039211273193
embedding subchunk number 12.0...
elapsed (s): 4.698961019515991
processing batch of abstracts...
elapsed: 410.4762496948242
writing embeddings to csv file...
elapsed: 4.026753664016724
embedding subchunk number 13.0...
elapsed (s): 4.237389326095581
processing batch of abstracts...
elapsed: 423.45939230918884
writing embeddings to csv file...
elapsed: 4.041753768920898
embedding subchunk number 14.0...
elapsed (s): 4.239679336547852
processing batch of abstracts...
elapsed: 344.834059715271
writing embeddings to csv file...
elapsed: 3.4365251064300537
embedding subchunk number 15.0...
elapsed (s): 3.673125743865967
processing batch of abstracts...
elapsed: 420.4034125804901
writing embeddings to csv file...
elapsed: 3.8867645263671875
embedding subchunk number 16.0...
elapsed (s): 4.12492299079895
processing batch of abstracts...
elapsed: 565.3660447597504
writing embeddings to csv file...
elapsed: 5.065883636474609
embedding subchunk number 17.0...
elapsed (s): 5.324774503707886
processing batch of abstracts...
elapsed: 527.1101832389832
writing embeddings to csv file...
elapsed: 4.723799705505371
embedding subchunk number 18.0...
elapsed (s): 4.9120261669158936
processing batch of abstracts...
elapsed: 406.37385082244873
writing embeddings to csv file...
elapsed: 3.6096577644348145
embedding subchunk number 19.0...
elapsed (s): 3.849656581878662
processing batch of abstracts...
elapsed: 355.02589082717896
writing embeddings to csv file...
elapsed: 3.286741018295288
embedding subchunk number 20.0...
elapsed (s): 3.4330995082855225
processing batch of abstracts...
elapsed: 320.78077149391174
writing embeddings to csv file...
elapsed: 3.0861361026763916
embedding subchunk number 21.0...
elapsed (s): 3.3028597831726074
processing batch of abstracts...
elapsed: 342.7147808074951
writing embeddings to csv file...
elapsed: 3.0624871253967285
embedding subchunk number 22.0...
elapsed (s): 3.240161895751953
processing batch of abstracts...
elapsed: 313.7872648239136
writing embeddings to csv file...
elapsed: 3.001096487045288
embedding subchunk number 23.0...
elapsed (s): 3.157484292984009
processing batch of abstracts...
elapsed: 245.85086178779602
writing embeddings to csv file...
elapsed: 2.3077034950256348
embedding subchunk number 24.0...
elapsed (s): 2.59818434715271
processing batch of abstracts...
elapsed: 485.3253288269043
writing embeddings to csv file...
elapsed: 4.5975258350372314
embedding subchunk number 25.0...
elapsed (s): 4.745311975479126
processing batch of abstracts...
elapsed: 309.6004180908203
writing embeddings to csv file...
elapsed: 3.17183780670166
embedding subchunk number 26.0...
elapsed (s): 3.4647204875946045
processing batch of abstracts...
elapsed: 293.33259201049805
writing embeddings to csv file...
elapsed: 3.0723717212677
embedding subchunk number 27.0...
elapsed (s): 3.1992809772491455
processing batch of abstracts...
elapsed: 304.794310092926
writing embeddings to csv file...
elapsed: 3.0251970291137695
embedding subchunk number 28.0...
elapsed (s): 3.2495663166046143
processing batch of abstracts...
elapsed: 283.63185238838196
writing embeddings to csv file...
elapsed: 3.0902791023254395
embedding subchunk number 29.0...
elapsed (s): 3.242826223373413
processing batch of abstracts...
elapsed: 309.32060289382935
writing embeddings to csv file...
elapsed: 3.2156665325164795
embedding subchunk number 30.0...
elapsed (s): 3.3434267044067383
processing batch of abstracts...
elapsed: 285.04521012306213
writing embeddings to csv file...
elapsed: 2.808736801147461
embedding subchunk number 31.0...
elapsed (s): 3.00236439704895
processing batch of abstracts...
elapsed: 297.01188564300537
writing embeddings to csv file...
elapsed: 3.077510118484497
embedding subchunk number 32.0...
elapsed (s): 3.284168004989624
processing batch of abstracts...
elapsed: 304.3606560230255
writing embeddings to csv file...
elapsed: 2.8155505657196045
embedding subchunk number 33.0...
elapsed (s): 3.074681282043457
processing batch of abstracts...
elapsed: 576.5404844284058
writing embeddings to csv file...
elapsed: 5.313177824020386
embedding subchunk number 34.0...
elapsed (s): 5.472622632980347
processing batch of abstracts...
elapsed: 459.8548746109009
writing embeddings to csv file...
elapsed: 4.400408983230591
embedding subchunk number 35.0...
elapsed (s): 4.677047491073608
processing batch of abstracts...
elapsed: 437.9603567123413
writing embeddings to csv file...
elapsed: 4.54250168800354
embedding subchunk number 36.0...
elapsed (s): 4.7364585399627686
processing batch of abstracts...
elapsed: 424.55519008636475
writing embeddings to csv file...
elapsed: 6.707090139389038
embedding subchunk number 37.0...
elapsed (s): 6.926137924194336
processing batch of abstracts...
elapsed: 320.1685609817505
writing embeddings to csv file...
elapsed: 3.2528140544891357
embedding subchunk number 38.0...
elapsed (s): 3.5542755126953125
processing batch of abstracts...
elapsed: 327.6328125
writing embeddings to csv file...
elapsed: 4.50595498085022
embedding subchunk number 39.0...
elapsed (s): 4.764651536941528
processing batch of abstracts...
elapsed: 318.7356548309326
writing embeddings to csv file...
elapsed: 3.5316543579101562
embedding subchunk number 40.0...
elapsed (s): 3.6997599601745605
processing batch of abstracts...
elapsed: 319.3621304035187
writing embeddings to csv file...
elapsed: 3.3779091835021973
embedding subchunk number 41.0...
elapsed (s): 3.6019272804260254
processing batch of abstracts...
elapsed: 333.93963050842285
writing embeddings to csv file...
elapsed: 3.4523186683654785
embedding subchunk number 42.0...
elapsed (s): 3.629739284515381
processing batch of abstracts...
elapsed: 323.6225583553314
writing embeddings to csv file...
elapsed: 3.2686963081359863
embedding subchunk number 43.0...
elapsed (s): 3.535306692123413
processing batch of abstracts...
elapsed: 347.00461316108704
writing embeddings to csv file...
elapsed: 3.584923267364502
embedding subchunk number 44.0...
elapsed (s): 3.6510283946990967
processing batch of abstracts...
elapsed: 187.16516542434692
writing embeddings to csv file...
elapsed: 2.8172354698181152
embedding subchunk number 45.0...
elapsed (s): 3.1192915439605713
processing batch of abstracts...
elapsed: 279.1550862789154
writing embeddings to csv file...
elapsed: 2.730541229248047
embedding subchunk number 46.0...
elapsed (s): 3.0384209156036377
processing batch of abstracts...
elapsed: 431.29915475845337
writing embeddings to csv file...
elapsed: 4.010334014892578
embedding subchunk number 47.0...
elapsed (s): 4.200469493865967
processing batch of abstracts...
elapsed: 286.39064860343933
writing embeddings to csv file...
elapsed: 2.5659048557281494
embedding subchunk number 48.0...
elapsed (s): 2.8074920177459717
processing batch of abstracts...
elapsed: 294.33447074890137
writing embeddings to csv file...
elapsed: 3.069683313369751
embedding subchunk number 49.0...
elapsed (s): 3.6260218620300293
processing batch of abstracts...
elapsed: 337.42777490615845
writing embeddings to csv file...
elapsed: 3.2559499740600586
embedding subchunk number 50.0...
elapsed (s): 3.5403285026550293
processing batch of abstracts...
elapsed: 384.9741234779358
writing embeddings to csv file...
elapsed: 3.43436336517334
embedding subchunk number 51.0...
elapsed (s): 3.6775050163269043
processing batch of abstracts...
elapsed: 376.13732528686523
writing embeddings to csv file...
elapsed: 3.39558482170105
embedding subchunk number 52.0...
elapsed (s): 3.714927911758423
processing batch of abstracts...
elapsed: 412.52087473869324
writing embeddings to csv file...
elapsed: 4.353783369064331
embedding subchunk number 53.0...
elapsed (s): 4.641932249069214
processing batch of abstracts...
elapsed: 565.9071197509766
writing embeddings to csv file...
elapsed: 6.646884918212891
embedding subchunk number 54.0...
elapsed (s): 6.978907823562622
processing batch of abstracts...
elapsed: 587.9508383274078
writing embeddings to csv file...
elapsed: 5.324731349945068
embedding subchunk number 55.0...
elapsed (s): 5.540446996688843
processing batch of abstracts...
elapsed: 516.5852015018463
writing embeddings to csv file...
elapsed: 4.725021839141846
embedding subchunk number 56.0...
elapsed (s): 5.052072286605835
processing batch of abstracts...
elapsed: 563.4748022556305
writing embeddings to csv file...
elapsed: 5.189133405685425
embedding subchunk number 57.0...
elapsed (s): 5.467653036117554
processing batch of abstracts...
elapsed: 597.7902343273163
writing embeddings to csv file...
elapsed: 6.2725982666015625
embedding subchunk number 58.0...
elapsed (s): 6.568682670593262
processing batch of abstracts...
elapsed: 552.3543918132782
writing embeddings to csv file...
elapsed: 5.586764812469482
embedding subchunk number 59.0...
elapsed (s): 5.780861139297485
processing batch of abstracts...
elapsed: 526.337345123291
writing embeddings to csv file...
elapsed: 5.003347158432007
