My SLURM_ARRAY_TASK_I:  41
Input arguments: ['./embed_pubmed__array_gpu_job.py', '41']
slurm array id: 41
GPU sanity checks: 
device ID: 0
<torch.cuda.device object at 0x7f94bc91d860>
N devices: 1
Tesla K80
is available? True
Spacy GPU? True
elapsed (s): 0.8320879936218262
embedding subchunk number 0.0...
elapsed (s): 0.05681490898132324
processing batch of abstracts...
elapsed: 0.3460099697113037
writing embeddings to csv file...
elapsed: 0.11762380599975586
embedding subchunk number 1.0...
elapsed (s): 0.32865428924560547
processing batch of abstracts...
elapsed: 647.0706558227539
writing embeddings to csv file...
elapsed: 5.332632303237915
embedding subchunk number 2.0...
elapsed (s): 5.521155595779419
processing batch of abstracts...
elapsed: 656.9985926151276
writing embeddings to csv file...
elapsed: 5.36207914352417
embedding subchunk number 3.0...
elapsed (s): 5.639611482620239
processing batch of abstracts...
elapsed: 613.1040515899658
writing embeddings to csv file...
elapsed: 5.162958860397339
embedding subchunk number 4.0...
elapsed (s): 5.362323760986328
processing batch of abstracts...
elapsed: 595.6566672325134
writing embeddings to csv file...
elapsed: 5.19995903968811
embedding subchunk number 5.0...
elapsed (s): 5.464845895767212
processing batch of abstracts...
elapsed: 568.2079348564148
writing embeddings to csv file...
elapsed: 4.908318758010864
embedding subchunk number 6.0...
elapsed (s): 5.124011754989624
processing batch of abstracts...
elapsed: 593.1611394882202
writing embeddings to csv file...
elapsed: 5.455109119415283
embedding subchunk number 7.0...
elapsed (s): 5.709338426589966
processing batch of abstracts...
elapsed: 528.9624614715576
writing embeddings to csv file...
elapsed: 4.789544343948364
embedding subchunk number 8.0...
elapsed (s): 4.942776441574097
processing batch of abstracts...
elapsed: 520.2233018875122
writing embeddings to csv file...
elapsed: 4.763185977935791
embedding subchunk number 9.0...
elapsed (s): 5.043314218521118
processing batch of abstracts...
elapsed: 491.46511936187744
writing embeddings to csv file...
elapsed: 4.7014195919036865
embedding subchunk number 10.0...
elapsed (s): 4.880400657653809
processing batch of abstracts...
elapsed: 503.9659934043884
writing embeddings to csv file...
elapsed: 5.050182580947876
embedding subchunk number 11.0...
elapsed (s): 5.320170879364014
processing batch of abstracts...
elapsed: 474.2793309688568
writing embeddings to csv file...
elapsed: 4.745152711868286
embedding subchunk number 12.0...
elapsed (s): 4.9468348026275635
processing batch of abstracts...
elapsed: 481.61758828163147
writing embeddings to csv file...
elapsed: 4.47485876083374
embedding subchunk number 13.0...
elapsed (s): 4.65824031829834
processing batch of abstracts...
elapsed: 505.69797229766846
writing embeddings to csv file...
elapsed: 4.8013598918914795
embedding subchunk number 14.0...
elapsed (s): 4.9871931076049805
processing batch of abstracts...
elapsed: 509.1922631263733
writing embeddings to csv file...
elapsed: 4.680959939956665
embedding subchunk number 15.0...
elapsed (s): 4.897119760513306
processing batch of abstracts...
elapsed: 497.5505483150482
writing embeddings to csv file...
elapsed: 4.578559875488281
embedding subchunk number 16.0...
elapsed (s): 4.824453830718994
processing batch of abstracts...
elapsed: 522.913072347641
writing embeddings to csv file...
elapsed: 6.0073020458221436
embedding subchunk number 17.0...
elapsed (s): 6.251147747039795
processing batch of abstracts...
elapsed: 520.536871433258
writing embeddings to csv file...
elapsed: 4.7887256145477295
embedding subchunk number 18.0...
elapsed (s): 4.986149311065674
processing batch of abstracts...
elapsed: 481.30808210372925
writing embeddings to csv file...
elapsed: 4.228523015975952
embedding subchunk number 19.0...
elapsed (s): 4.529040336608887
processing batch of abstracts...
elapsed: 513.3202192783356
writing embeddings to csv file...
elapsed: 4.825933456420898
embedding subchunk number 20.0...
elapsed (s): 5.036832571029663
processing batch of abstracts...
elapsed: 502.1374225616455
writing embeddings to csv file...
elapsed: 4.384544372558594
embedding subchunk number 21.0...
elapsed (s): 4.694653749465942
processing batch of abstracts...
elapsed: 600.8739941120148
writing embeddings to csv file...
elapsed: 5.116758823394775
embedding subchunk number 22.0...
elapsed (s): 5.316069841384888
processing batch of abstracts...
elapsed: 611.2108228206635
writing embeddings to csv file...
elapsed: 5.112581253051758
embedding subchunk number 23.0...
elapsed (s): 5.374252557754517
processing batch of abstracts...
elapsed: 453.3392288684845
writing embeddings to csv file...
elapsed: 4.837820768356323
embedding subchunk number 24.0...
elapsed (s): 4.911766290664673
processing batch of abstracts...
elapsed: 196.35339760780334
writing embeddings to csv file...
elapsed: 1.7216992378234863
embedding subchunk number 25.0...
elapsed (s): 1.9640491008758545
processing batch of abstracts...
elapsed: 610.1928539276123
writing embeddings to csv file...
elapsed: 5.290583372116089
embedding subchunk number 26.0...
elapsed (s): 5.5189619064331055
processing batch of abstracts...
elapsed: 543.7090165615082
writing embeddings to csv file...
elapsed: 5.003934621810913
embedding subchunk number 27.0...
elapsed (s): 5.197863578796387
processing batch of abstracts...
elapsed: 276.4931426048279
writing embeddings to csv file...
elapsed: 2.8595070838928223
embedding subchunk number 28.0...
elapsed (s): 3.118943929672241
processing batch of abstracts...
elapsed: 437.48867440223694
writing embeddings to csv file...
elapsed: 4.312155723571777
embedding subchunk number 29.0...
elapsed (s): 4.594822645187378
processing batch of abstracts...
elapsed: 606.2489478588104
writing embeddings to csv file...
elapsed: 5.9841532707214355
embedding subchunk number 30.0...
elapsed (s): 6.2939629554748535
processing batch of abstracts...
elapsed: 609.1260912418365
writing embeddings to csv file...
elapsed: 5.41999888420105
embedding subchunk number 31.0...
elapsed (s): 5.752518653869629
processing batch of abstracts...
elapsed: 591.7385416030884
writing embeddings to csv file...
elapsed: 5.073923349380493
embedding subchunk number 32.0...
elapsed (s): 5.316082954406738
processing batch of abstracts...
elapsed: 459.09423327445984
writing embeddings to csv file...
elapsed: 3.7990307807922363
embedding subchunk number 33.0...
elapsed (s): 4.055664539337158
processing batch of abstracts...
elapsed: 388.9911296367645
writing embeddings to csv file...
elapsed: 3.236711025238037
embedding subchunk number 34.0...
elapsed (s): 3.4394071102142334
processing batch of abstracts...
elapsed: 388.67632579803467
writing embeddings to csv file...
elapsed: 6.063899278640747
embedding subchunk number 35.0...
elapsed (s): 6.272802352905273
processing batch of abstracts...
elapsed: 366.69283962249756
writing embeddings to csv file...
elapsed: 3.249511480331421
embedding subchunk number 36.0...
elapsed (s): 3.437913179397583
processing batch of abstracts...
elapsed: 387.78257632255554
writing embeddings to csv file...
elapsed: 3.2208311557769775
embedding subchunk number 37.0...
elapsed (s): 3.4762797355651855
processing batch of abstracts...
elapsed: 314.27572798728943
writing embeddings to csv file...
elapsed: 2.591859817504883
embedding subchunk number 38.0...
elapsed (s): 2.818819046020508
processing batch of abstracts...
elapsed: 319.83264780044556
writing embeddings to csv file...
elapsed: 2.663254976272583
embedding subchunk number 39.0...
elapsed (s): 2.8876712322235107
processing batch of abstracts...
elapsed: 445.04962253570557
writing embeddings to csv file...
elapsed: 3.9198052883148193
embedding subchunk number 40.0...
elapsed (s): 4.159541130065918
processing batch of abstracts...
elapsed: 521.458783864975
writing embeddings to csv file...
elapsed: 5.037338733673096
embedding subchunk number 41.0...
elapsed (s): 5.53272008895874
processing batch of abstracts...
elapsed: 426.2099051475525
writing embeddings to csv file...
elapsed: 4.3780341148376465
embedding subchunk number 42.0...
elapsed (s): 4.793177127838135
processing batch of abstracts...
elapsed: 438.6378221511841
writing embeddings to csv file...
elapsed: 4.416816234588623
embedding subchunk number 43.0...
elapsed (s): 4.64655065536499
processing batch of abstracts...
elapsed: 417.7664632797241
writing embeddings to csv file...
elapsed: 4.784711599349976
embedding subchunk number 44.0...
elapsed (s): 4.997039794921875
processing batch of abstracts...
elapsed: 448.564950466156
writing embeddings to csv file...
elapsed: 4.538651466369629
embedding subchunk number 45.0...
elapsed (s): 4.797935724258423
processing batch of abstracts...
elapsed: 473.2705488204956
writing embeddings to csv file...
elapsed: 4.189784526824951
embedding subchunk number 46.0...
elapsed (s): 4.431175708770752
processing batch of abstracts...
elapsed: 341.2861907482147
writing embeddings to csv file...
elapsed: 2.9545629024505615
embedding subchunk number 47.0...
elapsed (s): 3.196042060852051
processing batch of abstracts...
elapsed: 357.2666120529175
writing embeddings to csv file...
elapsed: 3.0085504055023193
embedding subchunk number 48.0...
elapsed (s): 3.3148794174194336
processing batch of abstracts...
elapsed: 363.70092272758484
writing embeddings to csv file...
elapsed: 3.39259934425354
embedding subchunk number 49.0...
elapsed (s): 3.617140054702759
processing batch of abstracts...
elapsed: 350.7864158153534
writing embeddings to csv file...
elapsed: 3.614352226257324
embedding subchunk number 50.0...
elapsed (s): 3.733285903930664
processing batch of abstracts...
elapsed: 332.3895483016968
writing embeddings to csv file...
elapsed: 2.8148415088653564
embedding subchunk number 51.0...
elapsed (s): 3.041142702102661
processing batch of abstracts...
elapsed: 290.17807364463806
writing embeddings to csv file...
elapsed: 2.4931869506835938
embedding subchunk number 52.0...
elapsed (s): 2.652769088745117
processing batch of abstracts...
elapsed: 301.97869539260864
writing embeddings to csv file...
elapsed: 2.880133628845215
embedding subchunk number 53.0...
elapsed (s): 3.1711537837982178
processing batch of abstracts...
elapsed: 410.2995283603668
writing embeddings to csv file...
elapsed: 3.525801658630371
embedding subchunk number 54.0...
elapsed (s): 3.6674609184265137
processing batch of abstracts...
elapsed: 415.9339864253998
writing embeddings to csv file...
elapsed: 3.7337350845336914
embedding subchunk number 55.0...
elapsed (s): 4.046172142028809
processing batch of abstracts...
elapsed: 505.2949950695038
writing embeddings to csv file...
elapsed: 5.0219337940216064
embedding subchunk number 56.0...
elapsed (s): 5.18333888053894
processing batch of abstracts...
elapsed: 527.3734135627747
writing embeddings to csv file...
elapsed: 4.8232691287994385
embedding subchunk number 57.0...
elapsed (s): 5.056227207183838
processing batch of abstracts...
elapsed: 509.177836894989
writing embeddings to csv file...
elapsed: 4.723909616470337
embedding subchunk number 58.0...
elapsed (s): 4.934747695922852
processing batch of abstracts...
elapsed: 520.3747842311859
writing embeddings to csv file...
elapsed: 4.600904226303101
embedding subchunk number 59.0...
elapsed (s): 4.882830619812012
processing batch of abstracts...
elapsed: 568.0197620391846
writing embeddings to csv file...
elapsed: 4.966876983642578
