My SLURM_ARRAY_TASK_I:  36
Input arguments: ['./embed_pubmed__array_gpu_job.py', '36']
slurm array id: 36
GPU sanity checks: 
device ID: 0
<torch.cuda.device object at 0x7f7c85963860>
N devices: 1
Tesla K80
is available? True
Spacy GPU? True
elapsed (s): 0.8739850521087646
embedding subchunk number 0.0...
elapsed (s): 0.030660629272460938
processing batch of abstracts...
elapsed: 0.34069061279296875
writing embeddings to csv file...
elapsed: 0.009907245635986328
embedding subchunk number 1.0...
elapsed (s): 0.19841885566711426
processing batch of abstracts...
elapsed: 635.0136075019836
writing embeddings to csv file...
elapsed: 5.8177666664123535
embedding subchunk number 2.0...
elapsed (s): 5.964570760726929
processing batch of abstracts...
elapsed: 561.9747357368469
writing embeddings to csv file...
elapsed: 5.086789846420288
embedding subchunk number 3.0...
elapsed (s): 5.395989418029785
processing batch of abstracts...
elapsed: 617.1695249080658
writing embeddings to csv file...
elapsed: 5.468206882476807
embedding subchunk number 4.0...
elapsed (s): 5.734952926635742
processing batch of abstracts...
elapsed: 629.7258110046387
writing embeddings to csv file...
elapsed: 5.485570907592773
embedding subchunk number 5.0...
elapsed (s): 5.7911670207977295
processing batch of abstracts...
elapsed: 584.5005497932434
writing embeddings to csv file...
elapsed: 5.5597124099731445
embedding subchunk number 6.0...
elapsed (s): 5.884905099868774
processing batch of abstracts...
elapsed: 609.2943639755249
writing embeddings to csv file...
elapsed: 5.619932174682617
embedding subchunk number 7.0...
elapsed (s): 5.918667793273926
processing batch of abstracts...
elapsed: 417.72136640548706
writing embeddings to csv file...
elapsed: 3.907395124435425
embedding subchunk number 8.0...
elapsed (s): 4.169510126113892
processing batch of abstracts...
elapsed: 588.069445848465
writing embeddings to csv file...
elapsed: 5.336857318878174
embedding subchunk number 9.0...
elapsed (s): 5.429966688156128
processing batch of abstracts...
elapsed: 328.3725621700287
writing embeddings to csv file...
elapsed: 2.929090976715088
embedding subchunk number 10.0...
elapsed (s): 3.1879963874816895
processing batch of abstracts...
elapsed: 513.5479009151459
writing embeddings to csv file...
elapsed: 5.155050992965698
embedding subchunk number 11.0...
elapsed (s): 5.384349584579468
processing batch of abstracts...
elapsed: 567.0007200241089
writing embeddings to csv file...
elapsed: 5.308212518692017
embedding subchunk number 12.0...
elapsed (s): 5.566896200180054
processing batch of abstracts...
elapsed: 622.3046190738678
writing embeddings to csv file...
elapsed: 5.360897779464722
embedding subchunk number 13.0...
elapsed (s): 5.633212327957153
processing batch of abstracts...
elapsed: 559.6017427444458
writing embeddings to csv file...
elapsed: 5.258213043212891
embedding subchunk number 14.0...
elapsed (s): 5.683128833770752
processing batch of abstracts...
elapsed: 530.3899347782135
writing embeddings to csv file...
elapsed: 5.0791215896606445
embedding subchunk number 15.0...
elapsed (s): 5.262831449508667
processing batch of abstracts...
elapsed: 468.78111147880554
writing embeddings to csv file...
elapsed: 4.962239503860474
embedding subchunk number 16.0...
elapsed (s): 5.200270175933838
processing batch of abstracts...
elapsed: 392.3679780960083
writing embeddings to csv file...
elapsed: 3.6696126461029053
embedding subchunk number 17.0...
elapsed (s): 3.8948466777801514
processing batch of abstracts...
elapsed: 395.6669821739197
writing embeddings to csv file...
elapsed: 3.7660105228424072
embedding subchunk number 18.0...
elapsed (s): 3.976189613342285
processing batch of abstracts...
elapsed: 388.44720935821533
writing embeddings to csv file...
elapsed: 3.6912460327148438
embedding subchunk number 19.0...
elapsed (s): 3.978769302368164
processing batch of abstracts...
elapsed: 389.3018147945404
writing embeddings to csv file...
elapsed: 3.6533989906311035
embedding subchunk number 20.0...
elapsed (s): 4.000260829925537
processing batch of abstracts...
elapsed: 374.26370310783386
writing embeddings to csv file...
elapsed: 3.5995419025421143
embedding subchunk number 21.0...
elapsed (s): 3.7747015953063965
processing batch of abstracts...
elapsed: 369.4769809246063
writing embeddings to csv file...
elapsed: 3.3794069290161133
embedding subchunk number 22.0...
elapsed (s): 3.7409708499908447
processing batch of abstracts...
elapsed: 317.42632269859314
writing embeddings to csv file...
elapsed: 3.0971055030822754
embedding subchunk number 23.0...
elapsed (s): 3.272132158279419
processing batch of abstracts...
elapsed: 339.6096396446228
writing embeddings to csv file...
elapsed: 3.149364471435547
embedding subchunk number 24.0...
elapsed (s): 3.3898916244506836
processing batch of abstracts...
elapsed: 268.1092553138733
writing embeddings to csv file...
elapsed: 2.7286062240600586
embedding subchunk number 25.0...
elapsed (s): 2.936471462249756
processing batch of abstracts...
elapsed: 414.11669516563416
writing embeddings to csv file...
elapsed: 4.539138317108154
embedding subchunk number 26.0...
elapsed (s): 4.95196270942688
processing batch of abstracts...
elapsed: 462.9920313358307
writing embeddings to csv file...
elapsed: 4.64192533493042
embedding subchunk number 27.0...
elapsed (s): 4.856156587600708
processing batch of abstracts...
elapsed: 447.5014169216156
writing embeddings to csv file...
elapsed: 4.488757848739624
embedding subchunk number 28.0...
elapsed (s): 4.735939025878906
processing batch of abstracts...
elapsed: 379.7147727012634
writing embeddings to csv file...
elapsed: 4.07122802734375
embedding subchunk number 29.0...
elapsed (s): 4.263470888137817
processing batch of abstracts...
elapsed: 408.7085032463074
writing embeddings to csv file...
elapsed: 4.326596736907959
embedding subchunk number 30.0...
elapsed (s): 4.5801475048065186
processing batch of abstracts...
elapsed: 421.587858915329
writing embeddings to csv file...
elapsed: 4.242573976516724
embedding subchunk number 31.0...
elapsed (s): 4.411778450012207
processing batch of abstracts...
elapsed: 405.6019332408905
writing embeddings to csv file...
elapsed: 4.277252197265625
embedding subchunk number 32.0...
elapsed (s): 4.538433790206909
processing batch of abstracts...
elapsed: 420.28098130226135
writing embeddings to csv file...
elapsed: 4.544405460357666
embedding subchunk number 33.0...
elapsed (s): 4.756705045700073
processing batch of abstracts...
elapsed: 499.822163105011
writing embeddings to csv file...
elapsed: 5.092942714691162
embedding subchunk number 34.0...
elapsed (s): 5.350720405578613
processing batch of abstracts...
elapsed: 483.5200619697571
writing embeddings to csv file...
elapsed: 4.786066055297852
embedding subchunk number 35.0...
elapsed (s): 4.963155746459961
processing batch of abstracts...
elapsed: 459.29948139190674
writing embeddings to csv file...
elapsed: 4.648216247558594
embedding subchunk number 36.0...
elapsed (s): 4.923084497451782
processing batch of abstracts...
elapsed: 473.76940083503723
writing embeddings to csv file...
elapsed: 4.706916809082031
embedding subchunk number 37.0...
elapsed (s): 5.047885179519653
processing batch of abstracts...
elapsed: 435.4575526714325
writing embeddings to csv file...
elapsed: 4.61754584312439
embedding subchunk number 38.0...
elapsed (s): 4.933975696563721
processing batch of abstracts...
elapsed: 549.7015562057495
writing embeddings to csv file...
elapsed: 4.923872709274292
embedding subchunk number 39.0...
elapsed (s): 5.01624608039856
processing batch of abstracts...
elapsed: 277.8999881744385
writing embeddings to csv file...
elapsed: 2.4847328662872314
embedding subchunk number 40.0...
elapsed (s): 2.5751776695251465
processing batch of abstracts...
elapsed: 164.5554449558258
writing embeddings to csv file...
elapsed: 1.572685718536377
embedding subchunk number 41.0...
elapsed (s): 1.6358990669250488
processing batch of abstracts...
elapsed: 15.510462522506714
writing embeddings to csv file...
elapsed: 0.16525506973266602
embedding subchunk number 42.0...
elapsed (s): 0.34781336784362793
processing batch of abstracts...
elapsed: 215.40874433517456
writing embeddings to csv file...
elapsed: 2.0394504070281982
embedding subchunk number 43.0...
elapsed (s): 2.310148239135742
processing batch of abstracts...
elapsed: 523.2782168388367
writing embeddings to csv file...
elapsed: 5.082040309906006
embedding subchunk number 44.0...
elapsed (s): 5.350935697555542
processing batch of abstracts...
elapsed: 513.5076704025269
writing embeddings to csv file...
elapsed: 4.967467546463013
embedding subchunk number 45.0...
elapsed (s): 5.2144553661346436
processing batch of abstracts...
elapsed: 492.681667804718
writing embeddings to csv file...
elapsed: 4.873357534408569
embedding subchunk number 46.0...
elapsed (s): 5.159473180770874
processing batch of abstracts...
elapsed: 541.1128225326538
writing embeddings to csv file...
elapsed: 4.788193464279175
embedding subchunk number 47.0...
elapsed (s): 5.063148736953735
processing batch of abstracts...
elapsed: 511.3043088912964
writing embeddings to csv file...
elapsed: 4.8453333377838135
embedding subchunk number 48.0...
elapsed (s): 5.0813353061676025
processing batch of abstracts...
elapsed: 472.8198733329773
writing embeddings to csv file...
elapsed: 4.431680917739868
embedding subchunk number 49.0...
elapsed (s): 4.702120065689087
processing batch of abstracts...
elapsed: 535.9594986438751
writing embeddings to csv file...
elapsed: 4.758540153503418
embedding subchunk number 50.0...
elapsed (s): 5.043207168579102
processing batch of abstracts...
elapsed: 604.2865538597107
writing embeddings to csv file...
elapsed: 5.106815576553345
embedding subchunk number 51.0...
elapsed (s): 5.3524932861328125
processing batch of abstracts...
elapsed: 451.06122756004333
writing embeddings to csv file...
elapsed: 3.9609532356262207
embedding subchunk number 52.0...
elapsed (s): 4.2139551639556885
processing batch of abstracts...
elapsed: 355.12035369873047
writing embeddings to csv file...
elapsed: 3.0938196182250977
embedding subchunk number 53.0...
elapsed (s): 3.3133480548858643
processing batch of abstracts...
elapsed: 370.40236234664917
writing embeddings to csv file...
elapsed: 3.074007272720337
embedding subchunk number 54.0...
elapsed (s): 3.2934176921844482
processing batch of abstracts...
elapsed: 364.07510590553284
writing embeddings to csv file...
elapsed: 3.1880698204040527
embedding subchunk number 55.0...
elapsed (s): 3.3738510608673096
processing batch of abstracts...
elapsed: 302.1550407409668
writing embeddings to csv file...
elapsed: 2.6061928272247314
embedding subchunk number 56.0...
elapsed (s): 2.7951362133026123
processing batch of abstracts...
elapsed: 309.17256593704224
writing embeddings to csv file...
elapsed: 2.519679069519043
embedding subchunk number 57.0...
elapsed (s): 2.756129264831543
processing batch of abstracts...
elapsed: 372.1648406982422
writing embeddings to csv file...
elapsed: 3.377405881881714
embedding subchunk number 58.0...
elapsed (s): 3.627676248550415
processing batch of abstracts...
elapsed: 454.6571054458618
writing embeddings to csv file...
elapsed: 4.409715175628662
embedding subchunk number 59.0...
elapsed (s): 4.7497758865356445
processing batch of abstracts...
elapsed: 484.3937418460846
writing embeddings to csv file...
elapsed: 4.531558990478516
