My SLURM_ARRAY_TASK_I:  21
Input arguments: ['./embed_pubmed__array_gpu_job.py', '21']
slurm array id: 21
GPU sanity checks: 
device ID: 0
<torch.cuda.device object at 0x7f0108e827b8>
N devices: 1
Tesla K80
is available? True
Spacy GPU? True
elapsed (s): 2.275221109390259
embedding subchunk number 0.0...
elapsed (s): 0.13857340812683105
processing batch of abstracts...
elapsed: 0.6831841468811035
writing embeddings to csv file...
elapsed: 0.018933534622192383
embedding subchunk number 1.0...
elapsed (s): 0.17195916175842285
processing batch of abstracts...
elapsed: 517.7383599281311
writing embeddings to csv file...
elapsed: 8.527014017105103
embedding subchunk number 2.0...
elapsed (s): 8.710273742675781
processing batch of abstracts...
elapsed: 478.5717794895172
writing embeddings to csv file...
elapsed: 7.833587884902954
embedding subchunk number 3.0...
elapsed (s): 8.014575481414795
processing batch of abstracts...
elapsed: 310.0151822566986
writing embeddings to csv file...
elapsed: 7.8692615032196045
embedding subchunk number 4.0...
elapsed (s): 8.099029779434204
processing batch of abstracts...
elapsed: 323.4217994213104
writing embeddings to csv file...
elapsed: 7.980173349380493
embedding subchunk number 5.0...
elapsed (s): 8.084039449691772
processing batch of abstracts...
elapsed: 145.10565209388733
writing embeddings to csv file...
elapsed: 7.441200256347656
embedding subchunk number 6.0...
elapsed (s): 7.611122369766235
processing batch of abstracts...
elapsed: 236.28294277191162
writing embeddings to csv file...
elapsed: 7.471491575241089
embedding subchunk number 7.0...
elapsed (s): 7.724256277084351
processing batch of abstracts...
elapsed: 597.3853979110718
writing embeddings to csv file...
elapsed: 7.857997417449951
embedding subchunk number 8.0...
elapsed (s): 8.114532709121704
processing batch of abstracts...
elapsed: 613.8867287635803
writing embeddings to csv file...
elapsed: 7.449129343032837
embedding subchunk number 9.0...
elapsed (s): 7.715525150299072
processing batch of abstracts...
elapsed: 503.16978669166565
writing embeddings to csv file...
elapsed: 7.533994913101196
embedding subchunk number 10.0...
elapsed (s): 7.75438380241394
processing batch of abstracts...
elapsed: 524.2822198867798
writing embeddings to csv file...
elapsed: 7.4849021434783936
embedding subchunk number 11.0...
elapsed (s): 7.798768043518066
processing batch of abstracts...
elapsed: 573.1017227172852
writing embeddings to csv file...
elapsed: 7.854511260986328
embedding subchunk number 12.0...
elapsed (s): 8.114002227783203
processing batch of abstracts...
elapsed: 587.6295297145844
writing embeddings to csv file...
elapsed: 7.431047439575195
embedding subchunk number 13.0...
elapsed (s): 7.689148664474487
processing batch of abstracts...
elapsed: 587.3050792217255
writing embeddings to csv file...
elapsed: 7.522608280181885
embedding subchunk number 14.0...
elapsed (s): 7.82099175453186
processing batch of abstracts...
elapsed: 621.3981699943542
writing embeddings to csv file...
elapsed: 7.746184349060059
embedding subchunk number 15.0...
elapsed (s): 8.01646876335144
processing batch of abstracts...
elapsed: 617.7495350837708
writing embeddings to csv file...
elapsed: 7.685073614120483
embedding subchunk number 16.0...
elapsed (s): 7.950148344039917
processing batch of abstracts...
elapsed: 629.5165247917175
writing embeddings to csv file...
elapsed: 7.44344687461853
embedding subchunk number 17.0...
elapsed (s): 7.664579153060913
processing batch of abstracts...
elapsed: 597.4274134635925
writing embeddings to csv file...
elapsed: 7.7583699226379395
embedding subchunk number 18.0...
elapsed (s): 7.958656311035156
processing batch of abstracts...
elapsed: 392.3710684776306
writing embeddings to csv file...
elapsed: 7.549971342086792
embedding subchunk number 19.0...
elapsed (s): 7.805574655532837
processing batch of abstracts...
elapsed: 613.8256943225861
writing embeddings to csv file...
elapsed: 7.733126640319824
embedding subchunk number 20.0...
elapsed (s): 7.987746000289917
processing batch of abstracts...
elapsed: 626.182820558548
writing embeddings to csv file...
elapsed: 7.5657312870025635
embedding subchunk number 21.0...
elapsed (s): 7.761516571044922
processing batch of abstracts...
elapsed: 420.35083866119385
writing embeddings to csv file...
elapsed: 7.49034857749939
embedding subchunk number 22.0...
elapsed (s): 7.536369800567627
processing batch of abstracts...
elapsed: 94.73149800300598
writing embeddings to csv file...
elapsed: 7.77631688117981
embedding subchunk number 23.0...
elapsed (s): 7.825884819030762
processing batch of abstracts...
elapsed: 50.556366205215454
writing embeddings to csv file...
elapsed: 7.4687440395355225
embedding subchunk number 24.0...
elapsed (s): 7.671316146850586
processing batch of abstracts...
elapsed: 308.6835753917694
writing embeddings to csv file...
elapsed: 7.424227714538574
embedding subchunk number 25.0...
elapsed (s): 7.679975271224976
processing batch of abstracts...
elapsed: 602.7644124031067
writing embeddings to csv file...
elapsed: 7.535163402557373
embedding subchunk number 26.0...
elapsed (s): 7.80001425743103
processing batch of abstracts...
elapsed: 579.2452399730682
writing embeddings to csv file...
elapsed: 7.4546942710876465
embedding subchunk number 27.0...
elapsed (s): 7.62940788269043
processing batch of abstracts...
elapsed: 398.1524648666382
writing embeddings to csv file...
elapsed: 7.525810718536377
embedding subchunk number 28.0...
elapsed (s): 7.78395676612854
processing batch of abstracts...
elapsed: 446.6775133609772
writing embeddings to csv file...
elapsed: 7.71519136428833
embedding subchunk number 29.0...
elapsed (s): 7.901774883270264
processing batch of abstracts...
elapsed: 462.48904514312744
writing embeddings to csv file...
elapsed: 7.437175512313843
embedding subchunk number 30.0...
elapsed (s): 7.70125937461853
processing batch of abstracts...
elapsed: 470.9452669620514
writing embeddings to csv file...
elapsed: 7.471115350723267
embedding subchunk number 31.0...
elapsed (s): 7.636998653411865
processing batch of abstracts...
elapsed: 460.0011785030365
writing embeddings to csv file...
elapsed: 7.512774229049683
embedding subchunk number 32.0...
elapsed (s): 7.759178400039673
processing batch of abstracts...
elapsed: 384.13870310783386
writing embeddings to csv file...
elapsed: 7.727274656295776
embedding subchunk number 33.0...
elapsed (s): 7.924900054931641
processing batch of abstracts...
elapsed: 438.8039457798004
writing embeddings to csv file...
elapsed: 7.533822059631348
embedding subchunk number 34.0...
elapsed (s): 7.7935614585876465
processing batch of abstracts...
elapsed: 447.75755858421326
writing embeddings to csv file...
elapsed: 7.43391227722168
embedding subchunk number 35.0...
elapsed (s): 7.665309906005859
processing batch of abstracts...
elapsed: 430.61097741127014
writing embeddings to csv file...
elapsed: 7.454486131668091
embedding subchunk number 36.0...
elapsed (s): 7.759279251098633
processing batch of abstracts...
elapsed: 591.3702509403229
writing embeddings to csv file...
elapsed: 7.449256658554077
embedding subchunk number 37.0...
elapsed (s): 7.568549633026123
processing batch of abstracts...
elapsed: 486.86987113952637
writing embeddings to csv file...
elapsed: 7.883794069290161
embedding subchunk number 38.0...
elapsed (s): 8.125192880630493
processing batch of abstracts...
elapsed: 437.5504894256592
writing embeddings to csv file...
elapsed: 7.598343849182129
embedding subchunk number 39.0...
elapsed (s): 7.795600175857544
processing batch of abstracts...
elapsed: 429.38255310058594
writing embeddings to csv file...
elapsed: 7.592862844467163
embedding subchunk number 40.0...
elapsed (s): 7.842286109924316
processing batch of abstracts...
elapsed: 413.0563163757324
writing embeddings to csv file...
elapsed: 7.594674348831177
embedding subchunk number 41.0...
elapsed (s): 7.789421081542969
processing batch of abstracts...
elapsed: 422.6466088294983
writing embeddings to csv file...
elapsed: 7.496780633926392
embedding subchunk number 42.0...
elapsed (s): 7.754981517791748
processing batch of abstracts...
elapsed: 518.2462697029114
writing embeddings to csv file...
elapsed: 7.805644989013672
embedding subchunk number 43.0...
elapsed (s): 7.90564227104187
processing batch of abstracts...
elapsed: 342.0420117378235
writing embeddings to csv file...
elapsed: 7.4964919090271
embedding subchunk number 44.0...
elapsed (s): 7.712566137313843
processing batch of abstracts...
elapsed: 328.02409648895264
writing embeddings to csv file...
elapsed: 7.603424787521362
embedding subchunk number 45.0...
elapsed (s): 7.745866537094116
processing batch of abstracts...
elapsed: 309.89761686325073
writing embeddings to csv file...
elapsed: 7.442834138870239
embedding subchunk number 46.0...
elapsed (s): 7.739675521850586
processing batch of abstracts...
elapsed: 339.02847385406494
writing embeddings to csv file...
elapsed: 7.527268886566162
embedding subchunk number 47.0...
elapsed (s): 7.692993879318237
processing batch of abstracts...
elapsed: 320.01056599617004
writing embeddings to csv file...
elapsed: 7.485349893569946
embedding subchunk number 48.0...
elapsed (s): 7.676470756530762
processing batch of abstracts...
elapsed: 341.73194456100464
writing embeddings to csv file...
elapsed: 7.452260255813599
embedding subchunk number 49.0...
elapsed (s): 7.6519553661346436
processing batch of abstracts...
elapsed: 322.3681855201721
writing embeddings to csv file...
elapsed: 7.6782732009887695
embedding subchunk number 50.0...
elapsed (s): 7.840710639953613
processing batch of abstracts...
elapsed: 225.68247604370117
writing embeddings to csv file...
elapsed: 7.377736330032349
embedding subchunk number 51.0...
elapsed (s): 7.58355975151062
processing batch of abstracts...
elapsed: 199.09641766548157
writing embeddings to csv file...
elapsed: 7.444611072540283
embedding subchunk number 52.0...
elapsed (s): 7.699458122253418
processing batch of abstracts...
elapsed: 465.2808578014374
writing embeddings to csv file...
elapsed: 7.465422868728638
embedding subchunk number 53.0...
elapsed (s): 7.601518154144287
processing batch of abstracts...
elapsed: 402.5867714881897
writing embeddings to csv file...
elapsed: 7.7564027309417725
embedding subchunk number 54.0...
elapsed (s): 7.976529359817505
processing batch of abstracts...
elapsed: 328.357595205307
writing embeddings to csv file...
elapsed: 7.751692056655884
embedding subchunk number 55.0...
elapsed (s): 7.850709438323975
processing batch of abstracts...
elapsed: 248.74286723136902
writing embeddings to csv file...
elapsed: 7.394790410995483
embedding subchunk number 56.0...
elapsed (s): 7.584465742111206
processing batch of abstracts...
elapsed: 270.55124044418335
writing embeddings to csv file...
elapsed: 7.454498052597046
embedding subchunk number 57.0...
elapsed (s): 7.5719335079193115
processing batch of abstracts...
elapsed: 252.06080651283264
writing embeddings to csv file...
elapsed: 8.29323697090149
embedding subchunk number 58.0...
elapsed (s): 8.51826524734497
processing batch of abstracts...
elapsed: 275.07919001579285
writing embeddings to csv file...
elapsed: 7.444719552993774
embedding subchunk number 59.0...
elapsed (s): 7.724361896514893
processing batch of abstracts...
elapsed: 350.2344892024994
writing embeddings to csv file...
elapsed: 7.553635597229004
