My SLURM_ARRAY_TASK_I:  32
Input arguments: ['./embed_pubmed__array_gpu_job.py', '32']
slurm array id: 32
GPU sanity checks: 
device ID: 0
<torch.cuda.device object at 0x7f68f56ed7b8>
N devices: 1
Tesla K80
is available? True
Spacy GPU? True
elapsed (s): 2.1002724170684814
embedding subchunk number 0.0...
elapsed (s): 0.10312056541442871
processing batch of abstracts...
elapsed: 0.8603816032409668
writing embeddings to csv file...
elapsed: 0.0067958831787109375
embedding subchunk number 1.0...
elapsed (s): 0.21961379051208496
processing batch of abstracts...
elapsed: 399.3833327293396
writing embeddings to csv file...
elapsed: 7.649370431900024
embedding subchunk number 2.0...
elapsed (s): 7.754813194274902
processing batch of abstracts...
elapsed: 363.0862956047058
writing embeddings to csv file...
elapsed: 7.529342889785767
embedding subchunk number 3.0...
elapsed (s): 7.743149280548096
processing batch of abstracts...
elapsed: 369.25641989707947
writing embeddings to csv file...
elapsed: 7.501053810119629
embedding subchunk number 4.0...
elapsed (s): 7.620494365692139
processing batch of abstracts...
elapsed: 370.29816198349
writing embeddings to csv file...
elapsed: 7.433403253555298
embedding subchunk number 5.0...
elapsed (s): 7.6272242069244385
processing batch of abstracts...
elapsed: 197.41546869277954
writing embeddings to csv file...
elapsed: 7.558741331100464
embedding subchunk number 6.0...
elapsed (s): 7.731359958648682
processing batch of abstracts...
elapsed: 303.7081925868988
writing embeddings to csv file...
elapsed: 7.392700672149658
embedding subchunk number 7.0...
elapsed (s): 7.647001504898071
processing batch of abstracts...
elapsed: 465.8842284679413
writing embeddings to csv file...
elapsed: 7.430563926696777
embedding subchunk number 8.0...
elapsed (s): 7.626599311828613
processing batch of abstracts...
elapsed: 353.8146734237671
writing embeddings to csv file...
elapsed: 7.431988716125488
embedding subchunk number 9.0...
elapsed (s): 7.673812389373779
processing batch of abstracts...
elapsed: 432.5965931415558
writing embeddings to csv file...
elapsed: 7.408473491668701
embedding subchunk number 10.0...
elapsed (s): 7.581775665283203
processing batch of abstracts...
elapsed: 426.05304503440857
writing embeddings to csv file...
elapsed: 7.506379842758179
embedding subchunk number 11.0...
elapsed (s): 7.885633945465088
processing batch of abstracts...
elapsed: 436.92025661468506
writing embeddings to csv file...
elapsed: 7.403428554534912
embedding subchunk number 12.0...
elapsed (s): 7.590137004852295
processing batch of abstracts...
elapsed: 449.91193771362305
writing embeddings to csv file...
elapsed: 7.381130218505859
embedding subchunk number 13.0...
elapsed (s): 7.607903957366943
processing batch of abstracts...
elapsed: 290.92992663383484
writing embeddings to csv file...
elapsed: 7.4016759395599365
embedding subchunk number 14.0...
elapsed (s): 7.680927276611328
processing batch of abstracts...
elapsed: 426.453106880188
writing embeddings to csv file...
elapsed: 7.38657546043396
embedding subchunk number 15.0...
elapsed (s): 7.63221549987793
processing batch of abstracts...
elapsed: 561.5325610637665
writing embeddings to csv file...
elapsed: 7.427677392959595
embedding subchunk number 16.0...
elapsed (s): 7.713723659515381
processing batch of abstracts...
elapsed: 581.9494926929474
writing embeddings to csv file...
elapsed: 7.467427015304565
embedding subchunk number 17.0...
elapsed (s): 7.769246339797974
processing batch of abstracts...
elapsed: 585.8121612071991
writing embeddings to csv file...
elapsed: 7.352842807769775
embedding subchunk number 18.0...
elapsed (s): 7.805919647216797
processing batch of abstracts...
elapsed: 589.7643151283264
writing embeddings to csv file...
elapsed: 7.484056711196899
embedding subchunk number 19.0...
elapsed (s): 7.784185886383057
processing batch of abstracts...
elapsed: 593.1752264499664
writing embeddings to csv file...
elapsed: 7.440599679946899
embedding subchunk number 20.0...
elapsed (s): 7.716837167739868
processing batch of abstracts...
elapsed: 588.8508410453796
writing embeddings to csv file...
elapsed: 7.510564088821411
embedding subchunk number 21.0...
elapsed (s): 7.831035852432251
processing batch of abstracts...
elapsed: 593.8961651325226
writing embeddings to csv file...
elapsed: 7.4550909996032715
embedding subchunk number 22.0...
elapsed (s): 7.674134016036987
processing batch of abstracts...
elapsed: 440.55276918411255
writing embeddings to csv file...
elapsed: 7.484419107437134
embedding subchunk number 23.0...
elapsed (s): 7.684110641479492
processing batch of abstracts...
elapsed: 385.8985986709595
writing embeddings to csv file...
elapsed: 7.525791645050049
embedding subchunk number 24.0...
elapsed (s): 7.684507369995117
processing batch of abstracts...
elapsed: 382.5451748371124
writing embeddings to csv file...
elapsed: 7.339243650436401
embedding subchunk number 25.0...
elapsed (s): 7.554210424423218
processing batch of abstracts...
elapsed: 385.8892705440521
writing embeddings to csv file...
elapsed: 7.364388704299927
embedding subchunk number 26.0...
elapsed (s): 7.489120244979858
processing batch of abstracts...
elapsed: 372.27951741218567
writing embeddings to csv file...
elapsed: 7.39373254776001
embedding subchunk number 27.0...
elapsed (s): 7.635967016220093
processing batch of abstracts...
elapsed: 395.3459985256195
writing embeddings to csv file...
elapsed: 7.402838706970215
embedding subchunk number 28.0...
elapsed (s): 7.5574951171875
processing batch of abstracts...
elapsed: 392.4633300304413
writing embeddings to csv file...
elapsed: 7.334669351577759
embedding subchunk number 29.0...
elapsed (s): 7.683964729309082
processing batch of abstracts...
elapsed: 406.14252972602844
writing embeddings to csv file...
elapsed: 7.330512762069702
embedding subchunk number 30.0...
elapsed (s): 7.556065320968628
processing batch of abstracts...
elapsed: 496.8729920387268
writing embeddings to csv file...
elapsed: 7.490820646286011
embedding subchunk number 31.0...
elapsed (s): 7.747629642486572
processing batch of abstracts...
elapsed: 521.3050801753998
writing embeddings to csv file...
elapsed: 7.50147271156311
embedding subchunk number 32.0...
elapsed (s): 7.780075788497925
processing batch of abstracts...
elapsed: 554.5362417697906
writing embeddings to csv file...
elapsed: 7.534112453460693
embedding subchunk number 33.0...
elapsed (s): 7.851850986480713
processing batch of abstracts...
elapsed: 543.9273645877838
writing embeddings to csv file...
elapsed: 7.582585334777832
embedding subchunk number 34.0...
elapsed (s): 7.797051191329956
processing batch of abstracts...
elapsed: 488.6848454475403
writing embeddings to csv file...
elapsed: 7.471769332885742
embedding subchunk number 35.0...
elapsed (s): 7.76833963394165
processing batch of abstracts...
elapsed: 504.1627607345581
writing embeddings to csv file...
elapsed: 7.4294304847717285
embedding subchunk number 36.0...
elapsed (s): 7.697252511978149
processing batch of abstracts...
elapsed: 566.4775612354279
writing embeddings to csv file...
elapsed: 7.3918845653533936
embedding subchunk number 37.0...
elapsed (s): 7.620816230773926
processing batch of abstracts...
elapsed: 557.3065962791443
writing embeddings to csv file...
elapsed: 7.415503740310669
embedding subchunk number 38.0...
elapsed (s): 7.709496259689331
processing batch of abstracts...
elapsed: 588.2583076953888
writing embeddings to csv file...
elapsed: 7.4874796867370605
embedding subchunk number 39.0...
elapsed (s): 7.7448859214782715
processing batch of abstracts...
elapsed: 578.8177175521851
writing embeddings to csv file...
elapsed: 7.422983169555664
embedding subchunk number 40.0...
elapsed (s): 7.639022350311279
processing batch of abstracts...
elapsed: 522.9727630615234
writing embeddings to csv file...
elapsed: 7.369775056838989
embedding subchunk number 41.0...
elapsed (s): 7.6083738803863525
processing batch of abstracts...
elapsed: 527.539678812027
writing embeddings to csv file...
elapsed: 7.135732889175415
embedding subchunk number 42.0...
elapsed (s): 7.404584169387817
processing batch of abstracts...
elapsed: 524.6762962341309
writing embeddings to csv file...
elapsed: 7.146567344665527
embedding subchunk number 43.0...
elapsed (s): 7.400228023529053
processing batch of abstracts...
elapsed: 550.5712511539459
writing embeddings to csv file...
elapsed: 7.15841269493103
embedding subchunk number 44.0...
elapsed (s): 7.528533458709717
processing batch of abstracts...
elapsed: 541.6111614704132
writing embeddings to csv file...
elapsed: 7.161821365356445
embedding subchunk number 45.0...
elapsed (s): 7.436245918273926
processing batch of abstracts...
elapsed: 525.0240051746368
writing embeddings to csv file...
elapsed: 7.21185827255249
embedding subchunk number 46.0...
elapsed (s): 7.6192944049835205
processing batch of abstracts...
elapsed: 542.0717952251434
writing embeddings to csv file...
elapsed: 7.114682674407959
embedding subchunk number 47.0...
elapsed (s): 7.369987487792969
processing batch of abstracts...
elapsed: 525.6758778095245
writing embeddings to csv file...
elapsed: 7.131011486053467
embedding subchunk number 48.0...
elapsed (s): 7.443460702896118
processing batch of abstracts...
elapsed: 516.1413569450378
writing embeddings to csv file...
elapsed: 7.12398362159729
embedding subchunk number 49.0...
elapsed (s): 7.377963304519653
processing batch of abstracts...
elapsed: 546.7672371864319
writing embeddings to csv file...
elapsed: 7.167773723602295
embedding subchunk number 50.0...
elapsed (s): 7.417521953582764
processing batch of abstracts...
elapsed: 525.4885416030884
writing embeddings to csv file...
elapsed: 7.402961254119873
embedding subchunk number 51.0...
elapsed (s): 7.620910882949829
processing batch of abstracts...
elapsed: 507.6532816886902
writing embeddings to csv file...
elapsed: 7.502049684524536
embedding subchunk number 52.0...
elapsed (s): 7.763794422149658
processing batch of abstracts...
elapsed: 499.11095118522644
writing embeddings to csv file...
elapsed: 7.50667929649353
embedding subchunk number 53.0...
elapsed (s): 7.7018210887908936
processing batch of abstracts...
elapsed: 427.40599966049194
writing embeddings to csv file...
elapsed: 7.468701124191284
embedding subchunk number 54.0...
elapsed (s): 7.6550140380859375
processing batch of abstracts...
elapsed: 382.920414686203
writing embeddings to csv file...
elapsed: 7.42072606086731
embedding subchunk number 55.0...
elapsed (s): 7.65250301361084
processing batch of abstracts...
elapsed: 345.49010610580444
writing embeddings to csv file...
elapsed: 7.430189847946167
embedding subchunk number 56.0...
elapsed (s): 7.569159030914307
processing batch of abstracts...
elapsed: 282.8886914253235
writing embeddings to csv file...
elapsed: 7.39411735534668
embedding subchunk number 57.0...
elapsed (s): 7.610619068145752
processing batch of abstracts...
elapsed: 266.0908012390137
writing embeddings to csv file...
elapsed: 7.545372009277344
embedding subchunk number 58.0...
elapsed (s): 7.71386456489563
processing batch of abstracts...
elapsed: 240.4277217388153
writing embeddings to csv file...
elapsed: 7.425296306610107
embedding subchunk number 59.0...
elapsed (s): 7.491223573684692
processing batch of abstracts...
elapsed: 80.41815710067749
writing embeddings to csv file...
elapsed: 7.568990468978882
