My SLURM_ARRAY_TASK_I:  33
Input arguments: ['./embed_pubmed__array_gpu_job.py', '33']
slurm array id: 33
GPU sanity checks: 
device ID: 0
<torch.cuda.device object at 0x7f9053c60550>
N devices: 1
Tesla K80
is available? True
Spacy GPU? True
elapsed (s): 1.070617914199829
embedding subchunk number 0.0...
elapsed (s): 0.07401609420776367
processing batch of abstracts...
elapsed: 0.3812437057495117
writing embeddings to csv file...
elapsed: 0.021927833557128906
embedding subchunk number 1.0...
elapsed (s): 0.22779273986816406
processing batch of abstracts...
elapsed: 568.6697125434875
writing embeddings to csv file...
elapsed: 5.457547426223755
embedding subchunk number 2.0...
elapsed (s): 5.622563600540161
processing batch of abstracts...
elapsed: 454.92665910720825
writing embeddings to csv file...
elapsed: 4.640094518661499
embedding subchunk number 3.0...
elapsed (s): 4.941191911697388
processing batch of abstracts...
elapsed: 470.26288414001465
writing embeddings to csv file...
elapsed: 4.967022180557251
embedding subchunk number 4.0...
elapsed (s): 5.189349889755249
processing batch of abstracts...
elapsed: 404.11187624931335
writing embeddings to csv file...
elapsed: 4.496904134750366
embedding subchunk number 5.0...
elapsed (s): 5.010422706604004
processing batch of abstracts...
elapsed: 412.3462977409363
writing embeddings to csv file...
elapsed: 5.089484214782715
embedding subchunk number 6.0...
elapsed (s): 5.563535451889038
processing batch of abstracts...
elapsed: 442.8855028152466
writing embeddings to csv file...
elapsed: 4.790322542190552
embedding subchunk number 7.0...
elapsed (s): 5.0753865242004395
processing batch of abstracts...
elapsed: 402.13040685653687
writing embeddings to csv file...
elapsed: 4.25554347038269
embedding subchunk number 8.0...
elapsed (s): 4.488145589828491
processing batch of abstracts...
elapsed: 407.90241503715515
writing embeddings to csv file...
elapsed: 4.403715133666992
embedding subchunk number 9.0...
elapsed (s): 4.713247299194336
processing batch of abstracts...
elapsed: 466.25022292137146
writing embeddings to csv file...
elapsed: 4.881101131439209
embedding subchunk number 10.0...
elapsed (s): 5.0804173946380615
processing batch of abstracts...
elapsed: 365.8922507762909
writing embeddings to csv file...
elapsed: 4.203202247619629
embedding subchunk number 11.0...
elapsed (s): 4.443422317504883
processing batch of abstracts...
elapsed: 312.22464752197266
writing embeddings to csv file...
elapsed: 3.9434311389923096
embedding subchunk number 12.0...
elapsed (s): 4.141882658004761
processing batch of abstracts...
elapsed: 384.9169623851776
writing embeddings to csv file...
elapsed: 4.361315965652466
embedding subchunk number 13.0...
elapsed (s): 4.598716974258423
processing batch of abstracts...
elapsed: 284.44044518470764
writing embeddings to csv file...
elapsed: 3.2671773433685303
embedding subchunk number 14.0...
elapsed (s): 3.4454219341278076
processing batch of abstracts...
elapsed: 338.4130334854126
writing embeddings to csv file...
elapsed: 3.931220054626465
embedding subchunk number 15.0...
elapsed (s): 4.211702108383179
processing batch of abstracts...
elapsed: 388.05532145500183
writing embeddings to csv file...
elapsed: 4.320030450820923
embedding subchunk number 16.0...
elapsed (s): 4.446407079696655
processing batch of abstracts...
elapsed: 309.14015221595764
writing embeddings to csv file...
elapsed: 3.050039768218994
embedding subchunk number 17.0...
elapsed (s): 3.2992427349090576
processing batch of abstracts...
elapsed: 284.3868658542633
writing embeddings to csv file...
elapsed: 2.561048746109009
embedding subchunk number 18.0...
elapsed (s): 2.7674167156219482
processing batch of abstracts...
elapsed: 290.5804226398468
writing embeddings to csv file...
elapsed: 3.0078206062316895
embedding subchunk number 19.0...
elapsed (s): 3.2508180141448975
processing batch of abstracts...
elapsed: 282.7701096534729
writing embeddings to csv file...
elapsed: 2.7154252529144287
embedding subchunk number 20.0...
elapsed (s): 3.095072031021118
processing batch of abstracts...
elapsed: 401.09991669654846
writing embeddings to csv file...
elapsed: 3.882638454437256
embedding subchunk number 21.0...
elapsed (s): 4.247702121734619
processing batch of abstracts...
elapsed: 356.4223794937134
writing embeddings to csv file...
elapsed: 3.352074384689331
embedding subchunk number 22.0...
elapsed (s): 3.5708537101745605
processing batch of abstracts...
elapsed: 286.66005969047546
writing embeddings to csv file...
elapsed: 2.6175320148468018
embedding subchunk number 23.0...
elapsed (s): 2.9290366172790527
processing batch of abstracts...
elapsed: 307.0798954963684
writing embeddings to csv file...
elapsed: 2.81394362449646
embedding subchunk number 24.0...
elapsed (s): 3.0888149738311768
processing batch of abstracts...
elapsed: 304.90569043159485
writing embeddings to csv file...
elapsed: 2.9585344791412354
embedding subchunk number 25.0...
elapsed (s): 3.1877856254577637
processing batch of abstracts...
elapsed: 282.3304076194763
writing embeddings to csv file...
elapsed: 2.8823776245117188
embedding subchunk number 26.0...
elapsed (s): 3.1221301555633545
processing batch of abstracts...
elapsed: 269.4602084159851
writing embeddings to csv file...
elapsed: 2.565196990966797
embedding subchunk number 27.0...
elapsed (s): 2.8151793479919434
processing batch of abstracts...
elapsed: 441.28678703308105
writing embeddings to csv file...
elapsed: 4.143907070159912
embedding subchunk number 28.0...
elapsed (s): 4.346378564834595
processing batch of abstracts...
elapsed: 439.7144994735718
writing embeddings to csv file...
elapsed: 4.026170492172241
embedding subchunk number 29.0...
elapsed (s): 4.267198324203491
processing batch of abstracts...
elapsed: 292.4095666408539
writing embeddings to csv file...
elapsed: 2.7116711139678955
embedding subchunk number 30.0...
elapsed (s): 2.9390363693237305
processing batch of abstracts...
elapsed: 328.97939896583557
writing embeddings to csv file...
elapsed: 3.0475709438323975
embedding subchunk number 31.0...
elapsed (s): 3.2551705837249756
processing batch of abstracts...
elapsed: 188.0649070739746
writing embeddings to csv file...
elapsed: 1.7921581268310547
embedding subchunk number 32.0...
elapsed (s): 1.964536428451538
processing batch of abstracts...
elapsed: 182.8834879398346
writing embeddings to csv file...
elapsed: 1.9007599353790283
embedding subchunk number 33.0...
elapsed (s): 2.117711305618286
processing batch of abstracts...
elapsed: 200.87953519821167
writing embeddings to csv file...
elapsed: 1.8574867248535156
embedding subchunk number 34.0...
elapsed (s): 2.156473159790039
processing batch of abstracts...
elapsed: 316.8021695613861
writing embeddings to csv file...
elapsed: 2.9720711708068848
embedding subchunk number 35.0...
elapsed (s): 3.2726893424987793
processing batch of abstracts...
elapsed: 384.31698393821716
writing embeddings to csv file...
elapsed: 3.5271623134613037
embedding subchunk number 36.0...
elapsed (s): 3.796553611755371
processing batch of abstracts...
elapsed: 386.47079586982727
writing embeddings to csv file...
elapsed: 3.5673398971557617
embedding subchunk number 37.0...
elapsed (s): 3.788011312484741
processing batch of abstracts...
elapsed: 359.85389256477356
writing embeddings to csv file...
elapsed: 3.817932367324829
embedding subchunk number 38.0...
elapsed (s): 4.134259223937988
processing batch of abstracts...
elapsed: 443.1319913864136
writing embeddings to csv file...
elapsed: 4.070584297180176
embedding subchunk number 39.0...
elapsed (s): 4.425300598144531
processing batch of abstracts...
elapsed: 600.2177228927612
writing embeddings to csv file...
elapsed: 5.95677924156189
embedding subchunk number 40.0...
elapsed (s): 6.2740092277526855
processing batch of abstracts...
elapsed: 554.8175463676453
writing embeddings to csv file...
elapsed: 5.1772682666778564
embedding subchunk number 41.0...
elapsed (s): 5.51134181022644
processing batch of abstracts...
elapsed: 572.6270680427551
writing embeddings to csv file...
elapsed: 5.138555526733398
embedding subchunk number 42.0...
elapsed (s): 5.407546281814575
processing batch of abstracts...
elapsed: 600.1647729873657
writing embeddings to csv file...
elapsed: 5.4871826171875
embedding subchunk number 43.0...
elapsed (s): 5.7235801219940186
processing batch of abstracts...
elapsed: 586.1812312602997
writing embeddings to csv file...
elapsed: 5.498225688934326
embedding subchunk number 44.0...
elapsed (s): 5.76222825050354
processing batch of abstracts...
elapsed: 624.3938744068146
writing embeddings to csv file...
elapsed: 5.282913446426392
embedding subchunk number 45.0...
elapsed (s): 5.586691617965698
processing batch of abstracts...
elapsed: 554.4694046974182
writing embeddings to csv file...
elapsed: 5.110447645187378
embedding subchunk number 46.0...
elapsed (s): 5.3783955574035645
processing batch of abstracts...
elapsed: 516.136519908905
writing embeddings to csv file...
elapsed: 4.582828760147095
embedding subchunk number 47.0...
elapsed (s): 4.791327953338623
processing batch of abstracts...
elapsed: 410.4089455604553
writing embeddings to csv file...
elapsed: 3.620023250579834
embedding subchunk number 48.0...
elapsed (s): 3.875844717025757
processing batch of abstracts...
elapsed: 377.73052740097046
writing embeddings to csv file...
elapsed: 3.438955545425415
embedding subchunk number 49.0...
elapsed (s): 3.574756145477295
processing batch of abstracts...
elapsed: 297.17858052253723
writing embeddings to csv file...
elapsed: 2.4369075298309326
embedding subchunk number 50.0...
elapsed (s): 2.6520094871520996
processing batch of abstracts...
elapsed: 270.6215875148773
writing embeddings to csv file...
elapsed: 2.376433849334717
embedding subchunk number 51.0...
elapsed (s): 2.615200996398926
processing batch of abstracts...
elapsed: 424.56752824783325
writing embeddings to csv file...
elapsed: 3.7188961505889893
embedding subchunk number 52.0...
elapsed (s): 3.9037888050079346
processing batch of abstracts...
elapsed: 361.9224169254303
writing embeddings to csv file...
elapsed: 3.21575927734375
embedding subchunk number 53.0...
elapsed (s): 3.4471442699432373
processing batch of abstracts...
elapsed: 334.37681579589844
writing embeddings to csv file...
elapsed: 2.9194583892822266
embedding subchunk number 54.0...
elapsed (s): 3.098007917404175
processing batch of abstracts...
elapsed: 248.85621070861816
writing embeddings to csv file...
elapsed: 2.286018133163452
embedding subchunk number 55.0...
elapsed (s): 2.534458637237549
processing batch of abstracts...
elapsed: 505.1084656715393
writing embeddings to csv file...
elapsed: 4.753317832946777
embedding subchunk number 56.0...
elapsed (s): 4.8748579025268555
processing batch of abstracts...
elapsed: 437.8281042575836
writing embeddings to csv file...
elapsed: 4.105284929275513
embedding subchunk number 57.0...
elapsed (s): 4.316493988037109
processing batch of abstracts...
elapsed: 371.0721573829651
writing embeddings to csv file...
elapsed: 3.29046368598938
embedding subchunk number 58.0...
elapsed (s): 3.4943296909332275
processing batch of abstracts...
elapsed: 395.7475426197052
writing embeddings to csv file...
elapsed: 3.5767335891723633
embedding subchunk number 59.0...
elapsed (s): 3.863515615463257
processing batch of abstracts...
elapsed: 396.11082005500793
writing embeddings to csv file...
elapsed: 3.7664692401885986
