My SLURM_ARRAY_TASK_I:  18
Input arguments: ['./embed_pubmed__array_gpu_job.py', '18']
slurm array id: 18
GPU sanity checks: 
device ID: 0
<torch.cuda.device object at 0x7f83c70fa860>
N devices: 1
Tesla K80
is available? True
Spacy GPU? True
elapsed (s): 0.921034574508667
embedding subchunk number 0.0...
elapsed (s): 0.05650615692138672
processing batch of abstracts...
elapsed: 0.37889552116394043
writing embeddings to csv file...
elapsed: 0.0042302608489990234
embedding subchunk number 1.0...
elapsed (s): 0.18910884857177734
processing batch of abstracts...
elapsed: 406.6221148967743
writing embeddings to csv file...
elapsed: 4.065445899963379
embedding subchunk number 2.0...
elapsed (s): 4.158613204956055
processing batch of abstracts...
elapsed: 282.0710999965668
writing embeddings to csv file...
elapsed: 3.0885772705078125
embedding subchunk number 3.0...
elapsed (s): 3.329852342605591
processing batch of abstracts...
elapsed: 388.3953399658203
writing embeddings to csv file...
elapsed: 4.106197834014893
embedding subchunk number 4.0...
elapsed (s): 4.21697735786438
processing batch of abstracts...
elapsed: 262.5922291278839
writing embeddings to csv file...
elapsed: 2.978478193283081
embedding subchunk number 5.0...
elapsed (s): 3.2282776832580566
processing batch of abstracts...
elapsed: 512.5249211788177
writing embeddings to csv file...
elapsed: 4.891582012176514
embedding subchunk number 6.0...
elapsed (s): 5.158501863479614
processing batch of abstracts...
elapsed: 633.6309583187103
writing embeddings to csv file...
elapsed: 6.305399417877197
embedding subchunk number 7.0...
elapsed (s): 6.574040412902832
processing batch of abstracts...
elapsed: 548.0191028118134
writing embeddings to csv file...
elapsed: 5.325106382369995
embedding subchunk number 8.0...
elapsed (s): 5.540731191635132
processing batch of abstracts...
elapsed: 492.4898865222931
writing embeddings to csv file...
elapsed: 5.077413558959961
embedding subchunk number 9.0...
elapsed (s): 5.358604431152344
processing batch of abstracts...
elapsed: 397.6866705417633
writing embeddings to csv file...
elapsed: 4.060564279556274
embedding subchunk number 10.0...
elapsed (s): 4.159635305404663
processing batch of abstracts...
elapsed: 328.20473527908325
writing embeddings to csv file...
elapsed: 3.391746759414673
embedding subchunk number 11.0...
elapsed (s): 3.5972845554351807
processing batch of abstracts...
elapsed: 338.44795417785645
writing embeddings to csv file...
elapsed: 3.6376712322235107
embedding subchunk number 12.0...
elapsed (s): 3.8864479064941406
processing batch of abstracts...
elapsed: 360.68706703186035
writing embeddings to csv file...
elapsed: 3.711137533187866
embedding subchunk number 13.0...
elapsed (s): 3.9638001918792725
processing batch of abstracts...
elapsed: 340.28533816337585
writing embeddings to csv file...
elapsed: 3.5641846656799316
embedding subchunk number 14.0...
elapsed (s): 3.7451260089874268
processing batch of abstracts...
elapsed: 348.034428358078
writing embeddings to csv file...
elapsed: 3.5358364582061768
embedding subchunk number 15.0...
elapsed (s): 3.7889113426208496
processing batch of abstracts...
elapsed: 335.8270742893219
writing embeddings to csv file...
elapsed: 3.5038654804229736
embedding subchunk number 16.0...
elapsed (s): 3.7040624618530273
processing batch of abstracts...
elapsed: 302.00708532333374
writing embeddings to csv file...
elapsed: 3.3042502403259277
embedding subchunk number 17.0...
elapsed (s): 3.555027484893799
processing batch of abstracts...
elapsed: 275.54978585243225
writing embeddings to csv file...
elapsed: 3.01957368850708
embedding subchunk number 18.0...
elapsed (s): 3.2310783863067627
processing batch of abstracts...
elapsed: 433.0891463756561
writing embeddings to csv file...
elapsed: 4.698929309844971
embedding subchunk number 19.0...
elapsed (s): 4.888491630554199
processing batch of abstracts...
elapsed: 294.78912234306335
writing embeddings to csv file...
elapsed: 3.7390551567077637
embedding subchunk number 20.0...
elapsed (s): 4.00920844078064
processing batch of abstracts...
elapsed: 337.4075388908386
writing embeddings to csv file...
elapsed: 4.3533408641815186
embedding subchunk number 21.0...
elapsed (s): 4.433659076690674
processing batch of abstracts...
elapsed: 233.11309909820557
writing embeddings to csv file...
elapsed: 2.7619760036468506
embedding subchunk number 22.0...
elapsed (s): 2.877023458480835
processing batch of abstracts...
elapsed: 13.76265835762024
writing embeddings to csv file...
elapsed: 0.24696779251098633
embedding subchunk number 23.0...
elapsed (s): 0.31853342056274414
processing batch of abstracts...
elapsed: 10.6159827709198
writing embeddings to csv file...
elapsed: 0.1410682201385498
embedding subchunk number 24.0...
elapsed (s): 0.3450510501861572
processing batch of abstracts...
elapsed: 237.23896026611328
writing embeddings to csv file...
elapsed: 2.4684970378875732
embedding subchunk number 25.0...
elapsed (s): 2.807849168777466
processing batch of abstracts...
elapsed: 577.3013281822205
writing embeddings to csv file...
elapsed: 5.5738441944122314
embedding subchunk number 26.0...
elapsed (s): 5.867830038070679
processing batch of abstracts...
elapsed: 609.1374351978302
writing embeddings to csv file...
elapsed: 5.482149124145508
embedding subchunk number 27.0...
elapsed (s): 5.777777671813965
processing batch of abstracts...
elapsed: 611.5587520599365
writing embeddings to csv file...
elapsed: 5.750659465789795
embedding subchunk number 28.0...
elapsed (s): 6.045716285705566
processing batch of abstracts...
elapsed: 532.4247932434082
writing embeddings to csv file...
elapsed: 5.1957337856292725
embedding subchunk number 29.0...
elapsed (s): 5.4391679763793945
processing batch of abstracts...
elapsed: 493.43153738975525
writing embeddings to csv file...
elapsed: 4.8890931606292725
embedding subchunk number 30.0...
elapsed (s): 5.148104906082153
processing batch of abstracts...
elapsed: 521.6104302406311
writing embeddings to csv file...
elapsed: 4.915362358093262
embedding subchunk number 31.0...
elapsed (s): 5.171635150909424
processing batch of abstracts...
elapsed: 509.2955069541931
writing embeddings to csv file...
elapsed: 5.2152979373931885
embedding subchunk number 32.0...
elapsed (s): 5.492870807647705
processing batch of abstracts...
elapsed: 495.872930765152
writing embeddings to csv file...
elapsed: 5.011861085891724
embedding subchunk number 33.0...
elapsed (s): 5.261826753616333
processing batch of abstracts...
elapsed: 395.27956533432007
writing embeddings to csv file...
elapsed: 4.227962970733643
embedding subchunk number 34.0...
elapsed (s): 4.451410293579102
processing batch of abstracts...
elapsed: 407.40221428871155
writing embeddings to csv file...
elapsed: 4.303319454193115
embedding subchunk number 35.0...
elapsed (s): 4.51448655128479
processing batch of abstracts...
elapsed: 407.5068359375
writing embeddings to csv file...
elapsed: 4.324769973754883
embedding subchunk number 36.0...
elapsed (s): 4.616905689239502
processing batch of abstracts...
elapsed: 391.8400616645813
writing embeddings to csv file...
elapsed: 4.094047784805298
embedding subchunk number 37.0...
elapsed (s): 4.333343505859375
processing batch of abstracts...
elapsed: 441.1048276424408
writing embeddings to csv file...
elapsed: 4.863927841186523
embedding subchunk number 38.0...
elapsed (s): 5.281973123550415
processing batch of abstracts...
elapsed: 381.4087264537811
writing embeddings to csv file...
elapsed: 4.167139053344727
embedding subchunk number 39.0...
elapsed (s): 4.4279444217681885
processing batch of abstracts...
elapsed: 432.98715233802795
writing embeddings to csv file...
elapsed: 4.559358358383179
embedding subchunk number 40.0...
elapsed (s): 4.832806587219238
processing batch of abstracts...
elapsed: 415.16679644584656
writing embeddings to csv file...
elapsed: 4.599825859069824
embedding subchunk number 41.0...
elapsed (s): 4.887925624847412
processing batch of abstracts...
elapsed: 392.1237063407898
writing embeddings to csv file...
elapsed: 4.499917030334473
embedding subchunk number 42.0...
elapsed (s): 4.700109004974365
processing batch of abstracts...
elapsed: 371.3576440811157
writing embeddings to csv file...
elapsed: 4.001129388809204
embedding subchunk number 43.0...
elapsed (s): 4.21550726890564
processing batch of abstracts...
elapsed: 387.2402079105377
writing embeddings to csv file...
elapsed: 4.34968900680542
embedding subchunk number 44.0...
elapsed (s): 4.594569444656372
processing batch of abstracts...
elapsed: 514.5803785324097
writing embeddings to csv file...
elapsed: 5.229787826538086
embedding subchunk number 45.0...
elapsed (s): 5.4867682456970215
processing batch of abstracts...
elapsed: 572.0786354541779
writing embeddings to csv file...
elapsed: 5.421356439590454
embedding subchunk number 46.0...
elapsed (s): 5.6782708168029785
processing batch of abstracts...
elapsed: 607.1110754013062
writing embeddings to csv file...
elapsed: 5.757261276245117
embedding subchunk number 47.0...
elapsed (s): 6.095837116241455
processing batch of abstracts...
elapsed: 593.2135293483734
writing embeddings to csv file...
elapsed: 5.7573792934417725
embedding subchunk number 48.0...
elapsed (s): 6.068767309188843
processing batch of abstracts...
elapsed: 582.1897075176239
writing embeddings to csv file...
elapsed: 5.909652233123779
embedding subchunk number 49.0...
elapsed (s): 6.196648836135864
processing batch of abstracts...
elapsed: 604.2787401676178
writing embeddings to csv file...
elapsed: 5.839057922363281
embedding subchunk number 50.0...
elapsed (s): 6.173959732055664
processing batch of abstracts...
elapsed: 562.8934171199799
writing embeddings to csv file...
elapsed: 5.5671937465667725
embedding subchunk number 51.0...
elapsed (s): 5.8828370571136475
processing batch of abstracts...
elapsed: 567.1023273468018
writing embeddings to csv file...
elapsed: 5.556119680404663
embedding subchunk number 52.0...
elapsed (s): 5.766503572463989
processing batch of abstracts...
elapsed: 451.09929180145264
writing embeddings to csv file...
elapsed: 4.677565336227417
embedding subchunk number 53.0...
elapsed (s): 4.936192989349365
processing batch of abstracts...
elapsed: 475.4369146823883
writing embeddings to csv file...
elapsed: 4.982422113418579
embedding subchunk number 54.0...
elapsed (s): 5.255789279937744
processing batch of abstracts...
elapsed: 569.6697764396667
writing embeddings to csv file...
elapsed: 5.695297956466675
embedding subchunk number 55.0...
elapsed (s): 5.965803861618042
processing batch of abstracts...
elapsed: 584.3321192264557
writing embeddings to csv file...
elapsed: 5.6060614585876465
embedding subchunk number 56.0...
elapsed (s): 5.857813596725464
processing batch of abstracts...
elapsed: 605.2741723060608
writing embeddings to csv file...
elapsed: 5.986365556716919
embedding subchunk number 57.0...
elapsed (s): 6.313390016555786
processing batch of abstracts...
elapsed: 544.4808120727539
writing embeddings to csv file...
elapsed: 5.485910415649414
embedding subchunk number 58.0...
elapsed (s): 5.743966579437256
processing batch of abstracts...
elapsed: 547.4144401550293
writing embeddings to csv file...
elapsed: 5.103900671005249
embedding subchunk number 59.0...
elapsed (s): 5.3604652881622314
processing batch of abstracts...
elapsed: 555.7225210666656
writing embeddings to csv file...
elapsed: 5.509841442108154
