My SLURM_ARRAY_TASK_I:  9
Input arguments: ['./embed_pubmed__array_gpu_job.py', '9']
slurm array id: 9
GPU sanity checks: 
device ID: 0
<torch.cuda.device object at 0x7f53c9001860>
N devices: 1
Tesla K80
is available? True
Spacy GPU? True
elapsed (s): 2.655130624771118
embedding subchunk number 0.0...
elapsed (s): 0.08000493049621582
processing batch of abstracts...
elapsed: 0.8503544330596924
writing embeddings to csv file...
elapsed: 0.02403545379638672
embedding subchunk number 1.0...
elapsed (s): 0.16978073120117188
processing batch of abstracts...
elapsed: 417.55173206329346
writing embeddings to csv file...
elapsed: 3.492690086364746
embedding subchunk number 2.0...
elapsed (s): 3.5964596271514893
processing batch of abstracts...
elapsed: 402.09402227401733
writing embeddings to csv file...
elapsed: 3.4007153511047363
embedding subchunk number 3.0...
elapsed (s): 3.6398520469665527
processing batch of abstracts...
elapsed: 416.95929050445557
writing embeddings to csv file...
elapsed: 3.3326053619384766
embedding subchunk number 4.0...
elapsed (s): 3.5134763717651367
processing batch of abstracts...
elapsed: 433.66622734069824
writing embeddings to csv file...
elapsed: 3.995579481124878
embedding subchunk number 5.0...
elapsed (s): 4.204381942749023
processing batch of abstracts...
elapsed: 366.4358003139496
writing embeddings to csv file...
elapsed: 3.009866714477539
embedding subchunk number 6.0...
elapsed (s): 3.197608470916748
processing batch of abstracts...
elapsed: 379.27072978019714
writing embeddings to csv file...
elapsed: 3.0346481800079346
embedding subchunk number 7.0...
elapsed (s): 3.294954538345337
processing batch of abstracts...
elapsed: 374.84843611717224
writing embeddings to csv file...
elapsed: 3.0311498641967773
embedding subchunk number 8.0...
elapsed (s): 3.1786396503448486
processing batch of abstracts...
elapsed: 346.32234811782837
writing embeddings to csv file...
elapsed: 2.879817008972168
embedding subchunk number 9.0...
elapsed (s): 3.093008279800415
processing batch of abstracts...
elapsed: 284.8456220626831
writing embeddings to csv file...
elapsed: 2.342038869857788
embedding subchunk number 10.0...
elapsed (s): 2.409273147583008
processing batch of abstracts...
elapsed: 189.94741106033325
writing embeddings to csv file...
elapsed: 2.3328938484191895
embedding subchunk number 11.0...
elapsed (s): 2.5072405338287354
processing batch of abstracts...
elapsed: 213.48371839523315
writing embeddings to csv file...
elapsed: 2.5564708709716797
embedding subchunk number 12.0...
elapsed (s): 2.7677860260009766
processing batch of abstracts...
elapsed: 365.928964138031
writing embeddings to csv file...
elapsed: 4.030778884887695
embedding subchunk number 13.0...
elapsed (s): 4.270812273025513
processing batch of abstracts...
elapsed: 552.3934762477875
writing embeddings to csv file...
elapsed: 4.75918173789978
embedding subchunk number 14.0...
elapsed (s): 4.968736410140991
processing batch of abstracts...
elapsed: 567.0578498840332
writing embeddings to csv file...
elapsed: 4.861180305480957
embedding subchunk number 15.0...
elapsed (s): 5.174393177032471
processing batch of abstracts...
elapsed: 556.5024831295013
writing embeddings to csv file...
elapsed: 4.7852864265441895
embedding subchunk number 16.0...
elapsed (s): 5.011420011520386
processing batch of abstracts...
elapsed: 548.1972784996033
writing embeddings to csv file...
elapsed: 4.812485694885254
embedding subchunk number 17.0...
elapsed (s): 5.051929950714111
processing batch of abstracts...
elapsed: 595.2319674491882
writing embeddings to csv file...
elapsed: 4.850583553314209
embedding subchunk number 18.0...
elapsed (s): 5.077499151229858
processing batch of abstracts...
elapsed: 567.215213060379
writing embeddings to csv file...
elapsed: 5.014120578765869
embedding subchunk number 19.0...
elapsed (s): 5.304632186889648
processing batch of abstracts...
elapsed: 534.8028802871704
writing embeddings to csv file...
elapsed: 4.582216501235962
embedding subchunk number 20.0...
elapsed (s): 4.814864635467529
processing batch of abstracts...
elapsed: 614.5859899520874
writing embeddings to csv file...
elapsed: 4.8756492137908936
embedding subchunk number 21.0...
elapsed (s): 5.1426191329956055
processing batch of abstracts...
elapsed: 546.8142738342285
writing embeddings to csv file...
elapsed: 4.836941719055176
embedding subchunk number 22.0...
elapsed (s): 5.091104030609131
processing batch of abstracts...
elapsed: 552.74800157547
writing embeddings to csv file...
elapsed: 4.708269834518433
embedding subchunk number 23.0...
elapsed (s): 4.958792686462402
processing batch of abstracts...
elapsed: 588.0388553142548
writing embeddings to csv file...
elapsed: 4.925143241882324
embedding subchunk number 24.0...
elapsed (s): 5.14157509803772
processing batch of abstracts...
elapsed: 572.9243259429932
writing embeddings to csv file...
elapsed: 4.7812395095825195
embedding subchunk number 25.0...
elapsed (s): 5.1427905559539795
processing batch of abstracts...
elapsed: 580.9767642021179
writing embeddings to csv file...
elapsed: 4.797952890396118
embedding subchunk number 26.0...
elapsed (s): 5.025893449783325
processing batch of abstracts...
elapsed: 587.263308763504
writing embeddings to csv file...
elapsed: 4.824987411499023
embedding subchunk number 27.0...
elapsed (s): 5.084878206253052
processing batch of abstracts...
elapsed: 517.9166493415833
writing embeddings to csv file...
elapsed: 4.179814577102661
embedding subchunk number 28.0...
elapsed (s): 4.513505697250366
processing batch of abstracts...
elapsed: 624.7333807945251
writing embeddings to csv file...
elapsed: 4.892154693603516
embedding subchunk number 29.0...
elapsed (s): 5.220650911331177
processing batch of abstracts...
elapsed: 669.640429019928
writing embeddings to csv file...
elapsed: 6.209287881851196
embedding subchunk number 30.0...
elapsed (s): 6.302434682846069
processing batch of abstracts...
elapsed: 326.9212324619293
writing embeddings to csv file...
elapsed: 2.568835973739624
embedding subchunk number 31.0...
elapsed (s): 2.765486478805542
processing batch of abstracts...
elapsed: 343.48708152770996
writing embeddings to csv file...
elapsed: 3.1017467975616455
embedding subchunk number 32.0...
elapsed (s): 3.250434160232544
processing batch of abstracts...
elapsed: 329.7273037433624
writing embeddings to csv file...
elapsed: 2.809976577758789
embedding subchunk number 33.0...
elapsed (s): 3.0224690437316895
processing batch of abstracts...
elapsed: 341.31298089027405
writing embeddings to csv file...
elapsed: 3.1908962726593018
embedding subchunk number 34.0...
elapsed (s): 3.350569009780884
processing batch of abstracts...
elapsed: 340.9448561668396
writing embeddings to csv file...
elapsed: 3.052192449569702
embedding subchunk number 35.0...
elapsed (s): 3.273895502090454
processing batch of abstracts...
elapsed: 336.0477488040924
writing embeddings to csv file...
elapsed: 2.9808509349823
embedding subchunk number 36.0...
elapsed (s): 3.231550693511963
processing batch of abstracts...
elapsed: 565.2219035625458
writing embeddings to csv file...
elapsed: 4.750082969665527
embedding subchunk number 37.0...
elapsed (s): 5.013211011886597
processing batch of abstracts...
elapsed: 471.5969214439392
writing embeddings to csv file...
elapsed: 4.216028451919556
embedding subchunk number 38.0...
elapsed (s): 4.440214395523071
processing batch of abstracts...
elapsed: 434.38852858543396
writing embeddings to csv file...
elapsed: 3.8521406650543213
embedding subchunk number 39.0...
elapsed (s): 4.027218818664551
processing batch of abstracts...
elapsed: 348.60121417045593
writing embeddings to csv file...
elapsed: 3.141826629638672
embedding subchunk number 40.0...
elapsed (s): 3.3334555625915527
processing batch of abstracts...
elapsed: 326.61826848983765
writing embeddings to csv file...
elapsed: 3.0413637161254883
embedding subchunk number 41.0...
elapsed (s): 3.163682460784912
processing batch of abstracts...
elapsed: 223.99859619140625
writing embeddings to csv file...
elapsed: 3.38106369972229
embedding subchunk number 42.0...
elapsed (s): 3.5736727714538574
processing batch of abstracts...
elapsed: 193.45835256576538
writing embeddings to csv file...
elapsed: 2.0058233737945557
embedding subchunk number 43.0...
elapsed (s): 2.2122037410736084
processing batch of abstracts...
elapsed: 241.66520953178406
writing embeddings to csv file...
elapsed: 2.1866455078125
embedding subchunk number 44.0...
elapsed (s): 2.3378968238830566
processing batch of abstracts...
elapsed: 227.7544481754303
writing embeddings to csv file...
elapsed: 2.1958420276641846
embedding subchunk number 45.0...
elapsed (s): 2.426727056503296
processing batch of abstracts...
elapsed: 301.2694823741913
writing embeddings to csv file...
elapsed: 2.9449596405029297
embedding subchunk number 46.0...
elapsed (s): 3.072298526763916
processing batch of abstracts...
elapsed: 178.5159945487976
writing embeddings to csv file...
elapsed: 1.3298487663269043
embedding subchunk number 47.0...
elapsed (s): 1.613368272781372
processing batch of abstracts...
elapsed: 390.6621980667114
writing embeddings to csv file...
elapsed: 2.7358834743499756
embedding subchunk number 48.0...
elapsed (s): 3.0263304710388184
processing batch of abstracts...
elapsed: 340.80689096450806
writing embeddings to csv file...
elapsed: 2.8856983184814453
embedding subchunk number 49.0...
elapsed (s): 3.0688586235046387
processing batch of abstracts...
elapsed: 326.0866425037384
writing embeddings to csv file...
elapsed: 2.9242794513702393
embedding subchunk number 50.0...
elapsed (s): 3.1564342975616455
processing batch of abstracts...
elapsed: 341.3040683269501
writing embeddings to csv file...
elapsed: 2.995692729949951
embedding subchunk number 51.0...
elapsed (s): 3.2103121280670166
processing batch of abstracts...
elapsed: 351.8880617618561
writing embeddings to csv file...
elapsed: 2.998192071914673
embedding subchunk number 52.0...
elapsed (s): 3.226074457168579
processing batch of abstracts...
elapsed: 372.28490114212036
writing embeddings to csv file...
elapsed: 3.0221104621887207
embedding subchunk number 53.0...
elapsed (s): 3.269179582595825
processing batch of abstracts...
elapsed: 506.9316430091858
writing embeddings to csv file...
elapsed: 4.430093050003052
embedding subchunk number 54.0...
elapsed (s): 4.543706655502319
processing batch of abstracts...
elapsed: 306.5118944644928
writing embeddings to csv file...
elapsed: 2.7424027919769287
embedding subchunk number 55.0...
elapsed (s): 3.0169663429260254
processing batch of abstracts...
elapsed: 580.2700617313385
writing embeddings to csv file...
elapsed: 4.696437358856201
embedding subchunk number 56.0...
elapsed (s): 4.972790002822876
processing batch of abstracts...
elapsed: 561.8896081447601
writing embeddings to csv file...
elapsed: 4.793670892715454
embedding subchunk number 57.0...
elapsed (s): 5.082022190093994
processing batch of abstracts...
elapsed: 598.5343391895294
writing embeddings to csv file...
elapsed: 4.778626203536987
embedding subchunk number 58.0...
elapsed (s): 4.988013505935669
processing batch of abstracts...
elapsed: 576.7975785732269
writing embeddings to csv file...
elapsed: 4.8347227573394775
embedding subchunk number 59.0...
elapsed (s): 5.143014907836914
processing batch of abstracts...
elapsed: 554.7586731910706
writing embeddings to csv file...
elapsed: 4.492366790771484
