My SLURM_ARRAY_TASK_I:  3
Input arguments: ['./embed_pubmed__array_gpu_job.py', '3']
slurm array id: 3
GPU sanity checks: 
device ID: 0
<torch.cuda.device object at 0x7fd6e6289860>
N devices: 1
Tesla K80
is available? True
Spacy GPU? True
elapsed (s): 1.6052567958831787
embedding subchunk number 0.0...
elapsed (s): 0.15183091163635254
processing batch of abstracts...
elapsed: 0.35619282722473145
writing embeddings to csv file...
elapsed: 0.15002083778381348
embedding subchunk number 1.0...
elapsed (s): 0.3478217124938965
processing batch of abstracts...
elapsed: 586.1111805438995
writing embeddings to csv file...
elapsed: 10.224600553512573
embedding subchunk number 2.0...
elapsed (s): 10.359723329544067
processing batch of abstracts...
elapsed: 573.21297955513
writing embeddings to csv file...
elapsed: 5.451842546463013
embedding subchunk number 3.0...
elapsed (s): 5.7830541133880615
processing batch of abstracts...
elapsed: 558.6215515136719
writing embeddings to csv file...
elapsed: 4.974526643753052
embedding subchunk number 4.0...
elapsed (s): 5.209314584732056
processing batch of abstracts...
elapsed: 560.7894685268402
writing embeddings to csv file...
elapsed: 4.941514015197754
embedding subchunk number 5.0...
elapsed (s): 5.27614951133728
processing batch of abstracts...
elapsed: 606.8684298992157
writing embeddings to csv file...
elapsed: 5.413125276565552
embedding subchunk number 6.0...
elapsed (s): 5.611497163772583
processing batch of abstracts...
elapsed: 556.847499370575
writing embeddings to csv file...
elapsed: 5.369599342346191
embedding subchunk number 7.0...
elapsed (s): 5.652505874633789
processing batch of abstracts...
elapsed: 570.4684772491455
writing embeddings to csv file...
elapsed: 5.010801076889038
embedding subchunk number 8.0...
elapsed (s): 5.181306838989258
processing batch of abstracts...
elapsed: 509.09972381591797
writing embeddings to csv file...
elapsed: 4.865116119384766
embedding subchunk number 9.0...
elapsed (s): 5.186036825180054
processing batch of abstracts...
elapsed: 561.2318303585052
writing embeddings to csv file...
elapsed: 5.611286878585815
embedding subchunk number 10.0...
elapsed (s): 5.72538161277771
processing batch of abstracts...
elapsed: 434.45374393463135
writing embeddings to csv file...
elapsed: 3.970684766769409
embedding subchunk number 11.0...
elapsed (s): 4.240896701812744
processing batch of abstracts...
elapsed: 396.4547691345215
writing embeddings to csv file...
elapsed: 3.5560996532440186
embedding subchunk number 12.0...
elapsed (s): 3.727001905441284
processing batch of abstracts...
elapsed: 381.7975826263428
writing embeddings to csv file...
elapsed: 3.5783302783966064
embedding subchunk number 13.0...
elapsed (s): 3.853815793991089
processing batch of abstracts...
elapsed: 365.72961235046387
writing embeddings to csv file...
elapsed: 3.5128443241119385
embedding subchunk number 14.0...
elapsed (s): 3.6849429607391357
processing batch of abstracts...
elapsed: 395.1204481124878
writing embeddings to csv file...
elapsed: 3.632215976715088
embedding subchunk number 15.0...
elapsed (s): 3.888190984725952
processing batch of abstracts...
elapsed: 341.17360162734985
writing embeddings to csv file...
elapsed: 3.2940518856048584
embedding subchunk number 16.0...
elapsed (s): 3.4960293769836426
processing batch of abstracts...
elapsed: 297.7220764160156
writing embeddings to csv file...
elapsed: 3.300614356994629
embedding subchunk number 17.0...
elapsed (s): 3.598275661468506
processing batch of abstracts...
elapsed: 299.925137758255
writing embeddings to csv file...
elapsed: 2.6659457683563232
embedding subchunk number 18.0...
elapsed (s): 2.770272731781006
processing batch of abstracts...
elapsed: 318.43586826324463
writing embeddings to csv file...
elapsed: 2.9891042709350586
embedding subchunk number 19.0...
elapsed (s): 3.1083264350891113
processing batch of abstracts...
elapsed: 248.5406084060669
writing embeddings to csv file...
elapsed: 3.315624475479126
embedding subchunk number 20.0...
elapsed (s): 3.516089916229248
processing batch of abstracts...
elapsed: 236.98085260391235
writing embeddings to csv file...
elapsed: 3.116579055786133
embedding subchunk number 21.0...
elapsed (s): 3.311798572540283
processing batch of abstracts...
elapsed: 275.08649253845215
writing embeddings to csv file...
elapsed: 3.299489974975586
embedding subchunk number 22.0...
elapsed (s): 3.5594029426574707
processing batch of abstracts...
elapsed: 285.1389515399933
writing embeddings to csv file...
elapsed: 3.4746100902557373
embedding subchunk number 23.0...
elapsed (s): 3.6070754528045654
processing batch of abstracts...
elapsed: 288.0201015472412
writing embeddings to csv file...
elapsed: 3.7282280921936035
embedding subchunk number 24.0...
elapsed (s): 3.8703107833862305
processing batch of abstracts...
elapsed: 301.218252658844
writing embeddings to csv file...
elapsed: 3.819870710372925
embedding subchunk number 25.0...
elapsed (s): 4.004133224487305
processing batch of abstracts...
elapsed: 288.3869390487671
writing embeddings to csv file...
elapsed: 3.615278959274292
embedding subchunk number 26.0...
elapsed (s): 3.719822406768799
processing batch of abstracts...
elapsed: 222.92832040786743
writing embeddings to csv file...
elapsed: 2.64277720451355
embedding subchunk number 27.0...
elapsed (s): 2.854466676712036
processing batch of abstracts...
elapsed: 183.311696767807
writing embeddings to csv file...
elapsed: 2.1156249046325684
embedding subchunk number 28.0...
elapsed (s): 2.272876024246216
processing batch of abstracts...
elapsed: 107.48213076591492
writing embeddings to csv file...
elapsed: 1.2350678443908691
embedding subchunk number 29.0...
elapsed (s): 1.2630798816680908
processing batch of abstracts...
elapsed: 1.6156587600708008
writing embeddings to csv file...
elapsed: 0.015790939331054688
embedding subchunk number 30.0...
elapsed (s): 0.19351577758789062
processing batch of abstracts...
elapsed: 244.67351818084717
writing embeddings to csv file...
elapsed: 2.260075807571411
embedding subchunk number 31.0...
elapsed (s): 2.528599262237549
processing batch of abstracts...
elapsed: 502.28639960289
writing embeddings to csv file...
elapsed: 4.4276673793792725
embedding subchunk number 32.0...
elapsed (s): 4.551887273788452
processing batch of abstracts...
elapsed: 261.81513571739197
writing embeddings to csv file...
elapsed: 2.3436167240142822
embedding subchunk number 33.0...
elapsed (s): 2.5441083908081055
processing batch of abstracts...
elapsed: 203.40546441078186
writing embeddings to csv file...
elapsed: 1.9697513580322266
embedding subchunk number 34.0...
elapsed (s): 2.0670981407165527
processing batch of abstracts...
elapsed: 173.23573088645935
writing embeddings to csv file...
elapsed: 1.4350097179412842
embedding subchunk number 35.0...
elapsed (s): 1.5700535774230957
processing batch of abstracts...
elapsed: 163.57599472999573
writing embeddings to csv file...
elapsed: 1.7209923267364502
embedding subchunk number 36.0...
elapsed (s): 1.8471665382385254
processing batch of abstracts...
elapsed: 206.5340175628662
writing embeddings to csv file...
elapsed: 1.7405459880828857
embedding subchunk number 37.0...
elapsed (s): 1.9420030117034912
processing batch of abstracts...
elapsed: 386.3919072151184
writing embeddings to csv file...
elapsed: 3.3456051349639893
embedding subchunk number 38.0...
elapsed (s): 3.533708095550537
processing batch of abstracts...
elapsed: 367.5974187850952
writing embeddings to csv file...
elapsed: 3.243596315383911
embedding subchunk number 39.0...
elapsed (s): 3.507352113723755
processing batch of abstracts...
elapsed: 568.0153565406799
writing embeddings to csv file...
elapsed: 5.1591222286224365
embedding subchunk number 40.0...
elapsed (s): 5.455351829528809
processing batch of abstracts...
elapsed: 693.4452338218689
writing embeddings to csv file...
elapsed: 5.8146984577178955
embedding subchunk number 41.0...
elapsed (s): 6.106210231781006
processing batch of abstracts...
elapsed: 686.1633422374725
writing embeddings to csv file...
elapsed: 5.814941167831421
embedding subchunk number 42.0...
elapsed (s): 6.036391973495483
processing batch of abstracts...
elapsed: 578.2247931957245
writing embeddings to csv file...
elapsed: 5.030022382736206
embedding subchunk number 43.0...
elapsed (s): 5.357988595962524
processing batch of abstracts...
elapsed: 600.7225639820099
writing embeddings to csv file...
elapsed: 5.995835304260254
embedding subchunk number 44.0...
elapsed (s): 6.217569589614868
processing batch of abstracts...
elapsed: 599.3508455753326
writing embeddings to csv file...
elapsed: 5.379781484603882
embedding subchunk number 45.0...
elapsed (s): 5.662098169326782
processing batch of abstracts...
elapsed: 579.681736946106
writing embeddings to csv file...
elapsed: 5.320025444030762
embedding subchunk number 46.0...
elapsed (s): 5.601398229598999
processing batch of abstracts...
elapsed: 598.3948445320129
writing embeddings to csv file...
elapsed: 5.474854469299316
embedding subchunk number 47.0...
elapsed (s): 5.7576744556427
processing batch of abstracts...
elapsed: 532.6149699687958
writing embeddings to csv file...
elapsed: 5.232632398605347
embedding subchunk number 48.0...
elapsed (s): 5.505823612213135
processing batch of abstracts...
elapsed: 441.240318775177
writing embeddings to csv file...
elapsed: 4.402671575546265
embedding subchunk number 49.0...
elapsed (s): 4.628293037414551
processing batch of abstracts...
elapsed: 459.53852796554565
writing embeddings to csv file...
elapsed: 4.598897457122803
embedding subchunk number 50.0...
elapsed (s): 4.781868934631348
processing batch of abstracts...
elapsed: 428.7294588088989
writing embeddings to csv file...
elapsed: 4.427844285964966
embedding subchunk number 51.0...
elapsed (s): 4.66564679145813
processing batch of abstracts...
elapsed: 366.37347435951233
writing embeddings to csv file...
elapsed: 4.157524824142456
embedding subchunk number 52.0...
elapsed (s): 4.383013486862183
processing batch of abstracts...
elapsed: 420.92203521728516
writing embeddings to csv file...
elapsed: 4.62897253036499
embedding subchunk number 53.0...
elapsed (s): 4.952876329421997
processing batch of abstracts...
elapsed: 414.39011573791504
writing embeddings to csv file...
elapsed: 4.409353971481323
embedding subchunk number 54.0...
elapsed (s): 4.619070768356323
processing batch of abstracts...
elapsed: 413.71555519104004
writing embeddings to csv file...
elapsed: 4.306725978851318
embedding subchunk number 55.0...
elapsed (s): 4.690061330795288
processing batch of abstracts...
elapsed: 571.9124934673309
writing embeddings to csv file...
elapsed: 5.326783657073975
embedding subchunk number 56.0...
elapsed (s): 5.590198516845703
processing batch of abstracts...
elapsed: 612.8142771720886
writing embeddings to csv file...
elapsed: 5.721495151519775
embedding subchunk number 57.0...
elapsed (s): 6.037336111068726
processing batch of abstracts...
elapsed: 580.8816924095154
writing embeddings to csv file...
elapsed: 5.581275463104248
embedding subchunk number 58.0...
elapsed (s): 5.814680814743042
processing batch of abstracts...
elapsed: 549.2640910148621
writing embeddings to csv file...
elapsed: 5.351266145706177
embedding subchunk number 59.0...
elapsed (s): 5.618273496627808
processing batch of abstracts...
elapsed: 559.0325677394867
writing embeddings to csv file...
elapsed: 5.1963441371917725
