My SLURM_ARRAY_TASK_I:  29
Input arguments: ['./embed_pubmed__array_gpu_job.py', '29']
slurm array id: 29
GPU sanity checks: 
device ID: 0
<torch.cuda.device object at 0x7f82c11897b8>
N devices: 1
Tesla K80
is available? True
Spacy GPU? True
elapsed (s): 1.783125638961792
embedding subchunk number 0.0...
elapsed (s): 0.08555936813354492
processing batch of abstracts...
elapsed: 0.9116525650024414
writing embeddings to csv file...
elapsed: 0.006639003753662109
embedding subchunk number 1.0...
elapsed (s): 0.18947505950927734
processing batch of abstracts...
elapsed: 508.2140657901764
writing embeddings to csv file...
elapsed: 7.280097484588623
embedding subchunk number 2.0...
elapsed (s): 7.413111209869385
processing batch of abstracts...
elapsed: 532.4475803375244
writing embeddings to csv file...
elapsed: 7.119924545288086
embedding subchunk number 3.0...
elapsed (s): 7.380403757095337
processing batch of abstracts...
elapsed: 537.9979157447815
writing embeddings to csv file...
elapsed: 7.405492544174194
embedding subchunk number 4.0...
elapsed (s): 7.697038650512695
processing batch of abstracts...
elapsed: 528.894033908844
writing embeddings to csv file...
elapsed: 7.173587799072266
embedding subchunk number 5.0...
elapsed (s): 7.460237741470337
processing batch of abstracts...
elapsed: 574.3340585231781
writing embeddings to csv file...
elapsed: 8.818457841873169
embedding subchunk number 6.0...
elapsed (s): 9.036381959915161
processing batch of abstracts...
elapsed: 552.0412657260895
writing embeddings to csv file...
elapsed: 7.165211915969849
embedding subchunk number 7.0...
elapsed (s): 7.411260604858398
processing batch of abstracts...
elapsed: 435.0554242134094
writing embeddings to csv file...
elapsed: 7.219148397445679
embedding subchunk number 8.0...
elapsed (s): 7.362508058547974
processing batch of abstracts...
elapsed: 437.1797559261322
writing embeddings to csv file...
elapsed: 7.157440662384033
embedding subchunk number 9.0...
elapsed (s): 7.376991271972656
processing batch of abstracts...
elapsed: 389.0978877544403
writing embeddings to csv file...
elapsed: 7.184482574462891
embedding subchunk number 10.0...
elapsed (s): 7.3494462966918945
processing batch of abstracts...
elapsed: 399.2512512207031
writing embeddings to csv file...
elapsed: 7.282318115234375
embedding subchunk number 11.0...
elapsed (s): 7.501415729522705
processing batch of abstracts...
elapsed: 349.0615270137787
writing embeddings to csv file...
elapsed: 7.250794172286987
embedding subchunk number 12.0...
elapsed (s): 7.401871681213379
processing batch of abstracts...
elapsed: 345.0197958946228
writing embeddings to csv file...
elapsed: 7.229515552520752
embedding subchunk number 13.0...
elapsed (s): 7.428053855895996
processing batch of abstracts...
elapsed: 272.21771478652954
writing embeddings to csv file...
elapsed: 7.118619441986084
embedding subchunk number 14.0...
elapsed (s): 7.223754167556763
processing batch of abstracts...
elapsed: 292.5903208255768
writing embeddings to csv file...
elapsed: 9.849512338638306
embedding subchunk number 15.0...
elapsed (s): 10.056747436523438
processing batch of abstracts...
elapsed: 410.2681939601898
writing embeddings to csv file...
elapsed: 7.142438173294067
embedding subchunk number 16.0...
elapsed (s): 7.22277307510376
processing batch of abstracts...
elapsed: 272.0513024330139
writing embeddings to csv file...
elapsed: 7.051318883895874
embedding subchunk number 17.0...
elapsed (s): 7.294184684753418
processing batch of abstracts...
elapsed: 470.236939907074
writing embeddings to csv file...
elapsed: 7.391545295715332
embedding subchunk number 18.0...
elapsed (s): 7.592702865600586
processing batch of abstracts...
elapsed: 495.1183235645294
writing embeddings to csv file...
elapsed: 7.0780181884765625
embedding subchunk number 19.0...
elapsed (s): 7.339705467224121
processing batch of abstracts...
elapsed: 483.32417488098145
writing embeddings to csv file...
elapsed: 7.048139810562134
embedding subchunk number 20.0...
elapsed (s): 7.261740684509277
processing batch of abstracts...
elapsed: 499.8075022697449
writing embeddings to csv file...
elapsed: 7.056847810745239
embedding subchunk number 21.0...
elapsed (s): 7.251479387283325
processing batch of abstracts...
elapsed: 286.322860956192
writing embeddings to csv file...
elapsed: 7.21307373046875
embedding subchunk number 22.0...
elapsed (s): 7.3568127155303955
processing batch of abstracts...
elapsed: 220.8123607635498
writing embeddings to csv file...
elapsed: 7.048238754272461
embedding subchunk number 23.0...
elapsed (s): 7.2034220695495605
processing batch of abstracts...
elapsed: 219.24588060379028
writing embeddings to csv file...
elapsed: 7.029555082321167
embedding subchunk number 24.0...
elapsed (s): 7.3405375480651855
processing batch of abstracts...
elapsed: 251.15825009346008
writing embeddings to csv file...
elapsed: 7.041294574737549
embedding subchunk number 25.0...
elapsed (s): 7.227598667144775
processing batch of abstracts...
elapsed: 259.5199017524719
writing embeddings to csv file...
elapsed: 7.102417469024658
embedding subchunk number 26.0...
elapsed (s): 7.138720989227295
processing batch of abstracts...
elapsed: 82.52970719337463
writing embeddings to csv file...
elapsed: 7.072136640548706
embedding subchunk number 27.0...
elapsed (s): 7.194928884506226
processing batch of abstracts...
elapsed: 132.09595584869385
writing embeddings to csv file...
elapsed: 7.044804334640503
embedding subchunk number 28.0...
elapsed (s): 7.2987048625946045
processing batch of abstracts...
elapsed: 366.6668231487274
writing embeddings to csv file...
elapsed: 7.220371246337891
embedding subchunk number 29.0...
elapsed (s): 7.42982292175293
processing batch of abstracts...
elapsed: 390.84192943573
writing embeddings to csv file...
elapsed: 7.25154185295105
embedding subchunk number 30.0...
elapsed (s): 7.49643087387085
processing batch of abstracts...
elapsed: 448.43423342704773
writing embeddings to csv file...
elapsed: 7.181541442871094
embedding subchunk number 31.0...
elapsed (s): 7.393229007720947
processing batch of abstracts...
elapsed: 489.97949266433716
writing embeddings to csv file...
elapsed: 7.13637375831604
embedding subchunk number 32.0...
elapsed (s): 7.3530755043029785
processing batch of abstracts...
elapsed: 472.9702961444855
writing embeddings to csv file...
elapsed: 7.178745746612549
embedding subchunk number 33.0...
elapsed (s): 7.397900104522705
processing batch of abstracts...
elapsed: 434.99174404144287
writing embeddings to csv file...
elapsed: 7.045764207839966
embedding subchunk number 34.0...
elapsed (s): 7.342071294784546
processing batch of abstracts...
elapsed: 434.4995496273041
writing embeddings to csv file...
elapsed: 7.137754917144775
embedding subchunk number 35.0...
elapsed (s): 7.392664194107056
processing batch of abstracts...
elapsed: 464.1478810310364
writing embeddings to csv file...
elapsed: 7.045364618301392
embedding subchunk number 36.0...
elapsed (s): 7.260193586349487
processing batch of abstracts...
elapsed: 457.8973915576935
writing embeddings to csv file...
elapsed: 7.054469108581543
embedding subchunk number 37.0...
elapsed (s): 7.273341655731201
processing batch of abstracts...
elapsed: 528.6152601242065
writing embeddings to csv file...
elapsed: 7.117164373397827
embedding subchunk number 38.0...
elapsed (s): 7.348122596740723
processing batch of abstracts...
elapsed: 480.28363513946533
writing embeddings to csv file...
elapsed: 7.098845481872559
embedding subchunk number 39.0...
elapsed (s): 7.292194128036499
processing batch of abstracts...
elapsed: 477.4629530906677
writing embeddings to csv file...
elapsed: 7.153960227966309
embedding subchunk number 40.0...
elapsed (s): 7.449154615402222
processing batch of abstracts...
elapsed: 504.23906445503235
writing embeddings to csv file...
elapsed: 7.05600643157959
embedding subchunk number 41.0...
elapsed (s): 7.152188539505005
processing batch of abstracts...
elapsed: 349.1814730167389
writing embeddings to csv file...
elapsed: 7.102334976196289
embedding subchunk number 42.0...
elapsed (s): 7.322120189666748
processing batch of abstracts...
elapsed: 450.07389521598816
writing embeddings to csv file...
elapsed: 7.122968673706055
embedding subchunk number 43.0...
elapsed (s): 7.379519462585449
processing batch of abstracts...
elapsed: 427.05561804771423
writing embeddings to csv file...
elapsed: 7.162312030792236
embedding subchunk number 44.0...
elapsed (s): 7.368414640426636
processing batch of abstracts...
elapsed: 456.13143944740295
writing embeddings to csv file...
elapsed: 7.406088352203369
embedding subchunk number 45.0...
elapsed (s): 7.6366846561431885
processing batch of abstracts...
elapsed: 475.4461407661438
writing embeddings to csv file...
elapsed: 7.230490684509277
embedding subchunk number 46.0...
elapsed (s): 7.572447776794434
processing batch of abstracts...
elapsed: 572.7903397083282
writing embeddings to csv file...
elapsed: 7.0477495193481445
embedding subchunk number 47.0...
elapsed (s): 7.33530330657959
processing batch of abstracts...
elapsed: 561.2184023857117
writing embeddings to csv file...
elapsed: 7.163074016571045
embedding subchunk number 48.0...
elapsed (s): 7.387909173965454
processing batch of abstracts...
elapsed: 511.71478605270386
writing embeddings to csv file...
elapsed: 7.014442682266235
embedding subchunk number 49.0...
elapsed (s): 7.2328808307647705
processing batch of abstracts...
elapsed: 545.279670715332
writing embeddings to csv file...
elapsed: 7.233273267745972
embedding subchunk number 50.0...
elapsed (s): 7.502071142196655
processing batch of abstracts...
elapsed: 604.1767456531525
writing embeddings to csv file...
elapsed: 7.096515893936157
embedding subchunk number 51.0...
elapsed (s): 7.499396324157715
processing batch of abstracts...
elapsed: 512.2526290416718
writing embeddings to csv file...
elapsed: 7.055410861968994
embedding subchunk number 52.0...
elapsed (s): 7.314627647399902
processing batch of abstracts...
elapsed: 581.2151072025299
writing embeddings to csv file...
elapsed: 7.150977373123169
embedding subchunk number 53.0...
elapsed (s): 7.347373008728027
processing batch of abstracts...
elapsed: 482.0210371017456
writing embeddings to csv file...
elapsed: 7.1009321212768555
embedding subchunk number 54.0...
elapsed (s): 7.358741521835327
processing batch of abstracts...
elapsed: 406.92629051208496
writing embeddings to csv file...
elapsed: 7.120296955108643
embedding subchunk number 55.0...
elapsed (s): 7.349904775619507
processing batch of abstracts...
elapsed: 403.6355400085449
writing embeddings to csv file...
elapsed: 7.0633790493011475
embedding subchunk number 56.0...
elapsed (s): 7.284687280654907
processing batch of abstracts...
elapsed: 348.7802119255066
writing embeddings to csv file...
elapsed: 7.18988823890686
embedding subchunk number 57.0...
elapsed (s): 7.3763885498046875
processing batch of abstracts...
elapsed: 354.6038467884064
writing embeddings to csv file...
elapsed: 7.09166407585144
embedding subchunk number 58.0...
elapsed (s): 7.328868389129639
processing batch of abstracts...
elapsed: 387.3599569797516
writing embeddings to csv file...
elapsed: 7.222811460494995
embedding subchunk number 59.0...
elapsed (s): 7.430960655212402
processing batch of abstracts...
elapsed: 396.5400674343109
writing embeddings to csv file...
elapsed: 7.111847639083862
