My SLURM_ARRAY_TASK_I:  40
Input arguments: ['./embed_pubmed__array_gpu_job.py', '40']
slurm array id: 40
GPU sanity checks: 
device ID: 0
<torch.cuda.device object at 0x7f47ce74d860>
N devices: 1
Tesla K80
is available? True
Spacy GPU? True
elapsed (s): 1.2740991115570068
embedding subchunk number 0.0...
elapsed (s): 0.05126523971557617
processing batch of abstracts...
elapsed: 4.57763671875e-05
writing embeddings to csv file...
elapsed: 0.015048742294311523
embedding subchunk number 1.0...
elapsed (s): 0.08637022972106934
processing batch of abstracts...
elapsed: 72.07605719566345
writing embeddings to csv file...
elapsed: 0.748039722442627
embedding subchunk number 2.0...
elapsed (s): 0.9332077503204346
processing batch of abstracts...
elapsed: 234.88279938697815
writing embeddings to csv file...
elapsed: 2.262319564819336
embedding subchunk number 3.0...
elapsed (s): 2.447385311126709
processing batch of abstracts...
elapsed: 236.1794412136078
writing embeddings to csv file...
elapsed: 2.4000957012176514
embedding subchunk number 4.0...
elapsed (s): 2.582149028778076
processing batch of abstracts...
elapsed: 264.2658281326294
writing embeddings to csv file...
elapsed: 2.548588991165161
embedding subchunk number 5.0...
elapsed (s): 2.7827258110046387
processing batch of abstracts...
elapsed: 396.0246889591217
writing embeddings to csv file...
elapsed: 3.990070104598999
embedding subchunk number 6.0...
elapsed (s): 4.244903087615967
processing batch of abstracts...
elapsed: 463.59139752388
writing embeddings to csv file...
elapsed: 4.557026386260986
embedding subchunk number 7.0...
elapsed (s): 4.700621843338013
processing batch of abstracts...
elapsed: 479.58246898651123
writing embeddings to csv file...
elapsed: 4.770656108856201
embedding subchunk number 8.0...
elapsed (s): 4.928871393203735
processing batch of abstracts...
elapsed: 478.27733850479126
writing embeddings to csv file...
elapsed: 4.699286460876465
embedding subchunk number 9.0...
elapsed (s): 4.9305431842803955
processing batch of abstracts...
elapsed: 454.8795757293701
writing embeddings to csv file...
elapsed: 4.702051401138306
embedding subchunk number 10.0...
elapsed (s): 4.907228946685791
processing batch of abstracts...
elapsed: 438.27140259742737
writing embeddings to csv file...
elapsed: 4.534154653549194
embedding subchunk number 11.0...
elapsed (s): 4.825276613235474
processing batch of abstracts...
elapsed: 460.6539719104767
writing embeddings to csv file...
elapsed: 4.743573427200317
embedding subchunk number 12.0...
elapsed (s): 4.966301441192627
processing batch of abstracts...
elapsed: 474.1258840560913
writing embeddings to csv file...
elapsed: 4.9319398403167725
embedding subchunk number 13.0...
elapsed (s): 5.265186548233032
processing batch of abstracts...
elapsed: 521.4058091640472
writing embeddings to csv file...
elapsed: 5.046157121658325
embedding subchunk number 14.0...
elapsed (s): 5.144534111022949
processing batch of abstracts...
elapsed: 336.9230167865753
writing embeddings to csv file...
elapsed: 3.424170970916748
embedding subchunk number 15.0...
elapsed (s): 3.6833760738372803
processing batch of abstracts...
elapsed: 385.47694063186646
writing embeddings to csv file...
elapsed: 4.8261802196502686
embedding subchunk number 16.0...
elapsed (s): 5.023396253585815
processing batch of abstracts...
elapsed: 369.6890027523041
writing embeddings to csv file...
elapsed: 3.8647170066833496
embedding subchunk number 17.0...
elapsed (s): 4.083378553390503
processing batch of abstracts...
elapsed: 286.7036323547363
writing embeddings to csv file...
elapsed: 3.2162914276123047
embedding subchunk number 18.0...
elapsed (s): 3.4033656120300293
processing batch of abstracts...
elapsed: 307.960346698761
writing embeddings to csv file...
elapsed: 3.462350845336914
embedding subchunk number 19.0...
elapsed (s): 3.716278553009033
processing batch of abstracts...
elapsed: 471.59573769569397
writing embeddings to csv file...
elapsed: 4.945659637451172
embedding subchunk number 20.0...
elapsed (s): 5.1733832359313965
processing batch of abstracts...
elapsed: 451.6615364551544
writing embeddings to csv file...
elapsed: 4.3773462772369385
embedding subchunk number 21.0...
elapsed (s): 4.886747360229492
processing batch of abstracts...
elapsed: 499.9011652469635
writing embeddings to csv file...
elapsed: 5.581703424453735
embedding subchunk number 22.0...
elapsed (s): 5.874597549438477
processing batch of abstracts...
elapsed: 614.791100025177
writing embeddings to csv file...
elapsed: 5.366234064102173
embedding subchunk number 23.0...
elapsed (s): 5.664934396743774
processing batch of abstracts...
elapsed: 448.4306938648224
writing embeddings to csv file...
elapsed: 4.627423524856567
embedding subchunk number 24.0...
elapsed (s): 4.854186296463013
processing batch of abstracts...
elapsed: 410.9879424571991
writing embeddings to csv file...
elapsed: 3.5711021423339844
embedding subchunk number 25.0...
elapsed (s): 3.8502726554870605
processing batch of abstracts...
elapsed: 394.4938864707947
writing embeddings to csv file...
elapsed: 3.716489553451538
embedding subchunk number 26.0...
elapsed (s): 3.9744279384613037
processing batch of abstracts...
elapsed: 420.2815935611725
writing embeddings to csv file...
elapsed: 3.6757874488830566
embedding subchunk number 27.0...
elapsed (s): 3.9139950275421143
processing batch of abstracts...
elapsed: 389.4035096168518
writing embeddings to csv file...
elapsed: 3.8948733806610107
embedding subchunk number 28.0...
elapsed (s): 4.160777568817139
processing batch of abstracts...
elapsed: 423.2725205421448
writing embeddings to csv file...
elapsed: 4.176758289337158
embedding subchunk number 29.0...
elapsed (s): 4.392733573913574
processing batch of abstracts...
elapsed: 396.1974186897278
writing embeddings to csv file...
elapsed: 5.074710845947266
embedding subchunk number 30.0...
elapsed (s): 5.276455879211426
processing batch of abstracts...
elapsed: 365.2389028072357
writing embeddings to csv file...
elapsed: 3.0708742141723633
embedding subchunk number 31.0...
elapsed (s): 3.4254229068756104
processing batch of abstracts...
elapsed: 392.89018630981445
writing embeddings to csv file...
elapsed: 3.4941115379333496
embedding subchunk number 32.0...
elapsed (s): 3.7779152393341064
processing batch of abstracts...
elapsed: 460.98770546913147
writing embeddings to csv file...
elapsed: 4.062326431274414
embedding subchunk number 33.0...
elapsed (s): 4.406049728393555
processing batch of abstracts...
elapsed: 556.1976585388184
writing embeddings to csv file...
elapsed: 5.062242269515991
embedding subchunk number 34.0...
elapsed (s): 5.27695369720459
processing batch of abstracts...
elapsed: 471.51533937454224
writing embeddings to csv file...
elapsed: 4.819849014282227
embedding subchunk number 35.0...
elapsed (s): 5.110749006271362
processing batch of abstracts...
elapsed: 434.305212020874
writing embeddings to csv file...
elapsed: 4.722024917602539
embedding subchunk number 36.0...
elapsed (s): 4.987489223480225
processing batch of abstracts...
elapsed: 477.4085216522217
writing embeddings to csv file...
elapsed: 4.494340658187866
embedding subchunk number 37.0...
elapsed (s): 4.833686590194702
processing batch of abstracts...
elapsed: 604.6407318115234
writing embeddings to csv file...
elapsed: 5.781017065048218
embedding subchunk number 38.0...
elapsed (s): 6.034893035888672
processing batch of abstracts...
elapsed: 569.3417067527771
writing embeddings to csv file...
elapsed: 7.646123170852661
embedding subchunk number 39.0...
elapsed (s): 7.931013822555542
processing batch of abstracts...
elapsed: 594.3710536956787
writing embeddings to csv file...
elapsed: 6.645010471343994
embedding subchunk number 40.0...
elapsed (s): 6.9184184074401855
processing batch of abstracts...
elapsed: 569.283121585846
writing embeddings to csv file...
elapsed: 5.509594202041626
embedding subchunk number 41.0...
elapsed (s): 5.781297922134399
processing batch of abstracts...
elapsed: 589.6864314079285
writing embeddings to csv file...
elapsed: 5.211805820465088
embedding subchunk number 42.0...
elapsed (s): 5.517101287841797
processing batch of abstracts...
elapsed: 605.1150710582733
writing embeddings to csv file...
elapsed: 5.461706876754761
embedding subchunk number 43.0...
elapsed (s): 5.742189168930054
processing batch of abstracts...
elapsed: 579.7905263900757
writing embeddings to csv file...
elapsed: 5.498183727264404
embedding subchunk number 44.0...
elapsed (s): 5.733685255050659
processing batch of abstracts...
elapsed: 559.3694975376129
writing embeddings to csv file...
elapsed: 5.64876389503479
embedding subchunk number 45.0...
elapsed (s): 6.122907638549805
processing batch of abstracts...
elapsed: 553.5768158435822
writing embeddings to csv file...
elapsed: 5.8599324226379395
embedding subchunk number 46.0...
elapsed (s): 6.106597900390625
processing batch of abstracts...
elapsed: 574.9794857501984
writing embeddings to csv file...
elapsed: 4.8254265785217285
embedding subchunk number 47.0...
elapsed (s): 5.265674114227295
processing batch of abstracts...
elapsed: 576.1244077682495
writing embeddings to csv file...
elapsed: 5.634169340133667
embedding subchunk number 48.0...
elapsed (s): 5.953199625015259
processing batch of abstracts...
elapsed: 529.7136270999908
writing embeddings to csv file...
elapsed: 4.847439527511597
embedding subchunk number 49.0...
elapsed (s): 5.138535976409912
processing batch of abstracts...
elapsed: 543.3950424194336
writing embeddings to csv file...
elapsed: 5.690468072891235
embedding subchunk number 50.0...
elapsed (s): 5.868674039840698
processing batch of abstracts...
elapsed: 542.6400756835938
writing embeddings to csv file...
elapsed: 4.996001720428467
embedding subchunk number 51.0...
elapsed (s): 5.303088188171387
processing batch of abstracts...
elapsed: 403.21342062950134
writing embeddings to csv file...
elapsed: 4.159438133239746
embedding subchunk number 52.0...
elapsed (s): 4.238662481307983
processing batch of abstracts...
elapsed: 252.2068314552307
writing embeddings to csv file...
elapsed: 3.727599859237671
embedding subchunk number 53.0...
elapsed (s): 3.9546899795532227
processing batch of abstracts...
elapsed: 249.69332671165466
writing embeddings to csv file...
elapsed: 4.8818817138671875
embedding subchunk number 54.0...
elapsed (s): 5.1336305141448975
processing batch of abstracts...
elapsed: 370.82366275787354
writing embeddings to csv file...
elapsed: 4.571906566619873
embedding subchunk number 55.0...
elapsed (s): 5.1406073570251465
processing batch of abstracts...
elapsed: 591.86780834198
writing embeddings to csv file...
elapsed: 5.363786458969116
embedding subchunk number 56.0...
elapsed (s): 5.653018474578857
processing batch of abstracts...
elapsed: 571.668221950531
writing embeddings to csv file...
elapsed: 5.1407763957977295
embedding subchunk number 57.0...
elapsed (s): 5.441025972366333
processing batch of abstracts...
elapsed: 545.2734458446503
writing embeddings to csv file...
elapsed: 4.926305770874023
embedding subchunk number 58.0...
elapsed (s): 5.346155643463135
processing batch of abstracts...
elapsed: 586.5990159511566
writing embeddings to csv file...
elapsed: 5.809811592102051
embedding subchunk number 59.0...
elapsed (s): 6.158321142196655
processing batch of abstracts...
elapsed: 596.9525525569916
writing embeddings to csv file...
elapsed: 5.273273706436157
