My SLURM_ARRAY_TASK_I:  49
Input arguments: ['./embed_pubmed__array_gpu_job.py', '49']
slurm array id: 49
GPU sanity checks: 
device ID: 0
<torch.cuda.device object at 0x7ff3066c7550>
N devices: 1
Tesla K80
is available? True
Spacy GPU? True
elapsed (s): 1.017801284790039
embedding subchunk number 0.0...
elapsed (s): 0.050116777420043945
processing batch of abstracts...
elapsed: 0.5430557727813721
writing embeddings to csv file...
elapsed: 0.06241488456726074
embedding subchunk number 1.0...
elapsed (s): 0.23552751541137695
processing batch of abstracts...
elapsed: 642.6269428730011
writing embeddings to csv file...
elapsed: 5.433233976364136
embedding subchunk number 2.0...
elapsed (s): 5.590393304824829
processing batch of abstracts...
elapsed: 624.9230036735535
writing embeddings to csv file...
elapsed: 5.319713592529297
embedding subchunk number 3.0...
elapsed (s): 5.642124652862549
processing batch of abstracts...
elapsed: 617.8785784244537
writing embeddings to csv file...
elapsed: 5.190621614456177
embedding subchunk number 4.0...
elapsed (s): 5.360399007797241
processing batch of abstracts...
elapsed: 540.72283411026
writing embeddings to csv file...
elapsed: 4.857975244522095
embedding subchunk number 5.0...
elapsed (s): 5.115877628326416
processing batch of abstracts...
elapsed: 537.8251667022705
writing embeddings to csv file...
elapsed: 4.802253723144531
embedding subchunk number 6.0...
elapsed (s): 5.021129131317139
processing batch of abstracts...
elapsed: 546.015998840332
writing embeddings to csv file...
elapsed: 5.009042024612427
embedding subchunk number 7.0...
elapsed (s): 5.242868185043335
processing batch of abstracts...
elapsed: 508.040075302124
writing embeddings to csv file...
elapsed: 4.76366662979126
embedding subchunk number 8.0...
elapsed (s): 4.949336767196655
processing batch of abstracts...
elapsed: 515.2560217380524
writing embeddings to csv file...
elapsed: 4.639472961425781
embedding subchunk number 9.0...
elapsed (s): 4.880016326904297
processing batch of abstracts...
elapsed: 474.70671367645264
writing embeddings to csv file...
elapsed: 4.4206554889678955
embedding subchunk number 10.0...
elapsed (s): 4.531426668167114
processing batch of abstracts...
elapsed: 422.96901512145996
writing embeddings to csv file...
elapsed: 4.2554216384887695
embedding subchunk number 11.0...
elapsed (s): 4.419910907745361
processing batch of abstracts...
elapsed: 386.8828024864197
writing embeddings to csv file...
elapsed: 3.8762216567993164
embedding subchunk number 12.0...
elapsed (s): 4.1209375858306885
processing batch of abstracts...
elapsed: 584.2514932155609
writing embeddings to csv file...
elapsed: 4.942512273788452
embedding subchunk number 13.0...
elapsed (s): 5.207037687301636
processing batch of abstracts...
elapsed: 536.5901486873627
writing embeddings to csv file...
elapsed: 4.98665189743042
embedding subchunk number 14.0...
elapsed (s): 5.271101474761963
processing batch of abstracts...
elapsed: 525.8887183666229
writing embeddings to csv file...
elapsed: 4.885678291320801
embedding subchunk number 15.0...
elapsed (s): 5.113063335418701
processing batch of abstracts...
elapsed: 556.8796472549438
writing embeddings to csv file...
elapsed: 5.530360698699951
embedding subchunk number 16.0...
elapsed (s): 5.764266014099121
processing batch of abstracts...
elapsed: 580.8061680793762
writing embeddings to csv file...
elapsed: 5.334900140762329
embedding subchunk number 17.0...
elapsed (s): 5.54265022277832
processing batch of abstracts...
elapsed: 551.5343389511108
writing embeddings to csv file...
elapsed: 5.148681640625
embedding subchunk number 18.0...
elapsed (s): 5.467590093612671
processing batch of abstracts...
elapsed: 585.6746151447296
writing embeddings to csv file...
elapsed: 5.0887110233306885
embedding subchunk number 19.0...
elapsed (s): 5.3416054248809814
processing batch of abstracts...
elapsed: 624.4784190654755
writing embeddings to csv file...
elapsed: 5.366315126419067
embedding subchunk number 20.0...
elapsed (s): 5.653571367263794
processing batch of abstracts...
elapsed: 666.586663722992
writing embeddings to csv file...
elapsed: 5.358051061630249
embedding subchunk number 21.0...
elapsed (s): 5.605269193649292
processing batch of abstracts...
elapsed: 629.8526396751404
writing embeddings to csv file...
elapsed: 5.240650415420532
embedding subchunk number 22.0...
elapsed (s): 5.5274977684021
processing batch of abstracts...
elapsed: 631.4154284000397
writing embeddings to csv file...
elapsed: 5.180340528488159
embedding subchunk number 23.0...
elapsed (s): 5.384797096252441
processing batch of abstracts...
elapsed: 644.276969909668
writing embeddings to csv file...
elapsed: 5.484814882278442
embedding subchunk number 24.0...
elapsed (s): 5.796489715576172
processing batch of abstracts...
elapsed: 604.1116786003113
writing embeddings to csv file...
elapsed: 5.43985915184021
embedding subchunk number 25.0...
elapsed (s): 5.563678026199341
processing batch of abstracts...
elapsed: 415.5047631263733
writing embeddings to csv file...
elapsed: 3.42073392868042
embedding subchunk number 26.0...
elapsed (s): 3.626624345779419
processing batch of abstracts...
elapsed: 393.5196077823639
writing embeddings to csv file...
elapsed: 3.292299509048462
embedding subchunk number 27.0...
elapsed (s): 3.4756388664245605
processing batch of abstracts...
elapsed: 377.0499155521393
writing embeddings to csv file...
elapsed: 3.2286853790283203
embedding subchunk number 28.0...
elapsed (s): 3.4601728916168213
processing batch of abstracts...
elapsed: 387.28052496910095
writing embeddings to csv file...
elapsed: 3.229560375213623
embedding subchunk number 29.0...
elapsed (s): 3.402587890625
processing batch of abstracts...
elapsed: 390.04751086235046
writing embeddings to csv file...
elapsed: 3.287648916244507
embedding subchunk number 30.0...
elapsed (s): 3.47656512260437
processing batch of abstracts...
elapsed: 281.7395691871643
writing embeddings to csv file...
elapsed: 2.42925763130188
embedding subchunk number 31.0...
elapsed (s): 2.580044746398926
processing batch of abstracts...
elapsed: 270.5925772190094
writing embeddings to csv file...
elapsed: 2.3291707038879395
embedding subchunk number 32.0...
elapsed (s): 2.6297459602355957
processing batch of abstracts...
elapsed: 591.0052216053009
writing embeddings to csv file...
elapsed: 5.303205251693726
embedding subchunk number 33.0...
elapsed (s): 5.520670175552368
processing batch of abstracts...
elapsed: 613.3963062763214
writing embeddings to csv file...
elapsed: 5.3225648403167725
embedding subchunk number 34.0...
elapsed (s): 5.576846122741699
processing batch of abstracts...
elapsed: 489.2957921028137
writing embeddings to csv file...
elapsed: 5.302199125289917
embedding subchunk number 35.0...
elapsed (s): 5.546085357666016
processing batch of abstracts...
elapsed: 514.460432767868
writing embeddings to csv file...
elapsed: 5.0950376987457275
embedding subchunk number 36.0...
elapsed (s): 5.38390851020813
processing batch of abstracts...
elapsed: 561.4021673202515
writing embeddings to csv file...
elapsed: 4.674171447753906
embedding subchunk number 37.0...
elapsed (s): 4.9118735790252686
processing batch of abstracts...
elapsed: 580.0174391269684
writing embeddings to csv file...
elapsed: 4.93982458114624
embedding subchunk number 38.0...
elapsed (s): 5.228684425354004
processing batch of abstracts...
elapsed: 477.40637397766113
writing embeddings to csv file...
elapsed: 3.9882776737213135
embedding subchunk number 39.0...
elapsed (s): 4.212508678436279
processing batch of abstracts...
elapsed: 415.3406698703766
writing embeddings to csv file...
elapsed: 3.833808660507202
embedding subchunk number 40.0...
elapsed (s): 4.064603090286255
processing batch of abstracts...
elapsed: 488.18728017807007
writing embeddings to csv file...
elapsed: 4.476500511169434
embedding subchunk number 41.0...
elapsed (s): 4.687520265579224
processing batch of abstracts...
elapsed: 465.80705285072327
writing embeddings to csv file...
elapsed: 4.203165531158447
embedding subchunk number 42.0...
elapsed (s): 4.407937049865723
processing batch of abstracts...
elapsed: 392.10336899757385
writing embeddings to csv file...
elapsed: 3.992471694946289
embedding subchunk number 43.0...
elapsed (s): 4.265361309051514
processing batch of abstracts...
elapsed: 391.6840317249298
writing embeddings to csv file...
elapsed: 3.81262469291687
embedding subchunk number 44.0...
elapsed (s): 4.144227981567383
processing batch of abstracts...
elapsed: 615.7785248756409
writing embeddings to csv file...
elapsed: 5.053909063339233
embedding subchunk number 45.0...
elapsed (s): 5.1490044593811035
processing batch of abstracts...
elapsed: 329.4494652748108
writing embeddings to csv file...
elapsed: 2.969038486480713
embedding subchunk number 46.0...
elapsed (s): 3.2190909385681152
processing batch of abstracts...
elapsed: 285.00625491142273
writing embeddings to csv file...
elapsed: 2.4999043941497803
embedding subchunk number 47.0...
elapsed (s): 2.6468565464019775
processing batch of abstracts...
elapsed: 292.75834012031555
writing embeddings to csv file...
elapsed: 2.3975417613983154
embedding subchunk number 48.0...
elapsed (s): 2.6255297660827637
processing batch of abstracts...
elapsed: 206.5707356929779
writing embeddings to csv file...
elapsed: 1.9551539421081543
embedding subchunk number 49.0...
elapsed (s): 2.047802686691284
processing batch of abstracts...
elapsed: 131.81463384628296
writing embeddings to csv file...
elapsed: 1.132401704788208
embedding subchunk number 50.0...
elapsed (s): 1.410738468170166
processing batch of abstracts...
elapsed: 601.1757431030273
writing embeddings to csv file...
elapsed: 4.9043869972229
embedding subchunk number 51.0...
elapsed (s): 5.150806903839111
processing batch of abstracts...
elapsed: 595.3009374141693
writing embeddings to csv file...
elapsed: 4.906634092330933
embedding subchunk number 52.0...
elapsed (s): 5.192539215087891
processing batch of abstracts...
elapsed: 589.425377368927
writing embeddings to csv file...
elapsed: 5.031347036361694
embedding subchunk number 53.0...
elapsed (s): 5.279162168502808
processing batch of abstracts...
elapsed: 608.5802457332611
writing embeddings to csv file...
elapsed: 4.94046950340271
embedding subchunk number 54.0...
elapsed (s): 5.31566596031189
processing batch of abstracts...
elapsed: 629.4982709884644
writing embeddings to csv file...
elapsed: 5.079577922821045
embedding subchunk number 55.0...
elapsed (s): 5.31310772895813
processing batch of abstracts...
elapsed: 556.707884311676
writing embeddings to csv file...
elapsed: 5.051440715789795
embedding subchunk number 56.0...
elapsed (s): 5.332413673400879
processing batch of abstracts...
elapsed: 525.2197704315186
writing embeddings to csv file...
elapsed: 4.607991933822632
embedding subchunk number 57.0...
elapsed (s): 4.9352827072143555
processing batch of abstracts...
elapsed: 546.8115384578705
writing embeddings to csv file...
elapsed: 4.952417373657227
embedding subchunk number 58.0...
elapsed (s): 5.182363033294678
processing batch of abstracts...
elapsed: 569.684296131134
writing embeddings to csv file...
elapsed: 4.855053186416626
embedding subchunk number 59.0...
elapsed (s): 5.094707250595093
processing batch of abstracts...
elapsed: 603.8100953102112
writing embeddings to csv file...
elapsed: 4.971289396286011
