My SLURM_ARRAY_TASK_I:  25
Input arguments: ['./embed_pubmed__array_gpu_job.py', '25']
slurm array id: 25
GPU sanity checks: 
device ID: 0
<torch.cuda.device object at 0x7fb6f8532860>
N devices: 1
Tesla K80
is available? True
Spacy GPU? True
elapsed (s): 1.9978547096252441
embedding subchunk number 0.0...
elapsed (s): 0.04693770408630371
processing batch of abstracts...
elapsed: 0.7044789791107178
writing embeddings to csv file...
elapsed: 0.6326019763946533
embedding subchunk number 1.0...
elapsed (s): 0.8297443389892578
processing batch of abstracts...
elapsed: 531.964227437973
writing embeddings to csv file...
elapsed: 4.922197580337524
embedding subchunk number 2.0...
elapsed (s): 5.050307035446167
processing batch of abstracts...
elapsed: 484.2644610404968
writing embeddings to csv file...
elapsed: 4.748243093490601
embedding subchunk number 3.0...
elapsed (s): 4.991159915924072
processing batch of abstracts...
elapsed: 436.13582825660706
writing embeddings to csv file...
elapsed: 4.324815988540649
embedding subchunk number 4.0...
elapsed (s): 4.52806830406189
processing batch of abstracts...
elapsed: 425.8458721637726
writing embeddings to csv file...
elapsed: 4.587341070175171
embedding subchunk number 5.0...
elapsed (s): 4.851094007492065
processing batch of abstracts...
elapsed: 476.53642225265503
writing embeddings to csv file...
elapsed: 4.853628396987915
embedding subchunk number 6.0...
elapsed (s): 5.036740779876709
processing batch of abstracts...
elapsed: 459.2989592552185
writing embeddings to csv file...
elapsed: 4.829977512359619
embedding subchunk number 7.0...
elapsed (s): 5.079012155532837
processing batch of abstracts...
elapsed: 476.874183177948
writing embeddings to csv file...
elapsed: 4.933786153793335
embedding subchunk number 8.0...
elapsed (s): 5.111372232437134
processing batch of abstracts...
elapsed: 397.6908383369446
writing embeddings to csv file...
elapsed: 4.677208185195923
embedding subchunk number 9.0...
elapsed (s): 4.96290135383606
processing batch of abstracts...
elapsed: 500.0922119617462
writing embeddings to csv file...
elapsed: 4.776049613952637
embedding subchunk number 10.0...
elapsed (s): 5.025367975234985
processing batch of abstracts...
elapsed: 614.0379009246826
writing embeddings to csv file...
elapsed: 5.4730846881866455
embedding subchunk number 11.0...
elapsed (s): 5.8815553188323975
processing batch of abstracts...
elapsed: 620.4489347934723
writing embeddings to csv file...
elapsed: 5.592620849609375
embedding subchunk number 12.0...
elapsed (s): 5.689439535140991
processing batch of abstracts...
elapsed: 262.123699426651
writing embeddings to csv file...
elapsed: 2.318406343460083
embedding subchunk number 13.0...
elapsed (s): 2.4252588748931885
processing batch of abstracts...
elapsed: 166.70004796981812
writing embeddings to csv file...
elapsed: 1.5117359161376953
embedding subchunk number 14.0...
elapsed (s): 1.620159387588501
processing batch of abstracts...
elapsed: 49.933189392089844
writing embeddings to csv file...
elapsed: 0.6743338108062744
embedding subchunk number 15.0...
elapsed (s): 0.8626182079315186
processing batch of abstracts...
elapsed: 268.9834334850311
writing embeddings to csv file...
elapsed: 2.8745217323303223
embedding subchunk number 16.0...
elapsed (s): 3.1443583965301514
processing batch of abstracts...
elapsed: 345.9584472179413
writing embeddings to csv file...
elapsed: 3.7341883182525635
embedding subchunk number 17.0...
elapsed (s): 3.9894466400146484
processing batch of abstracts...
elapsed: 488.0256872177124
writing embeddings to csv file...
elapsed: 4.9466552734375
embedding subchunk number 18.0...
elapsed (s): 5.1792449951171875
processing batch of abstracts...
elapsed: 513.4774067401886
writing embeddings to csv file...
elapsed: 5.250221014022827
embedding subchunk number 19.0...
elapsed (s): 5.477638006210327
processing batch of abstracts...
elapsed: 339.73116183280945
writing embeddings to csv file...
elapsed: 3.6401002407073975
embedding subchunk number 20.0...
elapsed (s): 3.866547107696533
processing batch of abstracts...
elapsed: 422.38927388191223
writing embeddings to csv file...
elapsed: 4.237637042999268
embedding subchunk number 21.0...
elapsed (s): 4.502852201461792
processing batch of abstracts...
elapsed: 419.48356652259827
writing embeddings to csv file...
elapsed: 4.11706805229187
embedding subchunk number 22.0...
elapsed (s): 4.339710474014282
processing batch of abstracts...
elapsed: 382.27939677238464
writing embeddings to csv file...
elapsed: 3.9253103733062744
embedding subchunk number 23.0...
elapsed (s): 4.194685220718384
processing batch of abstracts...
elapsed: 474.7739067077637
writing embeddings to csv file...
elapsed: 4.76774525642395
embedding subchunk number 24.0...
elapsed (s): 4.971396207809448
processing batch of abstracts...
elapsed: 408.73747086524963
writing embeddings to csv file...
elapsed: 3.9109325408935547
embedding subchunk number 25.0...
elapsed (s): 4.130024194717407
processing batch of abstracts...
elapsed: 323.0836296081543
writing embeddings to csv file...
elapsed: 3.244142770767212
embedding subchunk number 26.0...
elapsed (s): 3.424527168273926
processing batch of abstracts...
elapsed: 333.29531502723694
writing embeddings to csv file...
elapsed: 3.2789230346679688
embedding subchunk number 27.0...
elapsed (s): 3.489555597305298
processing batch of abstracts...
elapsed: 316.2628951072693
writing embeddings to csv file...
elapsed: 3.2307538986206055
embedding subchunk number 28.0...
elapsed (s): 3.3729653358459473
processing batch of abstracts...
elapsed: 298.4995582103729
writing embeddings to csv file...
elapsed: 2.876801013946533
embedding subchunk number 29.0...
elapsed (s): 3.072671413421631
processing batch of abstracts...
elapsed: 241.3576295375824
writing embeddings to csv file...
elapsed: 2.5237019062042236
embedding subchunk number 30.0...
elapsed (s): 2.7648284435272217
processing batch of abstracts...
elapsed: 301.42917370796204
writing embeddings to csv file...
elapsed: 2.889143228530884
embedding subchunk number 31.0...
elapsed (s): 3.250333547592163
processing batch of abstracts...
elapsed: 544.0978529453278
writing embeddings to csv file...
elapsed: 4.88260293006897
embedding subchunk number 32.0...
elapsed (s): 5.104909658432007
processing batch of abstracts...
elapsed: 538.6751563549042
writing embeddings to csv file...
elapsed: 5.182120323181152
embedding subchunk number 33.0...
elapsed (s): 5.473478078842163
processing batch of abstracts...
elapsed: 504.11349725723267
writing embeddings to csv file...
elapsed: 4.8887388706207275
embedding subchunk number 34.0...
elapsed (s): 5.077604293823242
processing batch of abstracts...
elapsed: 500.7932937145233
writing embeddings to csv file...
elapsed: 4.950803756713867
embedding subchunk number 35.0...
elapsed (s): 5.2278993129730225
processing batch of abstracts...
elapsed: 514.7325484752655
writing embeddings to csv file...
elapsed: 5.236175298690796
embedding subchunk number 36.0...
elapsed (s): 5.403220891952515
processing batch of abstracts...
elapsed: 502.911744594574
writing embeddings to csv file...
elapsed: 4.977735757827759
embedding subchunk number 37.0...
elapsed (s): 5.338209629058838
processing batch of abstracts...
elapsed: 510.6168751716614
writing embeddings to csv file...
elapsed: 4.905571699142456
embedding subchunk number 38.0...
elapsed (s): 5.1169657707214355
processing batch of abstracts...
elapsed: 458.19323778152466
writing embeddings to csv file...
elapsed: 4.495104789733887
embedding subchunk number 39.0...
elapsed (s): 4.751069784164429
processing batch of abstracts...
elapsed: 461.09345173835754
writing embeddings to csv file...
elapsed: 4.647935390472412
embedding subchunk number 40.0...
elapsed (s): 4.793514966964722
processing batch of abstracts...
elapsed: 462.88603496551514
writing embeddings to csv file...
elapsed: 4.832219839096069
embedding subchunk number 41.0...
elapsed (s): 5.1541829109191895
processing batch of abstracts...
elapsed: 482.81720066070557
writing embeddings to csv file...
elapsed: 5.201732873916626
embedding subchunk number 42.0...
elapsed (s): 5.3825414180755615
processing batch of abstracts...
elapsed: 477.8019778728485
writing embeddings to csv file...
elapsed: 4.822658061981201
embedding subchunk number 43.0...
elapsed (s): 5.140653371810913
processing batch of abstracts...
elapsed: 574.0564186573029
writing embeddings to csv file...
elapsed: 5.122178554534912
embedding subchunk number 44.0...
elapsed (s): 5.294786214828491
processing batch of abstracts...
elapsed: 530.6284816265106
writing embeddings to csv file...
elapsed: 5.15571665763855
embedding subchunk number 45.0...
elapsed (s): 5.52664041519165
processing batch of abstracts...
elapsed: 501.90407824516296
writing embeddings to csv file...
elapsed: 4.726085186004639
embedding subchunk number 46.0...
elapsed (s): 5.019520282745361
processing batch of abstracts...
elapsed: 554.2479176521301
writing embeddings to csv file...
elapsed: 5.328188180923462
embedding subchunk number 47.0...
elapsed (s): 5.8028645515441895
processing batch of abstracts...
elapsed: 595.2446143627167
writing embeddings to csv file...
elapsed: 5.399051666259766
embedding subchunk number 48.0...
elapsed (s): 5.639344215393066
processing batch of abstracts...
elapsed: 561.8895087242126
writing embeddings to csv file...
elapsed: 5.1334733963012695
embedding subchunk number 49.0...
elapsed (s): 5.745650291442871
processing batch of abstracts...
elapsed: 536.3969926834106
writing embeddings to csv file...
elapsed: 4.905155658721924
embedding subchunk number 50.0...
elapsed (s): 5.2535107135772705
processing batch of abstracts...
elapsed: 588.4332876205444
writing embeddings to csv file...
elapsed: 5.283060550689697
embedding subchunk number 51.0...
elapsed (s): 5.7449424266815186
processing batch of abstracts...
elapsed: 560.1938846111298
writing embeddings to csv file...
elapsed: 4.978358030319214
embedding subchunk number 52.0...
elapsed (s): 5.230108261108398
processing batch of abstracts...
elapsed: 555.0724952220917
writing embeddings to csv file...
elapsed: 5.0981504917144775
embedding subchunk number 53.0...
elapsed (s): 5.375375509262085
processing batch of abstracts...
elapsed: 561.6940677165985
writing embeddings to csv file...
elapsed: 5.122033357620239
embedding subchunk number 54.0...
elapsed (s): 5.349349498748779
processing batch of abstracts...
elapsed: 534.143351316452
writing embeddings to csv file...
elapsed: 5.309462785720825
embedding subchunk number 55.0...
elapsed (s): 5.762624263763428
processing batch of abstracts...
elapsed: 527.162606716156
writing embeddings to csv file...
elapsed: 5.669485569000244
embedding subchunk number 56.0...
elapsed (s): 5.9575653076171875
processing batch of abstracts...
elapsed: 543.6122465133667
writing embeddings to csv file...
elapsed: 4.964471101760864
embedding subchunk number 57.0...
elapsed (s): 5.437565803527832
processing batch of abstracts...
elapsed: 519.1912100315094
writing embeddings to csv file...
elapsed: 5.009767532348633
embedding subchunk number 58.0...
elapsed (s): 5.199702501296997
processing batch of abstracts...
elapsed: 505.0009410381317
writing embeddings to csv file...
elapsed: 5.284407615661621
embedding subchunk number 59.0...
elapsed (s): 5.684696674346924
processing batch of abstracts...
elapsed: 487.68708300590515
writing embeddings to csv file...
elapsed: 4.795222520828247
