My SLURM_ARRAY_TASK_I:  12
Input arguments: ['./embed_pubmed__array_gpu_job.py', '12']
slurm array id: 12
GPU sanity checks: 
device ID: 0
<torch.cuda.device object at 0x7fa1141b77b8>
N devices: 1
Tesla K80
is available? True
Spacy GPU? True
elapsed (s): 1.2319769859313965
embedding subchunk number 0.0...
elapsed (s): 0.06416511535644531
processing batch of abstracts...
elapsed: 0.4215507507324219
writing embeddings to csv file...
elapsed: 0.09218382835388184
embedding subchunk number 1.0...
elapsed (s): 0.20456957817077637
processing batch of abstracts...
elapsed: 273.25886130332947
writing embeddings to csv file...
elapsed: 7.613775014877319
embedding subchunk number 2.0...
elapsed (s): 7.776575565338135
processing batch of abstracts...
elapsed: 388.8053135871887
writing embeddings to csv file...
elapsed: 7.570627927780151
embedding subchunk number 3.0...
elapsed (s): 7.75837254524231
processing batch of abstracts...
elapsed: 388.0316438674927
writing embeddings to csv file...
elapsed: 7.680819511413574
embedding subchunk number 4.0...
elapsed (s): 7.900630474090576
processing batch of abstracts...
elapsed: 566.8996231555939
writing embeddings to csv file...
elapsed: 7.64933705329895
embedding subchunk number 5.0...
elapsed (s): 7.874724626541138
processing batch of abstracts...
elapsed: 513.5949170589447
writing embeddings to csv file...
elapsed: 7.587955713272095
embedding subchunk number 6.0...
elapsed (s): 7.8364036083221436
processing batch of abstracts...
elapsed: 564.794629573822
writing embeddings to csv file...
elapsed: 7.600341796875
embedding subchunk number 7.0...
elapsed (s): 7.84641432762146
processing batch of abstracts...
elapsed: 502.030100107193
writing embeddings to csv file...
elapsed: 7.530842542648315
embedding subchunk number 8.0...
elapsed (s): 7.765599966049194
processing batch of abstracts...
elapsed: 460.9751982688904
writing embeddings to csv file...
elapsed: 7.568174362182617
embedding subchunk number 9.0...
elapsed (s): 7.749506711959839
processing batch of abstracts...
elapsed: 408.97212743759155
writing embeddings to csv file...
elapsed: 7.677673101425171
embedding subchunk number 10.0...
elapsed (s): 7.8771374225616455
processing batch of abstracts...
elapsed: 371.2855131626129
writing embeddings to csv file...
elapsed: 7.556445837020874
embedding subchunk number 11.0...
elapsed (s): 7.739575624465942
processing batch of abstracts...
elapsed: 390.69577074050903
writing embeddings to csv file...
elapsed: 7.551375389099121
embedding subchunk number 12.0...
elapsed (s): 7.824494361877441
processing batch of abstracts...
elapsed: 379.2693235874176
writing embeddings to csv file...
elapsed: 7.6884448528289795
embedding subchunk number 13.0...
elapsed (s): 7.865536689758301
processing batch of abstracts...
elapsed: 365.57193088531494
writing embeddings to csv file...
elapsed: 7.551675796508789
embedding subchunk number 14.0...
elapsed (s): 7.711794853210449
processing batch of abstracts...
elapsed: 237.03841638565063
writing embeddings to csv file...
elapsed: 7.546099424362183
embedding subchunk number 15.0...
elapsed (s): 7.705431222915649
processing batch of abstracts...
elapsed: 201.0910792350769
writing embeddings to csv file...
elapsed: 7.45366644859314
embedding subchunk number 16.0...
elapsed (s): 7.529342889785767
processing batch of abstracts...
elapsed: 137.0477752685547
writing embeddings to csv file...
elapsed: 7.7313830852508545
embedding subchunk number 17.0...
elapsed (s): 7.792612075805664
processing batch of abstracts...
elapsed: 77.87956953048706
writing embeddings to csv file...
elapsed: 7.509226083755493
embedding subchunk number 18.0...
elapsed (s): 7.714472770690918
processing batch of abstracts...
elapsed: 108.74058151245117
writing embeddings to csv file...
elapsed: 7.529719829559326
embedding subchunk number 19.0...
elapsed (s): 7.590528726577759
processing batch of abstracts...
elapsed: 55.31498599052429
writing embeddings to csv file...
elapsed: 7.8001909255981445
embedding subchunk number 20.0...
elapsed (s): 7.8763747215271
processing batch of abstracts...
elapsed: 55.737618923187256
writing embeddings to csv file...
elapsed: 7.465117454528809
embedding subchunk number 21.0...
elapsed (s): 7.611722469329834
processing batch of abstracts...
elapsed: 207.80882811546326
writing embeddings to csv file...
elapsed: 7.581725120544434
embedding subchunk number 22.0...
elapsed (s): 7.7758073806762695
processing batch of abstracts...
elapsed: 340.1777722835541
writing embeddings to csv file...
elapsed: 7.5195441246032715
embedding subchunk number 23.0...
elapsed (s): 7.8303163051605225
processing batch of abstracts...
elapsed: 358.34397888183594
writing embeddings to csv file...
elapsed: 7.52360463142395
embedding subchunk number 24.0...
elapsed (s): 7.712190866470337
processing batch of abstracts...
elapsed: 337.4599199295044
writing embeddings to csv file...
elapsed: 7.721521615982056
embedding subchunk number 25.0...
elapsed (s): 7.923715591430664
processing batch of abstracts...
elapsed: 348.43023562431335
writing embeddings to csv file...
elapsed: 7.508190393447876
embedding subchunk number 26.0...
elapsed (s): 7.7178709506988525
processing batch of abstracts...
elapsed: 367.6744689941406
writing embeddings to csv file...
elapsed: 7.52118992805481
embedding subchunk number 27.0...
elapsed (s): 7.729756832122803
processing batch of abstracts...
elapsed: 415.4576413631439
writing embeddings to csv file...
elapsed: 7.589467525482178
embedding subchunk number 28.0...
elapsed (s): 7.866697549819946
processing batch of abstracts...
elapsed: 523.2018029689789
writing embeddings to csv file...
elapsed: 7.585351228713989
embedding subchunk number 29.0...
elapsed (s): 7.819581747055054
processing batch of abstracts...
elapsed: 552.988851070404
writing embeddings to csv file...
elapsed: 7.555066347122192
embedding subchunk number 30.0...
elapsed (s): 7.805790185928345
processing batch of abstracts...
elapsed: 585.5033860206604
writing embeddings to csv file...
elapsed: 7.571497917175293
embedding subchunk number 31.0...
elapsed (s): 7.812466859817505
processing batch of abstracts...
elapsed: 553.8655331134796
writing embeddings to csv file...
elapsed: 7.595384120941162
embedding subchunk number 32.0...
elapsed (s): 7.840530157089233
processing batch of abstracts...
elapsed: 555.8567185401917
writing embeddings to csv file...
elapsed: 7.594278573989868
embedding subchunk number 33.0...
elapsed (s): 7.8535590171813965
processing batch of abstracts...
elapsed: 517.2871992588043
writing embeddings to csv file...
elapsed: 7.539405345916748
embedding subchunk number 34.0...
elapsed (s): 7.857452869415283
processing batch of abstracts...
elapsed: 621.7186024188995
writing embeddings to csv file...
elapsed: 7.562973976135254
embedding subchunk number 35.0...
elapsed (s): 7.771521091461182
processing batch of abstracts...
elapsed: 537.4749989509583
writing embeddings to csv file...
elapsed: 7.542737007141113
embedding subchunk number 36.0...
elapsed (s): 7.801659107208252
processing batch of abstracts...
elapsed: 409.77193689346313
writing embeddings to csv file...
elapsed: 7.455535173416138
embedding subchunk number 37.0...
elapsed (s): 7.650694370269775
processing batch of abstracts...
elapsed: 410.44122529029846
writing embeddings to csv file...
elapsed: 7.604215860366821
embedding subchunk number 38.0...
elapsed (s): 7.861950635910034
processing batch of abstracts...
elapsed: 443.91345286369324
writing embeddings to csv file...
elapsed: 7.558533668518066
embedding subchunk number 39.0...
elapsed (s): 7.763177871704102
processing batch of abstracts...
elapsed: 408.37392497062683
writing embeddings to csv file...
elapsed: 7.559021711349487
embedding subchunk number 40.0...
elapsed (s): 7.820916175842285
processing batch of abstracts...
elapsed: 424.1817696094513
writing embeddings to csv file...
elapsed: 7.477537631988525
embedding subchunk number 41.0...
elapsed (s): 7.665747165679932
processing batch of abstracts...
elapsed: 422.15544295310974
writing embeddings to csv file...
elapsed: 7.484135627746582
embedding subchunk number 42.0...
elapsed (s): 7.688786268234253
processing batch of abstracts...
elapsed: 384.5336048603058
writing embeddings to csv file...
elapsed: 7.716949462890625
embedding subchunk number 43.0...
elapsed (s): 7.876408338546753
processing batch of abstracts...
elapsed: 391.21239018440247
writing embeddings to csv file...
elapsed: 7.642681121826172
embedding subchunk number 44.0...
elapsed (s): 7.871561527252197
processing batch of abstracts...
elapsed: 486.8936152458191
writing embeddings to csv file...
elapsed: 7.513090133666992
embedding subchunk number 45.0...
elapsed (s): 7.707519769668579
processing batch of abstracts...
elapsed: 512.0696611404419
writing embeddings to csv file...
elapsed: 7.620573282241821
embedding subchunk number 46.0...
elapsed (s): 7.921407699584961
processing batch of abstracts...
elapsed: 533.8428354263306
writing embeddings to csv file...
elapsed: 7.621459007263184
embedding subchunk number 47.0...
elapsed (s): 7.7727952003479
processing batch of abstracts...
elapsed: 496.7068085670471
writing embeddings to csv file...
elapsed: 7.627252578735352
embedding subchunk number 48.0...
elapsed (s): 7.919649124145508
processing batch of abstracts...
elapsed: 521.133650302887
writing embeddings to csv file...
elapsed: 7.803821086883545
embedding subchunk number 49.0...
elapsed (s): 7.987613677978516
processing batch of abstracts...
elapsed: 497.25171065330505
writing embeddings to csv file...
elapsed: 7.562374830245972
embedding subchunk number 50.0...
elapsed (s): 7.7724316120147705
processing batch of abstracts...
elapsed: 483.91329526901245
writing embeddings to csv file...
elapsed: 7.684024810791016
embedding subchunk number 51.0...
elapsed (s): 7.828913450241089
processing batch of abstracts...
elapsed: 445.2045593261719
writing embeddings to csv file...
elapsed: 7.538351774215698
embedding subchunk number 52.0...
elapsed (s): 7.763731002807617
processing batch of abstracts...
elapsed: 439.19044399261475
writing embeddings to csv file...
elapsed: 7.562949895858765
embedding subchunk number 53.0...
elapsed (s): 7.708002090454102
processing batch of abstracts...
elapsed: 419.81261253356934
writing embeddings to csv file...
elapsed: 7.577362775802612
embedding subchunk number 54.0...
elapsed (s): 7.839986562728882
processing batch of abstracts...
elapsed: 462.16746640205383
writing embeddings to csv file...
elapsed: 7.53461217880249
embedding subchunk number 55.0...
elapsed (s): 7.68816876411438
processing batch of abstracts...
elapsed: 447.25724506378174
writing embeddings to csv file...
elapsed: 7.577699661254883
embedding subchunk number 56.0...
elapsed (s): 7.808705568313599
processing batch of abstracts...
elapsed: 434.8707420825958
writing embeddings to csv file...
elapsed: 7.641444683074951
embedding subchunk number 57.0...
elapsed (s): 7.872443199157715
processing batch of abstracts...
elapsed: 411.12851095199585
writing embeddings to csv file...
elapsed: 7.851663827896118
embedding subchunk number 58.0...
elapsed (s): 8.060540437698364
processing batch of abstracts...
elapsed: 440.6517872810364
writing embeddings to csv file...
elapsed: 7.750570058822632
embedding subchunk number 59.0...
elapsed (s): 7.974169969558716
processing batch of abstracts...
elapsed: 373.91743302345276
writing embeddings to csv file...
elapsed: 7.50248122215271
