My SLURM_ARRAY_TASK_I:  30
Input arguments: ['./embed_pubmed__array_gpu_job.py', '30']
slurm array id: 30
GPU sanity checks: 
device ID: 0
<torch.cuda.device object at 0x7fbbd90937b8>
N devices: 1
Tesla K80
is available? True
Spacy GPU? True
elapsed (s): 2.3430068492889404
embedding subchunk number 0.0...
elapsed (s): 0.07016801834106445
processing batch of abstracts...
elapsed: 0.9850189685821533
writing embeddings to csv file...
elapsed: 0.027703523635864258
embedding subchunk number 1.0...
elapsed (s): 0.1760258674621582
processing batch of abstracts...
elapsed: 387.9243347644806
writing embeddings to csv file...
elapsed: 7.826861619949341
embedding subchunk number 2.0...
elapsed (s): 8.102277278900146
processing batch of abstracts...
elapsed: 566.0999031066895
writing embeddings to csv file...
elapsed: 7.5156238079071045
embedding subchunk number 3.0...
elapsed (s): 7.7456958293914795
processing batch of abstracts...
elapsed: 470.59477257728577
writing embeddings to csv file...
elapsed: 7.4370176792144775
embedding subchunk number 4.0...
elapsed (s): 7.614633083343506
processing batch of abstracts...
elapsed: 400.11360263824463
writing embeddings to csv file...
elapsed: 7.50319766998291
embedding subchunk number 5.0...
elapsed (s): 7.717462539672852
processing batch of abstracts...
elapsed: 472.8365261554718
writing embeddings to csv file...
elapsed: 7.465167999267578
embedding subchunk number 6.0...
elapsed (s): 7.661052227020264
processing batch of abstracts...
elapsed: 482.1951735019684
writing embeddings to csv file...
elapsed: 7.446268081665039
embedding subchunk number 7.0...
elapsed (s): 7.7733941078186035
processing batch of abstracts...
elapsed: 453.1498029232025
writing embeddings to csv file...
elapsed: 7.508542537689209
embedding subchunk number 8.0...
elapsed (s): 7.712401390075684
processing batch of abstracts...
elapsed: 436.844975233078
writing embeddings to csv file...
elapsed: 7.480880498886108
embedding subchunk number 9.0...
elapsed (s): 7.754514455795288
processing batch of abstracts...
elapsed: 432.4783453941345
writing embeddings to csv file...
elapsed: 7.458358526229858
embedding subchunk number 10.0...
elapsed (s): 7.680979490280151
processing batch of abstracts...
elapsed: 400.2426371574402
writing embeddings to csv file...
elapsed: 7.401275873184204
embedding subchunk number 11.0...
elapsed (s): 7.749775648117065
processing batch of abstracts...
elapsed: 544.0422325134277
writing embeddings to csv file...
elapsed: 7.492672681808472
embedding subchunk number 12.0...
elapsed (s): 7.729374408721924
processing batch of abstracts...
elapsed: 567.3967587947845
writing embeddings to csv file...
elapsed: 7.543455600738525
embedding subchunk number 13.0...
elapsed (s): 7.9258880615234375
processing batch of abstracts...
elapsed: 628.8874118328094
writing embeddings to csv file...
elapsed: 7.486074447631836
embedding subchunk number 14.0...
elapsed (s): 7.730722904205322
processing batch of abstracts...
elapsed: 562.9778184890747
writing embeddings to csv file...
elapsed: 7.421359062194824
embedding subchunk number 15.0...
elapsed (s): 7.711190223693848
processing batch of abstracts...
elapsed: 547.0271084308624
writing embeddings to csv file...
elapsed: 7.584562063217163
embedding subchunk number 16.0...
elapsed (s): 7.784789562225342
processing batch of abstracts...
elapsed: 539.8026275634766
writing embeddings to csv file...
elapsed: 7.411388635635376
embedding subchunk number 17.0...
elapsed (s): 7.7492780685424805
processing batch of abstracts...
elapsed: 558.5318772792816
writing embeddings to csv file...
elapsed: 7.388976573944092
embedding subchunk number 18.0...
elapsed (s): 7.5889153480529785
processing batch of abstracts...
elapsed: 539.9483630657196
writing embeddings to csv file...
elapsed: 7.398865461349487
embedding subchunk number 19.0...
elapsed (s): 7.6797637939453125
processing batch of abstracts...
elapsed: 536.006272315979
writing embeddings to csv file...
elapsed: 7.418498277664185
embedding subchunk number 20.0...
elapsed (s): 7.634252309799194
processing batch of abstracts...
elapsed: 531.0449481010437
writing embeddings to csv file...
elapsed: 7.460707664489746
embedding subchunk number 21.0...
elapsed (s): 7.780689239501953
processing batch of abstracts...
elapsed: 527.0407474040985
writing embeddings to csv file...
elapsed: 7.552337646484375
embedding subchunk number 22.0...
elapsed (s): 7.785786390304565
processing batch of abstracts...
elapsed: 496.7625012397766
writing embeddings to csv file...
elapsed: 7.417832374572754
embedding subchunk number 23.0...
elapsed (s): 7.744243860244751
processing batch of abstracts...
elapsed: 530.1433548927307
writing embeddings to csv file...
elapsed: 7.526339292526245
embedding subchunk number 24.0...
elapsed (s): 7.640794515609741
processing batch of abstracts...
elapsed: 425.33763456344604
writing embeddings to csv file...
elapsed: 7.323575019836426
embedding subchunk number 25.0...
elapsed (s): 7.432361364364624
processing batch of abstracts...
elapsed: 94.72260332107544
writing embeddings to csv file...
elapsed: 7.485517740249634
embedding subchunk number 26.0...
elapsed (s): 7.563457727432251
processing batch of abstracts...
elapsed: 56.00237035751343
writing embeddings to csv file...
elapsed: 7.466691017150879
embedding subchunk number 27.0...
elapsed (s): 7.5334601402282715
processing batch of abstracts...
elapsed: 53.790714502334595
writing embeddings to csv file...
elapsed: 7.356254577636719
embedding subchunk number 28.0...
elapsed (s): 7.420931577682495
processing batch of abstracts...
elapsed: 55.48336696624756
writing embeddings to csv file...
elapsed: 7.379534006118774
embedding subchunk number 29.0...
elapsed (s): 7.5441060066223145
processing batch of abstracts...
elapsed: 116.3710606098175
writing embeddings to csv file...
elapsed: 7.394057512283325
embedding subchunk number 30.0...
elapsed (s): 7.466680288314819
processing batch of abstracts...
elapsed: 65.6201241016388
writing embeddings to csv file...
elapsed: 7.5028510093688965
embedding subchunk number 31.0...
elapsed (s): 7.560631275177002
processing batch of abstracts...
elapsed: 69.91060328483582
writing embeddings to csv file...
elapsed: 7.364234924316406
embedding subchunk number 32.0...
elapsed (s): 7.431709051132202
processing batch of abstracts...
elapsed: 73.13225841522217
writing embeddings to csv file...
elapsed: 7.336999893188477
embedding subchunk number 33.0...
elapsed (s): 7.412432670593262
processing batch of abstracts...
elapsed: 71.57938694953918
writing embeddings to csv file...
elapsed: 7.363530397415161
embedding subchunk number 34.0...
elapsed (s): 7.604900360107422
processing batch of abstracts...
elapsed: 536.9518396854401
writing embeddings to csv file...
elapsed: 7.523520231246948
embedding subchunk number 35.0...
elapsed (s): 7.563863039016724
processing batch of abstracts...
elapsed: 83.80731010437012
writing embeddings to csv file...
elapsed: 7.426255464553833
embedding subchunk number 36.0...
elapsed (s): 7.66774845123291
processing batch of abstracts...
elapsed: 490.274977684021
writing embeddings to csv file...
elapsed: 7.710413217544556
embedding subchunk number 37.0...
elapsed (s): 8.071770429611206
processing batch of abstracts...
elapsed: 581.2618269920349
writing embeddings to csv file...
elapsed: 7.458487033843994
embedding subchunk number 38.0...
elapsed (s): 7.647341012954712
processing batch of abstracts...
elapsed: 541.0579781532288
writing embeddings to csv file...
elapsed: 7.391523361206055
embedding subchunk number 39.0...
elapsed (s): 7.676848411560059
processing batch of abstracts...
elapsed: 612.6170816421509
writing embeddings to csv file...
elapsed: 7.512327432632446
embedding subchunk number 40.0...
elapsed (s): 7.722782373428345
processing batch of abstracts...
elapsed: 602.8136775493622
writing embeddings to csv file...
elapsed: 7.408667087554932
embedding subchunk number 41.0...
elapsed (s): 7.661306381225586
processing batch of abstracts...
elapsed: 617.2436170578003
writing embeddings to csv file...
elapsed: 7.544734716415405
embedding subchunk number 42.0...
elapsed (s): 7.690343379974365
processing batch of abstracts...
elapsed: 547.4580149650574
writing embeddings to csv file...
elapsed: 7.399056673049927
embedding subchunk number 43.0...
elapsed (s): 7.701305389404297
processing batch of abstracts...
elapsed: 609.7185924053192
writing embeddings to csv file...
elapsed: 7.552265167236328
embedding subchunk number 44.0...
elapsed (s): 7.788859605789185
processing batch of abstracts...
elapsed: 600.3221950531006
writing embeddings to csv file...
elapsed: 7.539658784866333
embedding subchunk number 45.0...
elapsed (s): 7.844954252243042
processing batch of abstracts...
elapsed: 583.9521074295044
writing embeddings to csv file...
elapsed: 7.487887382507324
embedding subchunk number 46.0...
elapsed (s): 7.715832710266113
processing batch of abstracts...
elapsed: 617.9237833023071
writing embeddings to csv file...
elapsed: 7.550181865692139
embedding subchunk number 47.0...
elapsed (s): 7.853548765182495
processing batch of abstracts...
elapsed: 593.5927066802979
writing embeddings to csv file...
elapsed: 7.452386140823364
embedding subchunk number 48.0...
elapsed (s): 7.633501291275024
processing batch of abstracts...
elapsed: 595.3847279548645
writing embeddings to csv file...
elapsed: 7.417719841003418
embedding subchunk number 49.0...
elapsed (s): 7.677454710006714
processing batch of abstracts...
elapsed: 552.7314569950104
writing embeddings to csv file...
elapsed: 7.475033283233643
embedding subchunk number 50.0...
elapsed (s): 7.829981088638306
processing batch of abstracts...
elapsed: 540.2468943595886
writing embeddings to csv file...
elapsed: 7.5704505443573
embedding subchunk number 51.0...
elapsed (s): 7.894463062286377
processing batch of abstracts...
elapsed: 570.2416779994965
writing embeddings to csv file...
elapsed: 7.4976701736450195
embedding subchunk number 52.0...
elapsed (s): 7.8356969356536865
processing batch of abstracts...
elapsed: 614.8475887775421
writing embeddings to csv file...
elapsed: 7.595897912979126
embedding subchunk number 53.0...
elapsed (s): 7.8709893226623535
processing batch of abstracts...
elapsed: 653.5008313655853
writing embeddings to csv file...
elapsed: 7.367087125778198
embedding subchunk number 54.0...
elapsed (s): 7.681912422180176
processing batch of abstracts...
elapsed: 569.2634003162384
writing embeddings to csv file...
elapsed: 7.481292486190796
embedding subchunk number 55.0...
elapsed (s): 7.740151882171631
processing batch of abstracts...
elapsed: 599.3590750694275
writing embeddings to csv file...
elapsed: 7.442337512969971
embedding subchunk number 56.0...
elapsed (s): 7.668618202209473
processing batch of abstracts...
elapsed: 587.9362177848816
writing embeddings to csv file...
elapsed: 7.469861268997192
embedding subchunk number 57.0...
elapsed (s): 7.771758556365967
processing batch of abstracts...
elapsed: 586.1869127750397
writing embeddings to csv file...
elapsed: 7.447216510772705
embedding subchunk number 58.0...
elapsed (s): 7.651966094970703
processing batch of abstracts...
elapsed: 584.9012424945831
writing embeddings to csv file...
elapsed: 7.414727210998535
embedding subchunk number 59.0...
elapsed (s): 7.709362745285034
processing batch of abstracts...
elapsed: 526.1722552776337
writing embeddings to csv file...
elapsed: 7.504935264587402
