My SLURM_ARRAY_TASK_I:  19
Input arguments: ['./embed_pubmed__array_gpu_job.py', '19']
slurm array id: 19
GPU sanity checks: 
device ID: 0
<torch.cuda.device object at 0x7ffa2f77f550>
N devices: 1
Tesla K80
is available? True
Spacy GPU? True
elapsed (s): 1.069167137145996
embedding subchunk number 0.0...
elapsed (s): 0.05189180374145508
processing batch of abstracts...
elapsed: 0.4024322032928467
writing embeddings to csv file...
elapsed: 0.0035190582275390625
embedding subchunk number 1.0...
elapsed (s): 0.17597627639770508
processing batch of abstracts...
elapsed: 455.12268805503845
writing embeddings to csv file...
elapsed: 4.733305215835571
embedding subchunk number 2.0...
elapsed (s): 4.895131349563599
processing batch of abstracts...
elapsed: 449.7985107898712
writing embeddings to csv file...
elapsed: 4.576318264007568
embedding subchunk number 3.0...
elapsed (s): 4.950234651565552
processing batch of abstracts...
elapsed: 415.70481157302856
writing embeddings to csv file...
elapsed: 4.492681264877319
embedding subchunk number 4.0...
elapsed (s): 4.738550901412964
processing batch of abstracts...
elapsed: 431.59566926956177
writing embeddings to csv file...
elapsed: 4.639431476593018
embedding subchunk number 5.0...
elapsed (s): 4.921189069747925
processing batch of abstracts...
elapsed: 412.15988659858704
writing embeddings to csv file...
elapsed: 4.2839274406433105
embedding subchunk number 6.0...
elapsed (s): 4.463735818862915
processing batch of abstracts...
elapsed: 431.65251636505127
writing embeddings to csv file...
elapsed: 4.6749107837677
embedding subchunk number 7.0...
elapsed (s): 4.928803443908691
processing batch of abstracts...
elapsed: 467.98766446113586
writing embeddings to csv file...
elapsed: 4.770867347717285
embedding subchunk number 8.0...
elapsed (s): 5.022923707962036
processing batch of abstracts...
elapsed: 521.9514195919037
writing embeddings to csv file...
elapsed: 5.100682497024536
embedding subchunk number 9.0...
elapsed (s): 5.435835361480713
processing batch of abstracts...
elapsed: 561.7043173313141
writing embeddings to csv file...
elapsed: 5.719481945037842
embedding subchunk number 10.0...
elapsed (s): 5.988202095031738
processing batch of abstracts...
elapsed: 573.0126731395721
writing embeddings to csv file...
elapsed: 5.283146381378174
embedding subchunk number 11.0...
elapsed (s): 5.663809299468994
processing batch of abstracts...
elapsed: 627.1399610042572
writing embeddings to csv file...
elapsed: 5.810421943664551
embedding subchunk number 12.0...
elapsed (s): 6.088608980178833
processing batch of abstracts...
elapsed: 596.8073835372925
writing embeddings to csv file...
elapsed: 5.620804071426392
embedding subchunk number 13.0...
elapsed (s): 5.884866952896118
processing batch of abstracts...
elapsed: 593.334677696228
writing embeddings to csv file...
elapsed: 5.79431676864624
embedding subchunk number 14.0...
elapsed (s): 6.038894414901733
processing batch of abstracts...
elapsed: 621.2256317138672
writing embeddings to csv file...
elapsed: 5.694045305252075
embedding subchunk number 15.0...
elapsed (s): 5.965137481689453
processing batch of abstracts...
elapsed: 578.8993618488312
writing embeddings to csv file...
elapsed: 5.717508792877197
embedding subchunk number 16.0...
elapsed (s): 5.977877855300903
processing batch of abstracts...
elapsed: 618.1049525737762
writing embeddings to csv file...
elapsed: 5.506376504898071
embedding subchunk number 17.0...
elapsed (s): 5.792056560516357
processing batch of abstracts...
elapsed: 588.0076773166656
writing embeddings to csv file...
elapsed: 5.539604663848877
embedding subchunk number 18.0...
elapsed (s): 5.755066156387329
processing batch of abstracts...
elapsed: 570.9468808174133
writing embeddings to csv file...
elapsed: 5.632033824920654
embedding subchunk number 19.0...
elapsed (s): 5.974664688110352
processing batch of abstracts...
elapsed: 582.0760319232941
writing embeddings to csv file...
elapsed: 5.549043655395508
embedding subchunk number 20.0...
elapsed (s): 5.734357118606567
processing batch of abstracts...
elapsed: 553.4121296405792
writing embeddings to csv file...
elapsed: 5.373953342437744
embedding subchunk number 21.0...
elapsed (s): 5.664071559906006
processing batch of abstracts...
elapsed: 470.1063117980957
writing embeddings to csv file...
elapsed: 4.682931184768677
embedding subchunk number 22.0...
elapsed (s): 4.899937152862549
processing batch of abstracts...
elapsed: 449.43186593055725
writing embeddings to csv file...
elapsed: 4.519971132278442
embedding subchunk number 23.0...
elapsed (s): 4.759312868118286
processing batch of abstracts...
elapsed: 411.9714448451996
writing embeddings to csv file...
elapsed: 4.495730400085449
embedding subchunk number 24.0...
elapsed (s): 4.710375785827637
processing batch of abstracts...
elapsed: 409.6576883792877
writing embeddings to csv file...
elapsed: 4.429991006851196
embedding subchunk number 25.0...
elapsed (s): 4.683543682098389
processing batch of abstracts...
elapsed: 406.0826532840729
writing embeddings to csv file...
elapsed: 4.3273420333862305
embedding subchunk number 26.0...
elapsed (s): 4.693235635757446
processing batch of abstracts...
elapsed: 398.133629322052
writing embeddings to csv file...
elapsed: 4.451225757598877
embedding subchunk number 27.0...
elapsed (s): 4.648417234420776
processing batch of abstracts...
elapsed: 300.6511228084564
writing embeddings to csv file...
elapsed: 3.7533459663391113
embedding subchunk number 28.0...
elapsed (s): 3.9913809299468994
processing batch of abstracts...
elapsed: 427.349107503891
writing embeddings to csv file...
elapsed: 4.707217693328857
embedding subchunk number 29.0...
elapsed (s): 4.983271837234497
processing batch of abstracts...
elapsed: 454.3999047279358
writing embeddings to csv file...
elapsed: 4.5786659717559814
embedding subchunk number 30.0...
elapsed (s): 4.6698479652404785
processing batch of abstracts...
elapsed: 239.31230902671814
writing embeddings to csv file...
elapsed: 2.399796724319458
embedding subchunk number 31.0...
elapsed (s): 2.5845816135406494
processing batch of abstracts...
elapsed: 208.36216807365417
writing embeddings to csv file...
elapsed: 2.127338409423828
embedding subchunk number 32.0...
elapsed (s): 2.314054250717163
processing batch of abstracts...
elapsed: 298.9763569831848
writing embeddings to csv file...
elapsed: 3.0423450469970703
embedding subchunk number 33.0...
elapsed (s): 3.2098917961120605
processing batch of abstracts...
elapsed: 154.98741698265076
writing embeddings to csv file...
elapsed: 1.718785285949707
embedding subchunk number 34.0...
elapsed (s): 1.882795810699463
processing batch of abstracts...
elapsed: 171.24632811546326
writing embeddings to csv file...
elapsed: 1.622204065322876
embedding subchunk number 35.0...
elapsed (s): 1.7864508628845215
processing batch of abstracts...
elapsed: 161.03753447532654
writing embeddings to csv file...
elapsed: 1.534804105758667
embedding subchunk number 36.0...
elapsed (s): 1.7515723705291748
processing batch of abstracts...
elapsed: 176.27995657920837
writing embeddings to csv file...
elapsed: 1.7634835243225098
embedding subchunk number 37.0...
elapsed (s): 1.908958911895752
processing batch of abstracts...
elapsed: 215.5913860797882
writing embeddings to csv file...
elapsed: 2.206655740737915
embedding subchunk number 38.0...
elapsed (s): 2.5110220909118652
processing batch of abstracts...
elapsed: 463.7783863544464
writing embeddings to csv file...
elapsed: 4.435083627700806
embedding subchunk number 39.0...
elapsed (s): 4.7029290199279785
processing batch of abstracts...
elapsed: 415.53621768951416
writing embeddings to csv file...
elapsed: 4.132780313491821
embedding subchunk number 40.0...
elapsed (s): 4.298325300216675
processing batch of abstracts...
elapsed: 216.78907656669617
writing embeddings to csv file...
elapsed: 2.9251530170440674
embedding subchunk number 41.0...
elapsed (s): 3.116377353668213
processing batch of abstracts...
elapsed: 202.1767017841339
writing embeddings to csv file...
elapsed: 2.3791327476501465
embedding subchunk number 42.0...
elapsed (s): 2.561404228210449
processing batch of abstracts...
elapsed: 174.59151101112366
writing embeddings to csv file...
elapsed: 2.209477424621582
embedding subchunk number 43.0...
elapsed (s): 2.37353515625
processing batch of abstracts...
elapsed: 209.9225254058838
writing embeddings to csv file...
elapsed: 2.490447759628296
embedding subchunk number 44.0...
elapsed (s): 2.6683003902435303
processing batch of abstracts...
elapsed: 209.46049189567566
writing embeddings to csv file...
elapsed: 2.352590799331665
embedding subchunk number 45.0...
elapsed (s): 2.6072380542755127
processing batch of abstracts...
elapsed: 448.1150014400482
writing embeddings to csv file...
elapsed: 4.643535375595093
embedding subchunk number 46.0...
elapsed (s): 4.971046447753906
processing batch of abstracts...
elapsed: 642.8854689598083
writing embeddings to csv file...
elapsed: 5.907774209976196
embedding subchunk number 47.0...
elapsed (s): 6.2054078578948975
processing batch of abstracts...
elapsed: 556.0975241661072
writing embeddings to csv file...
elapsed: 5.376948356628418
embedding subchunk number 48.0...
elapsed (s): 5.631312608718872
processing batch of abstracts...
elapsed: 490.2354040145874
writing embeddings to csv file...
elapsed: 4.76655650138855
embedding subchunk number 49.0...
elapsed (s): 5.000582456588745
processing batch of abstracts...
elapsed: 481.4857156276703
writing embeddings to csv file...
elapsed: 4.9763994216918945
embedding subchunk number 50.0...
elapsed (s): 5.263242244720459
processing batch of abstracts...
elapsed: 539.006671667099
writing embeddings to csv file...
elapsed: 5.452934503555298
embedding subchunk number 51.0...
elapsed (s): 5.696436643600464
processing batch of abstracts...
elapsed: 537.774245262146
writing embeddings to csv file...
elapsed: 5.2591025829315186
embedding subchunk number 52.0...
elapsed (s): 5.605824708938599
processing batch of abstracts...
elapsed: 464.2208526134491
writing embeddings to csv file...
elapsed: 4.9131035804748535
embedding subchunk number 53.0...
elapsed (s): 5.134575605392456
processing batch of abstracts...
elapsed: 445.6795904636383
writing embeddings to csv file...
elapsed: 4.663870811462402
embedding subchunk number 54.0...
elapsed (s): 4.936122894287109
processing batch of abstracts...
elapsed: 465.79926800727844
writing embeddings to csv file...
elapsed: 4.837670087814331
embedding subchunk number 55.0...
elapsed (s): 5.064448118209839
processing batch of abstracts...
elapsed: 497.0656340122223
writing embeddings to csv file...
elapsed: 5.192674875259399
embedding subchunk number 56.0...
elapsed (s): 5.46511173248291
processing batch of abstracts...
elapsed: 513.1501634120941
writing embeddings to csv file...
elapsed: 5.177010536193848
embedding subchunk number 57.0...
elapsed (s): 5.464726209640503
processing batch of abstracts...
elapsed: 555.8631918430328
writing embeddings to csv file...
elapsed: 5.407808303833008
embedding subchunk number 58.0...
elapsed (s): 5.7005462646484375
processing batch of abstracts...
elapsed: 574.8263025283813
writing embeddings to csv file...
elapsed: 5.538045167922974
embedding subchunk number 59.0...
elapsed (s): 5.979250192642212
processing batch of abstracts...
elapsed: 624.6124591827393
writing embeddings to csv file...
elapsed: 5.780734062194824
