My SLURM_ARRAY_TASK_I:  11
Input arguments: ['./embed_pubmed__array_gpu_job.py', '11']
slurm array id: 11
GPU sanity checks: 
device ID: 0
<torch.cuda.device object at 0x7f8832980828>
N devices: 1
Tesla K80
is available? True
Spacy GPU? True
elapsed (s): 1.349703073501587
embedding subchunk number 0.0...
elapsed (s): 0.03893756866455078
processing batch of abstracts...
elapsed: 0.3994007110595703
writing embeddings to csv file...
elapsed: 0.008076906204223633
embedding subchunk number 1.0...
elapsed (s): 0.15567684173583984
processing batch of abstracts...
elapsed: 473.01593828201294
writing embeddings to csv file...
elapsed: 4.438928604125977
embedding subchunk number 2.0...
elapsed (s): 4.549702405929565
processing batch of abstracts...
elapsed: 426.4898271560669
writing embeddings to csv file...
elapsed: 4.346358299255371
embedding subchunk number 3.0...
elapsed (s): 4.63116192817688
processing batch of abstracts...
elapsed: 366.3613398075104
writing embeddings to csv file...
elapsed: 3.8456778526306152
embedding subchunk number 4.0...
elapsed (s): 3.9857048988342285
processing batch of abstracts...
elapsed: 308.8922629356384
writing embeddings to csv file...
elapsed: 3.396315097808838
embedding subchunk number 5.0...
elapsed (s): 3.7356560230255127
processing batch of abstracts...
elapsed: 163.54967498779297
writing embeddings to csv file...
elapsed: 1.9507873058319092
embedding subchunk number 6.0...
elapsed (s): 2.299447774887085
processing batch of abstracts...
elapsed: 497.52347135543823
writing embeddings to csv file...
elapsed: 12.824886083602905
embedding subchunk number 7.0...
elapsed (s): 13.120427131652832
processing batch of abstracts...
elapsed: 556.8208050727844
writing embeddings to csv file...
elapsed: 5.152403116226196
embedding subchunk number 8.0...
elapsed (s): 5.256550073623657
processing batch of abstracts...
elapsed: 242.1160113811493
writing embeddings to csv file...
elapsed: 2.358464241027832
embedding subchunk number 9.0...
elapsed (s): 2.546776294708252
processing batch of abstracts...
elapsed: 262.98150420188904
writing embeddings to csv file...
elapsed: 2.410017728805542
embedding subchunk number 10.0...
elapsed (s): 2.562636137008667
processing batch of abstracts...
elapsed: 262.04803705215454
writing embeddings to csv file...
elapsed: 2.3786094188690186
embedding subchunk number 11.0...
elapsed (s): 2.581000328063965
processing batch of abstracts...
elapsed: 270.71955037117004
writing embeddings to csv file...
elapsed: 2.500239849090576
embedding subchunk number 12.0...
elapsed (s): 2.667508602142334
processing batch of abstracts...
elapsed: 275.98403215408325
writing embeddings to csv file...
elapsed: 2.702981948852539
embedding subchunk number 13.0...
elapsed (s): 2.961941957473755
processing batch of abstracts...
elapsed: 417.8966546058655
writing embeddings to csv file...
elapsed: 3.862330913543701
embedding subchunk number 14.0...
elapsed (s): 3.9542837142944336
processing batch of abstracts...
elapsed: 318.22691440582275
writing embeddings to csv file...
elapsed: 2.9569811820983887
embedding subchunk number 15.0...
elapsed (s): 3.1385645866394043
processing batch of abstracts...
elapsed: 267.3679347038269
writing embeddings to csv file...
elapsed: 2.603616237640381
embedding subchunk number 16.0...
elapsed (s): 2.669776201248169
processing batch of abstracts...
elapsed: 193.8316547870636
writing embeddings to csv file...
elapsed: 2.365112066268921
embedding subchunk number 17.0...
elapsed (s): 2.6541717052459717
processing batch of abstracts...
elapsed: 210.70657896995544
writing embeddings to csv file...
elapsed: 2.2463631629943848
embedding subchunk number 18.0...
elapsed (s): 2.39133882522583
processing batch of abstracts...
elapsed: 201.37533283233643
writing embeddings to csv file...
elapsed: 2.145679235458374
embedding subchunk number 19.0...
elapsed (s): 2.428654432296753
processing batch of abstracts...
elapsed: 261.66826367378235
writing embeddings to csv file...
elapsed: 2.454139471054077
embedding subchunk number 20.0...
elapsed (s): 2.5072360038757324
processing batch of abstracts...
elapsed: 103.70810031890869
writing embeddings to csv file...
elapsed: 1.8134455680847168
embedding subchunk number 21.0...
elapsed (s): 2.046189308166504
processing batch of abstracts...
elapsed: 212.5035834312439
writing embeddings to csv file...
elapsed: 2.0343127250671387
embedding subchunk number 22.0...
elapsed (s): 2.275683641433716
processing batch of abstracts...
elapsed: 298.74671506881714
writing embeddings to csv file...
elapsed: 3.274042844772339
embedding subchunk number 23.0...
elapsed (s): 3.4430618286132812
processing batch of abstracts...
elapsed: 264.37617325782776
writing embeddings to csv file...
elapsed: 3.0353615283966064
embedding subchunk number 24.0...
elapsed (s): 3.243431329727173
processing batch of abstracts...
elapsed: 306.4913992881775
writing embeddings to csv file...
elapsed: 3.6943390369415283
embedding subchunk number 25.0...
elapsed (s): 3.8802096843719482
processing batch of abstracts...
elapsed: 285.7487545013428
writing embeddings to csv file...
elapsed: 3.3182759284973145
embedding subchunk number 26.0...
elapsed (s): 3.6674258708953857
processing batch of abstracts...
elapsed: 239.02730345726013
writing embeddings to csv file...
elapsed: 2.740757465362549
embedding subchunk number 27.0...
elapsed (s): 2.9775264263153076
processing batch of abstracts...
elapsed: 288.53600811958313
writing embeddings to csv file...
elapsed: 3.4177963733673096
embedding subchunk number 28.0...
elapsed (s): 3.6025588512420654
processing batch of abstracts...
elapsed: 270.45965456962585
writing embeddings to csv file...
elapsed: 3.493631362915039
embedding subchunk number 29.0...
elapsed (s): 3.6517386436462402
processing batch of abstracts...
elapsed: 268.55271577835083
writing embeddings to csv file...
elapsed: 3.1227524280548096
embedding subchunk number 30.0...
elapsed (s): 3.318617343902588
processing batch of abstracts...
elapsed: 148.57966423034668
writing embeddings to csv file...
elapsed: 1.9892597198486328
embedding subchunk number 31.0...
elapsed (s): 2.0216386318206787
processing batch of abstracts...
elapsed: 29.170701026916504
writing embeddings to csv file...
elapsed: 0.361863374710083
embedding subchunk number 32.0...
elapsed (s): 0.5722322463989258
processing batch of abstracts...
elapsed: 169.2920172214508
writing embeddings to csv file...
elapsed: 1.6870839595794678
embedding subchunk number 33.0...
elapsed (s): 1.8917243480682373
processing batch of abstracts...
elapsed: 181.65340781211853
writing embeddings to csv file...
elapsed: 1.6006748676300049
embedding subchunk number 34.0...
elapsed (s): 1.7983274459838867
processing batch of abstracts...
elapsed: 180.7919979095459
writing embeddings to csv file...
elapsed: 1.767150640487671
embedding subchunk number 35.0...
elapsed (s): 1.8784615993499756
processing batch of abstracts...
elapsed: 170.43722939491272
writing embeddings to csv file...
elapsed: 1.7287020683288574
embedding subchunk number 36.0...
elapsed (s): 1.9372389316558838
processing batch of abstracts...
elapsed: 207.16983604431152
writing embeddings to csv file...
elapsed: 1.8575341701507568
embedding subchunk number 37.0...
elapsed (s): 2.068523645401001
processing batch of abstracts...
elapsed: 224.1111285686493
writing embeddings to csv file...
elapsed: 2.261976480484009
embedding subchunk number 38.0...
elapsed (s): 2.4439198970794678
processing batch of abstracts...
elapsed: 212.31664490699768
writing embeddings to csv file...
elapsed: 2.197385311126709
embedding subchunk number 39.0...
elapsed (s): 2.4125547409057617
processing batch of abstracts...
elapsed: 250.0326442718506
writing embeddings to csv file...
elapsed: 2.4155211448669434
embedding subchunk number 40.0...
elapsed (s): 2.6267261505126953
processing batch of abstracts...
elapsed: 317.5749771595001
writing embeddings to csv file...
elapsed: 3.156860589981079
embedding subchunk number 41.0...
elapsed (s): 3.418836832046509
processing batch of abstracts...
elapsed: 289.0169231891632
writing embeddings to csv file...
elapsed: 2.9050259590148926
embedding subchunk number 42.0...
elapsed (s): 3.1352438926696777
processing batch of abstracts...
elapsed: 349.8136110305786
writing embeddings to csv file...
elapsed: 3.562225818634033
embedding subchunk number 43.0...
elapsed (s): 3.7474193572998047
processing batch of abstracts...
elapsed: 326.64330220222473
writing embeddings to csv file...
elapsed: 3.187676429748535
embedding subchunk number 44.0...
elapsed (s): 3.6592793464660645
processing batch of abstracts...
elapsed: 262.32206106185913
writing embeddings to csv file...
elapsed: 2.836604118347168
embedding subchunk number 45.0...
elapsed (s): 3.00854754447937
processing batch of abstracts...
elapsed: 272.43744111061096
writing embeddings to csv file...
elapsed: 2.853574275970459
embedding subchunk number 46.0...
elapsed (s): 3.1523780822753906
processing batch of abstracts...
elapsed: 268.49849677085876
writing embeddings to csv file...
elapsed: 2.951397180557251
embedding subchunk number 47.0...
elapsed (s): 3.296056032180786
processing batch of abstracts...
elapsed: 402.14184975624084
writing embeddings to csv file...
elapsed: 4.248284578323364
embedding subchunk number 48.0...
elapsed (s): 4.734663724899292
processing batch of abstracts...
elapsed: 399.6785707473755
writing embeddings to csv file...
elapsed: 3.9732208251953125
embedding subchunk number 49.0...
elapsed (s): 4.257532835006714
processing batch of abstracts...
elapsed: 428.4598157405853
writing embeddings to csv file...
elapsed: 4.357256889343262
embedding subchunk number 50.0...
elapsed (s): 4.734938144683838
processing batch of abstracts...
elapsed: 233.99368476867676
writing embeddings to csv file...
elapsed: 2.7711925506591797
embedding subchunk number 51.0...
elapsed (s): 3.046029806137085
processing batch of abstracts...
elapsed: 225.61742162704468
writing embeddings to csv file...
elapsed: 2.3857436180114746
embedding subchunk number 52.0...
elapsed (s): 2.623995780944824
processing batch of abstracts...
elapsed: 226.01814913749695
writing embeddings to csv file...
elapsed: 2.4594924449920654
embedding subchunk number 53.0...
elapsed (s): 2.6294522285461426
processing batch of abstracts...
elapsed: 120.88938879966736
writing embeddings to csv file...
elapsed: 1.2200915813446045
embedding subchunk number 54.0...
elapsed (s): 1.532909870147705
processing batch of abstracts...
elapsed: 242.7229459285736
writing embeddings to csv file...
elapsed: 2.255168914794922
embedding subchunk number 55.0...
elapsed (s): 2.800764799118042
processing batch of abstracts...
elapsed: 569.6092195510864
writing embeddings to csv file...
elapsed: 5.411014556884766
embedding subchunk number 56.0...
elapsed (s): 5.638313055038452
processing batch of abstracts...
elapsed: 426.5414123535156
writing embeddings to csv file...
elapsed: 3.962348461151123
embedding subchunk number 57.0...
elapsed (s): 4.321264266967773
processing batch of abstracts...
elapsed: 348.17790126800537
writing embeddings to csv file...
elapsed: 3.347630262374878
embedding subchunk number 58.0...
elapsed (s): 3.6519038677215576
processing batch of abstracts...
elapsed: 333.1253523826599
writing embeddings to csv file...
elapsed: 3.1115775108337402
embedding subchunk number 59.0...
elapsed (s): 3.3403847217559814
processing batch of abstracts...
elapsed: 362.72257018089294
writing embeddings to csv file...
elapsed: 4.633361339569092
