1998...
N citations: 5501345
SQL join executed in 58.93441653251648 s
fetched 100000 rows...
fetched 100000 rows...
fetched 100000 rows...
fetched 100000 rows...
fetched 100000 rows...
fetched 100000 rows...
fetched 100000 rows...
fetched 100000 rows...
fetched 100000 rows...
fetched 100000 rows...
fetched 100000 rows...
fetched 100000 rows...
fetched 100000 rows...
fetched 100000 rows...
fetched 100000 rows...
fetched 100000 rows...
fetched 100000 rows...
fetched 100000 rows...
fetched 100000 rows...
fetched 100000 rows...
fetched
SQL results fetched and cast in 5710.749652385712 s
pca transform finished in 2.384185791015625e-07 s
finished writing output file in 2126.2725806236267 s

1999...
N citations: 6098509
SQL join executed in 73.27467584609985 s
fetched 100000 rows...
fetched 100000 rows...
fetched 100000 rows...
fetched 100000 rows...
fetched 100000 rows...
fetched 100000 rows...
fetched 100000 rows...
fetched 100000 rows...
fetched 100000 rows...
fetched 100000 rows...
fetched 100000 rows...
fetched 100000 rows...
fetched 100000 rows...
fetched 100000 rows...
fetched 100000 rows...
fetched 100000 rows...
fetched 100000 rows...
fetched 100000 rows...
fetched 100000 rows...
fetched 100000 rows...
fetched 100000 rows...
fetched 100000 rows...
fetched
SQL results fetched and cast in 6160.8890125751495 s
pca transform finished in 0.0 s
finished writing output file in 2369.701944589615 s

2000...
N citations: 6844137
SQL join executed in 65.04338264465332 s
fetched 100000 rows...
fetched 100000 rows...
fetched 100000 rows...
fetched 100000 rows...
fetched 100000 rows...
fetched 100000 rows...
fetched 100000 rows...
fetched 100000 rows...
fetched 100000 rows...
fetched 100000 rows...
fetched 100000 rows...
fetched 100000 rows...
fetched 100000 rows...
fetched 100000 rows...
fetched 100000 rows...
fetched 100000 rows...
fetched 100000 rows...
fetched 100000 rows...
fetched 100000 rows...
fetched 100000 rows...
fetched 100000 rows...
fetched 100000 rows...
fetched 100000 rows...
fetched 100000 rows...
fetched
SQL results fetched and cast in 5762.737770318985 s
pca transform finished in 2.384185791015625e-07 s
finished writing output file in 2732.7905502319336 s

2001...
N citations: 7365909
SQL join executed in 69.88677549362183 s
fetched 100000 rows...
fetched 100000 rows...
fetched 100000 rows...
fetched 100000 rows...
fetched 100000 rows...
fetched 100000 rows...
fetched 100000 rows...
fetched 100000 rows...
fetched 100000 rows...
fetched 100000 rows...
fetched 100000 rows...
fetched 100000 rows...
fetched 100000 rows...
fetched 100000 rows...
fetched 100000 rows...
fetched 100000 rows...
fetched 100000 rows...
fetched 100000 rows...
fetched 100000 rows...
fetched 100000 rows...
fetched 100000 rows...
fetched 100000 rows...
fetched 100000 rows...
fetched 100000 rows...
fetched 100000 rows...
