My SLURM_ARRAY_TASK_I:  37
Input arguments: ['./embed_pubmed__array_gpu_job.py', '37']
slurm array id: 37
GPU sanity checks: 
device ID: 0
<torch.cuda.device object at 0x7fc1f54f97b8>
N devices: 1
Tesla K80
is available? True
Spacy GPU? True
elapsed (s): 3.462428092956543
embedding subchunk number 0.0...
elapsed (s): 0.06919026374816895
processing batch of abstracts...
elapsed: 1.3262264728546143
writing embeddings to csv file...
elapsed: 0.009650707244873047
embedding subchunk number 1.0...
elapsed (s): 0.23717975616455078
processing batch of abstracts...
elapsed: 546.7838003635406
writing embeddings to csv file...
elapsed: 7.229249954223633
embedding subchunk number 2.0...
elapsed (s): 7.417109966278076
processing batch of abstracts...
elapsed: 569.2513008117676
writing embeddings to csv file...
elapsed: 7.2931153774261475
embedding subchunk number 3.0...
elapsed (s): 7.549276351928711
processing batch of abstracts...
elapsed: 498.1358222961426
writing embeddings to csv file...
elapsed: 7.322871446609497
embedding subchunk number 4.0...
elapsed (s): 7.60016131401062
processing batch of abstracts...
elapsed: 571.5366497039795
writing embeddings to csv file...
elapsed: 7.326965808868408
embedding subchunk number 5.0...
elapsed (s): 7.615392208099365
processing batch of abstracts...
elapsed: 488.34295082092285
writing embeddings to csv file...
elapsed: 7.224625110626221
embedding subchunk number 6.0...
elapsed (s): 7.390504360198975
processing batch of abstracts...
elapsed: 386.18279504776
writing embeddings to csv file...
elapsed: 7.355283498764038
embedding subchunk number 7.0...
elapsed (s): 7.566865921020508
processing batch of abstracts...
elapsed: 370.62868094444275
writing embeddings to csv file...
elapsed: 7.1233673095703125
embedding subchunk number 8.0...
elapsed (s): 7.183801889419556
processing batch of abstracts...
elapsed: 212.26502132415771
writing embeddings to csv file...
elapsed: 7.210876226425171
embedding subchunk number 9.0...
elapsed (s): 7.379441022872925
processing batch of abstracts...
elapsed: 216.37423372268677
writing embeddings to csv file...
elapsed: 7.272901296615601
embedding subchunk number 10.0...
elapsed (s): 7.402447462081909
processing batch of abstracts...
elapsed: 205.3637523651123
writing embeddings to csv file...
elapsed: 7.051809549331665
embedding subchunk number 11.0...
elapsed (s): 7.244932174682617
processing batch of abstracts...
elapsed: 270.9118103981018
writing embeddings to csv file...
elapsed: 7.17089319229126
embedding subchunk number 12.0...
elapsed (s): 7.374308824539185
processing batch of abstracts...
elapsed: 270.0116150379181
writing embeddings to csv file...
elapsed: 7.063283681869507
embedding subchunk number 13.0...
elapsed (s): 7.316765308380127
processing batch of abstracts...
elapsed: 339.26416063308716
writing embeddings to csv file...
elapsed: 7.033458471298218
embedding subchunk number 14.0...
elapsed (s): 7.252192497253418
processing batch of abstracts...
elapsed: 351.52069330215454
writing embeddings to csv file...
elapsed: 7.155519723892212
embedding subchunk number 15.0...
elapsed (s): 7.418072700500488
processing batch of abstracts...
elapsed: 418.31641364097595
writing embeddings to csv file...
elapsed: 7.176128625869751
embedding subchunk number 16.0...
elapsed (s): 7.422610282897949
processing batch of abstracts...
elapsed: 464.2668881416321
writing embeddings to csv file...
elapsed: 7.140521049499512
embedding subchunk number 17.0...
elapsed (s): 7.434328079223633
processing batch of abstracts...
elapsed: 613.0626776218414
writing embeddings to csv file...
elapsed: 7.162719964981079
embedding subchunk number 18.0...
elapsed (s): 7.256857395172119
processing batch of abstracts...
elapsed: 329.40668654441833
writing embeddings to csv file...
elapsed: 7.050013542175293
embedding subchunk number 19.0...
elapsed (s): 7.09862208366394
processing batch of abstracts...
elapsed: 133.39823246002197
writing embeddings to csv file...
elapsed: 7.066354990005493
embedding subchunk number 20.0...
elapsed (s): 7.176489353179932
processing batch of abstracts...
elapsed: 151.8225383758545
writing embeddings to csv file...
elapsed: 7.081275463104248
embedding subchunk number 21.0...
elapsed (s): 7.309353590011597
processing batch of abstracts...
elapsed: 338.55485010147095
writing embeddings to csv file...
elapsed: 7.181133270263672
embedding subchunk number 22.0...
elapsed (s): 7.443902969360352
processing batch of abstracts...
elapsed: 457.87780475616455
writing embeddings to csv file...
elapsed: 7.22774600982666
embedding subchunk number 23.0...
elapsed (s): 7.524320602416992
processing batch of abstracts...
elapsed: 656.6164684295654
writing embeddings to csv file...
elapsed: 7.131509065628052
embedding subchunk number 24.0...
elapsed (s): 7.2939441204071045
processing batch of abstracts...
elapsed: 478.6282069683075
writing embeddings to csv file...
elapsed: 7.1110546588897705
embedding subchunk number 25.0...
elapsed (s): 7.340729475021362
processing batch of abstracts...
elapsed: 418.35899472236633
writing embeddings to csv file...
elapsed: 7.226646900177002
embedding subchunk number 26.0...
elapsed (s): 7.399112939834595
processing batch of abstracts...
elapsed: 404.5046555995941
writing embeddings to csv file...
elapsed: 7.12890887260437
embedding subchunk number 27.0...
elapsed (s): 7.446188688278198
processing batch of abstracts...
elapsed: 472.54378628730774
writing embeddings to csv file...
elapsed: 7.260271310806274
embedding subchunk number 28.0...
elapsed (s): 7.458041429519653
processing batch of abstracts...
elapsed: 436.79330611228943
writing embeddings to csv file...
elapsed: 7.16701078414917
embedding subchunk number 29.0...
elapsed (s): 7.402214288711548
processing batch of abstracts...
elapsed: 447.82647466659546
writing embeddings to csv file...
elapsed: 7.4308021068573
embedding subchunk number 30.0...
elapsed (s): 7.663962364196777
processing batch of abstracts...
elapsed: 517.6339113712311
writing embeddings to csv file...
elapsed: 7.050887584686279
embedding subchunk number 31.0...
elapsed (s): 7.359670400619507
processing batch of abstracts...
elapsed: 577.5371074676514
writing embeddings to csv file...
elapsed: 7.196183443069458
embedding subchunk number 32.0...
elapsed (s): 7.467621564865112
processing batch of abstracts...
elapsed: 577.2131621837616
writing embeddings to csv file...
elapsed: 7.1761884689331055
embedding subchunk number 33.0...
elapsed (s): 7.425026178359985
processing batch of abstracts...
elapsed: 459.3061122894287
writing embeddings to csv file...
elapsed: 7.0941150188446045
embedding subchunk number 34.0...
elapsed (s): 7.1608617305755615
processing batch of abstracts...
elapsed: 228.00807881355286
writing embeddings to csv file...
elapsed: 7.03223991394043
embedding subchunk number 35.0...
elapsed (s): 7.198180675506592
processing batch of abstracts...
elapsed: 274.5959084033966
writing embeddings to csv file...
elapsed: 7.0414817333221436
embedding subchunk number 36.0...
elapsed (s): 7.244548797607422
processing batch of abstracts...
elapsed: 264.55578422546387
writing embeddings to csv file...
elapsed: 7.174652099609375
embedding subchunk number 37.0...
elapsed (s): 7.371124744415283
processing batch of abstracts...
elapsed: 252.67873430252075
writing embeddings to csv file...
elapsed: 7.060517311096191
embedding subchunk number 38.0...
elapsed (s): 7.234832525253296
processing batch of abstracts...
elapsed: 279.77299284935
writing embeddings to csv file...
elapsed: 7.1596925258636475
embedding subchunk number 39.0...
elapsed (s): 7.358527660369873
processing batch of abstracts...
elapsed: 267.90180587768555
writing embeddings to csv file...
elapsed: 7.1389381885528564
embedding subchunk number 40.0...
elapsed (s): 7.2845458984375
processing batch of abstracts...
elapsed: 276.96792125701904
writing embeddings to csv file...
elapsed: 7.057078123092651
embedding subchunk number 41.0...
elapsed (s): 7.262017726898193
processing batch of abstracts...
elapsed: 276.27742528915405
writing embeddings to csv file...
elapsed: 7.091093063354492
embedding subchunk number 42.0...
elapsed (s): 7.33152174949646
processing batch of abstracts...
elapsed: 524.0332837104797
writing embeddings to csv file...
elapsed: 7.129218339920044
embedding subchunk number 43.0...
elapsed (s): 7.381310701370239
processing batch of abstracts...
elapsed: 412.2197587490082
writing embeddings to csv file...
elapsed: 7.121829271316528
embedding subchunk number 44.0...
elapsed (s): 7.358760356903076
processing batch of abstracts...
elapsed: 393.34391927719116
writing embeddings to csv file...
elapsed: 7.0998170375823975
embedding subchunk number 45.0...
elapsed (s): 7.2768166065216064
processing batch of abstracts...
elapsed: 380.4289016723633
writing embeddings to csv file...
elapsed: 7.108185529708862
embedding subchunk number 46.0...
elapsed (s): 7.334239482879639
processing batch of abstracts...
elapsed: 394.30313539505005
writing embeddings to csv file...
elapsed: 7.122909307479858
embedding subchunk number 47.0...
elapsed (s): 7.286066293716431
processing batch of abstracts...
elapsed: 326.88331055641174
writing embeddings to csv file...
elapsed: 7.285539865493774
embedding subchunk number 48.0...
elapsed (s): 7.510290622711182
processing batch of abstracts...
elapsed: 332.905344247818
writing embeddings to csv file...
elapsed: 7.099763631820679
embedding subchunk number 49.0...
elapsed (s): 7.229776620864868
processing batch of abstracts...
elapsed: 327.90060448646545
writing embeddings to csv file...
elapsed: 7.462338447570801
embedding subchunk number 50.0...
elapsed (s): 7.63057279586792
processing batch of abstracts...
elapsed: 308.7576642036438
writing embeddings to csv file...
elapsed: 7.126581192016602
embedding subchunk number 51.0...
elapsed (s): 7.240506649017334
processing batch of abstracts...
elapsed: 318.42187213897705
writing embeddings to csv file...
elapsed: 7.648209810256958
embedding subchunk number 52.0...
elapsed (s): 7.841837167739868
processing batch of abstracts...
elapsed: 293.0771541595459
writing embeddings to csv file...
elapsed: 7.0655837059021
embedding subchunk number 53.0...
elapsed (s): 7.246417284011841
processing batch of abstracts...
elapsed: 280.3379063606262
writing embeddings to csv file...
elapsed: 7.0355589389801025
embedding subchunk number 54.0...
elapsed (s): 7.2749223709106445
processing batch of abstracts...
elapsed: 463.4578456878662
writing embeddings to csv file...
elapsed: 7.107967138290405
embedding subchunk number 55.0...
elapsed (s): 7.3164520263671875
processing batch of abstracts...
elapsed: 534.4961750507355
writing embeddings to csv file...
elapsed: 7.170927047729492
embedding subchunk number 56.0...
elapsed (s): 7.5491766929626465
processing batch of abstracts...
elapsed: 537.3230409622192
writing embeddings to csv file...
elapsed: 7.219593286514282
embedding subchunk number 57.0...
elapsed (s): 7.461442232131958
processing batch of abstracts...
elapsed: 529.5769238471985
writing embeddings to csv file...
elapsed: 7.095659017562866
embedding subchunk number 58.0...
elapsed (s): 7.496909141540527
processing batch of abstracts...
elapsed: 559.5034348964691
writing embeddings to csv file...
elapsed: 7.126010417938232
embedding subchunk number 59.0...
elapsed (s): 7.326236724853516
processing batch of abstracts...
elapsed: 541.9073691368103
writing embeddings to csv file...
elapsed: 7.122521638870239
