My SLURM_ARRAY_TASK_I:  33
Input arguments: ['./embed_pubmed__array_gpu_job.py', '33']
slurm array id: 33
GPU sanity checks: 
device ID: 0
<torch.cuda.device object at 0x7fae3db424a8>
N devices: 1
Tesla K80
is available? True
Spacy GPU? True
elapsed (s): 1.4542710781097412
embedding subchunk number 0.0...
elapsed (s): 0.04456782341003418
processing batch of abstracts...
elapsed: 0.48769617080688477
writing embeddings to csv file...
elapsed: 0.008768558502197266
embedding subchunk number 1.0...
elapsed (s): 0.22348904609680176
processing batch of abstracts...
elapsed: 544.0760521888733
writing embeddings to csv file...
elapsed: 7.415273666381836
embedding subchunk number 2.0...
elapsed (s): 7.5243542194366455
processing batch of abstracts...
elapsed: 440.87580013275146
writing embeddings to csv file...
elapsed: 7.1862077713012695
embedding subchunk number 3.0...
elapsed (s): 7.398895502090454
processing batch of abstracts...
elapsed: 450.99197816848755
writing embeddings to csv file...
elapsed: 7.3439555168151855
embedding subchunk number 4.0...
elapsed (s): 7.520932912826538
processing batch of abstracts...
elapsed: 392.57798647880554
writing embeddings to csv file...
elapsed: 7.914324522018433
embedding subchunk number 5.0...
elapsed (s): 8.215861797332764
processing batch of abstracts...
elapsed: 398.5202569961548
writing embeddings to csv file...
elapsed: 7.499429702758789
embedding subchunk number 6.0...
elapsed (s): 7.687547922134399
processing batch of abstracts...
elapsed: 426.655549287796
writing embeddings to csv file...
elapsed: 7.154343605041504
embedding subchunk number 7.0...
elapsed (s): 7.40087628364563
processing batch of abstracts...
elapsed: 389.8167722225189
writing embeddings to csv file...
elapsed: 7.281083345413208
embedding subchunk number 8.0...
elapsed (s): 7.4483397006988525
processing batch of abstracts...
elapsed: 390.6795971393585
writing embeddings to csv file...
elapsed: 7.162211656570435
embedding subchunk number 9.0...
elapsed (s): 7.47842264175415
processing batch of abstracts...
elapsed: 440.39249420166016
writing embeddings to csv file...
elapsed: 7.276397705078125
embedding subchunk number 10.0...
elapsed (s): 7.425199031829834
processing batch of abstracts...
elapsed: 353.62739276885986
writing embeddings to csv file...
elapsed: 7.138435363769531
embedding subchunk number 11.0...
elapsed (s): 7.4214277267456055
processing batch of abstracts...
elapsed: 306.85412430763245
writing embeddings to csv file...
elapsed: 7.160197019577026
embedding subchunk number 12.0...
elapsed (s): 7.314192533493042
processing batch of abstracts...
elapsed: 369.59526014328003
writing embeddings to csv file...
elapsed: 7.093812465667725
embedding subchunk number 13.0...
elapsed (s): 7.358236312866211
processing batch of abstracts...
elapsed: 286.55621671676636
writing embeddings to csv file...
elapsed: 7.238462686538696
embedding subchunk number 14.0...
elapsed (s): 7.382700443267822
processing batch of abstracts...
elapsed: 330.7919726371765
writing embeddings to csv file...
elapsed: 7.20432448387146
embedding subchunk number 15.0...
elapsed (s): 7.4498655796051025
processing batch of abstracts...
elapsed: 372.21143984794617
writing embeddings to csv file...
elapsed: 7.134915351867676
embedding subchunk number 16.0...
elapsed (s): 7.220029592514038
processing batch of abstracts...
elapsed: 313.1131947040558
writing embeddings to csv file...
elapsed: 7.15578031539917
embedding subchunk number 17.0...
elapsed (s): 7.359439373016357
processing batch of abstracts...
elapsed: 294.15582728385925
writing embeddings to csv file...
elapsed: 7.150537729263306
embedding subchunk number 18.0...
elapsed (s): 7.300415992736816
processing batch of abstracts...
elapsed: 297.33742594718933
writing embeddings to csv file...
elapsed: 7.147615671157837
embedding subchunk number 19.0...
elapsed (s): 7.340303897857666
processing batch of abstracts...
elapsed: 292.303603887558
writing embeddings to csv file...
elapsed: 7.154798269271851
embedding subchunk number 20.0...
elapsed (s): 7.39911413192749
processing batch of abstracts...
elapsed: 389.8773169517517
writing embeddings to csv file...
elapsed: 7.1951375007629395
embedding subchunk number 21.0...
elapsed (s): 7.504337310791016
processing batch of abstracts...
elapsed: 355.40172123908997
writing embeddings to csv file...
elapsed: 7.166767120361328
embedding subchunk number 22.0...
elapsed (s): 7.336408615112305
processing batch of abstracts...
elapsed: 294.9455199241638
writing embeddings to csv file...
elapsed: 7.045916557312012
embedding subchunk number 23.0...
elapsed (s): 7.215906620025635
processing batch of abstracts...
elapsed: 312.43918681144714
writing embeddings to csv file...
elapsed: 7.086222171783447
embedding subchunk number 24.0...
elapsed (s): 7.3787522315979
processing batch of abstracts...
elapsed: 310.3552055358887
writing embeddings to csv file...
elapsed: 7.062240123748779
embedding subchunk number 25.0...
elapsed (s): 7.300065994262695
processing batch of abstracts...
elapsed: 289.82497906684875
writing embeddings to csv file...
elapsed: 7.134897232055664
embedding subchunk number 26.0...
elapsed (s): 7.2908995151519775
processing batch of abstracts...
elapsed: 279.00993061065674
writing embeddings to csv file...
elapsed: 7.048560619354248
embedding subchunk number 27.0...
elapsed (s): 7.340171813964844
processing batch of abstracts...
elapsed: 422.8295741081238
writing embeddings to csv file...
elapsed: 7.038872480392456
embedding subchunk number 28.0...
elapsed (s): 7.1838366985321045
processing batch of abstracts...
elapsed: 424.17088437080383
writing embeddings to csv file...
elapsed: 7.0287604331970215
embedding subchunk number 29.0...
elapsed (s): 7.221315145492554
processing batch of abstracts...
elapsed: 300.49750781059265
writing embeddings to csv file...
elapsed: 7.106348037719727
embedding subchunk number 30.0...
elapsed (s): 7.336615085601807
processing batch of abstracts...
elapsed: 330.50694847106934
writing embeddings to csv file...
elapsed: 7.019407033920288
embedding subchunk number 31.0...
elapsed (s): 7.152602434158325
processing batch of abstracts...
elapsed: 211.6643693447113
writing embeddings to csv file...
elapsed: 7.127752065658569
embedding subchunk number 32.0...
elapsed (s): 7.282896518707275
processing batch of abstracts...
elapsed: 206.58168768882751
writing embeddings to csv file...
elapsed: 7.121208190917969
embedding subchunk number 33.0...
elapsed (s): 7.2592244148254395
processing batch of abstracts...
elapsed: 224.4157555103302
writing embeddings to csv file...
elapsed: 7.1759185791015625
embedding subchunk number 34.0...
elapsed (s): 7.449140787124634
processing batch of abstracts...
elapsed: 321.37308859825134
writing embeddings to csv file...
elapsed: 7.118249177932739
embedding subchunk number 35.0...
elapsed (s): 7.344813108444214
processing batch of abstracts...
elapsed: 372.84042596817017
writing embeddings to csv file...
elapsed: 7.120042085647583
embedding subchunk number 36.0...
elapsed (s): 7.337383985519409
processing batch of abstracts...
elapsed: 374.0374085903168
writing embeddings to csv file...
elapsed: 7.065047025680542
embedding subchunk number 37.0...
elapsed (s): 7.227189064025879
processing batch of abstracts...
elapsed: 347.1446633338928
writing embeddings to csv file...
elapsed: 7.200045108795166
embedding subchunk number 38.0...
elapsed (s): 7.529999494552612
processing batch of abstracts...
elapsed: 422.10999965667725
writing embeddings to csv file...
elapsed: 7.136272192001343
embedding subchunk number 39.0...
elapsed (s): 7.488700866699219
processing batch of abstracts...
elapsed: 553.3085651397705
writing embeddings to csv file...
elapsed: 7.094254732131958
embedding subchunk number 40.0...
elapsed (s): 7.331469535827637
processing batch of abstracts...
elapsed: 515.3335001468658
writing embeddings to csv file...
elapsed: 7.072746992111206
embedding subchunk number 41.0...
elapsed (s): 7.299182653427124
processing batch of abstracts...
elapsed: 539.9466454982758
writing embeddings to csv file...
elapsed: 7.140990257263184
embedding subchunk number 42.0...
elapsed (s): 7.497373580932617
processing batch of abstracts...
elapsed: 571.8629717826843
writing embeddings to csv file...
elapsed: 7.118457555770874
embedding subchunk number 43.0...
elapsed (s): 7.358041048049927
processing batch of abstracts...
elapsed: 560.6496245861053
writing embeddings to csv file...
elapsed: 7.172111988067627
embedding subchunk number 44.0...
elapsed (s): 7.430983543395996
processing batch of abstracts...
elapsed: 597.0809893608093
writing embeddings to csv file...
elapsed: 7.159123659133911
embedding subchunk number 45.0...
elapsed (s): 7.414561748504639
processing batch of abstracts...
elapsed: 551.850823879242
writing embeddings to csv file...
elapsed: 7.144881010055542
embedding subchunk number 46.0...
elapsed (s): 7.394078016281128
processing batch of abstracts...
elapsed: 519.0170152187347
writing embeddings to csv file...
elapsed: 7.554676055908203
embedding subchunk number 47.0...
elapsed (s): 7.7150468826293945
processing batch of abstracts...
elapsed: 423.07555389404297
writing embeddings to csv file...
elapsed: 7.228858470916748
embedding subchunk number 48.0...
elapsed (s): 7.454453945159912
processing batch of abstracts...
elapsed: 391.71737408638
writing embeddings to csv file...
elapsed: 7.123047351837158
embedding subchunk number 49.0...
elapsed (s): 7.2425501346588135
processing batch of abstracts...
elapsed: 318.9218394756317
writing embeddings to csv file...
elapsed: 7.097644805908203
embedding subchunk number 50.0...
elapsed (s): 7.381794691085815
processing batch of abstracts...
elapsed: 294.61505222320557
writing embeddings to csv file...
elapsed: 7.126315355300903
embedding subchunk number 51.0...
elapsed (s): 7.354539155960083
processing batch of abstracts...
elapsed: 437.12103271484375
writing embeddings to csv file...
elapsed: 7.135905742645264
embedding subchunk number 52.0...
elapsed (s): 7.3607096672058105
processing batch of abstracts...
elapsed: 377.3986370563507
writing embeddings to csv file...
elapsed: 7.129496335983276
embedding subchunk number 53.0...
elapsed (s): 7.326077222824097
processing batch of abstracts...
elapsed: 355.11469292640686
writing embeddings to csv file...
elapsed: 7.151287794113159
embedding subchunk number 54.0...
elapsed (s): 7.344794034957886
processing batch of abstracts...
elapsed: 274.8365230560303
writing embeddings to csv file...
elapsed: 7.241677522659302
embedding subchunk number 55.0...
elapsed (s): 7.489451169967651
processing batch of abstracts...
elapsed: 506.5315954685211
writing embeddings to csv file...
elapsed: 7.156604051589966
embedding subchunk number 56.0...
elapsed (s): 7.274332284927368
processing batch of abstracts...
elapsed: 446.9032781124115
writing embeddings to csv file...
elapsed: 7.2335991859436035
embedding subchunk number 57.0...
elapsed (s): 7.601338148117065
processing batch of abstracts...
elapsed: 389.3104450702667
writing embeddings to csv file...
elapsed: 7.1495983600616455
embedding subchunk number 58.0...
elapsed (s): 7.349134922027588
processing batch of abstracts...
elapsed: 410.7412519454956
writing embeddings to csv file...
elapsed: 7.1669557094573975
embedding subchunk number 59.0...
elapsed (s): 7.429198980331421
processing batch of abstracts...
elapsed: 411.43159651756287
writing embeddings to csv file...
elapsed: 7.171765089035034
