My SLURM_ARRAY_TASK_I:  38
Input arguments: ['./embed_pubmed__array_gpu_job.py', '38']
slurm array id: 38
GPU sanity checks: 
device ID: 0
<torch.cuda.device object at 0x7f2ae23c0978>
N devices: 1
Tesla K80
is available? True
Spacy GPU? True
elapsed (s): 2.373551845550537
embedding subchunk number 0.0...
elapsed (s): 0.06822562217712402
processing batch of abstracts...
elapsed: 0.8769078254699707
writing embeddings to csv file...
elapsed: 0.18931794166564941
embedding subchunk number 1.0...
elapsed (s): 0.3784217834472656
processing batch of abstracts...
elapsed: 537.5878703594208
writing embeddings to csv file...
elapsed: 7.187971830368042
embedding subchunk number 2.0...
elapsed (s): 7.320404052734375
processing batch of abstracts...
elapsed: 553.2378199100494
writing embeddings to csv file...
elapsed: 7.128075122833252
embedding subchunk number 3.0...
elapsed (s): 7.487691402435303
processing batch of abstracts...
elapsed: 588.999573469162
writing embeddings to csv file...
elapsed: 7.0643579959869385
embedding subchunk number 4.0...
elapsed (s): 7.278490781784058
processing batch of abstracts...
elapsed: 581.4255590438843
writing embeddings to csv file...
elapsed: 7.195232629776001
embedding subchunk number 5.0...
elapsed (s): 7.54244327545166
processing batch of abstracts...
elapsed: 576.255704164505
writing embeddings to csv file...
elapsed: 7.101101398468018
embedding subchunk number 6.0...
elapsed (s): 7.299461126327515
processing batch of abstracts...
elapsed: 558.1314792633057
writing embeddings to csv file...
elapsed: 7.159285545349121
embedding subchunk number 7.0...
elapsed (s): 7.438831090927124
processing batch of abstracts...
elapsed: 517.6432883739471
writing embeddings to csv file...
elapsed: 7.1780006885528564
embedding subchunk number 8.0...
elapsed (s): 7.330806255340576
processing batch of abstracts...
elapsed: 478.584055185318
writing embeddings to csv file...
elapsed: 7.124333620071411
embedding subchunk number 9.0...
elapsed (s): 7.3827807903289795
processing batch of abstracts...
elapsed: 416.8159394264221
writing embeddings to csv file...
elapsed: 7.143876791000366
embedding subchunk number 10.0...
elapsed (s): 7.376485586166382
processing batch of abstracts...
elapsed: 463.00265741348267
writing embeddings to csv file...
elapsed: 7.114119529724121
embedding subchunk number 11.0...
elapsed (s): 7.3240015506744385
processing batch of abstracts...
elapsed: 427.55880069732666
writing embeddings to csv file...
elapsed: 7.171441555023193
embedding subchunk number 12.0...
elapsed (s): 7.40792179107666
processing batch of abstracts...
elapsed: 424.6112868785858
writing embeddings to csv file...
elapsed: 7.257236003875732
embedding subchunk number 13.0...
elapsed (s): 7.487305164337158
processing batch of abstracts...
elapsed: 438.8508107662201
writing embeddings to csv file...
elapsed: 7.1274237632751465
embedding subchunk number 14.0...
elapsed (s): 7.288285732269287
processing batch of abstracts...
elapsed: 364.0719621181488
writing embeddings to csv file...
elapsed: 7.152506351470947
embedding subchunk number 15.0...
elapsed (s): 7.388030767440796
processing batch of abstracts...
elapsed: 432.6161069869995
writing embeddings to csv file...
elapsed: 7.179965972900391
embedding subchunk number 16.0...
elapsed (s): 7.416284084320068
processing batch of abstracts...
elapsed: 564.9290137290955
writing embeddings to csv file...
elapsed: 7.188735485076904
embedding subchunk number 17.0...
elapsed (s): 7.459327459335327
processing batch of abstracts...
elapsed: 530.1316657066345
writing embeddings to csv file...
elapsed: 7.206361293792725
embedding subchunk number 18.0...
elapsed (s): 7.374350309371948
processing batch of abstracts...
elapsed: 417.9757173061371
writing embeddings to csv file...
elapsed: 7.165256023406982
embedding subchunk number 19.0...
elapsed (s): 7.387188911437988
processing batch of abstracts...
elapsed: 368.7249765396118
writing embeddings to csv file...
elapsed: 7.203662872314453
embedding subchunk number 20.0...
elapsed (s): 7.395712614059448
processing batch of abstracts...
elapsed: 338.9599914550781
writing embeddings to csv file...
elapsed: 7.079447507858276
embedding subchunk number 21.0...
elapsed (s): 7.281081199645996
processing batch of abstracts...
elapsed: 360.31081342697144
writing embeddings to csv file...
elapsed: 7.158830404281616
embedding subchunk number 22.0...
elapsed (s): 7.316733121871948
processing batch of abstracts...
elapsed: 332.78285002708435
writing embeddings to csv file...
elapsed: 7.1449456214904785
embedding subchunk number 23.0...
elapsed (s): 7.325214147567749
processing batch of abstracts...
elapsed: 268.9016568660736
writing embeddings to csv file...
elapsed: 7.165740251541138
embedding subchunk number 24.0...
elapsed (s): 7.510510683059692
processing batch of abstracts...
elapsed: 491.1568901538849
writing embeddings to csv file...
elapsed: 7.157621622085571
embedding subchunk number 25.0...
elapsed (s): 7.346422433853149
processing batch of abstracts...
elapsed: 329.8040668964386
writing embeddings to csv file...
elapsed: 7.0887651443481445
embedding subchunk number 26.0...
elapsed (s): 7.340086221694946
processing batch of abstracts...
elapsed: 314.86842465400696
writing embeddings to csv file...
elapsed: 7.069261074066162
embedding subchunk number 27.0...
elapsed (s): 7.193485498428345
processing batch of abstracts...
elapsed: 326.4363920688629
writing embeddings to csv file...
elapsed: 7.050482273101807
embedding subchunk number 28.0...
elapsed (s): 7.275047779083252
processing batch of abstracts...
elapsed: 306.324494600296
writing embeddings to csv file...
elapsed: 7.034537315368652
embedding subchunk number 29.0...
elapsed (s): 7.123051404953003
processing batch of abstracts...
elapsed: 329.99202966690063
writing embeddings to csv file...
elapsed: 7.096551179885864
embedding subchunk number 30.0...
elapsed (s): 7.212755918502808
processing batch of abstracts...
elapsed: 306.55728793144226
writing embeddings to csv file...
elapsed: 7.307725191116333
embedding subchunk number 31.0...
elapsed (s): 7.525605916976929
processing batch of abstracts...
elapsed: 318.208749294281
writing embeddings to csv file...
elapsed: 7.1182050704956055
embedding subchunk number 32.0...
elapsed (s): 7.310492515563965
processing batch of abstracts...
elapsed: 328.2130243778229
writing embeddings to csv file...
elapsed: 7.118581056594849
embedding subchunk number 33.0...
elapsed (s): 7.572726726531982
processing batch of abstracts...
elapsed: 574.013025522232
writing embeddings to csv file...
elapsed: 7.06367039680481
embedding subchunk number 34.0...
elapsed (s): 7.207006454467773
processing batch of abstracts...
elapsed: 465.95019459724426
writing embeddings to csv file...
elapsed: 7.108810186386108
embedding subchunk number 35.0...
elapsed (s): 7.397770881652832
processing batch of abstracts...
elapsed: 444.0300784111023
writing embeddings to csv file...
elapsed: 7.187703609466553
embedding subchunk number 36.0...
elapsed (s): 7.415539026260376
processing batch of abstracts...
elapsed: 431.6166613101959
writing embeddings to csv file...
elapsed: 7.192856788635254
embedding subchunk number 37.0...
elapsed (s): 7.394806385040283
processing batch of abstracts...
elapsed: 338.1825428009033
writing embeddings to csv file...
elapsed: 7.069141149520874
embedding subchunk number 38.0...
elapsed (s): 7.269040107727051
processing batch of abstracts...
elapsed: 344.43916606903076
writing embeddings to csv file...
elapsed: 7.612370491027832
embedding subchunk number 39.0...
elapsed (s): 7.8931498527526855
processing batch of abstracts...
elapsed: 338.7492654323578
writing embeddings to csv file...
elapsed: 7.078434705734253
embedding subchunk number 40.0...
elapsed (s): 7.237009048461914
processing batch of abstracts...
elapsed: 337.9181110858917
writing embeddings to csv file...
elapsed: 7.259505033493042
embedding subchunk number 41.0...
elapsed (s): 7.470564603805542
processing batch of abstracts...
elapsed: 352.76419043540955
writing embeddings to csv file...
elapsed: 7.114808797836304
embedding subchunk number 42.0...
elapsed (s): 7.300218820571899
processing batch of abstracts...
elapsed: 342.12885451316833
writing embeddings to csv file...
elapsed: 7.1441264152526855
embedding subchunk number 43.0...
elapsed (s): 7.4687135219573975
processing batch of abstracts...
elapsed: 363.0440835952759
writing embeddings to csv file...
elapsed: 7.13207221031189
embedding subchunk number 44.0...
elapsed (s): 7.199224233627319
processing batch of abstracts...
elapsed: 215.2103202342987
writing embeddings to csv file...
elapsed: 7.157660007476807
embedding subchunk number 45.0...
elapsed (s): 7.377839803695679
processing batch of abstracts...
elapsed: 301.3918626308441
writing embeddings to csv file...
elapsed: 7.108015298843384
embedding subchunk number 46.0...
elapsed (s): 7.346539258956909
processing batch of abstracts...
elapsed: 439.06534695625305
writing embeddings to csv file...
elapsed: 7.204124212265015
embedding subchunk number 47.0...
elapsed (s): 7.463635206222534
processing batch of abstracts...
elapsed: 308.4476275444031
writing embeddings to csv file...
elapsed: 7.107218027114868
embedding subchunk number 48.0...
elapsed (s): 7.298370122909546
processing batch of abstracts...
elapsed: 315.0647876262665
writing embeddings to csv file...
elapsed: 7.0905821323394775
embedding subchunk number 49.0...
elapsed (s): 7.2899956703186035
processing batch of abstracts...
elapsed: 354.6280219554901
writing embeddings to csv file...
elapsed: 7.052159309387207
embedding subchunk number 50.0...
elapsed (s): 7.294436454772949
processing batch of abstracts...
elapsed: 400.5831677913666
writing embeddings to csv file...
elapsed: 7.0669848918914795
embedding subchunk number 51.0...
elapsed (s): 7.257457733154297
processing batch of abstracts...
elapsed: 390.8191912174225
writing embeddings to csv file...
elapsed: 7.121002197265625
embedding subchunk number 52.0...
elapsed (s): 7.384124994277954
processing batch of abstracts...
elapsed: 428.1947891712189
writing embeddings to csv file...
elapsed: 7.5656516551971436
embedding subchunk number 53.0...
elapsed (s): 7.880015134811401
processing batch of abstracts...
elapsed: 581.7343480587006
writing embeddings to csv file...
elapsed: 7.563582420349121
embedding subchunk number 54.0...
elapsed (s): 7.822522163391113
processing batch of abstracts...
elapsed: 603.4430572986603
writing embeddings to csv file...
elapsed: 7.2034666538238525
embedding subchunk number 55.0...
elapsed (s): 7.427632570266724
processing batch of abstracts...
elapsed: 524.174069404602
writing embeddings to csv file...
elapsed: 7.3999998569488525
embedding subchunk number 56.0...
elapsed (s): 7.726435899734497
processing batch of abstracts...
elapsed: 565.1987509727478
writing embeddings to csv file...
elapsed: 7.095256328582764
embedding subchunk number 57.0...
elapsed (s): 7.409562826156616
processing batch of abstracts...
elapsed: 595.907045841217
writing embeddings to csv file...
elapsed: 7.193992853164673
embedding subchunk number 58.0...
elapsed (s): 7.46821403503418
processing batch of abstracts...
elapsed: 553.2701289653778
writing embeddings to csv file...
elapsed: 7.1454079151153564
embedding subchunk number 59.0...
elapsed (s): 7.350251197814941
processing batch of abstracts...
elapsed: 526.2533729076385
writing embeddings to csv file...
elapsed: 7.1079323291778564
