My SLURM_ARRAY_TASK_I:  41
Input arguments: ['./embed_pubmed__array_gpu_job.py', '41']
slurm array id: 41
GPU sanity checks: 
device ID: 0
<torch.cuda.device object at 0x7f8fe801e7b8>
N devices: 1
Tesla K80
is available? True
Spacy GPU? True
elapsed (s): 2.022090435028076
embedding subchunk number 0.0...
elapsed (s): 0.05487871170043945
processing batch of abstracts...
elapsed: 0.6822407245635986
writing embeddings to csv file...
elapsed: 0.007571220397949219
embedding subchunk number 1.0...
elapsed (s): 0.2147054672241211
processing batch of abstracts...
elapsed: 622.7243514060974
writing embeddings to csv file...
elapsed: 7.288316488265991
embedding subchunk number 2.0...
elapsed (s): 7.464982271194458
processing batch of abstracts...
elapsed: 629.8038969039917
writing embeddings to csv file...
elapsed: 7.171630859375
embedding subchunk number 3.0...
elapsed (s): 7.450120449066162
processing batch of abstracts...
elapsed: 590.6662766933441
writing embeddings to csv file...
elapsed: 7.268265962600708
embedding subchunk number 4.0...
elapsed (s): 7.463035583496094
processing batch of abstracts...
elapsed: 572.4472563266754
writing embeddings to csv file...
elapsed: 7.112703561782837
embedding subchunk number 5.0...
elapsed (s): 7.372748851776123
processing batch of abstracts...
elapsed: 548.070634841919
writing embeddings to csv file...
elapsed: 7.236422061920166
embedding subchunk number 6.0...
elapsed (s): 7.480980396270752
processing batch of abstracts...
elapsed: 572.8623766899109
writing embeddings to csv file...
elapsed: 7.135613203048706
embedding subchunk number 7.0...
elapsed (s): 7.455358982086182
processing batch of abstracts...
elapsed: 513.7537524700165
writing embeddings to csv file...
elapsed: 7.252249479293823
embedding subchunk number 8.0...
elapsed (s): 7.3931708335876465
processing batch of abstracts...
elapsed: 505.0198702812195
writing embeddings to csv file...
elapsed: 7.3374409675598145
embedding subchunk number 9.0...
elapsed (s): 7.590141773223877
processing batch of abstracts...
elapsed: 479.3866021633148
writing embeddings to csv file...
elapsed: 7.1622278690338135
embedding subchunk number 10.0...
elapsed (s): 7.349097728729248
processing batch of abstracts...
elapsed: 489.20519518852234
writing embeddings to csv file...
elapsed: 7.194926500320435
embedding subchunk number 11.0...
elapsed (s): 7.465711355209351
processing batch of abstracts...
elapsed: 462.2788555622101
writing embeddings to csv file...
elapsed: 7.109198808670044
embedding subchunk number 12.0...
elapsed (s): 7.4121339321136475
processing batch of abstracts...
elapsed: 471.0611400604248
writing embeddings to csv file...
elapsed: 7.141326665878296
embedding subchunk number 13.0...
elapsed (s): 7.320528984069824
processing batch of abstracts...
elapsed: 492.24881505966187
writing embeddings to csv file...
elapsed: 7.279229402542114
embedding subchunk number 14.0...
elapsed (s): 7.456601858139038
processing batch of abstracts...
elapsed: 495.4924418926239
writing embeddings to csv file...
elapsed: 7.091166973114014
embedding subchunk number 15.0...
elapsed (s): 7.337878465652466
processing batch of abstracts...
elapsed: 485.0499300956726
writing embeddings to csv file...
elapsed: 7.407749176025391
embedding subchunk number 16.0...
elapsed (s): 7.686306953430176
processing batch of abstracts...
elapsed: 510.46925592422485
writing embeddings to csv file...
elapsed: 7.558882713317871
embedding subchunk number 17.0...
elapsed (s): 7.83170747756958
processing batch of abstracts...
elapsed: 509.68608713150024
writing embeddings to csv file...
elapsed: 7.248849868774414
embedding subchunk number 18.0...
elapsed (s): 7.431671142578125
processing batch of abstracts...
elapsed: 475.05241656303406
writing embeddings to csv file...
elapsed: 7.257050275802612
embedding subchunk number 19.0...
elapsed (s): 7.519867181777954
processing batch of abstracts...
elapsed: 500.2049868106842
writing embeddings to csv file...
elapsed: 7.2890753746032715
embedding subchunk number 20.0...
elapsed (s): 7.5049521923065186
processing batch of abstracts...
elapsed: 490.30069851875305
writing embeddings to csv file...
elapsed: 7.24711012840271
embedding subchunk number 21.0...
elapsed (s): 7.508361101150513
processing batch of abstracts...
elapsed: 578.2514896392822
writing embeddings to csv file...
elapsed: 7.330323219299316
embedding subchunk number 22.0...
elapsed (s): 7.53129243850708
processing batch of abstracts...
elapsed: 589.5290470123291
writing embeddings to csv file...
elapsed: 7.272292852401733
embedding subchunk number 23.0...
elapsed (s): 7.532485008239746
processing batch of abstracts...
elapsed: 444.1529610157013
writing embeddings to csv file...
elapsed: 7.1279497146606445
embedding subchunk number 24.0...
elapsed (s): 7.194189548492432
processing batch of abstracts...
elapsed: 218.11996006965637
writing embeddings to csv file...
elapsed: 8.061164379119873
embedding subchunk number 25.0...
elapsed (s): 8.40467643737793
processing batch of abstracts...
elapsed: 603.6726677417755
writing embeddings to csv file...
elapsed: 7.189967632293701
embedding subchunk number 26.0...
elapsed (s): 7.498642683029175
processing batch of abstracts...
elapsed: 526.627676486969
writing embeddings to csv file...
elapsed: 7.300904035568237
embedding subchunk number 27.0...
elapsed (s): 7.499957799911499
processing batch of abstracts...
elapsed: 291.73022294044495
writing embeddings to csv file...
elapsed: 7.142481803894043
embedding subchunk number 28.0...
elapsed (s): 7.44484543800354
processing batch of abstracts...
elapsed: 433.00151777267456
writing embeddings to csv file...
elapsed: 7.254167318344116
embedding subchunk number 29.0...
elapsed (s): 7.5592474937438965
processing batch of abstracts...
elapsed: 583.0006659030914
writing embeddings to csv file...
elapsed: 7.200421571731567
embedding subchunk number 30.0...
elapsed (s): 7.569494009017944
processing batch of abstracts...
elapsed: 583.3356277942657
writing embeddings to csv file...
elapsed: 7.241169691085815
embedding subchunk number 31.0...
elapsed (s): 7.511359214782715
processing batch of abstracts...
elapsed: 571.8979587554932
writing embeddings to csv file...
elapsed: 7.654488563537598
embedding subchunk number 32.0...
elapsed (s): 7.892548322677612
processing batch of abstracts...
elapsed: 453.81051111221313
writing embeddings to csv file...
elapsed: 7.151321887969971
embedding subchunk number 33.0...
elapsed (s): 7.375582695007324
processing batch of abstracts...
elapsed: 391.31436824798584
writing embeddings to csv file...
elapsed: 7.190801620483398
embedding subchunk number 34.0...
elapsed (s): 7.378990888595581
processing batch of abstracts...
elapsed: 392.4047191143036
writing embeddings to csv file...
elapsed: 7.051321983337402
embedding subchunk number 35.0...
elapsed (s): 7.329854488372803
processing batch of abstracts...
elapsed: 373.30917835235596
writing embeddings to csv file...
elapsed: 7.378787040710449
embedding subchunk number 36.0...
elapsed (s): 7.5867345333099365
processing batch of abstracts...
elapsed: 396.7975661754608
writing embeddings to csv file...
elapsed: 7.491037130355835
embedding subchunk number 37.0...
elapsed (s): 7.792402267456055
processing batch of abstracts...
elapsed: 333.4573302268982
writing embeddings to csv file...
elapsed: 7.376256227493286
embedding subchunk number 38.0...
elapsed (s): 7.568195819854736
processing batch of abstracts...
elapsed: 337.206258058548
writing embeddings to csv file...
elapsed: 7.372384786605835
embedding subchunk number 39.0...
elapsed (s): 7.669156312942505
processing batch of abstracts...
elapsed: 449.34893703460693
writing embeddings to csv file...
elapsed: 7.662040948867798
embedding subchunk number 40.0...
elapsed (s): 7.892534494400024
processing batch of abstracts...
elapsed: 517.512674331665
writing embeddings to csv file...
elapsed: 7.396154880523682
embedding subchunk number 41.0...
elapsed (s): 7.623715400695801
processing batch of abstracts...
elapsed: 425.0836284160614
writing embeddings to csv file...
elapsed: 7.356207370758057
embedding subchunk number 42.0...
elapsed (s): 7.6694653034210205
processing batch of abstracts...
elapsed: 450.59698033332825
writing embeddings to csv file...
elapsed: 7.734225034713745
embedding subchunk number 43.0...
elapsed (s): 7.9325151443481445
processing batch of abstracts...
elapsed: 433.5758738517761
writing embeddings to csv file...
elapsed: 7.492023706436157
embedding subchunk number 44.0...
elapsed (s): 7.774682998657227
processing batch of abstracts...
elapsed: 458.82941126823425
writing embeddings to csv file...
elapsed: 7.493910312652588
embedding subchunk number 45.0...
elapsed (s): 7.765060901641846
processing batch of abstracts...
elapsed: 486.78931522369385
writing embeddings to csv file...
elapsed: 7.397944450378418
embedding subchunk number 46.0...
elapsed (s): 7.648656129837036
processing batch of abstracts...
elapsed: 365.26681423187256
writing embeddings to csv file...
elapsed: 7.455153465270996
embedding subchunk number 47.0...
elapsed (s): 7.742153644561768
processing batch of abstracts...
elapsed: 378.97404646873474
writing embeddings to csv file...
elapsed: 7.361356258392334
embedding subchunk number 48.0...
elapsed (s): 7.5306220054626465
processing batch of abstracts...
elapsed: 383.86822628974915
writing embeddings to csv file...
elapsed: 7.443535804748535
embedding subchunk number 49.0...
elapsed (s): 7.712772846221924
processing batch of abstracts...
elapsed: 371.44632267951965
writing embeddings to csv file...
elapsed: 7.415272235870361
embedding subchunk number 50.0...
elapsed (s): 7.5521321296691895
processing batch of abstracts...
elapsed: 351.7348401546478
writing embeddings to csv file...
elapsed: 7.437433242797852
embedding subchunk number 51.0...
elapsed (s): 7.662762403488159
processing batch of abstracts...
elapsed: 313.6981589794159
writing embeddings to csv file...
elapsed: 7.387557506561279
embedding subchunk number 52.0...
elapsed (s): 7.5589330196380615
processing batch of abstracts...
elapsed: 325.15233731269836
writing embeddings to csv file...
elapsed: 7.449557781219482
embedding subchunk number 53.0...
elapsed (s): 7.8208770751953125
processing batch of abstracts...
elapsed: 426.8705837726593
writing embeddings to csv file...
elapsed: 7.4137396812438965
embedding subchunk number 54.0...
elapsed (s): 7.5597546100616455
processing batch of abstracts...
elapsed: 432.4997341632843
writing embeddings to csv file...
elapsed: 7.465403318405151
embedding subchunk number 55.0...
elapsed (s): 7.691366672515869
processing batch of abstracts...
elapsed: 518.476010799408
writing embeddings to csv file...
elapsed: 7.448556184768677
embedding subchunk number 56.0...
elapsed (s): 7.614948511123657
processing batch of abstracts...
elapsed: 539.0774848461151
writing embeddings to csv file...
elapsed: 7.388072490692139
embedding subchunk number 57.0...
elapsed (s): 7.636209964752197
processing batch of abstracts...
elapsed: 521.323408126831
writing embeddings to csv file...
elapsed: 7.424889087677002
embedding subchunk number 58.0...
elapsed (s): 7.625155448913574
processing batch of abstracts...
elapsed: 533.8883366584778
writing embeddings to csv file...
elapsed: 7.389410972595215
embedding subchunk number 59.0...
elapsed (s): 7.667370557785034
processing batch of abstracts...
elapsed: 576.8520195484161
writing embeddings to csv file...
elapsed: 7.490693807601929
