My SLURM_ARRAY_TASK_I:  40
Input arguments: ['./embed_pubmed__array_gpu_job.py', '40']
slurm array id: 40
GPU sanity checks: 
device ID: 0
<torch.cuda.device object at 0x7fb19c50c7b8>
N devices: 1
Tesla K80
is available? True
Spacy GPU? True
elapsed (s): 1.6755800247192383
embedding subchunk number 0.0...
elapsed (s): 0.07074785232543945
processing batch of abstracts...
elapsed: 0.49762964248657227
writing embeddings to csv file...
elapsed: 0.09281277656555176
embedding subchunk number 1.0...
elapsed (s): 0.15232563018798828
processing batch of abstracts...
elapsed: 118.03620839118958
writing embeddings to csv file...
elapsed: 7.2684900760650635
embedding subchunk number 2.0...
elapsed (s): 7.432805776596069
processing batch of abstracts...
elapsed: 274.76668977737427
writing embeddings to csv file...
elapsed: 7.1930012702941895
embedding subchunk number 3.0...
elapsed (s): 7.371736764907837
processing batch of abstracts...
elapsed: 275.54801964759827
writing embeddings to csv file...
elapsed: 7.163462400436401
embedding subchunk number 4.0...
elapsed (s): 7.3631370067596436
processing batch of abstracts...
elapsed: 305.5690472126007
writing embeddings to csv file...
elapsed: 7.242049694061279
embedding subchunk number 5.0...
elapsed (s): 7.5003626346588135
processing batch of abstracts...
elapsed: 434.63498711586
writing embeddings to csv file...
elapsed: 7.442758560180664
embedding subchunk number 6.0...
elapsed (s): 7.653320789337158
processing batch of abstracts...
elapsed: 500.4146831035614
writing embeddings to csv file...
elapsed: 7.701904058456421
embedding subchunk number 7.0...
elapsed (s): 7.848431348800659
processing batch of abstracts...
elapsed: 511.73235726356506
writing embeddings to csv file...
elapsed: 7.532109022140503
embedding subchunk number 8.0...
elapsed (s): 7.699553966522217
processing batch of abstracts...
elapsed: 511.4384346008301
writing embeddings to csv file...
elapsed: 7.540217876434326
embedding subchunk number 9.0...
elapsed (s): 7.855890274047852
processing batch of abstracts...
elapsed: 488.6410894393921
writing embeddings to csv file...
elapsed: 7.427787780761719
embedding subchunk number 10.0...
elapsed (s): 7.620708465576172
processing batch of abstracts...
elapsed: 474.4872462749481
writing embeddings to csv file...
elapsed: 7.4461140632629395
embedding subchunk number 11.0...
elapsed (s): 7.710759162902832
processing batch of abstracts...
elapsed: 491.42441034317017
writing embeddings to csv file...
elapsed: 7.177350044250488
embedding subchunk number 12.0...
elapsed (s): 7.396003723144531
processing batch of abstracts...
elapsed: 500.2561864852905
writing embeddings to csv file...
elapsed: 7.413085222244263
embedding subchunk number 13.0...
elapsed (s): 7.65849494934082
processing batch of abstracts...
elapsed: 547.3849511146545
writing embeddings to csv file...
elapsed: 7.220979452133179
embedding subchunk number 14.0...
elapsed (s): 7.31912899017334
processing batch of abstracts...
elapsed: 367.9852514266968
writing embeddings to csv file...
elapsed: 7.320307970046997
embedding subchunk number 15.0...
elapsed (s): 7.665547609329224
processing batch of abstracts...
elapsed: 415.3844196796417
writing embeddings to csv file...
elapsed: 7.151828050613403
embedding subchunk number 16.0...
elapsed (s): 7.34691309928894
processing batch of abstracts...
elapsed: 401.2606110572815
writing embeddings to csv file...
elapsed: 7.151901960372925
embedding subchunk number 17.0...
elapsed (s): 7.513148784637451
processing batch of abstracts...
elapsed: 321.2706882953644
writing embeddings to csv file...
elapsed: 7.1526525020599365
embedding subchunk number 18.0...
elapsed (s): 7.345568656921387
processing batch of abstracts...
elapsed: 340.34712076187134
writing embeddings to csv file...
elapsed: 7.1584861278533936
embedding subchunk number 19.0...
elapsed (s): 7.52898097038269
processing batch of abstracts...
elapsed: 498.6192219257355
writing embeddings to csv file...
elapsed: 7.3688342571258545
embedding subchunk number 20.0...
elapsed (s): 7.662474870681763
processing batch of abstracts...
elapsed: 483.6218514442444
writing embeddings to csv file...
elapsed: 7.187303781509399
embedding subchunk number 21.0...
elapsed (s): 7.405684232711792
processing batch of abstracts...
elapsed: 526.7291004657745
writing embeddings to csv file...
elapsed: 7.187568426132202
embedding subchunk number 22.0...
elapsed (s): 7.438247442245483
processing batch of abstracts...
elapsed: 644.6017034053802
writing embeddings to csv file...
elapsed: 7.670626640319824
embedding subchunk number 23.0...
elapsed (s): 7.95463490486145
processing batch of abstracts...
elapsed: 482.35663986206055
writing embeddings to csv file...
elapsed: 7.204575777053833
embedding subchunk number 24.0...
elapsed (s): 7.474867343902588
processing batch of abstracts...
elapsed: 447.4503765106201
writing embeddings to csv file...
elapsed: 7.117014646530151
embedding subchunk number 25.0...
elapsed (s): 7.320655584335327
processing batch of abstracts...
elapsed: 432.929399728775
writing embeddings to csv file...
elapsed: 7.150518417358398
embedding subchunk number 26.0...
elapsed (s): 7.402055978775024
processing batch of abstracts...
elapsed: 457.91692423820496
writing embeddings to csv file...
elapsed: 7.482322692871094
embedding subchunk number 27.0...
elapsed (s): 7.755882740020752
processing batch of abstracts...
elapsed: 426.16462326049805
writing embeddings to csv file...
elapsed: 8.208398580551147
embedding subchunk number 28.0...
elapsed (s): 8.461899995803833
processing batch of abstracts...
elapsed: 457.2875065803528
writing embeddings to csv file...
elapsed: 7.198476552963257
embedding subchunk number 29.0...
elapsed (s): 7.411578416824341
processing batch of abstracts...
elapsed: 434.15778827667236
writing embeddings to csv file...
elapsed: 7.1516969203948975
embedding subchunk number 30.0...
elapsed (s): 7.385490894317627
processing batch of abstracts...
elapsed: 403.00495076179504
writing embeddings to csv file...
elapsed: 7.378650188446045
embedding subchunk number 31.0...
elapsed (s): 7.700424671173096
processing batch of abstracts...
elapsed: 435.81446170806885
writing embeddings to csv file...
elapsed: 7.400203466415405
embedding subchunk number 32.0...
elapsed (s): 7.6520302295684814
processing batch of abstracts...
elapsed: 497.2659902572632
writing embeddings to csv file...
elapsed: 7.594069004058838
embedding subchunk number 33.0...
elapsed (s): 7.875524044036865
processing batch of abstracts...
elapsed: 582.3636782169342
writing embeddings to csv file...
elapsed: 7.165477991104126
embedding subchunk number 34.0...
elapsed (s): 7.399419784545898
processing batch of abstracts...
elapsed: 496.8784091472626
writing embeddings to csv file...
elapsed: 7.274946928024292
embedding subchunk number 35.0...
elapsed (s): 7.509015321731567
processing batch of abstracts...
elapsed: 463.3510949611664
writing embeddings to csv file...
elapsed: 7.185362339019775
embedding subchunk number 36.0...
elapsed (s): 7.408602476119995
processing batch of abstracts...
elapsed: 505.34467697143555
writing embeddings to csv file...
elapsed: 7.263793706893921
embedding subchunk number 37.0...
elapsed (s): 7.55499792098999
processing batch of abstracts...
elapsed: 632.5706729888916
writing embeddings to csv file...
elapsed: 7.406400918960571
embedding subchunk number 38.0...
elapsed (s): 7.627835750579834
processing batch of abstracts...
elapsed: 594.6648695468903
writing embeddings to csv file...
elapsed: 7.166923999786377
embedding subchunk number 39.0...
elapsed (s): 7.554044723510742
processing batch of abstracts...
elapsed: 619.8552901744843
writing embeddings to csv file...
elapsed: 7.109488248825073
embedding subchunk number 40.0...
elapsed (s): 7.37227463722229
processing batch of abstracts...
elapsed: 594.5359506607056
writing embeddings to csv file...
elapsed: 7.360048770904541
embedding subchunk number 41.0...
elapsed (s): 7.685437202453613
processing batch of abstracts...
elapsed: 612.1993184089661
writing embeddings to csv file...
elapsed: 7.234572887420654
embedding subchunk number 42.0...
elapsed (s): 7.536953449249268
processing batch of abstracts...
elapsed: 628.2734150886536
writing embeddings to csv file...
elapsed: 7.20947790145874
embedding subchunk number 43.0...
elapsed (s): 7.488210916519165
processing batch of abstracts...
elapsed: 605.3064954280853
writing embeddings to csv file...
elapsed: 7.162329912185669
embedding subchunk number 44.0...
elapsed (s): 7.381039142608643
processing batch of abstracts...
elapsed: 582.9783155918121
writing embeddings to csv file...
elapsed: 7.579742431640625
embedding subchunk number 45.0...
elapsed (s): 8.01246166229248
processing batch of abstracts...
elapsed: 575.7041344642639
writing embeddings to csv file...
elapsed: 7.172323703765869
embedding subchunk number 46.0...
elapsed (s): 7.440509796142578
processing batch of abstracts...
elapsed: 600.3940308094025
writing embeddings to csv file...
elapsed: 7.139884948730469
embedding subchunk number 47.0...
elapsed (s): 7.450673818588257
processing batch of abstracts...
elapsed: 612.4614565372467
writing embeddings to csv file...
elapsed: 7.530737400054932
embedding subchunk number 48.0...
elapsed (s): 7.751780033111572
processing batch of abstracts...
elapsed: 572.8838565349579
writing embeddings to csv file...
elapsed: 8.035861015319824
embedding subchunk number 49.0...
elapsed (s): 8.324578046798706
processing batch of abstracts...
elapsed: 584.3634076118469
writing embeddings to csv file...
elapsed: 8.244305610656738
embedding subchunk number 50.0...
elapsed (s): 8.431670665740967
processing batch of abstracts...
elapsed: 579.5476422309875
writing embeddings to csv file...
elapsed: 7.240902662277222
embedding subchunk number 51.0...
elapsed (s): 7.59870982170105
processing batch of abstracts...
elapsed: 440.4783627986908
writing embeddings to csv file...
elapsed: 7.096594333648682
embedding subchunk number 52.0...
elapsed (s): 7.16923189163208
processing batch of abstracts...
elapsed: 286.9945080280304
writing embeddings to csv file...
elapsed: 7.083461284637451
embedding subchunk number 53.0...
elapsed (s): 7.337293386459351
processing batch of abstracts...
elapsed: 283.9829065799713
writing embeddings to csv file...
elapsed: 7.62322735786438
embedding subchunk number 54.0...
elapsed (s): 7.857170581817627
processing batch of abstracts...
elapsed: 406.78877305984497
writing embeddings to csv file...
elapsed: 7.173092603683472
embedding subchunk number 55.0...
elapsed (s): 7.441928863525391
processing batch of abstracts...
elapsed: 624.933810710907
writing embeddings to csv file...
elapsed: 7.255047559738159
embedding subchunk number 56.0...
elapsed (s): 7.520193338394165
processing batch of abstracts...
elapsed: 604.2465751171112
writing embeddings to csv file...
elapsed: 7.108351469039917
embedding subchunk number 57.0...
elapsed (s): 7.37718391418457
processing batch of abstracts...
elapsed: 577.9348440170288
writing embeddings to csv file...
elapsed: 7.145053863525391
embedding subchunk number 58.0...
elapsed (s): 7.399800777435303
processing batch of abstracts...
elapsed: 615.8174123764038
writing embeddings to csv file...
elapsed: 7.249963998794556
embedding subchunk number 59.0...
elapsed (s): 7.511267185211182
processing batch of abstracts...
elapsed: 628.0614092350006
writing embeddings to csv file...
elapsed: 7.2187793254852295
