My SLURM_ARRAY_TASK_I:  8
Input arguments: ['./embed_pubmed__array_gpu_job.py', '8']
slurm array id: 8
GPU sanity checks: 
device ID: 0
<torch.cuda.device object at 0x7f220f7c5470>
N devices: 1
Tesla K80
is available? True
Spacy GPU? True
elapsed (s): 1.4664437770843506
embedding subchunk number 0.0...
elapsed (s): 0.07184696197509766
processing batch of abstracts...
elapsed: 0.5441548824310303
writing embeddings to csv file...
elapsed: 0.0064394474029541016
embedding subchunk number 1.0...
elapsed (s): 0.15283775329589844
processing batch of abstracts...
elapsed: 502.45882844924927
writing embeddings to csv file...
elapsed: 7.337061643600464
embedding subchunk number 2.0...
elapsed (s): 7.449718713760376
processing batch of abstracts...
elapsed: 461.18421721458435
writing embeddings to csv file...
elapsed: 7.918010473251343
embedding subchunk number 3.0...
elapsed (s): 8.14097547531128
processing batch of abstracts...
elapsed: 442.865594625473
writing embeddings to csv file...
elapsed: 7.9009788036346436
embedding subchunk number 4.0...
elapsed (s): 8.104910373687744
processing batch of abstracts...
elapsed: 476.30410289764404
writing embeddings to csv file...
elapsed: 7.32620644569397
embedding subchunk number 5.0...
elapsed (s): 7.549936532974243
processing batch of abstracts...
elapsed: 481.54793405532837
writing embeddings to csv file...
elapsed: 7.642725467681885
embedding subchunk number 6.0...
elapsed (s): 7.84981107711792
processing batch of abstracts...
elapsed: 506.06119298934937
writing embeddings to csv file...
elapsed: 7.7249109745025635
embedding subchunk number 7.0...
elapsed (s): 7.931954383850098
processing batch of abstracts...
elapsed: 388.5139489173889
writing embeddings to csv file...
elapsed: 7.73024582862854
embedding subchunk number 8.0...
elapsed (s): 7.9608001708984375
processing batch of abstracts...
elapsed: 560.7485315799713
writing embeddings to csv file...
elapsed: 7.692863464355469
embedding subchunk number 9.0...
elapsed (s): 7.830796957015991
processing batch of abstracts...
elapsed: 440.47816276550293
writing embeddings to csv file...
elapsed: 7.243736743927002
embedding subchunk number 10.0...
elapsed (s): 7.4629786014556885
processing batch of abstracts...
elapsed: 482.17121934890747
writing embeddings to csv file...
elapsed: 7.348930835723877
embedding subchunk number 11.0...
elapsed (s): 7.454855442047119
processing batch of abstracts...
elapsed: 399.41815209388733
writing embeddings to csv file...
elapsed: 7.304635763168335
embedding subchunk number 12.0...
elapsed (s): 7.524420261383057
processing batch of abstracts...
elapsed: 324.8410384654999
writing embeddings to csv file...
elapsed: 7.282262086868286
embedding subchunk number 13.0...
elapsed (s): 7.474555253982544
processing batch of abstracts...
elapsed: 369.59582352638245
writing embeddings to csv file...
elapsed: 7.237947225570679
embedding subchunk number 14.0...
elapsed (s): 7.446962118148804
processing batch of abstracts...
elapsed: 391.43113255500793
writing embeddings to csv file...
elapsed: 8.042980670928955
embedding subchunk number 15.0...
elapsed (s): 8.313162803649902
processing batch of abstracts...
elapsed: 561.7916831970215
writing embeddings to csv file...
elapsed: 7.873947381973267
embedding subchunk number 16.0...
elapsed (s): 8.037024736404419
processing batch of abstracts...
elapsed: 393.0094356536865
writing embeddings to csv file...
elapsed: 7.621068000793457
embedding subchunk number 17.0...
elapsed (s): 7.805974960327148
processing batch of abstracts...
elapsed: 312.748651266098
writing embeddings to csv file...
elapsed: 7.3176281452178955
embedding subchunk number 18.0...
elapsed (s): 7.404370069503784
processing batch of abstracts...
elapsed: 322.19391226768494
writing embeddings to csv file...
elapsed: 7.299083948135376
embedding subchunk number 19.0...
elapsed (s): 7.4474523067474365
processing batch of abstracts...
elapsed: 353.310662984848
writing embeddings to csv file...
elapsed: 7.284390449523926
embedding subchunk number 20.0...
elapsed (s): 7.494967222213745
processing batch of abstracts...
elapsed: 366.12097811698914
writing embeddings to csv file...
elapsed: 7.183150768280029
embedding subchunk number 21.0...
elapsed (s): 7.315928936004639
processing batch of abstracts...
elapsed: 326.88972902297974
writing embeddings to csv file...
elapsed: 7.273260116577148
embedding subchunk number 22.0...
elapsed (s): 7.442889928817749
processing batch of abstracts...
elapsed: 261.3674304485321
writing embeddings to csv file...
elapsed: 7.260460615158081
embedding subchunk number 23.0...
elapsed (s): 7.424091339111328
processing batch of abstracts...
elapsed: 339.93722653388977
writing embeddings to csv file...
elapsed: 7.1922690868377686
embedding subchunk number 24.0...
elapsed (s): 7.355128765106201
processing batch of abstracts...
elapsed: 274.718549489975
writing embeddings to csv file...
elapsed: 7.342974662780762
embedding subchunk number 25.0...
elapsed (s): 7.468862056732178
processing batch of abstracts...
elapsed: 187.32337093353271
writing embeddings to csv file...
elapsed: 7.214733123779297
embedding subchunk number 26.0...
elapsed (s): 7.251242399215698
processing batch of abstracts...
elapsed: 75.72073650360107
writing embeddings to csv file...
elapsed: 7.2978515625
embedding subchunk number 27.0...
elapsed (s): 7.443546295166016
processing batch of abstracts...
elapsed: 217.2847285270691
writing embeddings to csv file...
elapsed: 7.2598490715026855
embedding subchunk number 28.0...
elapsed (s): 7.477940082550049
processing batch of abstracts...
elapsed: 472.83584547042847
writing embeddings to csv file...
elapsed: 7.358326435089111
embedding subchunk number 29.0...
elapsed (s): 7.481204509735107
processing batch of abstracts...
elapsed: 365.3071177005768
writing embeddings to csv file...
elapsed: 7.194635391235352
embedding subchunk number 30.0...
elapsed (s): 7.370495557785034
processing batch of abstracts...
elapsed: 287.79454731941223
writing embeddings to csv file...
elapsed: 7.168712377548218
embedding subchunk number 31.0...
elapsed (s): 7.3025853633880615
processing batch of abstracts...
elapsed: 320.16379261016846
writing embeddings to csv file...
elapsed: 7.611109972000122
embedding subchunk number 32.0...
elapsed (s): 7.78496789932251
processing batch of abstracts...
elapsed: 300.13142442703247
writing embeddings to csv file...
elapsed: 7.6863157749176025
embedding subchunk number 33.0...
elapsed (s): 7.8190085887908936
processing batch of abstracts...
elapsed: 327.6310405731201
writing embeddings to csv file...
elapsed: 7.650069713592529
embedding subchunk number 34.0...
elapsed (s): 7.838271379470825
processing batch of abstracts...
elapsed: 321.5847477912903
writing embeddings to csv file...
elapsed: 7.702918767929077
embedding subchunk number 35.0...
elapsed (s): 7.896561622619629
processing batch of abstracts...
elapsed: 387.4425573348999
writing embeddings to csv file...
elapsed: 7.761963605880737
embedding subchunk number 36.0...
elapsed (s): 7.9320244789123535
processing batch of abstracts...
elapsed: 377.1931800842285
writing embeddings to csv file...
elapsed: 7.711073875427246
embedding subchunk number 37.0...
elapsed (s): 7.955823183059692
processing batch of abstracts...
elapsed: 599.1721892356873
writing embeddings to csv file...
elapsed: 7.755502939224243
embedding subchunk number 38.0...
elapsed (s): 8.020791053771973
processing batch of abstracts...
elapsed: 562.6336288452148
writing embeddings to csv file...
elapsed: 7.956200361251831
embedding subchunk number 39.0...
elapsed (s): 8.156358480453491
processing batch of abstracts...
elapsed: 494.478474855423
writing embeddings to csv file...
elapsed: 7.751275539398193
embedding subchunk number 40.0...
elapsed (s): 7.973160743713379
processing batch of abstracts...
elapsed: 487.051034450531
writing embeddings to csv file...
elapsed: 8.23208475112915
embedding subchunk number 41.0...
elapsed (s): 8.443148851394653
processing batch of abstracts...
elapsed: 533.7203052043915
writing embeddings to csv file...
elapsed: 7.66014289855957
embedding subchunk number 42.0...
elapsed (s): 7.809747934341431
processing batch of abstracts...
elapsed: 455.90917563438416
writing embeddings to csv file...
elapsed: 7.658204078674316
embedding subchunk number 43.0...
elapsed (s): 7.925099611282349
processing batch of abstracts...
elapsed: 460.40174770355225
writing embeddings to csv file...
elapsed: 7.714874505996704
embedding subchunk number 44.0...
elapsed (s): 8.005807876586914
processing batch of abstracts...
elapsed: 455.68183422088623
writing embeddings to csv file...
elapsed: 7.700134992599487
embedding subchunk number 45.0...
elapsed (s): 7.912769317626953
processing batch of abstracts...
elapsed: 476.11670875549316
writing embeddings to csv file...
elapsed: 7.707219362258911
embedding subchunk number 46.0...
elapsed (s): 7.886909484863281
processing batch of abstracts...
elapsed: 461.44601702690125
writing embeddings to csv file...
elapsed: 7.687828302383423
embedding subchunk number 47.0...
elapsed (s): 7.914247989654541
processing batch of abstracts...
elapsed: 508.8024072647095
writing embeddings to csv file...
elapsed: 7.867452383041382
embedding subchunk number 48.0...
elapsed (s): 8.045703411102295
processing batch of abstracts...
elapsed: 483.54585123062134
writing embeddings to csv file...
elapsed: 7.699324369430542
embedding subchunk number 49.0...
elapsed (s): 7.954035043716431
processing batch of abstracts...
elapsed: 556.2228996753693
writing embeddings to csv file...
elapsed: 7.703963041305542
embedding subchunk number 50.0...
elapsed (s): 7.867961406707764
processing batch of abstracts...
elapsed: 545.8332078456879
writing embeddings to csv file...
elapsed: 7.702523231506348
embedding subchunk number 51.0...
elapsed (s): 7.9506072998046875
processing batch of abstracts...
elapsed: 455.75117564201355
writing embeddings to csv file...
elapsed: 7.792907953262329
embedding subchunk number 52.0...
elapsed (s): 7.874262809753418
processing batch of abstracts...
elapsed: 236.12045693397522
writing embeddings to csv file...
elapsed: 7.6150829792022705
embedding subchunk number 53.0...
elapsed (s): 7.746728181838989
processing batch of abstracts...
elapsed: 243.97702741622925
writing embeddings to csv file...
elapsed: 7.6426873207092285
embedding subchunk number 54.0...
elapsed (s): 7.820405721664429
processing batch of abstracts...
elapsed: 338.8103127479553
writing embeddings to csv file...
elapsed: 7.64134669303894
embedding subchunk number 55.0...
elapsed (s): 7.841308832168579
processing batch of abstracts...
elapsed: 490.5134847164154
writing embeddings to csv file...
elapsed: 7.637441396713257
embedding subchunk number 56.0...
elapsed (s): 8.104685306549072
processing batch of abstracts...
elapsed: 622.1430673599243
writing embeddings to csv file...
elapsed: 8.385812282562256
embedding subchunk number 57.0...
elapsed (s): 8.649805784225464
processing batch of abstracts...
elapsed: 599.6583926677704
writing embeddings to csv file...
elapsed: 8.032042741775513
embedding subchunk number 58.0...
elapsed (s): 8.277473211288452
processing batch of abstracts...
elapsed: 615.7141745090485
writing embeddings to csv file...
elapsed: 7.656941175460815
embedding subchunk number 59.0...
elapsed (s): 7.892480373382568
processing batch of abstracts...
elapsed: 541.3381495475769
writing embeddings to csv file...
elapsed: 7.6686553955078125
