My SLURM_ARRAY_TASK_I:  26
Input arguments: ['./embed_pubmed__array_gpu_job.py', '26']
slurm array id: 26
GPU sanity checks: 
device ID: 0
<torch.cuda.device object at 0x7f5b665a14a8>
N devices: 1
Tesla K80
is available? True
Spacy GPU? True
elapsed (s): 2.1730966567993164
embedding subchunk number 0.0...
elapsed (s): 0.07624387741088867
processing batch of abstracts...
elapsed: 0.6386716365814209
writing embeddings to csv file...
elapsed: 0.006282329559326172
embedding subchunk number 1.0...
elapsed (s): 0.17266035079956055
processing batch of abstracts...
elapsed: 504.89373445510864
writing embeddings to csv file...
elapsed: 7.635741233825684
embedding subchunk number 2.0...
elapsed (s): 7.84767746925354
processing batch of abstracts...
elapsed: 528.5416009426117
writing embeddings to csv file...
elapsed: 7.745614290237427
embedding subchunk number 3.0...
elapsed (s): 8.136248588562012
processing batch of abstracts...
elapsed: 509.9848475456238
writing embeddings to csv file...
elapsed: 7.761019706726074
embedding subchunk number 4.0...
elapsed (s): 7.9423747062683105
processing batch of abstracts...
elapsed: 539.9343109130859
writing embeddings to csv file...
elapsed: 7.767184734344482
embedding subchunk number 5.0...
elapsed (s): 8.049825429916382
processing batch of abstracts...
elapsed: 497.0926947593689
writing embeddings to csv file...
elapsed: 7.771185398101807
embedding subchunk number 6.0...
elapsed (s): 7.980451822280884
processing batch of abstracts...
elapsed: 538.8106381893158
writing embeddings to csv file...
elapsed: 7.786585807800293
embedding subchunk number 7.0...
elapsed (s): 8.114710330963135
processing batch of abstracts...
elapsed: 565.5399901866913
writing embeddings to csv file...
elapsed: 7.787904500961304
embedding subchunk number 8.0...
elapsed (s): 8.03923511505127
processing batch of abstracts...
elapsed: 564.2334620952606
writing embeddings to csv file...
elapsed: 7.720164775848389
embedding subchunk number 9.0...
elapsed (s): 7.98576545715332
processing batch of abstracts...
elapsed: 557.1384365558624
writing embeddings to csv file...
elapsed: 7.961086273193359
embedding subchunk number 10.0...
elapsed (s): 8.180595397949219
processing batch of abstracts...
elapsed: 521.0135154724121
writing embeddings to csv file...
elapsed: 7.782309532165527
embedding subchunk number 11.0...
elapsed (s): 8.013829469680786
processing batch of abstracts...
elapsed: 492.1364920139313
writing embeddings to csv file...
elapsed: 7.629678010940552
embedding subchunk number 12.0...
elapsed (s): 7.901256084442139
processing batch of abstracts...
elapsed: 511.92131900787354
writing embeddings to csv file...
elapsed: 7.871864080429077
embedding subchunk number 13.0...
elapsed (s): 8.355117559432983
processing batch of abstracts...
elapsed: 503.7418134212494
writing embeddings to csv file...
elapsed: 7.712648630142212
embedding subchunk number 14.0...
elapsed (s): 7.91325569152832
processing batch of abstracts...
elapsed: 422.1594297885895
writing embeddings to csv file...
elapsed: 7.724972248077393
embedding subchunk number 15.0...
elapsed (s): 7.937734365463257
processing batch of abstracts...
elapsed: 409.4284863471985
writing embeddings to csv file...
elapsed: 7.692974090576172
embedding subchunk number 16.0...
elapsed (s): 7.943752765655518
processing batch of abstracts...
elapsed: 442.9134478569031
writing embeddings to csv file...
elapsed: 8.03410005569458
embedding subchunk number 17.0...
elapsed (s): 8.250270128250122
processing batch of abstracts...
elapsed: 413.3513379096985
writing embeddings to csv file...
elapsed: 8.040547847747803
embedding subchunk number 18.0...
elapsed (s): 8.25815486907959
processing batch of abstracts...
elapsed: 417.982625246048
writing embeddings to csv file...
elapsed: 8.090619802474976
embedding subchunk number 19.0...
elapsed (s): 8.332194805145264
processing batch of abstracts...
elapsed: 402.9989356994629
writing embeddings to csv file...
elapsed: 7.9555723667144775
embedding subchunk number 20.0...
elapsed (s): 8.18311095237732
processing batch of abstracts...
elapsed: 426.8072428703308
writing embeddings to csv file...
elapsed: 8.059707880020142
embedding subchunk number 21.0...
elapsed (s): 8.285577774047852
processing batch of abstracts...
elapsed: 405.2091031074524
writing embeddings to csv file...
elapsed: 7.980308771133423
embedding subchunk number 22.0...
elapsed (s): 8.07342267036438
processing batch of abstracts...
elapsed: 283.6407482624054
writing embeddings to csv file...
elapsed: 7.935750484466553
embedding subchunk number 23.0...
elapsed (s): 8.227534055709839
processing batch of abstracts...
elapsed: 635.64453125
writing embeddings to csv file...
elapsed: 8.456456899642944
embedding subchunk number 24.0...
elapsed (s): 8.607968091964722
processing batch of abstracts...
elapsed: 607.7872121334076
writing embeddings to csv file...
elapsed: 8.053694009780884
embedding subchunk number 25.0...
elapsed (s): 8.352035999298096
processing batch of abstracts...
elapsed: 594.7424137592316
writing embeddings to csv file...
elapsed: 8.736888647079468
embedding subchunk number 26.0...
elapsed (s): 8.961069822311401
processing batch of abstracts...
elapsed: 591.8078417778015
writing embeddings to csv file...
elapsed: 7.970381736755371
embedding subchunk number 27.0...
elapsed (s): 8.223024129867554
processing batch of abstracts...
elapsed: 611.3262372016907
writing embeddings to csv file...
elapsed: 8.117789030075073
embedding subchunk number 28.0...
elapsed (s): 8.360008239746094
processing batch of abstracts...
elapsed: 621.7524056434631
writing embeddings to csv file...
elapsed: 7.95020318031311
embedding subchunk number 29.0...
elapsed (s): 8.216267347335815
processing batch of abstracts...
elapsed: 616.3925123214722
writing embeddings to csv file...
elapsed: 7.976356029510498
embedding subchunk number 30.0...
elapsed (s): 8.296722650527954
processing batch of abstracts...
elapsed: 616.4960224628448
writing embeddings to csv file...
elapsed: 7.979878187179565
embedding subchunk number 31.0...
elapsed (s): 8.260683059692383
processing batch of abstracts...
elapsed: 620.3927700519562
writing embeddings to csv file...
elapsed: 8.035699605941772
embedding subchunk number 32.0...
elapsed (s): 8.299677610397339
processing batch of abstracts...
elapsed: 653.2440829277039
writing embeddings to csv file...
elapsed: 8.02352237701416
embedding subchunk number 33.0...
elapsed (s): 8.311373233795166
processing batch of abstracts...
elapsed: 635.011641740799
writing embeddings to csv file...
elapsed: 7.980078458786011
embedding subchunk number 34.0...
elapsed (s): 8.230871677398682
processing batch of abstracts...
elapsed: 632.9168074131012
writing embeddings to csv file...
elapsed: 8.15976595878601
embedding subchunk number 35.0...
elapsed (s): 8.455808162689209
processing batch of abstracts...
elapsed: 614.7686657905579
writing embeddings to csv file...
elapsed: 8.097219228744507
embedding subchunk number 36.0...
elapsed (s): 8.343739032745361
processing batch of abstracts...
elapsed: 591.9342999458313
writing embeddings to csv file...
elapsed: 7.7648093700408936
embedding subchunk number 37.0...
elapsed (s): 8.048003911972046
processing batch of abstracts...
elapsed: 610.3369722366333
writing embeddings to csv file...
elapsed: 7.695561408996582
embedding subchunk number 38.0...
elapsed (s): 7.959768295288086
processing batch of abstracts...
elapsed: 593.7852895259857
writing embeddings to csv file...
elapsed: 7.676638603210449
embedding subchunk number 39.0...
elapsed (s): 7.920684337615967
processing batch of abstracts...
elapsed: 577.8512461185455
writing embeddings to csv file...
elapsed: 8.436945676803589
embedding subchunk number 40.0...
elapsed (s): 8.688379764556885
processing batch of abstracts...
elapsed: 598.9933094978333
writing embeddings to csv file...
elapsed: 8.020472764968872
embedding subchunk number 41.0...
elapsed (s): 8.295145988464355
processing batch of abstracts...
elapsed: 602.2128434181213
writing embeddings to csv file...
elapsed: 8.656391143798828
embedding subchunk number 42.0...
elapsed (s): 8.885012149810791
processing batch of abstracts...
elapsed: 568.952353477478
writing embeddings to csv file...
elapsed: 7.861881732940674
embedding subchunk number 43.0...
elapsed (s): 8.133907079696655
processing batch of abstracts...
elapsed: 558.4077892303467
writing embeddings to csv file...
elapsed: 7.733864068984985
embedding subchunk number 44.0...
elapsed (s): 7.951276779174805
processing batch of abstracts...
elapsed: 580.8996424674988
writing embeddings to csv file...
elapsed: 7.714654922485352
embedding subchunk number 45.0...
elapsed (s): 8.05392074584961
processing batch of abstracts...
elapsed: 602.0242855548859
writing embeddings to csv file...
elapsed: 8.117520809173584
embedding subchunk number 46.0...
elapsed (s): 8.318413972854614
processing batch of abstracts...
elapsed: 584.0730669498444
writing embeddings to csv file...
elapsed: 7.822169780731201
embedding subchunk number 47.0...
elapsed (s): 8.092566967010498
processing batch of abstracts...
elapsed: 589.634334564209
writing embeddings to csv file...
elapsed: 8.211230754852295
embedding subchunk number 48.0...
elapsed (s): 8.384403467178345
processing batch of abstracts...
elapsed: 600.9900107383728
writing embeddings to csv file...
elapsed: 7.6623358726501465
embedding subchunk number 49.0...
elapsed (s): 7.953071594238281
processing batch of abstracts...
elapsed: 610.3120098114014
writing embeddings to csv file...
elapsed: 7.6688292026519775
embedding subchunk number 50.0...
elapsed (s): 7.9141645431518555
processing batch of abstracts...
elapsed: 624.8852484226227
writing embeddings to csv file...
elapsed: 7.565981149673462
embedding subchunk number 51.0...
elapsed (s): 7.827208042144775
processing batch of abstracts...
elapsed: 640.1332402229309
writing embeddings to csv file...
elapsed: 7.731162071228027
embedding subchunk number 52.0...
elapsed (s): 8.008401870727539
processing batch of abstracts...
elapsed: 659.8453249931335
writing embeddings to csv file...
elapsed: 8.035893440246582
embedding subchunk number 53.0...
elapsed (s): 8.323083877563477
processing batch of abstracts...
elapsed: 643.0013957023621
writing embeddings to csv file...
elapsed: 7.679338455200195
embedding subchunk number 54.0...
elapsed (s): 8.077088594436646
processing batch of abstracts...
elapsed: 632.898101568222
writing embeddings to csv file...
elapsed: 7.756620168685913
embedding subchunk number 55.0...
elapsed (s): 8.016870260238647
processing batch of abstracts...
elapsed: 618.4444191455841
writing embeddings to csv file...
elapsed: 7.697625160217285
embedding subchunk number 56.0...
elapsed (s): 7.991816282272339
processing batch of abstracts...
elapsed: 607.3373024463654
writing embeddings to csv file...
elapsed: 7.898973703384399
embedding subchunk number 57.0...
elapsed (s): 8.140983581542969
processing batch of abstracts...
elapsed: 622.5116121768951
writing embeddings to csv file...
elapsed: 7.834374666213989
embedding subchunk number 58.0...
elapsed (s): 8.073621273040771
processing batch of abstracts...
elapsed: 606.1638679504395
writing embeddings to csv file...
elapsed: 7.872049570083618
embedding subchunk number 59.0...
elapsed (s): 8.131988048553467
processing batch of abstracts...
elapsed: 592.0099701881409
writing embeddings to csv file...
elapsed: 7.882369518280029
