My SLURM_ARRAY_TASK_I:  35
Input arguments: ['./embed_pubmed__array_gpu_job.py', '35']
slurm array id: 35
GPU sanity checks: 
device ID: 0
<torch.cuda.device object at 0x7feb1b48e7b8>
N devices: 1
Tesla K80
is available? True
Spacy GPU? True
elapsed (s): 1.1751432418823242
embedding subchunk number 0.0...
elapsed (s): 0.03142666816711426
processing batch of abstracts...
elapsed: 0.42313480377197266
writing embeddings to csv file...
elapsed: 0.005712985992431641
embedding subchunk number 1.0...
elapsed (s): 0.13773155212402344
processing batch of abstracts...
elapsed: 423.3762352466583
writing embeddings to csv file...
elapsed: 7.790620565414429
embedding subchunk number 2.0...
elapsed (s): 7.972550868988037
processing batch of abstracts...
elapsed: 459.7070415019989
writing embeddings to csv file...
elapsed: 7.757595777511597
embedding subchunk number 3.0...
elapsed (s): 8.272544145584106
processing batch of abstracts...
elapsed: 415.427618265152
writing embeddings to csv file...
elapsed: 7.777050733566284
embedding subchunk number 4.0...
elapsed (s): 7.936818361282349
processing batch of abstracts...
elapsed: 408.00397872924805
writing embeddings to csv file...
elapsed: 7.709991931915283
embedding subchunk number 5.0...
elapsed (s): 8.218604803085327
processing batch of abstracts...
elapsed: 418.49491691589355
writing embeddings to csv file...
elapsed: 7.835932016372681
embedding subchunk number 6.0...
elapsed (s): 8.0866858959198
processing batch of abstracts...
elapsed: 454.16873836517334
writing embeddings to csv file...
elapsed: 7.735811233520508
embedding subchunk number 7.0...
elapsed (s): 8.068697929382324
processing batch of abstracts...
elapsed: 378.834105014801
writing embeddings to csv file...
elapsed: 7.748842716217041
embedding subchunk number 8.0...
elapsed (s): 8.250261545181274
processing batch of abstracts...
elapsed: 353.64252066612244
writing embeddings to csv file...
elapsed: 7.743020057678223
embedding subchunk number 9.0...
elapsed (s): 7.972840309143066
processing batch of abstracts...
elapsed: 341.08381724357605
writing embeddings to csv file...
elapsed: 7.7825868129730225
embedding subchunk number 10.0...
elapsed (s): 7.946425199508667
processing batch of abstracts...
elapsed: 327.62413215637207
writing embeddings to csv file...
elapsed: 7.75313138961792
embedding subchunk number 11.0...
elapsed (s): 8.027626752853394
processing batch of abstracts...
elapsed: 348.1338322162628
writing embeddings to csv file...
elapsed: 7.945675611495972
embedding subchunk number 12.0...
elapsed (s): 8.154932975769043
processing batch of abstracts...
elapsed: 364.6026117801666
writing embeddings to csv file...
elapsed: 7.747566223144531
embedding subchunk number 13.0...
elapsed (s): 7.955711364746094
processing batch of abstracts...
elapsed: 299.74560952186584
writing embeddings to csv file...
elapsed: 7.969552516937256
embedding subchunk number 14.0...
elapsed (s): 8.161542892456055
processing batch of abstracts...
elapsed: 292.95225620269775
writing embeddings to csv file...
elapsed: 7.756033658981323
embedding subchunk number 15.0...
elapsed (s): 7.988682746887207
processing batch of abstracts...
elapsed: 326.6453859806061
writing embeddings to csv file...
elapsed: 7.7120161056518555
embedding subchunk number 16.0...
elapsed (s): 7.865144729614258
processing batch of abstracts...
elapsed: 330.8432123661041
writing embeddings to csv file...
elapsed: 7.691583871841431
embedding subchunk number 17.0...
elapsed (s): 8.032108783721924
processing batch of abstracts...
elapsed: 379.35000562667847
writing embeddings to csv file...
elapsed: 7.59171199798584
embedding subchunk number 18.0...
elapsed (s): 7.763758420944214
processing batch of abstracts...
elapsed: 371.37319898605347
writing embeddings to csv file...
elapsed: 7.6083738803863525
embedding subchunk number 19.0...
elapsed (s): 8.067592144012451
processing batch of abstracts...
elapsed: 346.6465382575989
writing embeddings to csv file...
elapsed: 7.550298690795898
embedding subchunk number 20.0...
elapsed (s): 7.663024187088013
processing batch of abstracts...
elapsed: 327.66071486473083
writing embeddings to csv file...
elapsed: 7.699154376983643
embedding subchunk number 21.0...
elapsed (s): 7.907644510269165
processing batch of abstracts...
elapsed: 295.66956329345703
writing embeddings to csv file...
elapsed: 7.3607001304626465
embedding subchunk number 22.0...
elapsed (s): 7.524239778518677
processing batch of abstracts...
elapsed: 365.95009541511536
writing embeddings to csv file...
elapsed: 7.512959241867065
embedding subchunk number 23.0...
elapsed (s): 7.989167213439941
processing batch of abstracts...
elapsed: 405.4073860645294
writing embeddings to csv file...
elapsed: 7.523480176925659
embedding subchunk number 24.0...
elapsed (s): 7.7454094886779785
processing batch of abstracts...
elapsed: 407.42843413352966
writing embeddings to csv file...
elapsed: 7.4404473304748535
embedding subchunk number 25.0...
elapsed (s): 7.800790786743164
processing batch of abstracts...
elapsed: 490.85915207862854
writing embeddings to csv file...
elapsed: 7.691471815109253
embedding subchunk number 26.0...
elapsed (s): 7.927906274795532
processing batch of abstracts...
elapsed: 464.497759103775
writing embeddings to csv file...
elapsed: 7.520590782165527
embedding subchunk number 27.0...
elapsed (s): 7.740419626235962
processing batch of abstracts...
elapsed: 472.2131998538971
writing embeddings to csv file...
elapsed: 7.523783922195435
embedding subchunk number 28.0...
elapsed (s): 7.718085289001465
processing batch of abstracts...
elapsed: 490.1017460823059
writing embeddings to csv file...
elapsed: 7.439518690109253
embedding subchunk number 29.0...
elapsed (s): 7.740331411361694
processing batch of abstracts...
elapsed: 397.39506483078003
writing embeddings to csv file...
elapsed: 7.529313564300537
embedding subchunk number 30.0...
elapsed (s): 7.674306154251099
processing batch of abstracts...
elapsed: 374.2258541584015
writing embeddings to csv file...
elapsed: 7.52360463142395
embedding subchunk number 31.0...
elapsed (s): 7.77760124206543
processing batch of abstracts...
elapsed: 380.9399039745331
writing embeddings to csv file...
elapsed: 7.5054943561553955
embedding subchunk number 32.0...
elapsed (s): 7.635648488998413
processing batch of abstracts...
elapsed: 340.1312873363495
writing embeddings to csv file...
elapsed: 7.522593021392822
embedding subchunk number 33.0...
elapsed (s): 7.803514719009399
processing batch of abstracts...
elapsed: 376.957670211792
writing embeddings to csv file...
elapsed: 7.628442287445068
embedding subchunk number 34.0...
elapsed (s): 7.77808141708374
processing batch of abstracts...
elapsed: 334.7629795074463
writing embeddings to csv file...
elapsed: 7.54919958114624
embedding subchunk number 35.0...
elapsed (s): 7.813376426696777
processing batch of abstracts...
elapsed: 314.9939908981323
writing embeddings to csv file...
elapsed: 7.407461881637573
embedding subchunk number 36.0...
elapsed (s): 7.574843645095825
processing batch of abstracts...
elapsed: 328.55349111557007
writing embeddings to csv file...
elapsed: 7.520466566085815
embedding subchunk number 37.0...
elapsed (s): 7.900943040847778
processing batch of abstracts...
elapsed: 224.38091444969177
writing embeddings to csv file...
elapsed: 7.394224405288696
embedding subchunk number 38.0...
elapsed (s): 7.591467380523682
processing batch of abstracts...
elapsed: 332.93540382385254
writing embeddings to csv file...
elapsed: 7.497987270355225
embedding subchunk number 39.0...
elapsed (s): 7.72752046585083
processing batch of abstracts...
elapsed: 313.92085003852844
writing embeddings to csv file...
elapsed: 7.387947082519531
embedding subchunk number 40.0...
elapsed (s): 7.492813587188721
processing batch of abstracts...
elapsed: 234.90056800842285
writing embeddings to csv file...
elapsed: 7.586531400680542
embedding subchunk number 41.0...
elapsed (s): 7.82815408706665
processing batch of abstracts...
elapsed: 257.82174730300903
writing embeddings to csv file...
elapsed: 7.539809942245483
embedding subchunk number 42.0...
elapsed (s): 7.709715843200684
processing batch of abstracts...
elapsed: 241.67418360710144
writing embeddings to csv file...
elapsed: 7.512519836425781
embedding subchunk number 43.0...
elapsed (s): 7.730234861373901
processing batch of abstracts...
elapsed: 239.21400594711304
writing embeddings to csv file...
elapsed: 7.536874294281006
embedding subchunk number 44.0...
elapsed (s): 7.840595722198486
processing batch of abstracts...
elapsed: 254.38015961647034
writing embeddings to csv file...
elapsed: 7.492622375488281
embedding subchunk number 45.0...
elapsed (s): 7.728604316711426
processing batch of abstracts...
elapsed: 336.05053186416626
writing embeddings to csv file...
elapsed: 7.794697046279907
embedding subchunk number 46.0...
elapsed (s): 8.08155107498169
processing batch of abstracts...
elapsed: 533.8073811531067
writing embeddings to csv file...
elapsed: 7.560089349746704
embedding subchunk number 47.0...
elapsed (s): 7.860814809799194
processing batch of abstracts...
elapsed: 537.1477510929108
writing embeddings to csv file...
elapsed: 7.681207895278931
embedding subchunk number 48.0...
elapsed (s): 8.083461046218872
processing batch of abstracts...
elapsed: 571.2318005561829
writing embeddings to csv file...
elapsed: 7.590173721313477
embedding subchunk number 49.0...
elapsed (s): 7.9137656688690186
processing batch of abstracts...
elapsed: 545.4508349895477
writing embeddings to csv file...
elapsed: 7.560015439987183
embedding subchunk number 50.0...
elapsed (s): 7.885587930679321
processing batch of abstracts...
elapsed: 595.661101102829
writing embeddings to csv file...
elapsed: 7.591887712478638
embedding subchunk number 51.0...
elapsed (s): 7.948233127593994
processing batch of abstracts...
elapsed: 608.3106937408447
writing embeddings to csv file...
elapsed: 7.656275749206543
embedding subchunk number 52.0...
elapsed (s): 7.9266040325164795
processing batch of abstracts...
elapsed: 607.4014418125153
writing embeddings to csv file...
elapsed: 7.754209280014038
embedding subchunk number 53.0...
elapsed (s): 8.019477128982544
processing batch of abstracts...
elapsed: 576.3299267292023
writing embeddings to csv file...
elapsed: 7.606867790222168
embedding subchunk number 54.0...
elapsed (s): 7.958968639373779
processing batch of abstracts...
elapsed: 595.1215577125549
writing embeddings to csv file...
elapsed: 7.595842123031616
embedding subchunk number 55.0...
elapsed (s): 7.79315710067749
processing batch of abstracts...
elapsed: 597.4121491909027
writing embeddings to csv file...
elapsed: 7.611400604248047
embedding subchunk number 56.0...
elapsed (s): 7.899080514907837
processing batch of abstracts...
elapsed: 612.5818557739258
writing embeddings to csv file...
elapsed: 7.564397573471069
embedding subchunk number 57.0...
elapsed (s): 7.852812767028809
processing batch of abstracts...
elapsed: 635.0328857898712
writing embeddings to csv file...
elapsed: 7.587127685546875
embedding subchunk number 58.0...
elapsed (s): 7.913437604904175
processing batch of abstracts...
elapsed: 608.7939953804016
writing embeddings to csv file...
elapsed: 7.572851657867432
embedding subchunk number 59.0...
elapsed (s): 7.835880756378174
processing batch of abstracts...
elapsed: 612.4850361347198
writing embeddings to csv file...
elapsed: 7.565420866012573
