My SLURM_ARRAY_TASK_I:  15
Input arguments: ['./embed_pubmed__array_gpu_job.py', '15']
slurm array id: 15
GPU sanity checks: 
device ID: 0
<torch.cuda.device object at 0x7f66e27597b8>
N devices: 1
Tesla K80
is available? True
Spacy GPU? True
elapsed (s): 2.1106278896331787
embedding subchunk number 0.0...
elapsed (s): 0.05257272720336914
processing batch of abstracts...
elapsed: 0.9498772621154785
writing embeddings to csv file...
elapsed: 0.01279306411743164
embedding subchunk number 1.0...
elapsed (s): 0.1837308406829834
processing batch of abstracts...
elapsed: 511.16778564453125
writing embeddings to csv file...
elapsed: 7.6695146560668945
embedding subchunk number 2.0...
elapsed (s): 7.758699417114258
processing batch of abstracts...
elapsed: 304.16476559638977
writing embeddings to csv file...
elapsed: 7.488942623138428
embedding subchunk number 3.0...
elapsed (s): 7.694376707077026
processing batch of abstracts...
elapsed: 359.7317645549774
writing embeddings to csv file...
elapsed: 7.643019437789917
embedding subchunk number 4.0...
elapsed (s): 7.828006267547607
processing batch of abstracts...
elapsed: 368.9085500240326
writing embeddings to csv file...
elapsed: 7.529136657714844
embedding subchunk number 5.0...
elapsed (s): 7.704116106033325
processing batch of abstracts...
elapsed: 381.88131833076477
writing embeddings to csv file...
elapsed: 7.608308792114258
embedding subchunk number 6.0...
elapsed (s): 7.818082809448242
processing batch of abstracts...
elapsed: 373.4151084423065
writing embeddings to csv file...
elapsed: 7.821944236755371
embedding subchunk number 7.0...
elapsed (s): 7.953762531280518
processing batch of abstracts...
elapsed: 273.08859300613403
writing embeddings to csv file...
elapsed: 7.541326284408569
embedding subchunk number 8.0...
elapsed (s): 7.868971824645996
processing batch of abstracts...
elapsed: 482.5921492576599
writing embeddings to csv file...
elapsed: 7.564046621322632
embedding subchunk number 9.0...
elapsed (s): 7.775967359542847
processing batch of abstracts...
elapsed: 550.9961671829224
writing embeddings to csv file...
elapsed: 7.677370071411133
embedding subchunk number 10.0...
elapsed (s): 8.229039430618286
processing batch of abstracts...
elapsed: 599.2611327171326
writing embeddings to csv file...
elapsed: 7.5940492153167725
embedding subchunk number 11.0...
elapsed (s): 7.779165506362915
processing batch of abstracts...
elapsed: 548.0700225830078
writing embeddings to csv file...
elapsed: 7.859541893005371
embedding subchunk number 12.0...
elapsed (s): 8.10971713066101
processing batch of abstracts...
elapsed: 614.8150269985199
writing embeddings to csv file...
elapsed: 7.8064141273498535
embedding subchunk number 13.0...
elapsed (s): 7.934712648391724
processing batch of abstracts...
elapsed: 467.29959082603455
writing embeddings to csv file...
elapsed: 7.5241522789001465
embedding subchunk number 14.0...
elapsed (s): 7.735876560211182
processing batch of abstracts...
elapsed: 412.73861384391785
writing embeddings to csv file...
elapsed: 7.57700514793396
embedding subchunk number 15.0...
elapsed (s): 7.830668926239014
processing batch of abstracts...
elapsed: 411.4347834587097
writing embeddings to csv file...
elapsed: 7.568495988845825
embedding subchunk number 16.0...
elapsed (s): 7.799530982971191
processing batch of abstracts...
elapsed: 453.6949031352997
writing embeddings to csv file...
elapsed: 7.572598934173584
embedding subchunk number 17.0...
elapsed (s): 7.88197135925293
processing batch of abstracts...
elapsed: 491.85679936408997
writing embeddings to csv file...
elapsed: 7.559481143951416
embedding subchunk number 18.0...
elapsed (s): 7.770221710205078
processing batch of abstracts...
elapsed: 501.928316116333
writing embeddings to csv file...
elapsed: 7.622721195220947
embedding subchunk number 19.0...
elapsed (s): 7.81075644493103
processing batch of abstracts...
elapsed: 420.2488474845886
writing embeddings to csv file...
elapsed: 7.544525623321533
embedding subchunk number 20.0...
elapsed (s): 7.806845664978027
processing batch of abstracts...
elapsed: 337.0545344352722
writing embeddings to csv file...
elapsed: 7.759214162826538
embedding subchunk number 21.0...
elapsed (s): 7.949533462524414
processing batch of abstracts...
elapsed: 320.8025906085968
writing embeddings to csv file...
elapsed: 7.82215690612793
embedding subchunk number 22.0...
elapsed (s): 8.102324724197388
processing batch of abstracts...
elapsed: 300.842129945755
writing embeddings to csv file...
elapsed: 7.575523614883423
embedding subchunk number 23.0...
elapsed (s): 7.797256231307983
processing batch of abstracts...
elapsed: 241.08546662330627
writing embeddings to csv file...
elapsed: 7.501875400543213
embedding subchunk number 24.0...
elapsed (s): 7.652997970581055
processing batch of abstracts...
elapsed: 231.90132546424866
writing embeddings to csv file...
elapsed: 8.328842878341675
embedding subchunk number 25.0...
elapsed (s): 8.621871709823608
processing batch of abstracts...
elapsed: 584.8804364204407
writing embeddings to csv file...
elapsed: 7.5877978801727295
embedding subchunk number 26.0...
elapsed (s): 7.729158639907837
processing batch of abstracts...
elapsed: 437.8746910095215
writing embeddings to csv file...
elapsed: 7.520768642425537
embedding subchunk number 27.0...
elapsed (s): 7.789247751235962
processing batch of abstracts...
elapsed: 458.37876415252686
writing embeddings to csv file...
elapsed: 7.880159616470337
embedding subchunk number 28.0...
elapsed (s): 8.032400369644165
processing batch of abstracts...
elapsed: 431.1616544723511
writing embeddings to csv file...
elapsed: 7.647693157196045
embedding subchunk number 29.0...
elapsed (s): 7.892895698547363
processing batch of abstracts...
elapsed: 353.30797243118286
writing embeddings to csv file...
elapsed: 7.7505059242248535
embedding subchunk number 30.0...
elapsed (s): 7.889620542526245
processing batch of abstracts...
elapsed: 356.29694294929504
writing embeddings to csv file...
elapsed: 7.519788980484009
embedding subchunk number 31.0...
elapsed (s): 7.734662294387817
processing batch of abstracts...
elapsed: 309.5618758201599
writing embeddings to csv file...
elapsed: 7.775330066680908
embedding subchunk number 32.0...
elapsed (s): 7.885368824005127
processing batch of abstracts...
elapsed: 275.64328479766846
writing embeddings to csv file...
elapsed: 7.647202968597412
embedding subchunk number 33.0...
elapsed (s): 7.836252212524414
processing batch of abstracts...
elapsed: 293.3961148262024
writing embeddings to csv file...
elapsed: 7.482698917388916
embedding subchunk number 34.0...
elapsed (s): 7.660864353179932
processing batch of abstracts...
elapsed: 292.7243618965149
writing embeddings to csv file...
elapsed: 7.599946022033691
embedding subchunk number 35.0...
elapsed (s): 7.826379776000977
processing batch of abstracts...
elapsed: 395.0618488788605
writing embeddings to csv file...
elapsed: 7.528980493545532
embedding subchunk number 36.0...
elapsed (s): 7.749629020690918
processing batch of abstracts...
elapsed: 416.5433909893036
writing embeddings to csv file...
elapsed: 7.512129545211792
embedding subchunk number 37.0...
elapsed (s): 7.6812262535095215
processing batch of abstracts...
elapsed: 182.7896888256073
writing embeddings to csv file...
elapsed: 7.519898176193237
embedding subchunk number 38.0...
elapsed (s): 7.689269542694092
processing batch of abstracts...
elapsed: 298.33332228660583
writing embeddings to csv file...
elapsed: 7.521102666854858
embedding subchunk number 39.0...
elapsed (s): 7.741495370864868
processing batch of abstracts...
elapsed: 343.15234875679016
writing embeddings to csv file...
elapsed: 7.5381760597229
embedding subchunk number 40.0...
elapsed (s): 7.748518466949463
processing batch of abstracts...
elapsed: 381.71208333969116
writing embeddings to csv file...
elapsed: 7.530419111251831
embedding subchunk number 41.0...
elapsed (s): 7.777761936187744
processing batch of abstracts...
elapsed: 387.6511495113373
writing embeddings to csv file...
elapsed: 7.574728965759277
embedding subchunk number 42.0...
elapsed (s): 7.78969144821167
processing batch of abstracts...
elapsed: 535.4402282238007
writing embeddings to csv file...
elapsed: 7.529475450515747
embedding subchunk number 43.0...
elapsed (s): 7.661355018615723
processing batch of abstracts...
elapsed: 365.93740367889404
writing embeddings to csv file...
elapsed: 7.615208625793457
embedding subchunk number 44.0...
elapsed (s): 7.844712734222412
processing batch of abstracts...
elapsed: 493.70792961120605
writing embeddings to csv file...
elapsed: 7.4992265701293945
embedding subchunk number 45.0...
elapsed (s): 7.640775680541992
processing batch of abstracts...
elapsed: 437.5786283016205
writing embeddings to csv file...
elapsed: 7.516668319702148
embedding subchunk number 46.0...
elapsed (s): 7.803363800048828
processing batch of abstracts...
elapsed: 521.5325589179993
writing embeddings to csv file...
elapsed: 7.55038857460022
embedding subchunk number 47.0...
elapsed (s): 7.723957061767578
processing batch of abstracts...
elapsed: 526.629896402359
writing embeddings to csv file...
elapsed: 7.9184887409210205
embedding subchunk number 48.0...
elapsed (s): 8.156939506530762
processing batch of abstracts...
elapsed: 443.77798867225647
writing embeddings to csv file...
elapsed: 7.568210124969482
embedding subchunk number 49.0...
elapsed (s): 7.787836074829102
processing batch of abstracts...
elapsed: 493.3396010398865
writing embeddings to csv file...
elapsed: 7.89009690284729
embedding subchunk number 50.0...
elapsed (s): 8.114956378936768
processing batch of abstracts...
elapsed: 502.0487880706787
writing embeddings to csv file...
elapsed: 7.634662389755249
embedding subchunk number 51.0...
elapsed (s): 7.920707941055298
processing batch of abstracts...
elapsed: 616.4804277420044
writing embeddings to csv file...
elapsed: 7.588092088699341
embedding subchunk number 52.0...
elapsed (s): 7.882681608200073
processing batch of abstracts...
elapsed: 607.4731311798096
writing embeddings to csv file...
elapsed: 7.651778936386108
embedding subchunk number 53.0...
elapsed (s): 7.911742687225342
processing batch of abstracts...
elapsed: 568.2032625675201
writing embeddings to csv file...
elapsed: 7.808329820632935
embedding subchunk number 54.0...
elapsed (s): 8.07062315940857
processing batch of abstracts...
elapsed: 614.0335416793823
writing embeddings to csv file...
elapsed: 7.613376617431641
embedding subchunk number 55.0...
elapsed (s): 7.87757420539856
processing batch of abstracts...
elapsed: 615.057281255722
writing embeddings to csv file...
elapsed: 7.552799940109253
embedding subchunk number 56.0...
elapsed (s): 7.787420272827148
processing batch of abstracts...
elapsed: 537.2780346870422
writing embeddings to csv file...
elapsed: 7.548760890960693
embedding subchunk number 57.0...
elapsed (s): 7.839625597000122
processing batch of abstracts...
elapsed: 603.1285266876221
writing embeddings to csv file...
elapsed: 7.707172632217407
embedding subchunk number 58.0...
elapsed (s): 7.98464560508728
processing batch of abstracts...
elapsed: 621.9300928115845
writing embeddings to csv file...
elapsed: 7.58614706993103
embedding subchunk number 59.0...
elapsed (s): 7.8667378425598145
processing batch of abstracts...
elapsed: 606.8410966396332
writing embeddings to csv file...
elapsed: 7.668772459030151
