My SLURM_ARRAY_TASK_I:  47
Input arguments: ['./embed_pubmed__array_gpu_job.py', '47']
slurm array id: 47
GPU sanity checks: 
device ID: 0
<torch.cuda.device object at 0x7f55f0cd67b8>
N devices: 1
Tesla K80
is available? True
Spacy GPU? True
elapsed (s): 2.7667055130004883
embedding subchunk number 0.0...
elapsed (s): 0.11623930931091309
processing batch of abstracts...
elapsed: 1.0429999828338623
writing embeddings to csv file...
elapsed: 0.09328269958496094
embedding subchunk number 1.0...
elapsed (s): 0.12442207336425781
processing batch of abstracts...
elapsed: 90.34669756889343
writing embeddings to csv file...
elapsed: 8.32496953010559
embedding subchunk number 2.0...
elapsed (s): 8.537713527679443
processing batch of abstracts...
elapsed: 281.59184980392456
writing embeddings to csv file...
elapsed: 8.78317642211914
embedding subchunk number 3.0...
elapsed (s): 8.985268115997314
processing batch of abstracts...
elapsed: 331.9072961807251
writing embeddings to csv file...
elapsed: 8.358262538909912
embedding subchunk number 4.0...
elapsed (s): 8.660747289657593
processing batch of abstracts...
elapsed: 400.0960178375244
writing embeddings to csv file...
elapsed: 8.082226753234863
embedding subchunk number 5.0...
elapsed (s): 8.594441652297974
processing batch of abstracts...
elapsed: 653.4105978012085
writing embeddings to csv file...
elapsed: 7.932016611099243
embedding subchunk number 6.0...
elapsed (s): 8.12958836555481
processing batch of abstracts...
elapsed: 441.4654541015625
writing embeddings to csv file...
elapsed: 7.853993892669678
embedding subchunk number 7.0...
elapsed (s): 8.120468139648438
processing batch of abstracts...
elapsed: 365.6814532279968
writing embeddings to csv file...
elapsed: 7.6720452308654785
embedding subchunk number 8.0...
elapsed (s): 7.746892929077148
processing batch of abstracts...
elapsed: 269.2777900695801
writing embeddings to csv file...
elapsed: 8.02444314956665
embedding subchunk number 9.0...
elapsed (s): 8.282398462295532
processing batch of abstracts...
elapsed: 295.0074517726898
writing embeddings to csv file...
elapsed: 7.8383965492248535
embedding subchunk number 10.0...
elapsed (s): 7.960896253585815
processing batch of abstracts...
elapsed: 299.376571893692
writing embeddings to csv file...
elapsed: 7.718265056610107
embedding subchunk number 11.0...
elapsed (s): 7.9780473709106445
processing batch of abstracts...
elapsed: 270.4291820526123
writing embeddings to csv file...
elapsed: 7.8339643478393555
embedding subchunk number 12.0...
elapsed (s): 7.973619699478149
processing batch of abstracts...
elapsed: 266.9153256416321
writing embeddings to csv file...
elapsed: 7.848189353942871
embedding subchunk number 13.0...
elapsed (s): 8.05349063873291
processing batch of abstracts...
elapsed: 282.8735954761505
writing embeddings to csv file...
elapsed: 7.945005655288696
embedding subchunk number 14.0...
elapsed (s): 8.400018453598022
processing batch of abstracts...
elapsed: 352.6214451789856
writing embeddings to csv file...
elapsed: 8.143529891967773
embedding subchunk number 15.0...
elapsed (s): 8.388528108596802
processing batch of abstracts...
elapsed: 439.2522804737091
writing embeddings to csv file...
elapsed: 7.952100992202759
embedding subchunk number 16.0...
elapsed (s): 8.160519123077393
processing batch of abstracts...
elapsed: 496.6998083591461
writing embeddings to csv file...
elapsed: 8.441000938415527
embedding subchunk number 17.0...
elapsed (s): 8.740039348602295
processing batch of abstracts...
elapsed: 527.6015803813934
writing embeddings to csv file...
elapsed: 8.399791479110718
embedding subchunk number 18.0...
elapsed (s): 8.589328289031982
processing batch of abstracts...
elapsed: 453.94587087631226
writing embeddings to csv file...
elapsed: 8.033822774887085
embedding subchunk number 19.0...
elapsed (s): 8.288945198059082
processing batch of abstracts...
elapsed: 528.5120842456818
writing embeddings to csv file...
elapsed: 7.834257125854492
embedding subchunk number 20.0...
elapsed (s): 8.078702926635742
processing batch of abstracts...
elapsed: 546.4280705451965
writing embeddings to csv file...
elapsed: 7.799230337142944
embedding subchunk number 21.0...
elapsed (s): 8.088633060455322
processing batch of abstracts...
elapsed: 528.5961654186249
writing embeddings to csv file...
elapsed: 8.335723638534546
embedding subchunk number 22.0...
elapsed (s): 8.510962963104248
processing batch of abstracts...
elapsed: 395.98267579078674
writing embeddings to csv file...
elapsed: 8.147154808044434
embedding subchunk number 23.0...
elapsed (s): 8.420262575149536
processing batch of abstracts...
elapsed: 487.8670256137848
writing embeddings to csv file...
elapsed: 8.109127521514893
embedding subchunk number 24.0...
elapsed (s): 8.395699739456177
processing batch of abstracts...
elapsed: 574.1620519161224
writing embeddings to csv file...
elapsed: 8.296636581420898
embedding subchunk number 25.0...
elapsed (s): 8.596012830734253
processing batch of abstracts...
elapsed: 581.4149510860443
writing embeddings to csv file...
elapsed: 8.115309238433838
embedding subchunk number 26.0...
elapsed (s): 8.350852966308594
processing batch of abstracts...
elapsed: 563.9061427116394
writing embeddings to csv file...
elapsed: 8.151703596115112
embedding subchunk number 27.0...
elapsed (s): 8.472727298736572
processing batch of abstracts...
elapsed: 520.2660830020905
writing embeddings to csv file...
elapsed: 8.237062692642212
embedding subchunk number 28.0...
elapsed (s): 8.64623498916626
processing batch of abstracts...
elapsed: 542.8487663269043
writing embeddings to csv file...
elapsed: 8.202393531799316
embedding subchunk number 29.0...
elapsed (s): 8.479190826416016
processing batch of abstracts...
elapsed: 544.302038192749
writing embeddings to csv file...
elapsed: 8.167519807815552
embedding subchunk number 30.0...
elapsed (s): 8.419703006744385
processing batch of abstracts...
elapsed: 491.73631501197815
writing embeddings to csv file...
elapsed: 8.118895769119263
embedding subchunk number 31.0...
elapsed (s): 8.43489956855774
processing batch of abstracts...
elapsed: 499.51349902153015
writing embeddings to csv file...
elapsed: 9.512083768844604
embedding subchunk number 32.0...
elapsed (s): 9.65891981124878
processing batch of abstracts...
elapsed: 466.89424562454224
writing embeddings to csv file...
elapsed: 8.09254765510559
embedding subchunk number 33.0...
elapsed (s): 8.307583332061768
processing batch of abstracts...
elapsed: 348.6849994659424
writing embeddings to csv file...
elapsed: 8.106606483459473
embedding subchunk number 34.0...
elapsed (s): 8.167274475097656
processing batch of abstracts...
elapsed: 159.19966530799866
writing embeddings to csv file...
elapsed: 8.102716207504272
embedding subchunk number 35.0...
elapsed (s): 8.329568862915039
processing batch of abstracts...
elapsed: 316.44271087646484
writing embeddings to csv file...
elapsed: 8.065699100494385
embedding subchunk number 36.0...
elapsed (s): 8.268831729888916
processing batch of abstracts...
elapsed: 304.5201816558838
writing embeddings to csv file...
elapsed: 8.056110382080078
embedding subchunk number 37.0...
elapsed (s): 8.20408034324646
processing batch of abstracts...
elapsed: 252.0332703590393
writing embeddings to csv file...
elapsed: 8.10862135887146
embedding subchunk number 38.0...
elapsed (s): 8.433706998825073
processing batch of abstracts...
elapsed: 552.6092238426208
writing embeddings to csv file...
elapsed: 8.116683006286621
embedding subchunk number 39.0...
elapsed (s): 8.323827266693115
processing batch of abstracts...
elapsed: 548.4251952171326
writing embeddings to csv file...
elapsed: 8.025890827178955
embedding subchunk number 40.0...
elapsed (s): 8.266723155975342
processing batch of abstracts...
elapsed: 576.7166826725006
writing embeddings to csv file...
elapsed: 8.199503183364868
embedding subchunk number 41.0...
elapsed (s): 8.437415838241577
processing batch of abstracts...
elapsed: 595.9506938457489
writing embeddings to csv file...
elapsed: 8.162127256393433
embedding subchunk number 42.0...
elapsed (s): 8.444130182266235
processing batch of abstracts...
elapsed: 627.5435509681702
writing embeddings to csv file...
elapsed: 8.20821475982666
embedding subchunk number 43.0...
elapsed (s): 8.386901617050171
processing batch of abstracts...
elapsed: 596.910840511322
writing embeddings to csv file...
elapsed: 8.163233280181885
embedding subchunk number 44.0...
elapsed (s): 8.479721307754517
processing batch of abstracts...
elapsed: 592.2994508743286
writing embeddings to csv file...
elapsed: 8.113921165466309
embedding subchunk number 45.0...
elapsed (s): 8.300912857055664
processing batch of abstracts...
elapsed: 599.139053106308
writing embeddings to csv file...
elapsed: 8.031272649765015
embedding subchunk number 46.0...
elapsed (s): 8.352993726730347
processing batch of abstracts...
elapsed: 615.7625939846039
writing embeddings to csv file...
elapsed: 8.131006240844727
embedding subchunk number 47.0...
elapsed (s): 8.309621095657349
processing batch of abstracts...
elapsed: 587.5814180374146
writing embeddings to csv file...
elapsed: 8.0937659740448
embedding subchunk number 48.0...
elapsed (s): 8.442550897598267
processing batch of abstracts...
elapsed: 589.5842101573944
writing embeddings to csv file...
elapsed: 8.085697889328003
embedding subchunk number 49.0...
elapsed (s): 8.318299055099487
processing batch of abstracts...
elapsed: 611.8311705589294
writing embeddings to csv file...
elapsed: 8.090045928955078
embedding subchunk number 50.0...
elapsed (s): 8.377496242523193
processing batch of abstracts...
elapsed: 594.8928780555725
writing embeddings to csv file...
elapsed: 8.381242752075195
embedding subchunk number 51.0...
elapsed (s): 8.64515495300293
processing batch of abstracts...
elapsed: 592.381927728653
writing embeddings to csv file...
elapsed: 8.115386962890625
embedding subchunk number 52.0...
elapsed (s): 8.431828022003174
processing batch of abstracts...
elapsed: 522.0751059055328
writing embeddings to csv file...
elapsed: 8.147834062576294
embedding subchunk number 53.0...
elapsed (s): 8.425848007202148
processing batch of abstracts...
elapsed: 503.14706921577454
writing embeddings to csv file...
elapsed: 8.21121072769165
embedding subchunk number 54.0...
elapsed (s): 8.422220706939697
processing batch of abstracts...
elapsed: 349.88041067123413
writing embeddings to csv file...
elapsed: 8.142264127731323
embedding subchunk number 55.0...
elapsed (s): 8.449703454971313
processing batch of abstracts...
elapsed: 402.05167841911316
writing embeddings to csv file...
elapsed: 8.262423038482666
embedding subchunk number 56.0...
elapsed (s): 8.457412004470825
processing batch of abstracts...
elapsed: 345.95053219795227
writing embeddings to csv file...
elapsed: 8.373358488082886
embedding subchunk number 57.0...
elapsed (s): 8.652692079544067
processing batch of abstracts...
elapsed: 353.25513195991516
writing embeddings to csv file...
elapsed: 8.664002895355225
embedding subchunk number 58.0...
elapsed (s): 8.859405994415283
processing batch of abstracts...
elapsed: 341.1049335002899
writing embeddings to csv file...
elapsed: 8.129139423370361
embedding subchunk number 59.0...
elapsed (s): 8.40012240409851
processing batch of abstracts...
elapsed: 378.91082859039307
writing embeddings to csv file...
elapsed: 8.19590163230896
