My SLURM_ARRAY_TASK_I:  13
Input arguments: ['./embed_pubmed__array_gpu_job.py', '13']
slurm array id: 13
GPU sanity checks: 
device ID: 0
<torch.cuda.device object at 0x7f0242a554a8>
N devices: 1
Tesla K80
is available? True
Spacy GPU? True
elapsed (s): 1.3710613250732422
embedding subchunk number 0.0...
elapsed (s): 0.05911755561828613
processing batch of abstracts...
elapsed: 0.42076826095581055
writing embeddings to csv file...
elapsed: 0.09638476371765137
embedding subchunk number 1.0...
elapsed (s): 0.19648027420043945
processing batch of abstracts...
elapsed: 285.13869857788086
writing embeddings to csv file...
elapsed: 7.4677345752716064
embedding subchunk number 2.0...
elapsed (s): 7.58545446395874
processing batch of abstracts...
elapsed: 302.0610227584839
writing embeddings to csv file...
elapsed: 7.419044494628906
embedding subchunk number 3.0...
elapsed (s): 7.674754858016968
processing batch of abstracts...
elapsed: 235.0555477142334
writing embeddings to csv file...
elapsed: 7.877784967422485
embedding subchunk number 4.0...
elapsed (s): 7.933882713317871
processing batch of abstracts...
elapsed: 184.52992630004883
writing embeddings to csv file...
elapsed: 7.417340278625488
embedding subchunk number 5.0...
elapsed (s): 7.5850255489349365
processing batch of abstracts...
elapsed: 223.1522834300995
writing embeddings to csv file...
elapsed: 7.410919427871704
embedding subchunk number 6.0...
elapsed (s): 7.598571538925171
processing batch of abstracts...
elapsed: 274.95642471313477
writing embeddings to csv file...
elapsed: 7.490732431411743
embedding subchunk number 7.0...
elapsed (s): 7.682032346725464
processing batch of abstracts...
elapsed: 397.1658775806427
writing embeddings to csv file...
elapsed: 7.795600652694702
embedding subchunk number 8.0...
elapsed (s): 8.128191709518433
processing batch of abstracts...
elapsed: 501.7975163459778
writing embeddings to csv file...
elapsed: 7.4962544441223145
embedding subchunk number 9.0...
elapsed (s): 7.682492256164551
processing batch of abstracts...
elapsed: 456.36474776268005
writing embeddings to csv file...
elapsed: 7.573932886123657
embedding subchunk number 10.0...
elapsed (s): 7.770981788635254
processing batch of abstracts...
elapsed: 362.2089467048645
writing embeddings to csv file...
elapsed: 7.44276762008667
embedding subchunk number 11.0...
elapsed (s): 7.6300389766693115
processing batch of abstracts...
elapsed: 410.6891770362854
writing embeddings to csv file...
elapsed: 7.54109263420105
embedding subchunk number 12.0...
elapsed (s): 7.7646050453186035
processing batch of abstracts...
elapsed: 505.97224593162537
writing embeddings to csv file...
elapsed: 7.643022060394287
embedding subchunk number 13.0...
elapsed (s): 7.975064992904663
processing batch of abstracts...
elapsed: 442.5230209827423
writing embeddings to csv file...
elapsed: 7.460455894470215
embedding subchunk number 14.0...
elapsed (s): 7.657707929611206
processing batch of abstracts...
elapsed: 382.62162709236145
writing embeddings to csv file...
elapsed: 7.444107532501221
embedding subchunk number 15.0...
elapsed (s): 7.615410566329956
processing batch of abstracts...
elapsed: 384.0656416416168
writing embeddings to csv file...
elapsed: 7.461188554763794
embedding subchunk number 16.0...
elapsed (s): 7.675764322280884
processing batch of abstracts...
elapsed: 403.08592200279236
writing embeddings to csv file...
elapsed: 7.510505676269531
embedding subchunk number 17.0...
elapsed (s): 7.6919825077056885
processing batch of abstracts...
elapsed: 385.8304395675659
writing embeddings to csv file...
elapsed: 7.389632940292358
embedding subchunk number 18.0...
elapsed (s): 7.572485446929932
processing batch of abstracts...
elapsed: 373.06475853919983
writing embeddings to csv file...
elapsed: 7.530569076538086
embedding subchunk number 19.0...
elapsed (s): 7.701749563217163
processing batch of abstracts...
elapsed: 378.187292098999
writing embeddings to csv file...
elapsed: 7.467191934585571
embedding subchunk number 20.0...
elapsed (s): 7.675804615020752
processing batch of abstracts...
elapsed: 350.04718112945557
writing embeddings to csv file...
elapsed: 7.440329074859619
embedding subchunk number 21.0...
elapsed (s): 7.609766960144043
processing batch of abstracts...
elapsed: 370.19798731803894
writing embeddings to csv file...
elapsed: 7.548112869262695
embedding subchunk number 22.0...
elapsed (s): 7.746431589126587
processing batch of abstracts...
elapsed: 374.3385057449341
writing embeddings to csv file...
elapsed: 7.418084621429443
embedding subchunk number 23.0...
elapsed (s): 7.601272106170654
processing batch of abstracts...
elapsed: 367.1772561073303
writing embeddings to csv file...
elapsed: 7.4001524448394775
embedding subchunk number 24.0...
elapsed (s): 7.667053699493408
processing batch of abstracts...
elapsed: 369.55583024024963
writing embeddings to csv file...
elapsed: 7.43439245223999
embedding subchunk number 25.0...
elapsed (s): 7.642469644546509
processing batch of abstracts...
elapsed: 440.1952576637268
writing embeddings to csv file...
elapsed: 7.495607614517212
embedding subchunk number 26.0...
elapsed (s): 7.745143413543701
processing batch of abstracts...
elapsed: 538.8300879001617
writing embeddings to csv file...
elapsed: 7.681416034698486
embedding subchunk number 27.0...
elapsed (s): 7.87757420539856
processing batch of abstracts...
elapsed: 441.62166595458984
writing embeddings to csv file...
elapsed: 7.398544073104858
embedding subchunk number 28.0...
elapsed (s): 7.4814536571502686
processing batch of abstracts...
elapsed: 61.00485134124756
writing embeddings to csv file...
elapsed: 7.400578260421753
embedding subchunk number 29.0...
elapsed (s): 7.486884117126465
processing batch of abstracts...
elapsed: 65.02566885948181
writing embeddings to csv file...
elapsed: 7.387763977050781
embedding subchunk number 30.0...
elapsed (s): 7.533817291259766
processing batch of abstracts...
elapsed: 208.26906371116638
writing embeddings to csv file...
elapsed: 7.562317371368408
embedding subchunk number 31.0...
elapsed (s): 7.8098084926605225
processing batch of abstracts...
elapsed: 376.270925283432
writing embeddings to csv file...
elapsed: 7.8893208503723145
embedding subchunk number 32.0...
elapsed (s): 8.070979118347168
processing batch of abstracts...
elapsed: 404.5370361804962
writing embeddings to csv file...
elapsed: 7.660946369171143
embedding subchunk number 33.0...
elapsed (s): 7.883115291595459
processing batch of abstracts...
elapsed: 497.24513697624207
writing embeddings to csv file...
elapsed: 7.4504969120025635
embedding subchunk number 34.0...
elapsed (s): 7.739421844482422
processing batch of abstracts...
elapsed: 609.9123871326447
writing embeddings to csv file...
elapsed: 7.6593616008758545
embedding subchunk number 35.0...
elapsed (s): 7.905269384384155
processing batch of abstracts...
elapsed: 545.3077738285065
writing embeddings to csv file...
elapsed: 7.121531248092651
embedding subchunk number 36.0...
elapsed (s): 7.373682260513306
processing batch of abstracts...
elapsed: 591.6672718524933
writing embeddings to csv file...
elapsed: 7.304563999176025
embedding subchunk number 37.0...
elapsed (s): 7.646610498428345
processing batch of abstracts...
elapsed: 588.2122585773468
writing embeddings to csv file...
elapsed: 7.463347673416138
embedding subchunk number 38.0...
elapsed (s): 7.702129364013672
processing batch of abstracts...
elapsed: 589.7042245864868
writing embeddings to csv file...
elapsed: 7.340190887451172
embedding subchunk number 39.0...
elapsed (s): 7.598348617553711
processing batch of abstracts...
elapsed: 563.3603067398071
writing embeddings to csv file...
elapsed: 7.196139574050903
embedding subchunk number 40.0...
elapsed (s): 7.419340372085571
processing batch of abstracts...
elapsed: 569.6507594585419
writing embeddings to csv file...
elapsed: 7.563901424407959
embedding subchunk number 41.0...
elapsed (s): 7.816662788391113
processing batch of abstracts...
elapsed: 577.8134667873383
writing embeddings to csv file...
elapsed: 7.2238850593566895
embedding subchunk number 42.0...
elapsed (s): 7.451127052307129
processing batch of abstracts...
elapsed: 592.6222186088562
writing embeddings to csv file...
elapsed: 7.203630208969116
embedding subchunk number 43.0...
elapsed (s): 7.406962633132935
processing batch of abstracts...
elapsed: 647.5207209587097
writing embeddings to csv file...
elapsed: 7.305443525314331
embedding subchunk number 44.0...
elapsed (s): 7.413180351257324
processing batch of abstracts...
elapsed: 416.6343500614166
writing embeddings to csv file...
elapsed: 7.117767572402954
embedding subchunk number 45.0...
elapsed (s): 7.257174730300903
processing batch of abstracts...
elapsed: 320.6994745731354
writing embeddings to csv file...
elapsed: 7.169058084487915
embedding subchunk number 46.0...
elapsed (s): 7.385179281234741
processing batch of abstracts...
elapsed: 315.3106093406677
writing embeddings to csv file...
elapsed: 7.239176511764526
embedding subchunk number 47.0...
elapsed (s): 7.2944982051849365
processing batch of abstracts...
elapsed: 187.44250321388245
writing embeddings to csv file...
elapsed: 7.438988208770752
embedding subchunk number 48.0...
elapsed (s): 7.647401332855225
processing batch of abstracts...
elapsed: 270.7219383716583
writing embeddings to csv file...
elapsed: 7.395634651184082
embedding subchunk number 49.0...
elapsed (s): 7.581465244293213
processing batch of abstracts...
elapsed: 341.25030183792114
writing embeddings to csv file...
elapsed: 7.264113426208496
embedding subchunk number 50.0...
elapsed (s): 7.556055307388306
processing batch of abstracts...
elapsed: 386.1478774547577
writing embeddings to csv file...
elapsed: 7.401330471038818
embedding subchunk number 51.0...
elapsed (s): 7.672329664230347
processing batch of abstracts...
elapsed: 375.5731587409973
writing embeddings to csv file...
elapsed: 7.215359449386597
embedding subchunk number 52.0...
elapsed (s): 7.543057441711426
processing batch of abstracts...
elapsed: 576.074910402298
writing embeddings to csv file...
elapsed: 7.207427263259888
embedding subchunk number 53.0...
elapsed (s): 7.438373565673828
processing batch of abstracts...
elapsed: 598.1190004348755
writing embeddings to csv file...
elapsed: 7.1736931800842285
embedding subchunk number 54.0...
elapsed (s): 7.566057920455933
processing batch of abstracts...
elapsed: 590.4764590263367
writing embeddings to csv file...
elapsed: 7.159081935882568
embedding subchunk number 55.0...
elapsed (s): 7.415161848068237
processing batch of abstracts...
elapsed: 616.4650065898895
writing embeddings to csv file...
elapsed: 7.2992002964019775
embedding subchunk number 56.0...
elapsed (s): 7.538559913635254
processing batch of abstracts...
elapsed: 509.1893446445465
writing embeddings to csv file...
elapsed: 7.341902017593384
embedding subchunk number 57.0...
elapsed (s): 7.597979307174683
processing batch of abstracts...
elapsed: 430.12342286109924
writing embeddings to csv file...
elapsed: 7.176658868789673
embedding subchunk number 58.0...
elapsed (s): 7.510107517242432
processing batch of abstracts...
elapsed: 584.8818411827087
writing embeddings to csv file...
elapsed: 7.219888687133789
embedding subchunk number 59.0...
elapsed (s): 7.48065447807312
processing batch of abstracts...
elapsed: 604.0136504173279
writing embeddings to csv file...
elapsed: 7.396608114242554
