My SLURM_ARRAY_TASK_I:  43
Input arguments: ['./embed_pubmed__array_gpu_job.py', '43']
slurm array id: 43
GPU sanity checks: 
device ID: 0
<torch.cuda.device object at 0x7fc18cd807b8>
N devices: 1
Tesla K80
is available? True
Spacy GPU? True
elapsed (s): 2.2904789447784424
embedding subchunk number 0.0...
elapsed (s): 0.05493736267089844
processing batch of abstracts...
elapsed: 0.7917661666870117
writing embeddings to csv file...
elapsed: 0.005772590637207031
embedding subchunk number 1.0...
elapsed (s): 0.1587378978729248
processing batch of abstracts...
elapsed: 499.7011115550995
writing embeddings to csv file...
elapsed: 7.5995965003967285
embedding subchunk number 2.0...
elapsed (s): 7.830791711807251
processing batch of abstracts...
elapsed: 556.0809738636017
writing embeddings to csv file...
elapsed: 7.187048435211182
embedding subchunk number 3.0...
elapsed (s): 7.517427206039429
processing batch of abstracts...
elapsed: 526.9309315681458
writing embeddings to csv file...
elapsed: 7.047618389129639
embedding subchunk number 4.0...
elapsed (s): 7.2462499141693115
processing batch of abstracts...
elapsed: 507.743168592453
writing embeddings to csv file...
elapsed: 7.238844871520996
embedding subchunk number 5.0...
elapsed (s): 7.590830564498901
processing batch of abstracts...
elapsed: 593.746818780899
writing embeddings to csv file...
elapsed: 7.563017129898071
embedding subchunk number 6.0...
elapsed (s): 7.723465919494629
processing batch of abstracts...
elapsed: 507.3483476638794
writing embeddings to csv file...
elapsed: 7.26129674911499
embedding subchunk number 7.0...
elapsed (s): 7.503498315811157
processing batch of abstracts...
elapsed: 328.9345180988312
writing embeddings to csv file...
elapsed: 7.096831560134888
embedding subchunk number 8.0...
elapsed (s): 7.266129493713379
processing batch of abstracts...
elapsed: 354.8651261329651
writing embeddings to csv file...
elapsed: 7.151951551437378
embedding subchunk number 9.0...
elapsed (s): 7.507116317749023
processing batch of abstracts...
elapsed: 302.00026178359985
writing embeddings to csv file...
elapsed: 7.102459669113159
embedding subchunk number 10.0...
elapsed (s): 7.283076763153076
processing batch of abstracts...
elapsed: 363.90435457229614
writing embeddings to csv file...
elapsed: 7.586005687713623
embedding subchunk number 11.0...
elapsed (s): 7.958690643310547
processing batch of abstracts...
elapsed: 429.81852078437805
writing embeddings to csv file...
elapsed: 7.297466039657593
embedding subchunk number 12.0...
elapsed (s): 7.556438207626343
processing batch of abstracts...
elapsed: 484.63778257369995
writing embeddings to csv file...
elapsed: 7.203359603881836
embedding subchunk number 13.0...
elapsed (s): 7.449528455734253
processing batch of abstracts...
elapsed: 462.7024915218353
writing embeddings to csv file...
elapsed: 7.558872222900391
embedding subchunk number 14.0...
elapsed (s): 7.76317834854126
processing batch of abstracts...
elapsed: 513.6750936508179
writing embeddings to csv file...
elapsed: 7.106189250946045
embedding subchunk number 15.0...
elapsed (s): 7.499725580215454
processing batch of abstracts...
elapsed: 464.2679076194763
writing embeddings to csv file...
elapsed: 7.119499921798706
embedding subchunk number 16.0...
elapsed (s): 7.232168674468994
processing batch of abstracts...
elapsed: 373.1183912754059
writing embeddings to csv file...
elapsed: 7.549484729766846
embedding subchunk number 17.0...
elapsed (s): 7.803139925003052
processing batch of abstracts...
elapsed: 397.3450458049774
writing embeddings to csv file...
elapsed: 7.079416275024414
embedding subchunk number 18.0...
elapsed (s): 7.262123107910156
processing batch of abstracts...
elapsed: 416.26748919487
writing embeddings to csv file...
elapsed: 7.096595048904419
embedding subchunk number 19.0...
elapsed (s): 7.3482441902160645
processing batch of abstracts...
elapsed: 388.5945739746094
writing embeddings to csv file...
elapsed: 7.104172229766846
embedding subchunk number 20.0...
elapsed (s): 7.2402307987213135
processing batch of abstracts...
elapsed: 396.99939799308777
writing embeddings to csv file...
elapsed: 7.176206111907959
embedding subchunk number 21.0...
elapsed (s): 7.412026405334473
processing batch of abstracts...
elapsed: 514.7746474742889
writing embeddings to csv file...
elapsed: 7.0820653438568115
embedding subchunk number 22.0...
elapsed (s): 7.324839115142822
processing batch of abstracts...
elapsed: 608.660894870758
writing embeddings to csv file...
elapsed: 7.099501609802246
embedding subchunk number 23.0...
elapsed (s): 7.3846354484558105
processing batch of abstracts...
elapsed: 617.997181892395
writing embeddings to csv file...
elapsed: 7.053592205047607
embedding subchunk number 24.0...
elapsed (s): 7.272799730300903
processing batch of abstracts...
elapsed: 607.0080511569977
writing embeddings to csv file...
elapsed: 7.386533975601196
embedding subchunk number 25.0...
elapsed (s): 7.624820232391357
processing batch of abstracts...
elapsed: 547.9367785453796
writing embeddings to csv file...
elapsed: 7.052860975265503
embedding subchunk number 26.0...
elapsed (s): 7.2411134243011475
processing batch of abstracts...
elapsed: 492.88274931907654
writing embeddings to csv file...
elapsed: 7.065244913101196
embedding subchunk number 27.0...
elapsed (s): 7.2858428955078125
processing batch of abstracts...
elapsed: 488.2125635147095
writing embeddings to csv file...
elapsed: 7.148017406463623
embedding subchunk number 28.0...
elapsed (s): 7.366174697875977
processing batch of abstracts...
elapsed: 502.167733669281
writing embeddings to csv file...
elapsed: 7.075093030929565
embedding subchunk number 29.0...
elapsed (s): 7.441093444824219
processing batch of abstracts...
elapsed: 478.68726873397827
writing embeddings to csv file...
elapsed: 7.105691432952881
embedding subchunk number 30.0...
elapsed (s): 7.3174378871917725
processing batch of abstracts...
elapsed: 486.43991255760193
writing embeddings to csv file...
elapsed: 7.112004280090332
embedding subchunk number 31.0...
elapsed (s): 7.3670148849487305
processing batch of abstracts...
elapsed: 491.7648205757141
writing embeddings to csv file...
elapsed: 7.05974268913269
embedding subchunk number 32.0...
elapsed (s): 7.164539575576782
processing batch of abstracts...
elapsed: 419.76458168029785
writing embeddings to csv file...
elapsed: 7.269963979721069
embedding subchunk number 33.0...
elapsed (s): 7.510647535324097
processing batch of abstracts...
elapsed: 564.8995544910431
writing embeddings to csv file...
elapsed: 7.242637634277344
embedding subchunk number 34.0...
elapsed (s): 7.432727336883545
processing batch of abstracts...
elapsed: 549.0378572940826
writing embeddings to csv file...
elapsed: 7.08643364906311
embedding subchunk number 35.0...
elapsed (s): 7.439053773880005
processing batch of abstracts...
elapsed: 517.8428599834442
writing embeddings to csv file...
elapsed: 7.080361366271973
embedding subchunk number 36.0...
elapsed (s): 7.309214115142822
processing batch of abstracts...
elapsed: 533.3693287372589
writing embeddings to csv file...
elapsed: 7.3130786418914795
embedding subchunk number 37.0...
elapsed (s): 7.59032416343689
processing batch of abstracts...
elapsed: 418.42114210128784
writing embeddings to csv file...
elapsed: 7.057900667190552
embedding subchunk number 38.0...
elapsed (s): 7.2528886795043945
processing batch of abstracts...
elapsed: 384.862357378006
writing embeddings to csv file...
elapsed: 7.037654399871826
embedding subchunk number 39.0...
elapsed (s): 7.294459342956543
processing batch of abstracts...
elapsed: 357.1012284755707
writing embeddings to csv file...
elapsed: 7.0212082862854
embedding subchunk number 40.0...
elapsed (s): 7.199933767318726
processing batch of abstracts...
elapsed: 409.50665640830994
writing embeddings to csv file...
elapsed: 7.074103593826294
embedding subchunk number 41.0...
elapsed (s): 7.289863109588623
processing batch of abstracts...
elapsed: 366.7040374279022
writing embeddings to csv file...
elapsed: 7.571470499038696
embedding subchunk number 42.0...
elapsed (s): 7.809121131896973
processing batch of abstracts...
elapsed: 407.8387804031372
writing embeddings to csv file...
elapsed: 7.107818365097046
embedding subchunk number 43.0...
elapsed (s): 7.370385408401489
processing batch of abstracts...
elapsed: 569.3922307491302
writing embeddings to csv file...
elapsed: 7.0328497886657715
embedding subchunk number 44.0...
elapsed (s): 7.216147184371948
processing batch of abstracts...
elapsed: 452.2897934913635
writing embeddings to csv file...
elapsed: 7.107811689376831
embedding subchunk number 45.0...
elapsed (s): 7.325080156326294
processing batch of abstracts...
elapsed: 446.0425214767456
writing embeddings to csv file...
elapsed: 7.116349935531616
embedding subchunk number 46.0...
elapsed (s): 7.307947158813477
processing batch of abstracts...
elapsed: 450.09770822525024
writing embeddings to csv file...
elapsed: 7.323054552078247
embedding subchunk number 47.0...
elapsed (s): 7.579867601394653
processing batch of abstracts...
elapsed: 434.8997666835785
writing embeddings to csv file...
elapsed: 7.1811439990997314
embedding subchunk number 48.0...
elapsed (s): 7.418256998062134
processing batch of abstracts...
elapsed: 491.0169267654419
writing embeddings to csv file...
elapsed: 7.139296293258667
embedding subchunk number 49.0...
elapsed (s): 7.360393047332764
processing batch of abstracts...
elapsed: 459.3236300945282
writing embeddings to csv file...
elapsed: 7.0464396476745605
embedding subchunk number 50.0...
elapsed (s): 7.254906177520752
processing batch of abstracts...
elapsed: 466.6531558036804
writing embeddings to csv file...
elapsed: 7.044598340988159
embedding subchunk number 51.0...
elapsed (s): 7.249408483505249
processing batch of abstracts...
elapsed: 473.11675333976746
writing embeddings to csv file...
elapsed: 7.201190710067749
embedding subchunk number 52.0...
elapsed (s): 7.368719100952148
processing batch of abstracts...
elapsed: 463.8768231868744
writing embeddings to csv file...
elapsed: 7.097609758377075
embedding subchunk number 53.0...
elapsed (s): 7.48862099647522
processing batch of abstracts...
elapsed: 550.8684592247009
writing embeddings to csv file...
elapsed: 7.111181020736694
embedding subchunk number 54.0...
elapsed (s): 7.374603271484375
processing batch of abstracts...
elapsed: 607.7400414943695
writing embeddings to csv file...
elapsed: 7.2477076053619385
embedding subchunk number 55.0...
elapsed (s): 7.471999645233154
processing batch of abstracts...
elapsed: 562.7311933040619
writing embeddings to csv file...
elapsed: 7.402181625366211
embedding subchunk number 56.0...
elapsed (s): 7.67739462852478
processing batch of abstracts...
elapsed: 600.9850852489471
writing embeddings to csv file...
elapsed: 7.0756471157073975
embedding subchunk number 57.0...
elapsed (s): 7.347037076950073
processing batch of abstracts...
elapsed: 585.3710434436798
writing embeddings to csv file...
elapsed: 7.007084846496582
embedding subchunk number 58.0...
elapsed (s): 7.4229466915130615
processing batch of abstracts...
elapsed: 597.1289460659027
writing embeddings to csv file...
elapsed: 7.178879499435425
embedding subchunk number 59.0...
elapsed (s): 7.441967248916626
processing batch of abstracts...
elapsed: 563.4044227600098
writing embeddings to csv file...
elapsed: 7.1851279735565186
