My SLURM_ARRAY_TASK_I:  14
Input arguments: ['./embed_pubmed__array_gpu_job.py', '14']
slurm array id: 14
GPU sanity checks: 
device ID: 0
<torch.cuda.device object at 0x7f0ae5ccc4a8>
N devices: 1
Tesla K80
is available? True
Spacy GPU? True
elapsed (s): 2.3796348571777344
embedding subchunk number 0.0...
elapsed (s): 0.051001548767089844
processing batch of abstracts...
elapsed: 0.7486996650695801
writing embeddings to csv file...
elapsed: 0.006680488586425781
embedding subchunk number 1.0...
elapsed (s): 0.1998903751373291
processing batch of abstracts...
elapsed: 532.6734821796417
writing embeddings to csv file...
elapsed: 7.29308557510376
embedding subchunk number 2.0...
elapsed (s): 7.4340386390686035
processing batch of abstracts...
elapsed: 563.5722706317902
writing embeddings to csv file...
elapsed: 7.127545118331909
embedding subchunk number 3.0...
elapsed (s): 7.375326871871948
processing batch of abstracts...
elapsed: 576.6794211864471
writing embeddings to csv file...
elapsed: 7.168698072433472
embedding subchunk number 4.0...
elapsed (s): 7.309276103973389
processing batch of abstracts...
elapsed: 564.7863645553589
writing embeddings to csv file...
elapsed: 7.112933158874512
embedding subchunk number 5.0...
elapsed (s): 7.371052026748657
processing batch of abstracts...
elapsed: 514.0642817020416
writing embeddings to csv file...
elapsed: 7.190800666809082
embedding subchunk number 6.0...
elapsed (s): 7.377942323684692
processing batch of abstracts...
elapsed: 515.391589641571
writing embeddings to csv file...
elapsed: 7.449977397918701
embedding subchunk number 7.0...
elapsed (s): 7.702120780944824
processing batch of abstracts...
elapsed: 511.93911242485046
writing embeddings to csv file...
elapsed: 7.179652452468872
embedding subchunk number 8.0...
elapsed (s): 7.380496263504028
processing batch of abstracts...
elapsed: 525.983971118927
writing embeddings to csv file...
elapsed: 7.125597715377808
embedding subchunk number 9.0...
elapsed (s): 7.356598377227783
processing batch of abstracts...
elapsed: 477.9232289791107
writing embeddings to csv file...
elapsed: 7.118872404098511
embedding subchunk number 10.0...
elapsed (s): 7.3076653480529785
processing batch of abstracts...
elapsed: 503.55186104774475
writing embeddings to csv file...
elapsed: 7.3554089069366455
embedding subchunk number 11.0...
elapsed (s): 7.569590330123901
processing batch of abstracts...
elapsed: 495.9265422821045
writing embeddings to csv file...
elapsed: 7.545629501342773
embedding subchunk number 12.0...
elapsed (s): 7.754873991012573
processing batch of abstracts...
elapsed: 487.6569993495941
writing embeddings to csv file...
elapsed: 7.154279470443726
embedding subchunk number 13.0...
elapsed (s): 7.396774768829346
processing batch of abstracts...
elapsed: 476.3587906360626
writing embeddings to csv file...
elapsed: 7.284550666809082
embedding subchunk number 14.0...
elapsed (s): 7.534364223480225
processing batch of abstracts...
elapsed: 504.0709390640259
writing embeddings to csv file...
elapsed: 7.105048418045044
embedding subchunk number 15.0...
elapsed (s): 7.354528903961182
processing batch of abstracts...
elapsed: 560.9608674049377
writing embeddings to csv file...
elapsed: 7.1882874965667725
embedding subchunk number 16.0...
elapsed (s): 7.408530235290527
processing batch of abstracts...
elapsed: 578.2996938228607
writing embeddings to csv file...
elapsed: 7.166916131973267
embedding subchunk number 17.0...
elapsed (s): 7.424735069274902
processing batch of abstracts...
elapsed: 489.4928891658783
writing embeddings to csv file...
elapsed: 7.206232786178589
embedding subchunk number 18.0...
elapsed (s): 7.359310150146484
processing batch of abstracts...
elapsed: 339.83934903144836
writing embeddings to csv file...
elapsed: 7.210150241851807
embedding subchunk number 19.0...
elapsed (s): 7.413180112838745
processing batch of abstracts...
elapsed: 344.705934047699
writing embeddings to csv file...
elapsed: 7.168379783630371
embedding subchunk number 20.0...
elapsed (s): 7.355020523071289
processing batch of abstracts...
elapsed: 367.9132077693939
writing embeddings to csv file...
elapsed: 7.622519016265869
embedding subchunk number 21.0...
elapsed (s): 7.8183887004852295
processing batch of abstracts...
elapsed: 368.09113335609436
writing embeddings to csv file...
elapsed: 7.079118967056274
embedding subchunk number 22.0...
elapsed (s): 7.2859649658203125
processing batch of abstracts...
elapsed: 336.1764998435974
writing embeddings to csv file...
elapsed: 7.108328342437744
embedding subchunk number 23.0...
elapsed (s): 7.321957111358643
processing batch of abstracts...
elapsed: 374.34624338150024
writing embeddings to csv file...
elapsed: 7.20225191116333
embedding subchunk number 24.0...
elapsed (s): 7.351198673248291
processing batch of abstracts...
elapsed: 345.5482943058014
writing embeddings to csv file...
elapsed: 7.087239027023315
embedding subchunk number 25.0...
elapsed (s): 7.358074903488159
processing batch of abstracts...
elapsed: 394.4463863372803
writing embeddings to csv file...
elapsed: 7.415568590164185
embedding subchunk number 26.0...
elapsed (s): 7.637907981872559
processing batch of abstracts...
elapsed: 434.0792646408081
writing embeddings to csv file...
elapsed: 7.238994359970093
embedding subchunk number 27.0...
elapsed (s): 7.442894458770752
processing batch of abstracts...
elapsed: 363.859388589859
writing embeddings to csv file...
elapsed: 7.489246129989624
embedding subchunk number 28.0...
elapsed (s): 7.637101650238037
processing batch of abstracts...
elapsed: 319.27053475379944
writing embeddings to csv file...
elapsed: 7.513993501663208
embedding subchunk number 29.0...
elapsed (s): 7.712867259979248
processing batch of abstracts...
elapsed: 332.0945920944214
writing embeddings to csv file...
elapsed: 7.454925537109375
embedding subchunk number 30.0...
elapsed (s): 7.522946119308472
processing batch of abstracts...
elapsed: 225.48176765441895
writing embeddings to csv file...
elapsed: 8.107332706451416
embedding subchunk number 31.0...
elapsed (s): 8.34186053276062
processing batch of abstracts...
elapsed: 217.80721807479858
writing embeddings to csv file...
elapsed: 7.464084148406982
embedding subchunk number 32.0...
elapsed (s): 7.5934739112854
processing batch of abstracts...
elapsed: 217.78387570381165
writing embeddings to csv file...
elapsed: 7.460956573486328
embedding subchunk number 33.0...
elapsed (s): 7.719175338745117
processing batch of abstracts...
elapsed: 369.37173652648926
writing embeddings to csv file...
elapsed: 7.516860246658325
embedding subchunk number 34.0...
elapsed (s): 7.782771110534668
processing batch of abstracts...
elapsed: 546.1886646747589
writing embeddings to csv file...
elapsed: 7.513806343078613
embedding subchunk number 35.0...
elapsed (s): 7.766763687133789
processing batch of abstracts...
elapsed: 522.5561389923096
writing embeddings to csv file...
elapsed: 7.735712766647339
embedding subchunk number 36.0...
elapsed (s): 7.958480596542358
processing batch of abstracts...
elapsed: 361.625146150589
writing embeddings to csv file...
elapsed: 7.464425802230835
embedding subchunk number 37.0...
elapsed (s): 7.716145992279053
processing batch of abstracts...
elapsed: 382.8164496421814
writing embeddings to csv file...
elapsed: 7.688583135604858
embedding subchunk number 38.0...
elapsed (s): 7.944487810134888
processing batch of abstracts...
elapsed: 483.0192503929138
writing embeddings to csv file...
elapsed: 7.9410316944122314
embedding subchunk number 39.0...
elapsed (s): 8.253049373626709
processing batch of abstracts...
elapsed: 501.4219138622284
writing embeddings to csv file...
elapsed: 7.796172142028809
embedding subchunk number 40.0...
elapsed (s): 8.005520582199097
processing batch of abstracts...
elapsed: 408.9390923976898
writing embeddings to csv file...
elapsed: 7.764728784561157
embedding subchunk number 41.0...
elapsed (s): 8.026215076446533
processing batch of abstracts...
elapsed: 390.75347232818604
writing embeddings to csv file...
elapsed: 7.91094446182251
embedding subchunk number 42.0...
elapsed (s): 8.11258578300476
processing batch of abstracts...
elapsed: 401.25452399253845
writing embeddings to csv file...
elapsed: 7.900330066680908
embedding subchunk number 43.0...
elapsed (s): 8.173076391220093
processing batch of abstracts...
elapsed: 373.033239364624
writing embeddings to csv file...
elapsed: 7.980353355407715
embedding subchunk number 44.0...
elapsed (s): 8.191710233688354
processing batch of abstracts...
elapsed: 358.37712264060974
writing embeddings to csv file...
elapsed: 7.606966018676758
embedding subchunk number 45.0...
elapsed (s): 7.88687801361084
processing batch of abstracts...
elapsed: 490.8487067222595
writing embeddings to csv file...
elapsed: 7.559884309768677
embedding subchunk number 46.0...
elapsed (s): 7.76798152923584
processing batch of abstracts...
elapsed: 462.57556104660034
writing embeddings to csv file...
elapsed: 7.901273250579834
embedding subchunk number 47.0...
elapsed (s): 8.191720008850098
processing batch of abstracts...
elapsed: 422.96024441719055
writing embeddings to csv file...
elapsed: 8.089304685592651
embedding subchunk number 48.0...
elapsed (s): 8.299588203430176
processing batch of abstracts...
elapsed: 475.8750329017639
writing embeddings to csv file...
elapsed: 8.067277193069458
embedding subchunk number 49.0...
elapsed (s): 8.311752796173096
processing batch of abstracts...
elapsed: 463.1294593811035
writing embeddings to csv file...
elapsed: 7.796759605407715
embedding subchunk number 50.0...
elapsed (s): 8.039381742477417
processing batch of abstracts...
elapsed: 485.1900510787964
writing embeddings to csv file...
elapsed: 8.047384262084961
embedding subchunk number 51.0...
elapsed (s): 8.297065496444702
processing batch of abstracts...
elapsed: 362.27100801467896
writing embeddings to csv file...
elapsed: 7.515490770339966
embedding subchunk number 52.0...
elapsed (s): 7.715462684631348
processing batch of abstracts...
elapsed: 332.08983516693115
writing embeddings to csv file...
elapsed: 7.574239492416382
embedding subchunk number 53.0...
elapsed (s): 7.832062005996704
processing batch of abstracts...
elapsed: 350.8354878425598
writing embeddings to csv file...
elapsed: 7.478834390640259
embedding subchunk number 54.0...
elapsed (s): 7.692969560623169
processing batch of abstracts...
elapsed: 361.3613052368164
writing embeddings to csv file...
elapsed: 7.45604395866394
embedding subchunk number 55.0...
elapsed (s): 7.6551079750061035
processing batch of abstracts...
elapsed: 357.47172260284424
writing embeddings to csv file...
elapsed: 7.45302152633667
embedding subchunk number 56.0...
elapsed (s): 7.684786319732666
processing batch of abstracts...
elapsed: 364.7579302787781
writing embeddings to csv file...
elapsed: 7.44693398475647
embedding subchunk number 57.0...
elapsed (s): 7.683316946029663
processing batch of abstracts...
elapsed: 374.57977962493896
writing embeddings to csv file...
elapsed: 7.433572769165039
embedding subchunk number 58.0...
elapsed (s): 7.507414817810059
processing batch of abstracts...
elapsed: 229.6456618309021
writing embeddings to csv file...
elapsed: 7.560867547988892
embedding subchunk number 59.0...
elapsed (s): 7.801570177078247
processing batch of abstracts...
elapsed: 367.7144777774811
writing embeddings to csv file...
elapsed: 7.414026737213135
