My SLURM_ARRAY_TASK_I:  24
Input arguments: ['./embed_pubmed__array_gpu_job.py', '24']
slurm array id: 24
GPU sanity checks: 
device ID: 0
<torch.cuda.device object at 0x7f484c2e97b8>
N devices: 1
Tesla K80
is available? True
Spacy GPU? True
elapsed (s): 2.0067930221557617
embedding subchunk number 0.0...
elapsed (s): 0.08612918853759766
processing batch of abstracts...
elapsed: 0.7864129543304443
writing embeddings to csv file...
elapsed: 0.004812479019165039
embedding subchunk number 1.0...
elapsed (s): 0.16745328903198242
processing batch of abstracts...
elapsed: 538.6941933631897
writing embeddings to csv file...
elapsed: 7.352078199386597
embedding subchunk number 2.0...
elapsed (s): 7.483415842056274
processing batch of abstracts...
elapsed: 552.7140274047852
writing embeddings to csv file...
elapsed: 7.425534248352051
embedding subchunk number 3.0...
elapsed (s): 7.707303285598755
processing batch of abstracts...
elapsed: 547.6592466831207
writing embeddings to csv file...
elapsed: 7.254511117935181
embedding subchunk number 4.0...
elapsed (s): 7.511678218841553
processing batch of abstracts...
elapsed: 544.6093282699585
writing embeddings to csv file...
elapsed: 7.197718858718872
embedding subchunk number 5.0...
elapsed (s): 7.4306862354278564
processing batch of abstracts...
elapsed: 535.1021521091461
writing embeddings to csv file...
elapsed: 7.280170440673828
embedding subchunk number 6.0...
elapsed (s): 7.501666784286499
processing batch of abstracts...
elapsed: 578.3831644058228
writing embeddings to csv file...
elapsed: 7.17998194694519
embedding subchunk number 7.0...
elapsed (s): 7.432095766067505
processing batch of abstracts...
elapsed: 571.0247702598572
writing embeddings to csv file...
elapsed: 7.215873718261719
embedding subchunk number 8.0...
elapsed (s): 7.446612596511841
processing batch of abstracts...
elapsed: 471.0780596733093
writing embeddings to csv file...
elapsed: 7.2186524868011475
embedding subchunk number 9.0...
elapsed (s): 7.402858018875122
processing batch of abstracts...
elapsed: 273.0905077457428
writing embeddings to csv file...
elapsed: 7.012510538101196
embedding subchunk number 10.0...
elapsed (s): 7.190202474594116
processing batch of abstracts...
elapsed: 285.05371165275574
writing embeddings to csv file...
elapsed: 7.0572669506073
embedding subchunk number 11.0...
elapsed (s): 7.089440584182739
processing batch of abstracts...
elapsed: 40.66261100769043
writing embeddings to csv file...
elapsed: 7.027246952056885
embedding subchunk number 12.0...
elapsed (s): 7.360892057418823
processing batch of abstracts...
elapsed: 374.2495665550232
writing embeddings to csv file...
elapsed: 7.298830270767212
embedding subchunk number 13.0...
elapsed (s): 7.526800155639648
processing batch of abstracts...
elapsed: 497.44293117523193
writing embeddings to csv file...
elapsed: 7.088700294494629
embedding subchunk number 14.0...
elapsed (s): 7.2686285972595215
processing batch of abstracts...
elapsed: 361.7906103134155
writing embeddings to csv file...
elapsed: 7.214435577392578
embedding subchunk number 15.0...
elapsed (s): 7.441883087158203
processing batch of abstracts...
elapsed: 349.4467010498047
writing embeddings to csv file...
elapsed: 7.103389263153076
embedding subchunk number 16.0...
elapsed (s): 7.355522871017456
processing batch of abstracts...
elapsed: 371.17643451690674
writing embeddings to csv file...
elapsed: 7.173750162124634
embedding subchunk number 17.0...
elapsed (s): 7.357762098312378
processing batch of abstracts...
elapsed: 287.06876707077026
writing embeddings to csv file...
elapsed: 7.1660826206207275
embedding subchunk number 18.0...
elapsed (s): 7.298520565032959
processing batch of abstracts...
elapsed: 244.05427312850952
writing embeddings to csv file...
elapsed: 7.083795785903931
embedding subchunk number 19.0...
elapsed (s): 7.311363458633423
processing batch of abstracts...
elapsed: 278.9134945869446
writing embeddings to csv file...
elapsed: 7.147730588912964
embedding subchunk number 20.0...
elapsed (s): 7.284219980239868
processing batch of abstracts...
elapsed: 319.34822130203247
writing embeddings to csv file...
elapsed: 7.028936862945557
embedding subchunk number 21.0...
elapsed (s): 7.2669103145599365
processing batch of abstracts...
elapsed: 413.6365530490875
writing embeddings to csv file...
elapsed: 7.144812107086182
embedding subchunk number 22.0...
elapsed (s): 7.304094552993774
processing batch of abstracts...
elapsed: 415.12589955329895
writing embeddings to csv file...
elapsed: 7.226679801940918
embedding subchunk number 23.0...
elapsed (s): 7.476307153701782
processing batch of abstracts...
elapsed: 483.0363140106201
writing embeddings to csv file...
elapsed: 7.039999485015869
embedding subchunk number 24.0...
elapsed (s): 7.216182708740234
processing batch of abstracts...
elapsed: 523.2541756629944
writing embeddings to csv file...
elapsed: 7.017316818237305
embedding subchunk number 25.0...
elapsed (s): 7.267751693725586
processing batch of abstracts...
elapsed: 518.6221225261688
writing embeddings to csv file...
elapsed: 7.07277512550354
embedding subchunk number 26.0...
elapsed (s): 7.219603776931763
processing batch of abstracts...
elapsed: 470.9321916103363
writing embeddings to csv file...
elapsed: 7.093323469161987
embedding subchunk number 27.0...
elapsed (s): 7.321508407592773
processing batch of abstracts...
elapsed: 279.7018303871155
writing embeddings to csv file...
elapsed: 7.379814863204956
embedding subchunk number 28.0...
elapsed (s): 7.434084892272949
processing batch of abstracts...
elapsed: 196.70051550865173
writing embeddings to csv file...
elapsed: 7.31670618057251
embedding subchunk number 29.0...
elapsed (s): 7.517377614974976
processing batch of abstracts...
elapsed: 54.27389168739319
writing embeddings to csv file...
elapsed: 7.6763036251068115
embedding subchunk number 30.0...
elapsed (s): 7.880534410476685
processing batch of abstracts...
elapsed: 288.68400144577026
writing embeddings to csv file...
elapsed: 7.226536750793457
embedding subchunk number 31.0...
elapsed (s): 7.491350412368774
processing batch of abstracts...
elapsed: 594.4154431819916
writing embeddings to csv file...
elapsed: 7.117689847946167
embedding subchunk number 32.0...
elapsed (s): 7.399455547332764
processing batch of abstracts...
elapsed: 593.6194915771484
writing embeddings to csv file...
elapsed: 7.1176228523254395
embedding subchunk number 33.0...
elapsed (s): 7.276954412460327
processing batch of abstracts...
elapsed: 595.4406492710114
writing embeddings to csv file...
elapsed: 7.038055896759033
embedding subchunk number 34.0...
elapsed (s): 7.170733451843262
processing batch of abstracts...
elapsed: 494.77891540527344
writing embeddings to csv file...
elapsed: 7.241913795471191
embedding subchunk number 35.0...
elapsed (s): 7.521963357925415
processing batch of abstracts...
elapsed: 546.6252167224884
writing embeddings to csv file...
elapsed: 7.458651065826416
embedding subchunk number 36.0...
elapsed (s): 7.6420745849609375
processing batch of abstracts...
elapsed: 528.3002483844757
writing embeddings to csv file...
elapsed: 7.182482957839966
embedding subchunk number 37.0...
elapsed (s): 7.477721452713013
processing batch of abstracts...
elapsed: 539.3210980892181
writing embeddings to csv file...
elapsed: 7.15121603012085
embedding subchunk number 38.0...
elapsed (s): 7.249621152877808
processing batch of abstracts...
elapsed: 360.3414189815521
writing embeddings to csv file...
elapsed: 7.187730550765991
embedding subchunk number 39.0...
elapsed (s): 7.574972152709961
processing batch of abstracts...
elapsed: 472.59625577926636
writing embeddings to csv file...
elapsed: 7.181640148162842
embedding subchunk number 40.0...
elapsed (s): 7.401048183441162
processing batch of abstracts...
elapsed: 556.0126621723175
writing embeddings to csv file...
elapsed: 7.2712202072143555
embedding subchunk number 41.0...
elapsed (s): 7.496201753616333
processing batch of abstracts...
elapsed: 557.6357986927032
writing embeddings to csv file...
elapsed: 7.311919689178467
embedding subchunk number 42.0...
elapsed (s): 7.545074462890625
processing batch of abstracts...
elapsed: 555.455276966095
writing embeddings to csv file...
elapsed: 7.19550085067749
embedding subchunk number 43.0...
elapsed (s): 7.40991473197937
processing batch of abstracts...
elapsed: 521.0290081501007
writing embeddings to csv file...
elapsed: 7.095407247543335
embedding subchunk number 44.0...
elapsed (s): 7.451375484466553
processing batch of abstracts...
elapsed: 541.1497473716736
writing embeddings to csv file...
elapsed: 7.049609422683716
embedding subchunk number 45.0...
elapsed (s): 7.289999961853027
processing batch of abstracts...
elapsed: 495.98369908332825
writing embeddings to csv file...
elapsed: 7.490747451782227
embedding subchunk number 46.0...
elapsed (s): 7.774804353713989
processing batch of abstracts...
elapsed: 567.9812922477722
writing embeddings to csv file...
elapsed: 7.144186735153198
embedding subchunk number 47.0...
elapsed (s): 7.465500354766846
processing batch of abstracts...
elapsed: 500.74440360069275
writing embeddings to csv file...
elapsed: 7.628040313720703
embedding subchunk number 48.0...
elapsed (s): 7.858080863952637
processing batch of abstracts...
elapsed: 437.18197751045227
writing embeddings to csv file...
elapsed: 7.587999582290649
embedding subchunk number 49.0...
elapsed (s): 7.815171718597412
processing batch of abstracts...
elapsed: 439.94607639312744
writing embeddings to csv file...
elapsed: 7.0473952293396
embedding subchunk number 50.0...
elapsed (s): 7.262817621231079
processing batch of abstracts...
elapsed: 409.7236113548279
writing embeddings to csv file...
elapsed: 7.10010838508606
embedding subchunk number 51.0...
elapsed (s): 7.38991904258728
processing batch of abstracts...
elapsed: 427.7630217075348
writing embeddings to csv file...
elapsed: 7.087276220321655
embedding subchunk number 52.0...
elapsed (s): 7.325058221817017
processing batch of abstracts...
elapsed: 470.26662945747375
writing embeddings to csv file...
elapsed: 7.461289644241333
embedding subchunk number 53.0...
elapsed (s): 7.746129989624023
processing batch of abstracts...
elapsed: 512.7710568904877
writing embeddings to csv file...
elapsed: 7.112220764160156
embedding subchunk number 54.0...
elapsed (s): 7.379113674163818
processing batch of abstracts...
elapsed: 544.2503094673157
writing embeddings to csv file...
elapsed: 7.155610084533691
embedding subchunk number 55.0...
elapsed (s): 7.311000823974609
processing batch of abstracts...
elapsed: 560.2463505268097
writing embeddings to csv file...
elapsed: 7.182095766067505
embedding subchunk number 56.0...
elapsed (s): 7.377903938293457
processing batch of abstracts...
elapsed: 565.1151978969574
writing embeddings to csv file...
elapsed: 7.1495842933654785
embedding subchunk number 57.0...
elapsed (s): 7.43647575378418
processing batch of abstracts...
elapsed: 492.3794298171997
writing embeddings to csv file...
elapsed: 7.07436466217041
embedding subchunk number 58.0...
elapsed (s): 7.334394693374634
processing batch of abstracts...
elapsed: 579.1473853588104
writing embeddings to csv file...
elapsed: 7.106354475021362
embedding subchunk number 59.0...
elapsed (s): 7.381386756896973
processing batch of abstracts...
elapsed: 572.8861453533173
writing embeddings to csv file...
elapsed: 7.075271844863892
