My SLURM_ARRAY_TASK_I:  23
Input arguments: ['./embed_pubmed__array_gpu_job.py', '23']
slurm array id: 23
GPU sanity checks: 
device ID: 0
<torch.cuda.device object at 0x7f59847c47b8>
N devices: 1
Tesla K80
is available? True
Spacy GPU? True
elapsed (s): 1.9199600219726562
embedding subchunk number 0.0...
elapsed (s): 0.06308579444885254
processing batch of abstracts...
elapsed: 0.7470455169677734
writing embeddings to csv file...
elapsed: 0.038733720779418945
embedding subchunk number 1.0...
elapsed (s): 0.18153119087219238
processing batch of abstracts...
elapsed: 485.2609348297119
writing embeddings to csv file...
elapsed: 7.710309028625488
embedding subchunk number 2.0...
elapsed (s): 7.83512544631958
processing batch of abstracts...
elapsed: 478.05904269218445
writing embeddings to csv file...
elapsed: 7.479944705963135
embedding subchunk number 3.0...
elapsed (s): 7.746325492858887
processing batch of abstracts...
elapsed: 440.4141209125519
writing embeddings to csv file...
elapsed: 7.591490983963013
embedding subchunk number 4.0...
elapsed (s): 7.77799916267395
processing batch of abstracts...
elapsed: 473.07347321510315
writing embeddings to csv file...
elapsed: 7.5109028816223145
embedding subchunk number 5.0...
elapsed (s): 7.774506568908691
processing batch of abstracts...
elapsed: 495.6464891433716
writing embeddings to csv file...
elapsed: 7.699202060699463
embedding subchunk number 6.0...
elapsed (s): 7.8653788566589355
processing batch of abstracts...
elapsed: 509.7353768348694
writing embeddings to csv file...
elapsed: 7.621959924697876
embedding subchunk number 7.0...
elapsed (s): 7.864485740661621
processing batch of abstracts...
elapsed: 538.3632979393005
writing embeddings to csv file...
elapsed: 7.409923076629639
embedding subchunk number 8.0...
elapsed (s): 7.667920351028442
processing batch of abstracts...
elapsed: 626.0402021408081
writing embeddings to csv file...
elapsed: 7.569870233535767
embedding subchunk number 9.0...
elapsed (s): 7.819717645645142
processing batch of abstracts...
elapsed: 652.2127909660339
writing embeddings to csv file...
elapsed: 7.602107286453247
embedding subchunk number 10.0...
elapsed (s): 7.856417179107666
processing batch of abstracts...
elapsed: 653.2799141407013
writing embeddings to csv file...
elapsed: 7.559939384460449
embedding subchunk number 11.0...
elapsed (s): 7.846184253692627
processing batch of abstracts...
elapsed: 642.4185438156128
writing embeddings to csv file...
elapsed: 7.516561508178711
embedding subchunk number 12.0...
elapsed (s): 7.754608154296875
processing batch of abstracts...
elapsed: 585.9131238460541
writing embeddings to csv file...
elapsed: 7.658440589904785
embedding subchunk number 13.0...
elapsed (s): 7.964671611785889
processing batch of abstracts...
elapsed: 590.3900089263916
writing embeddings to csv file...
elapsed: 7.516924858093262
embedding subchunk number 14.0...
elapsed (s): 7.770994186401367
processing batch of abstracts...
elapsed: 603.9501473903656
writing embeddings to csv file...
elapsed: 7.434525489807129
embedding subchunk number 15.0...
elapsed (s): 7.723773241043091
processing batch of abstracts...
elapsed: 586.7233908176422
writing embeddings to csv file...
elapsed: 7.546696662902832
embedding subchunk number 16.0...
elapsed (s): 7.814853191375732
processing batch of abstracts...
elapsed: 574.8619964122772
writing embeddings to csv file...
elapsed: 7.416553735733032
embedding subchunk number 17.0...
elapsed (s): 7.662158250808716
processing batch of abstracts...
elapsed: 470.2588028907776
writing embeddings to csv file...
elapsed: 7.989450454711914
embedding subchunk number 18.0...
elapsed (s): 8.229621171951294
processing batch of abstracts...
elapsed: 505.53722524642944
writing embeddings to csv file...
elapsed: 7.4485557079315186
embedding subchunk number 19.0...
elapsed (s): 7.678572177886963
processing batch of abstracts...
elapsed: 444.5050666332245
writing embeddings to csv file...
elapsed: 7.438964128494263
embedding subchunk number 20.0...
elapsed (s): 7.649445295333862
processing batch of abstracts...
elapsed: 427.26753282546997
writing embeddings to csv file...
elapsed: 7.403515100479126
embedding subchunk number 21.0...
elapsed (s): 7.6872804164886475
processing batch of abstracts...
elapsed: 390.00626826286316
writing embeddings to csv file...
elapsed: 7.502150535583496
embedding subchunk number 22.0...
elapsed (s): 7.819712400436401
processing batch of abstracts...
elapsed: 458.8026204109192
writing embeddings to csv file...
elapsed: 7.605157375335693
embedding subchunk number 23.0...
elapsed (s): 7.821332931518555
processing batch of abstracts...
elapsed: 477.8772192001343
writing embeddings to csv file...
elapsed: 7.456899642944336
embedding subchunk number 24.0...
elapsed (s): 7.718651056289673
processing batch of abstracts...
elapsed: 579.0293052196503
writing embeddings to csv file...
elapsed: 8.258437156677246
embedding subchunk number 25.0...
elapsed (s): 8.486838102340698
processing batch of abstracts...
elapsed: 559.0360848903656
writing embeddings to csv file...
elapsed: 8.082403421401978
embedding subchunk number 26.0...
elapsed (s): 8.385017395019531
processing batch of abstracts...
elapsed: 608.2595839500427
writing embeddings to csv file...
elapsed: 7.292586326599121
embedding subchunk number 27.0...
elapsed (s): 7.546318531036377
processing batch of abstracts...
elapsed: 569.11598777771
writing embeddings to csv file...
elapsed: 7.153159856796265
embedding subchunk number 28.0...
elapsed (s): 7.403124809265137
processing batch of abstracts...
elapsed: 459.8861560821533
writing embeddings to csv file...
elapsed: 7.058286905288696
embedding subchunk number 29.0...
elapsed (s): 7.3268492221832275
processing batch of abstracts...
elapsed: 432.64449310302734
writing embeddings to csv file...
elapsed: 7.150562286376953
embedding subchunk number 30.0...
elapsed (s): 7.3703014850616455
processing batch of abstracts...
elapsed: 411.63248467445374
writing embeddings to csv file...
elapsed: 7.5151238441467285
embedding subchunk number 31.0...
elapsed (s): 7.7492547035217285
processing batch of abstracts...
elapsed: 424.21823382377625
writing embeddings to csv file...
elapsed: 7.194236516952515
embedding subchunk number 32.0...
elapsed (s): 7.373383522033691
processing batch of abstracts...
elapsed: 396.57501554489136
writing embeddings to csv file...
elapsed: 7.485730886459351
embedding subchunk number 33.0...
elapsed (s): 7.831274509429932
processing batch of abstracts...
elapsed: 387.6137115955353
writing embeddings to csv file...
elapsed: 7.393263339996338
embedding subchunk number 34.0...
elapsed (s): 7.567489862442017
processing batch of abstracts...
elapsed: 400.05978322029114
writing embeddings to csv file...
elapsed: 7.426542043685913
embedding subchunk number 35.0...
elapsed (s): 7.699919700622559
processing batch of abstracts...
elapsed: 439.4534888267517
writing embeddings to csv file...
elapsed: 7.648784875869751
embedding subchunk number 36.0...
elapsed (s): 7.811539649963379
processing batch of abstracts...
elapsed: 433.5324008464813
writing embeddings to csv file...
elapsed: 7.710907459259033
embedding subchunk number 37.0...
elapsed (s): 7.9175474643707275
processing batch of abstracts...
elapsed: 282.01267671585083
writing embeddings to csv file...
elapsed: 7.54499626159668
embedding subchunk number 38.0...
elapsed (s): 7.648608684539795
processing batch of abstracts...
elapsed: 275.72323179244995
writing embeddings to csv file...
elapsed: 8.022467851638794
embedding subchunk number 39.0...
elapsed (s): 8.24849534034729
processing batch of abstracts...
elapsed: 397.5034372806549
writing embeddings to csv file...
elapsed: 7.642459869384766
embedding subchunk number 40.0...
elapsed (s): 7.868715286254883
processing batch of abstracts...
elapsed: 514.6912469863892
writing embeddings to csv file...
elapsed: 7.757701396942139
embedding subchunk number 41.0...
elapsed (s): 8.037455320358276
processing batch of abstracts...
elapsed: 478.91852283477783
writing embeddings to csv file...
elapsed: 8.080216407775879
embedding subchunk number 42.0...
elapsed (s): 8.355005979537964
processing batch of abstracts...
elapsed: 517.2034876346588
writing embeddings to csv file...
elapsed: 7.805942058563232
embedding subchunk number 43.0...
elapsed (s): 8.042827844619751
processing batch of abstracts...
elapsed: 528.8320968151093
writing embeddings to csv file...
elapsed: 7.724877119064331
embedding subchunk number 44.0...
elapsed (s): 7.923346519470215
processing batch of abstracts...
elapsed: 476.04911828041077
writing embeddings to csv file...
elapsed: 7.958193778991699
embedding subchunk number 45.0...
elapsed (s): 8.237205028533936
processing batch of abstracts...
elapsed: 571.4162604808807
writing embeddings to csv file...
elapsed: 7.6462318897247314
embedding subchunk number 46.0...
elapsed (s): 7.886197090148926
processing batch of abstracts...
elapsed: 529.924516916275
writing embeddings to csv file...
elapsed: 7.641364574432373
embedding subchunk number 47.0...
elapsed (s): 7.922547817230225
processing batch of abstracts...
elapsed: 482.95857787132263
writing embeddings to csv file...
elapsed: 7.810814619064331
embedding subchunk number 48.0...
elapsed (s): 8.012954473495483
processing batch of abstracts...
elapsed: 525.5996277332306
writing embeddings to csv file...
elapsed: 7.596060276031494
embedding subchunk number 49.0...
elapsed (s): 7.847557544708252
processing batch of abstracts...
elapsed: 578.4667296409607
writing embeddings to csv file...
elapsed: 8.185962438583374
embedding subchunk number 50.0...
elapsed (s): 8.384279251098633
processing batch of abstracts...
elapsed: 526.348048210144
writing embeddings to csv file...
elapsed: 7.969245195388794
embedding subchunk number 51.0...
elapsed (s): 8.216248989105225
processing batch of abstracts...
elapsed: 494.53329706192017
writing embeddings to csv file...
elapsed: 8.00696063041687
embedding subchunk number 52.0...
elapsed (s): 8.22284984588623
processing batch of abstracts...
elapsed: 540.231746673584
writing embeddings to csv file...
elapsed: 7.99732780456543
embedding subchunk number 53.0...
elapsed (s): 8.240834951400757
processing batch of abstracts...
elapsed: 507.5817654132843
writing embeddings to csv file...
elapsed: 7.936184406280518
embedding subchunk number 54.0...
elapsed (s): 8.168430089950562
processing batch of abstracts...
elapsed: 571.3849499225616
writing embeddings to csv file...
elapsed: 7.976765394210815
embedding subchunk number 55.0...
elapsed (s): 8.26054859161377
processing batch of abstracts...
elapsed: 630.2283146381378
writing embeddings to csv file...
elapsed: 7.965041160583496
embedding subchunk number 56.0...
elapsed (s): 8.224939823150635
processing batch of abstracts...
elapsed: 618.9476702213287
writing embeddings to csv file...
elapsed: 8.121638059616089
embedding subchunk number 57.0...
elapsed (s): 8.359484195709229
processing batch of abstracts...
elapsed: 538.4023349285126
writing embeddings to csv file...
elapsed: 8.033516883850098
embedding subchunk number 58.0...
elapsed (s): 8.260728120803833
processing batch of abstracts...
elapsed: 533.2900931835175
writing embeddings to csv file...
elapsed: 8.02131462097168
embedding subchunk number 59.0...
elapsed (s): 8.31005334854126
processing batch of abstracts...
elapsed: 584.418497800827
writing embeddings to csv file...
elapsed: 7.996142625808716
