My SLURM_ARRAY_TASK_I:  18
Input arguments: ['./embed_pubmed__array_gpu_job.py', '18']
slurm array id: 18
GPU sanity checks: 
device ID: 0
<torch.cuda.device object at 0x7f748e0029e8>
N devices: 1
Tesla K80
is available? True
Spacy GPU? True
elapsed (s): 2.043067455291748
embedding subchunk number 0.0...
elapsed (s): 0.039716482162475586
processing batch of abstracts...
elapsed: 0.8150186538696289
writing embeddings to csv file...
elapsed: 0.023265600204467773
embedding subchunk number 1.0...
elapsed (s): 0.16207194328308105
processing batch of abstracts...
elapsed: 409.96357893943787
writing embeddings to csv file...
elapsed: 7.746480226516724
embedding subchunk number 2.0...
elapsed (s): 7.831233739852905
processing batch of abstracts...
elapsed: 296.81617069244385
writing embeddings to csv file...
elapsed: 7.393902540206909
embedding subchunk number 3.0...
elapsed (s): 7.609568119049072
processing batch of abstracts...
elapsed: 393.67285799980164
writing embeddings to csv file...
elapsed: 7.381575107574463
embedding subchunk number 4.0...
elapsed (s): 7.509207725524902
processing batch of abstracts...
elapsed: 278.9716076850891
writing embeddings to csv file...
elapsed: 7.433216333389282
embedding subchunk number 5.0...
elapsed (s): 7.692140579223633
processing batch of abstracts...
elapsed: 508.3154127597809
writing embeddings to csv file...
elapsed: 7.563738822937012
embedding subchunk number 6.0...
elapsed (s): 7.860708236694336
processing batch of abstracts...
elapsed: 618.7368462085724
writing embeddings to csv file...
elapsed: 7.386841773986816
embedding subchunk number 7.0...
elapsed (s): 7.642418146133423
processing batch of abstracts...
elapsed: 540.5352449417114
writing embeddings to csv file...
elapsed: 7.465133428573608
embedding subchunk number 8.0...
elapsed (s): 7.727837324142456
processing batch of abstracts...
elapsed: 489.9722898006439
writing embeddings to csv file...
elapsed: 7.481535911560059
embedding subchunk number 9.0...
elapsed (s): 7.743302822113037
processing batch of abstracts...
elapsed: 404.4553933143616
writing embeddings to csv file...
elapsed: 7.478660821914673
embedding subchunk number 10.0...
elapsed (s): 7.5780487060546875
processing batch of abstracts...
elapsed: 340.1047866344452
writing embeddings to csv file...
elapsed: 7.496111154556274
embedding subchunk number 11.0...
elapsed (s): 7.726555824279785
processing batch of abstracts...
elapsed: 349.4767897129059
writing embeddings to csv file...
elapsed: 7.466635227203369
embedding subchunk number 12.0...
elapsed (s): 7.68281102180481
processing batch of abstracts...
elapsed: 370.226238489151
writing embeddings to csv file...
elapsed: 7.413439989089966
embedding subchunk number 13.0...
elapsed (s): 7.661181449890137
processing batch of abstracts...
elapsed: 351.1873767375946
writing embeddings to csv file...
elapsed: 7.465610504150391
embedding subchunk number 14.0...
elapsed (s): 7.660977125167847
processing batch of abstracts...
elapsed: 358.2619733810425
writing embeddings to csv file...
elapsed: 7.471819639205933
embedding subchunk number 15.0...
elapsed (s): 7.709551572799683
processing batch of abstracts...
elapsed: 347.20787620544434
writing embeddings to csv file...
elapsed: 7.4909093379974365
embedding subchunk number 16.0...
elapsed (s): 7.661068439483643
processing batch of abstracts...
elapsed: 316.4383807182312
writing embeddings to csv file...
elapsed: 7.449472188949585
embedding subchunk number 17.0...
elapsed (s): 7.652303695678711
processing batch of abstracts...
elapsed: 292.04713249206543
writing embeddings to csv file...
elapsed: 7.663471937179565
embedding subchunk number 18.0...
elapsed (s): 7.900885343551636
processing batch of abstracts...
elapsed: 435.11805963516235
writing embeddings to csv file...
elapsed: 7.558685064315796
embedding subchunk number 19.0...
elapsed (s): 7.833771705627441
processing batch of abstracts...
elapsed: 307.8906219005585
writing embeddings to csv file...
elapsed: 7.449782371520996
embedding subchunk number 20.0...
elapsed (s): 7.693696975708008
processing batch of abstracts...
elapsed: 344.94437551498413
writing embeddings to csv file...
elapsed: 7.500978946685791
embedding subchunk number 21.0...
elapsed (s): 7.577176570892334
processing batch of abstracts...
elapsed: 256.2816424369812
writing embeddings to csv file...
elapsed: 7.619793891906738
embedding subchunk number 22.0...
elapsed (s): 7.736393690109253
processing batch of abstracts...
elapsed: 63.75988149642944
writing embeddings to csv file...
elapsed: 7.451902627944946
embedding subchunk number 23.0...
elapsed (s): 7.586626291275024
processing batch of abstracts...
elapsed: 61.50747728347778
writing embeddings to csv file...
elapsed: 7.405914783477783
embedding subchunk number 24.0...
elapsed (s): 7.605719804763794
processing batch of abstracts...
elapsed: 262.810750246048
writing embeddings to csv file...
elapsed: 7.472551584243774
embedding subchunk number 25.0...
elapsed (s): 7.849866151809692
processing batch of abstracts...
elapsed: 570.5503001213074
writing embeddings to csv file...
elapsed: 7.544220209121704
embedding subchunk number 26.0...
elapsed (s): 7.840719223022461
processing batch of abstracts...
elapsed: 599.2052795886993
writing embeddings to csv file...
elapsed: 7.439613580703735
embedding subchunk number 27.0...
elapsed (s): 7.695392608642578
processing batch of abstracts...
elapsed: 608.4730331897736
writing embeddings to csv file...
elapsed: 7.87195611000061
embedding subchunk number 28.0...
elapsed (s): 8.171014547348022
processing batch of abstracts...
elapsed: 537.8711161613464
writing embeddings to csv file...
elapsed: 7.884044170379639
embedding subchunk number 29.0...
elapsed (s): 8.239627122879028
processing batch of abstracts...
elapsed: 500.47847294807434
writing embeddings to csv file...
elapsed: 7.712709188461304
embedding subchunk number 30.0...
elapsed (s): 7.979984283447266
processing batch of abstracts...
elapsed: 531.9407866001129
writing embeddings to csv file...
elapsed: 7.858983755111694
embedding subchunk number 31.0...
elapsed (s): 8.09117579460144
processing batch of abstracts...
elapsed: 511.2059500217438
writing embeddings to csv file...
elapsed: 7.47557806968689
embedding subchunk number 32.0...
elapsed (s): 7.763814687728882
processing batch of abstracts...
elapsed: 493.93675899505615
writing embeddings to csv file...
elapsed: 7.442338943481445
embedding subchunk number 33.0...
elapsed (s): 7.670381546020508
processing batch of abstracts...
elapsed: 402.27587246894836
writing embeddings to csv file...
elapsed: 7.46690821647644
embedding subchunk number 34.0...
elapsed (s): 7.68693208694458
processing batch of abstracts...
elapsed: 411.9246337413788
writing embeddings to csv file...
elapsed: 7.398707389831543
embedding subchunk number 35.0...
elapsed (s): 7.596724987030029
processing batch of abstracts...
elapsed: 410.73279881477356
writing embeddings to csv file...
elapsed: 7.421946048736572
embedding subchunk number 36.0...
elapsed (s): 7.651352643966675
processing batch of abstracts...
elapsed: 405.7504894733429
writing embeddings to csv file...
elapsed: 7.803427219390869
embedding subchunk number 37.0...
elapsed (s): 8.028968095779419
processing batch of abstracts...
elapsed: 446.900221824646
writing embeddings to csv file...
elapsed: 7.390784740447998
embedding subchunk number 38.0...
elapsed (s): 7.655738830566406
processing batch of abstracts...
elapsed: 386.5817959308624
writing embeddings to csv file...
elapsed: 7.478322267532349
embedding subchunk number 39.0...
elapsed (s): 7.680685043334961
processing batch of abstracts...
elapsed: 438.4051947593689
writing embeddings to csv file...
elapsed: 7.9109086990356445
embedding subchunk number 40.0...
elapsed (s): 8.09437084197998
processing batch of abstracts...
elapsed: 418.5820372104645
writing embeddings to csv file...
elapsed: 7.492429256439209
embedding subchunk number 41.0...
elapsed (s): 7.741261720657349
processing batch of abstracts...
elapsed: 396.97813391685486
writing embeddings to csv file...
elapsed: 7.614269495010376
embedding subchunk number 42.0...
elapsed (s): 7.844796657562256
processing batch of abstracts...
elapsed: 384.91961908340454
writing embeddings to csv file...
elapsed: 7.970227241516113
embedding subchunk number 43.0...
elapsed (s): 8.190971851348877
processing batch of abstracts...
elapsed: 393.95775866508484
writing embeddings to csv file...
elapsed: 7.957918643951416
embedding subchunk number 44.0...
elapsed (s): 8.222156763076782
processing batch of abstracts...
elapsed: 517.832799911499
writing embeddings to csv file...
elapsed: 7.581506252288818
embedding subchunk number 45.0...
elapsed (s): 7.820152282714844
processing batch of abstracts...
elapsed: 566.5228271484375
writing embeddings to csv file...
elapsed: 7.557436466217041
embedding subchunk number 46.0...
elapsed (s): 7.826122045516968
processing batch of abstracts...
elapsed: 600.9045934677124
writing embeddings to csv file...
elapsed: 7.937425851821899
embedding subchunk number 47.0...
elapsed (s): 8.464207410812378
processing batch of abstracts...
elapsed: 588.0567896366119
writing embeddings to csv file...
elapsed: 7.893057346343994
embedding subchunk number 48.0...
elapsed (s): 8.294338464736938
processing batch of abstracts...
elapsed: 570.5372800827026
writing embeddings to csv file...
elapsed: 7.428362131118774
embedding subchunk number 49.0...
elapsed (s): 7.708927631378174
processing batch of abstracts...
elapsed: 590.2703926563263
writing embeddings to csv file...
elapsed: 7.735093116760254
embedding subchunk number 50.0...
elapsed (s): 7.996444463729858
processing batch of abstracts...
elapsed: 550.7425711154938
writing embeddings to csv file...
elapsed: 7.396465539932251
embedding subchunk number 51.0...
elapsed (s): 7.6378772258758545
processing batch of abstracts...
elapsed: 554.9084780216217
writing embeddings to csv file...
elapsed: 7.518218278884888
embedding subchunk number 52.0...
elapsed (s): 7.709067344665527
processing batch of abstracts...
elapsed: 451.573011636734
writing embeddings to csv file...
elapsed: 7.44121241569519
embedding subchunk number 53.0...
elapsed (s): 7.705036640167236
processing batch of abstracts...
elapsed: 469.89174795150757
writing embeddings to csv file...
elapsed: 7.443770170211792
embedding subchunk number 54.0...
elapsed (s): 7.68925666809082
processing batch of abstracts...
elapsed: 557.7183082103729
writing embeddings to csv file...
elapsed: 7.52227520942688
embedding subchunk number 55.0...
elapsed (s): 7.772820472717285
processing batch of abstracts...
elapsed: 570.8249299526215
writing embeddings to csv file...
elapsed: 7.543213844299316
embedding subchunk number 56.0...
elapsed (s): 7.7896809577941895
processing batch of abstracts...
elapsed: 588.8586852550507
writing embeddings to csv file...
elapsed: 7.9274609088897705
embedding subchunk number 57.0...
elapsed (s): 8.173020362854004
processing batch of abstracts...
elapsed: 531.8688006401062
writing embeddings to csv file...
elapsed: 7.616257905960083
embedding subchunk number 58.0...
elapsed (s): 7.875842094421387
processing batch of abstracts...
elapsed: 538.0787887573242
writing embeddings to csv file...
elapsed: 7.465109348297119
embedding subchunk number 59.0...
elapsed (s): 7.702927589416504
processing batch of abstracts...
elapsed: 546.0336399078369
writing embeddings to csv file...
elapsed: 7.9098286628723145
