My SLURM_ARRAY_TASK_I:  4
Input arguments: ['./embed_pubmed__array_gpu_job.py', '4']
slurm array id: 4
GPU sanity checks: 
device ID: 0
<torch.cuda.device object at 0x7f28be2ba780>
N devices: 1
Tesla K80
is available? True
Spacy GPU? True
elapsed (s): 0.9102320671081543
embedding subchunk number 0.0...
elapsed (s): 0.049739837646484375
processing batch of abstracts...
elapsed: 0.36882829666137695
writing embeddings to csv file...
elapsed: 0.0030517578125
embedding subchunk number 1.0...
elapsed (s): 0.1644423007965088
processing batch of abstracts...
elapsed: 573.0741574764252
writing embeddings to csv file...
elapsed: 8.042898654937744
embedding subchunk number 2.0...
elapsed (s): 8.190384149551392
processing batch of abstracts...
elapsed: 558.4426617622375
writing embeddings to csv file...
elapsed: 8.049992084503174
embedding subchunk number 3.0...
elapsed (s): 8.293174266815186
processing batch of abstracts...
elapsed: 580.453634262085
writing embeddings to csv file...
elapsed: 8.064078330993652
embedding subchunk number 4.0...
elapsed (s): 8.287639617919922
processing batch of abstracts...
elapsed: 572.9696617126465
writing embeddings to csv file...
elapsed: 8.22076940536499
embedding subchunk number 5.0...
elapsed (s): 8.551546096801758
processing batch of abstracts...
elapsed: 573.1067299842834
writing embeddings to csv file...
elapsed: 8.18896770477295
embedding subchunk number 6.0...
elapsed (s): 8.47268557548523
processing batch of abstracts...
elapsed: 558.211217880249
writing embeddings to csv file...
elapsed: 7.98385763168335
embedding subchunk number 7.0...
elapsed (s): 8.276163101196289
processing batch of abstracts...
elapsed: 488.3973603248596
writing embeddings to csv file...
elapsed: 8.046152114868164
embedding subchunk number 8.0...
elapsed (s): 8.20990514755249
processing batch of abstracts...
elapsed: 447.95711874961853
writing embeddings to csv file...
elapsed: 7.909881591796875
embedding subchunk number 9.0...
elapsed (s): 8.201555490493774
processing batch of abstracts...
elapsed: 481.19616627693176
writing embeddings to csv file...
elapsed: 7.933585166931152
embedding subchunk number 10.0...
elapsed (s): 8.074920654296875
processing batch of abstracts...
elapsed: 393.88856768608093
writing embeddings to csv file...
elapsed: 7.934831857681274
embedding subchunk number 11.0...
elapsed (s): 8.173235177993774
processing batch of abstracts...
elapsed: 321.1721124649048
writing embeddings to csv file...
elapsed: 7.909931182861328
embedding subchunk number 12.0...
elapsed (s): 8.052988529205322
processing batch of abstracts...
elapsed: 381.3636384010315
writing embeddings to csv file...
elapsed: 7.936003684997559
embedding subchunk number 13.0...
elapsed (s): 8.171020030975342
processing batch of abstracts...
elapsed: 563.3897120952606
writing embeddings to csv file...
elapsed: 7.972817659378052
embedding subchunk number 14.0...
elapsed (s): 8.067282676696777
processing batch of abstracts...
elapsed: 310.74228072166443
writing embeddings to csv file...
elapsed: 7.917489767074585
embedding subchunk number 15.0...
elapsed (s): 8.110441207885742
processing batch of abstracts...
elapsed: 303.0862338542938
writing embeddings to csv file...
elapsed: 7.957204580307007
embedding subchunk number 16.0...
elapsed (s): 8.147067785263062
processing batch of abstracts...
elapsed: 283.3990743160248
writing embeddings to csv file...
elapsed: 7.880113124847412
embedding subchunk number 17.0...
elapsed (s): 7.937732696533203
processing batch of abstracts...
elapsed: 151.4926700592041
writing embeddings to csv file...
elapsed: 7.898491621017456
embedding subchunk number 18.0...
elapsed (s): 8.08018946647644
processing batch of abstracts...
elapsed: 240.86054182052612
writing embeddings to csv file...
elapsed: 8.01732325553894
embedding subchunk number 19.0...
elapsed (s): 8.310235500335693
processing batch of abstracts...
elapsed: 553.8998832702637
writing embeddings to csv file...
elapsed: 7.968935966491699
embedding subchunk number 20.0...
elapsed (s): 8.20035433769226
processing batch of abstracts...
elapsed: 583.028580904007
writing embeddings to csv file...
elapsed: 7.875557899475098
embedding subchunk number 21.0...
elapsed (s): 8.127521276473999
processing batch of abstracts...
elapsed: 509.5482795238495
writing embeddings to csv file...
elapsed: 8.380810737609863
embedding subchunk number 22.0...
elapsed (s): 8.585789442062378
processing batch of abstracts...
elapsed: 398.1194198131561
writing embeddings to csv file...
elapsed: 7.8255250453948975
embedding subchunk number 23.0...
elapsed (s): 8.057303667068481
processing batch of abstracts...
elapsed: 473.36134338378906
writing embeddings to csv file...
elapsed: 7.882931232452393
embedding subchunk number 24.0...
elapsed (s): 8.079524993896484
processing batch of abstracts...
elapsed: 431.94506454467773
writing embeddings to csv file...
elapsed: 7.872360944747925
embedding subchunk number 25.0...
elapsed (s): 8.187098741531372
processing batch of abstracts...
elapsed: 493.99346923828125
writing embeddings to csv file...
elapsed: 7.901787757873535
embedding subchunk number 26.0...
elapsed (s): 8.123734712600708
processing batch of abstracts...
elapsed: 512.5371520519257
writing embeddings to csv file...
elapsed: 8.023865938186646
embedding subchunk number 27.0...
elapsed (s): 8.28165888786316
processing batch of abstracts...
elapsed: 542.8728477954865
writing embeddings to csv file...
elapsed: 7.94481348991394
embedding subchunk number 28.0...
elapsed (s): 8.164475440979004
processing batch of abstracts...
elapsed: 475.944708108902
writing embeddings to csv file...
elapsed: 7.905266523361206
embedding subchunk number 29.0...
elapsed (s): 8.115654706954956
processing batch of abstracts...
elapsed: 473.6268358230591
writing embeddings to csv file...
elapsed: 8.143362998962402
embedding subchunk number 30.0...
elapsed (s): 8.402701139450073
processing batch of abstracts...
elapsed: 540.3497669696808
writing embeddings to csv file...
elapsed: 7.9276039600372314
embedding subchunk number 31.0...
elapsed (s): 8.173265933990479
processing batch of abstracts...
elapsed: 477.6266508102417
writing embeddings to csv file...
elapsed: 7.934976816177368
embedding subchunk number 32.0...
elapsed (s): 8.092776536941528
processing batch of abstracts...
elapsed: 312.5945346355438
writing embeddings to csv file...
elapsed: 8.142714977264404
embedding subchunk number 33.0...
elapsed (s): 8.338279485702515
processing batch of abstracts...
elapsed: 385.508492231369
writing embeddings to csv file...
elapsed: 7.830617666244507
embedding subchunk number 34.0...
elapsed (s): 8.063134670257568
processing batch of abstracts...
elapsed: 469.72955083847046
writing embeddings to csv file...
elapsed: 7.849905490875244
embedding subchunk number 35.0...
elapsed (s): 8.091062784194946
processing batch of abstracts...
elapsed: 499.0687506198883
writing embeddings to csv file...
elapsed: 7.911548614501953
embedding subchunk number 36.0...
elapsed (s): 8.117413520812988
processing batch of abstracts...
elapsed: 391.7046687602997
writing embeddings to csv file...
elapsed: 7.90596604347229
embedding subchunk number 37.0...
elapsed (s): 8.160128116607666
processing batch of abstracts...
elapsed: 412.04656982421875
writing embeddings to csv file...
elapsed: 7.873348236083984
embedding subchunk number 38.0...
elapsed (s): 7.987058162689209
processing batch of abstracts...
elapsed: 301.342750787735
writing embeddings to csv file...
elapsed: 7.868058443069458
embedding subchunk number 39.0...
elapsed (s): 8.083278179168701
processing batch of abstracts...
elapsed: 330.5422978401184
writing embeddings to csv file...
elapsed: 8.318882465362549
embedding subchunk number 40.0...
elapsed (s): 8.577433586120605
processing batch of abstracts...
elapsed: 592.5750637054443
writing embeddings to csv file...
elapsed: 7.935395956039429
embedding subchunk number 41.0...
elapsed (s): 8.174324035644531
processing batch of abstracts...
elapsed: 576.5343554019928
writing embeddings to csv file...
elapsed: 7.887925863265991
embedding subchunk number 42.0...
elapsed (s): 8.141659259796143
processing batch of abstracts...
elapsed: 494.816477060318
writing embeddings to csv file...
elapsed: 7.929473161697388
embedding subchunk number 43.0...
elapsed (s): 8.14401125907898
processing batch of abstracts...
elapsed: 366.4667167663574
writing embeddings to csv file...
elapsed: 7.946414947509766
embedding subchunk number 44.0...
elapsed (s): 8.147342205047607
processing batch of abstracts...
elapsed: 388.29339122772217
writing embeddings to csv file...
elapsed: 7.884239435195923
embedding subchunk number 45.0...
elapsed (s): 8.04530930519104
processing batch of abstracts...
elapsed: 383.7100262641907
writing embeddings to csv file...
elapsed: 7.844371795654297
embedding subchunk number 46.0...
elapsed (s): 8.1093430519104
processing batch of abstracts...
elapsed: 311.5690710544586
writing embeddings to csv file...
elapsed: 7.872751474380493
embedding subchunk number 47.0...
elapsed (s): 8.024935007095337
processing batch of abstracts...
elapsed: 306.9499924182892
writing embeddings to csv file...
elapsed: 7.945561408996582
embedding subchunk number 48.0...
elapsed (s): 8.14139461517334
processing batch of abstracts...
elapsed: 282.3638126850128
writing embeddings to csv file...
elapsed: 7.9583189487457275
embedding subchunk number 49.0...
elapsed (s): 8.092776775360107
processing batch of abstracts...
elapsed: 320.78786039352417
writing embeddings to csv file...
elapsed: 7.9156670570373535
embedding subchunk number 50.0...
elapsed (s): 8.183027982711792
processing batch of abstracts...
elapsed: 298.20937514305115
writing embeddings to csv file...
elapsed: 7.9473206996917725
embedding subchunk number 51.0...
elapsed (s): 8.08934760093689
processing batch of abstracts...
elapsed: 290.75178122520447
writing embeddings to csv file...
elapsed: 7.885926246643066
embedding subchunk number 52.0...
elapsed (s): 8.086855173110962
processing batch of abstracts...
elapsed: 381.94049525260925
writing embeddings to csv file...
elapsed: 8.349647760391235
embedding subchunk number 53.0...
elapsed (s): 8.425513982772827
processing batch of abstracts...
elapsed: 192.53754782676697
writing embeddings to csv file...
elapsed: 7.860695838928223
embedding subchunk number 54.0...
elapsed (s): 7.944715738296509
processing batch of abstracts...
elapsed: 141.85284805297852
writing embeddings to csv file...
elapsed: 7.816115617752075
embedding subchunk number 55.0...
elapsed (s): 7.970957040786743
processing batch of abstracts...
elapsed: 134.48847365379333
writing embeddings to csv file...
elapsed: 7.885743856430054
embedding subchunk number 56.0...
elapsed (s): 7.963473558425903
processing batch of abstracts...
elapsed: 86.34440851211548
writing embeddings to csv file...
elapsed: 7.8337273597717285
embedding subchunk number 57.0...
elapsed (s): 7.8664374351501465
processing batch of abstracts...
elapsed: 54.25677490234375
writing embeddings to csv file...
elapsed: 7.868732690811157
embedding subchunk number 58.0...
elapsed (s): 8.19188117980957
processing batch of abstracts...
elapsed: 372.59457063674927
writing embeddings to csv file...
elapsed: 7.912806510925293
embedding subchunk number 59.0...
elapsed (s): 8.158231735229492
processing batch of abstracts...
elapsed: 512.9133143424988
writing embeddings to csv file...
elapsed: 7.9077887535095215
