My SLURM_ARRAY_TASK_I:  5
Input arguments: ['./embed_pubmed__array_gpu_job.py', '5']
slurm array id: 5
GPU sanity checks: 
device ID: 0
<torch.cuda.device object at 0x7f5e809ba780>
N devices: 1
Tesla K80
is available? True
Spacy GPU? True
elapsed (s): 2.3926053047180176
embedding subchunk number 0.0...
elapsed (s): 0.1108999252319336
processing batch of abstracts...
elapsed: 5.769057035446167
writing embeddings to csv file...
elapsed: 0.01020193099975586
embedding subchunk number 1.0...
elapsed (s): 0.04433274269104004
processing batch of abstracts...
elapsed: 69.83501601219177
writing embeddings to csv file...
elapsed: 7.088862419128418
embedding subchunk number 2.0...
elapsed (s): 7.195078372955322
processing batch of abstracts...
elapsed: 129.0428454875946
writing embeddings to csv file...
elapsed: 7.103588104248047
embedding subchunk number 3.0...
elapsed (s): 7.29880428314209
processing batch of abstracts...
elapsed: 332.7040219306946
writing embeddings to csv file...
elapsed: 7.124099254608154
embedding subchunk number 4.0...
elapsed (s): 7.382432699203491
processing batch of abstracts...
elapsed: 429.552054643631
writing embeddings to csv file...
elapsed: 7.305999994277954
embedding subchunk number 5.0...
elapsed (s): 7.580670118331909
processing batch of abstracts...
elapsed: 513.2847204208374
writing embeddings to csv file...
elapsed: 7.474671363830566
embedding subchunk number 6.0...
elapsed (s): 7.654498338699341
processing batch of abstracts...
elapsed: 331.76843762397766
writing embeddings to csv file...
elapsed: 7.112335920333862
embedding subchunk number 7.0...
elapsed (s): 7.308495759963989
processing batch of abstracts...
elapsed: 294.86280274391174
writing embeddings to csv file...
elapsed: 7.419564247131348
embedding subchunk number 8.0...
elapsed (s): 7.636500120162964
processing batch of abstracts...
elapsed: 412.7895703315735
writing embeddings to csv file...
elapsed: 7.498118877410889
embedding subchunk number 9.0...
elapsed (s): 7.626900911331177
processing batch of abstracts...
elapsed: 303.5165159702301
writing embeddings to csv file...
elapsed: 7.770103216171265
embedding subchunk number 10.0...
elapsed (s): 8.025369644165039
processing batch of abstracts...
elapsed: 300.23740124702454
writing embeddings to csv file...
elapsed: 7.889174461364746
embedding subchunk number 11.0...
elapsed (s): 8.043488502502441
processing batch of abstracts...
elapsed: 308.0441768169403
writing embeddings to csv file...
elapsed: 7.925408840179443
embedding subchunk number 12.0...
elapsed (s): 8.188831329345703
processing batch of abstracts...
elapsed: 279.8715057373047
writing embeddings to csv file...
elapsed: 7.717185974121094
embedding subchunk number 13.0...
elapsed (s): 7.864100933074951
processing batch of abstracts...
elapsed: 266.9782085418701
writing embeddings to csv file...
elapsed: 7.335927724838257
embedding subchunk number 14.0...
elapsed (s): 7.505723714828491
processing batch of abstracts...
elapsed: 250.17970538139343
writing embeddings to csv file...
elapsed: 7.925112247467041
embedding subchunk number 15.0...
elapsed (s): 8.139047145843506
processing batch of abstracts...
elapsed: 278.67915415763855
writing embeddings to csv file...
elapsed: 7.381211280822754
embedding subchunk number 16.0...
elapsed (s): 7.628911256790161
processing batch of abstracts...
elapsed: 548.5635917186737
writing embeddings to csv file...
elapsed: 7.326330900192261
embedding subchunk number 17.0...
elapsed (s): 7.584588050842285
processing batch of abstracts...
elapsed: 445.4480037689209
writing embeddings to csv file...
elapsed: 7.487002611160278
embedding subchunk number 18.0...
elapsed (s): 7.750603199005127
processing batch of abstracts...
elapsed: 483.4823091030121
writing embeddings to csv file...
elapsed: 7.069977283477783
embedding subchunk number 19.0...
elapsed (s): 7.274442911148071
processing batch of abstracts...
elapsed: 493.0657560825348
writing embeddings to csv file...
elapsed: 7.133685827255249
embedding subchunk number 20.0...
elapsed (s): 7.359326124191284
processing batch of abstracts...
elapsed: 479.8475408554077
writing embeddings to csv file...
elapsed: 7.174980640411377
embedding subchunk number 21.0...
elapsed (s): 7.399510860443115
processing batch of abstracts...
elapsed: 490.32956624031067
writing embeddings to csv file...
elapsed: 7.209301710128784
embedding subchunk number 22.0...
elapsed (s): 7.441915273666382
processing batch of abstracts...
elapsed: 442.04544401168823
writing embeddings to csv file...
elapsed: 7.267041921615601
embedding subchunk number 23.0...
elapsed (s): 7.466917276382446
processing batch of abstracts...
elapsed: 476.31542778015137
writing embeddings to csv file...
elapsed: 7.382850646972656
embedding subchunk number 24.0...
elapsed (s): 7.694200038909912
processing batch of abstracts...
elapsed: 529.7501571178436
writing embeddings to csv file...
elapsed: 7.2036826610565186
embedding subchunk number 25.0...
elapsed (s): 7.500022888183594
processing batch of abstracts...
elapsed: 639.86057472229
writing embeddings to csv file...
elapsed: 7.378997564315796
embedding subchunk number 26.0...
elapsed (s): 7.605151176452637
processing batch of abstracts...
elapsed: 524.4317474365234
writing embeddings to csv file...
elapsed: 7.1418657302856445
embedding subchunk number 27.0...
elapsed (s): 7.296528100967407
processing batch of abstracts...
elapsed: 383.88439989089966
writing embeddings to csv file...
elapsed: 7.324470520019531
embedding subchunk number 28.0...
elapsed (s): 7.506964683532715
processing batch of abstracts...
elapsed: 289.6540377140045
writing embeddings to csv file...
elapsed: 7.158555030822754
embedding subchunk number 29.0...
elapsed (s): 7.339048385620117
processing batch of abstracts...
elapsed: 213.05677032470703
writing embeddings to csv file...
elapsed: 7.116401195526123
embedding subchunk number 30.0...
elapsed (s): 7.250569581985474
processing batch of abstracts...
elapsed: 213.32199263572693
writing embeddings to csv file...
elapsed: 7.20329475402832
embedding subchunk number 31.0...
elapsed (s): 7.332765102386475
processing batch of abstracts...
elapsed: 206.3975751399994
writing embeddings to csv file...
elapsed: 7.108588457107544
embedding subchunk number 32.0...
elapsed (s): 7.294911623001099
processing batch of abstracts...
elapsed: 209.38061547279358
writing embeddings to csv file...
elapsed: 7.126751184463501
embedding subchunk number 33.0...
elapsed (s): 7.316876411437988
processing batch of abstracts...
elapsed: 313.6361827850342
writing embeddings to csv file...
elapsed: 7.036885976791382
embedding subchunk number 34.0...
elapsed (s): 7.218735456466675
processing batch of abstracts...
elapsed: 429.1227240562439
writing embeddings to csv file...
elapsed: 7.108763933181763
embedding subchunk number 35.0...
elapsed (s): 7.3469648361206055
processing batch of abstracts...
elapsed: 564.8300850391388
writing embeddings to csv file...
elapsed: 7.096983432769775
embedding subchunk number 36.0...
elapsed (s): 7.326355934143066
processing batch of abstracts...
elapsed: 547.7125940322876
writing embeddings to csv file...
elapsed: 7.180736780166626
embedding subchunk number 37.0...
elapsed (s): 7.279201507568359
processing batch of abstracts...
elapsed: 329.45237159729004
writing embeddings to csv file...
elapsed: 7.266941785812378
embedding subchunk number 38.0...
elapsed (s): 7.42801308631897
processing batch of abstracts...
elapsed: 285.0928764343262
writing embeddings to csv file...
elapsed: 7.186051845550537
embedding subchunk number 39.0...
elapsed (s): 7.400746822357178
processing batch of abstracts...
elapsed: 505.8213131427765
writing embeddings to csv file...
elapsed: 7.291198015213013
embedding subchunk number 40.0...
elapsed (s): 7.522738218307495
processing batch of abstracts...
elapsed: 598.0067453384399
writing embeddings to csv file...
elapsed: 7.157867431640625
embedding subchunk number 41.0...
elapsed (s): 7.4131550788879395
processing batch of abstracts...
elapsed: 543.297226190567
writing embeddings to csv file...
elapsed: 7.191115856170654
embedding subchunk number 42.0...
elapsed (s): 7.388119697570801
processing batch of abstracts...
elapsed: 409.4654257297516
writing embeddings to csv file...
elapsed: 7.1557297706604
embedding subchunk number 43.0...
elapsed (s): 7.336215257644653
processing batch of abstracts...
elapsed: 378.3963985443115
writing embeddings to csv file...
elapsed: 7.118588209152222
embedding subchunk number 44.0...
elapsed (s): 7.425355434417725
processing batch of abstracts...
elapsed: 396.993145942688
writing embeddings to csv file...
elapsed: 7.228395462036133
embedding subchunk number 45.0...
elapsed (s): 7.395157098770142
processing batch of abstracts...
elapsed: 307.6321976184845
writing embeddings to csv file...
elapsed: 7.15826153755188
embedding subchunk number 46.0...
elapsed (s): 7.334147691726685
processing batch of abstracts...
elapsed: 294.1539132595062
writing embeddings to csv file...
elapsed: 7.058639287948608
embedding subchunk number 47.0...
elapsed (s): 7.2445056438446045
processing batch of abstracts...
elapsed: 306.3285291194916
writing embeddings to csv file...
elapsed: 7.084540128707886
embedding subchunk number 48.0...
elapsed (s): 7.329744577407837
processing batch of abstracts...
elapsed: 455.18472361564636
writing embeddings to csv file...
elapsed: 7.1975579261779785
embedding subchunk number 49.0...
elapsed (s): 7.448694705963135
processing batch of abstracts...
elapsed: 515.0717689990997
writing embeddings to csv file...
elapsed: 7.251370906829834
embedding subchunk number 50.0...
elapsed (s): 7.492783546447754
processing batch of abstracts...
elapsed: 495.4522750377655
writing embeddings to csv file...
elapsed: 7.141863107681274
embedding subchunk number 51.0...
elapsed (s): 7.332430124282837
processing batch of abstracts...
elapsed: 342.0620024204254
writing embeddings to csv file...
elapsed: 7.094074487686157
embedding subchunk number 52.0...
elapsed (s): 7.319499969482422
processing batch of abstracts...
elapsed: 440.1470892429352
writing embeddings to csv file...
elapsed: 7.196028470993042
embedding subchunk number 53.0...
elapsed (s): 7.388495206832886
processing batch of abstracts...
elapsed: 425.61229252815247
writing embeddings to csv file...
elapsed: 7.1794373989105225
embedding subchunk number 54.0...
elapsed (s): 7.407743692398071
processing batch of abstracts...
elapsed: 423.3068747520447
writing embeddings to csv file...
elapsed: 7.1717529296875
embedding subchunk number 55.0...
elapsed (s): 7.427088737487793
processing batch of abstracts...
elapsed: 434.53494572639465
writing embeddings to csv file...
elapsed: 7.762144088745117
embedding subchunk number 56.0...
elapsed (s): 7.97043776512146
processing batch of abstracts...
elapsed: 431.8531048297882
writing embeddings to csv file...
elapsed: 7.150024652481079
embedding subchunk number 57.0...
elapsed (s): 7.326667070388794
processing batch of abstracts...
elapsed: 410.93703603744507
writing embeddings to csv file...
elapsed: 7.093192100524902
embedding subchunk number 58.0...
elapsed (s): 7.369821310043335
processing batch of abstracts...
elapsed: 407.2595736980438
writing embeddings to csv file...
elapsed: 7.13487696647644
embedding subchunk number 59.0...
elapsed (s): 7.359589338302612
processing batch of abstracts...
elapsed: 541.2192533016205
writing embeddings to csv file...
elapsed: 7.297198534011841
