My SLURM_ARRAY_TASK_I:  19
Input arguments: ['./embed_pubmed__array_gpu_job.py', '19']
slurm array id: 19
GPU sanity checks: 
device ID: 0
<torch.cuda.device object at 0x7fbabca2d780>
N devices: 1
Tesla K80
is available? True
Spacy GPU? True
elapsed (s): 2.0640885829925537
embedding subchunk number 0.0...
elapsed (s): 0.0833122730255127
processing batch of abstracts...
elapsed: 0.9727764129638672
writing embeddings to csv file...
elapsed: 0.1751258373260498
embedding subchunk number 1.0...
elapsed (s): 0.3262977600097656
processing batch of abstracts...
elapsed: 473.9944107532501
writing embeddings to csv file...
elapsed: 7.695598363876343
embedding subchunk number 2.0...
elapsed (s): 7.8101911544799805
processing batch of abstracts...
elapsed: 468.75940775871277
writing embeddings to csv file...
elapsed: 7.794777870178223
embedding subchunk number 3.0...
elapsed (s): 8.036294221878052
processing batch of abstracts...
elapsed: 434.6723279953003
writing embeddings to csv file...
elapsed: 7.85209059715271
embedding subchunk number 4.0...
elapsed (s): 8.035643577575684
processing batch of abstracts...
elapsed: 449.0413987636566
writing embeddings to csv file...
elapsed: 7.595942735671997
embedding subchunk number 5.0...
elapsed (s): 7.9127037525177
processing batch of abstracts...
elapsed: 431.01565313339233
writing embeddings to csv file...
elapsed: 7.654299020767212
embedding subchunk number 6.0...
elapsed (s): 7.800610065460205
processing batch of abstracts...
elapsed: 454.1317632198334
writing embeddings to csv file...
elapsed: 7.586910247802734
embedding subchunk number 7.0...
elapsed (s): 7.866024494171143
processing batch of abstracts...
elapsed: 494.86816477775574
writing embeddings to csv file...
elapsed: 7.607129812240601
embedding subchunk number 8.0...
elapsed (s): 7.814537048339844
processing batch of abstracts...
elapsed: 548.3154172897339
writing embeddings to csv file...
elapsed: 7.627912282943726
embedding subchunk number 9.0...
elapsed (s): 7.9331817626953125
processing batch of abstracts...
elapsed: 586.5600411891937
writing embeddings to csv file...
elapsed: 7.683084726333618
embedding subchunk number 10.0...
elapsed (s): 7.909519672393799
processing batch of abstracts...
elapsed: 600.9631805419922
writing embeddings to csv file...
elapsed: 7.872302532196045
embedding subchunk number 11.0...
elapsed (s): 8.128210306167603
processing batch of abstracts...
elapsed: 658.2074418067932
writing embeddings to csv file...
elapsed: 7.837012052536011
embedding subchunk number 12.0...
elapsed (s): 8.129648447036743
processing batch of abstracts...
elapsed: 628.9162130355835
writing embeddings to csv file...
elapsed: 7.846071481704712
embedding subchunk number 13.0...
elapsed (s): 8.10001826286316
processing batch of abstracts...
elapsed: 624.6297926902771
writing embeddings to csv file...
elapsed: 7.794831037521362
embedding subchunk number 14.0...
elapsed (s): 8.042993307113647
processing batch of abstracts...
elapsed: 652.8187265396118
writing embeddings to csv file...
elapsed: 7.860208749771118
embedding subchunk number 15.0...
elapsed (s): 8.088360786437988
processing batch of abstracts...
elapsed: 610.2315404415131
writing embeddings to csv file...
elapsed: 8.052692890167236
embedding subchunk number 16.0...
elapsed (s): 8.43298602104187
processing batch of abstracts...
elapsed: 650.7706298828125
writing embeddings to csv file...
elapsed: 7.856266021728516
embedding subchunk number 17.0...
elapsed (s): 8.15943455696106
processing batch of abstracts...
elapsed: 618.3564147949219
writing embeddings to csv file...
elapsed: 8.0103018283844
embedding subchunk number 18.0...
elapsed (s): 8.213732957839966
processing batch of abstracts...
elapsed: 601.6146852970123
writing embeddings to csv file...
elapsed: 7.834164619445801
embedding subchunk number 19.0...
elapsed (s): 8.086509943008423
processing batch of abstracts...
elapsed: 614.7491302490234
writing embeddings to csv file...
elapsed: 7.844150066375732
embedding subchunk number 20.0...
elapsed (s): 8.011953830718994
processing batch of abstracts...
elapsed: 581.1779444217682
writing embeddings to csv file...
elapsed: 7.916729688644409
embedding subchunk number 21.0...
elapsed (s): 8.193398475646973
processing batch of abstracts...
elapsed: 503.2329730987549
writing embeddings to csv file...
elapsed: 7.934475660324097
embedding subchunk number 22.0...
elapsed (s): 8.154860496520996
processing batch of abstracts...
elapsed: 483.1452956199646
writing embeddings to csv file...
elapsed: 7.768272876739502
embedding subchunk number 23.0...
elapsed (s): 8.049352407455444
processing batch of abstracts...
elapsed: 436.92423129081726
writing embeddings to csv file...
elapsed: 7.8602423667907715
embedding subchunk number 24.0...
elapsed (s): 8.084843158721924
processing batch of abstracts...
elapsed: 434.1757733821869
writing embeddings to csv file...
elapsed: 7.728292226791382
embedding subchunk number 25.0...
elapsed (s): 7.966189861297607
processing batch of abstracts...
elapsed: 430.69711542129517
writing embeddings to csv file...
elapsed: 7.708949089050293
embedding subchunk number 26.0...
elapsed (s): 7.934617757797241
processing batch of abstracts...
elapsed: 423.67118763923645
writing embeddings to csv file...
elapsed: 7.541083335876465
embedding subchunk number 27.0...
elapsed (s): 7.7526655197143555
processing batch of abstracts...
elapsed: 330.2679440975189
writing embeddings to csv file...
elapsed: 7.7198638916015625
embedding subchunk number 28.0...
elapsed (s): 7.9061620235443115
processing batch of abstracts...
elapsed: 452.26864671707153
writing embeddings to csv file...
elapsed: 7.586563587188721
embedding subchunk number 29.0...
elapsed (s): 7.816854000091553
processing batch of abstracts...
elapsed: 479.74850511550903
writing embeddings to csv file...
elapsed: 7.572667360305786
embedding subchunk number 30.0...
elapsed (s): 7.647830963134766
processing batch of abstracts...
elapsed: 277.77816939353943
writing embeddings to csv file...
elapsed: 7.6678786277771
embedding subchunk number 31.0...
elapsed (s): 7.870811223983765
processing batch of abstracts...
elapsed: 249.3373475074768
writing embeddings to csv file...
elapsed: 7.524095296859741
embedding subchunk number 32.0...
elapsed (s): 7.702402114868164
processing batch of abstracts...
elapsed: 332.7909531593323
writing embeddings to csv file...
elapsed: 7.9230828285217285
embedding subchunk number 33.0...
elapsed (s): 8.178776979446411
processing batch of abstracts...
elapsed: 196.24435234069824
writing embeddings to csv file...
elapsed: 7.226703405380249
embedding subchunk number 34.0...
elapsed (s): 7.39006781578064
processing batch of abstracts...
elapsed: 210.77567076683044
writing embeddings to csv file...
elapsed: 7.044222116470337
embedding subchunk number 35.0...
elapsed (s): 7.229204177856445
processing batch of abstracts...
elapsed: 200.13138675689697
writing embeddings to csv file...
elapsed: 7.073949813842773
embedding subchunk number 36.0...
elapsed (s): 7.237733602523804
processing batch of abstracts...
elapsed: 215.09071397781372
writing embeddings to csv file...
elapsed: 8.293653726577759
embedding subchunk number 37.0...
elapsed (s): 8.456923484802246
processing batch of abstracts...
elapsed: 251.64694666862488
writing embeddings to csv file...
elapsed: 7.346851110458374
embedding subchunk number 38.0...
elapsed (s): 7.595038652420044
processing batch of abstracts...
elapsed: 481.7254288196564
writing embeddings to csv file...
elapsed: 7.113658428192139
embedding subchunk number 39.0...
elapsed (s): 7.32193660736084
processing batch of abstracts...
elapsed: 434.1490008831024
writing embeddings to csv file...
elapsed: 7.129145622253418
embedding subchunk number 40.0...
elapsed (s): 7.309025526046753
processing batch of abstracts...
elapsed: 250.06722807884216
writing embeddings to csv file...
elapsed: 7.03925085067749
embedding subchunk number 41.0...
elapsed (s): 7.17232608795166
processing batch of abstracts...
elapsed: 234.9421031475067
writing embeddings to csv file...
elapsed: 7.105898857116699
embedding subchunk number 42.0...
elapsed (s): 7.254142761230469
processing batch of abstracts...
elapsed: 208.32356882095337
writing embeddings to csv file...
elapsed: 7.103845119476318
embedding subchunk number 43.0...
elapsed (s): 7.2410728931427
processing batch of abstracts...
elapsed: 242.9280812740326
writing embeddings to csv file...
elapsed: 7.639889478683472
embedding subchunk number 44.0...
elapsed (s): 7.7856481075286865
processing batch of abstracts...
elapsed: 243.91915154457092
writing embeddings to csv file...
elapsed: 7.070524215698242
embedding subchunk number 45.0...
elapsed (s): 7.273611783981323
processing batch of abstracts...
elapsed: 464.5988345146179
writing embeddings to csv file...
elapsed: 7.135606050491333
embedding subchunk number 46.0...
elapsed (s): 7.394263744354248
processing batch of abstracts...
elapsed: 649.5071840286255
writing embeddings to csv file...
elapsed: 7.130145072937012
embedding subchunk number 47.0...
elapsed (s): 7.721489667892456
processing batch of abstracts...
elapsed: 564.0304591655731
writing embeddings to csv file...
elapsed: 7.205142498016357
embedding subchunk number 48.0...
elapsed (s): 7.466417074203491
processing batch of abstracts...
elapsed: 504.5839276313782
writing embeddings to csv file...
elapsed: 7.149759769439697
embedding subchunk number 49.0...
elapsed (s): 7.363265514373779
processing batch of abstracts...
elapsed: 493.14394330978394
writing embeddings to csv file...
elapsed: 7.2520928382873535
embedding subchunk number 50.0...
elapsed (s): 7.534308195114136
processing batch of abstracts...
elapsed: 547.7084348201752
writing embeddings to csv file...
elapsed: 7.1569740772247314
embedding subchunk number 51.0...
elapsed (s): 7.383235216140747
processing batch of abstracts...
elapsed: 546.3632590770721
writing embeddings to csv file...
elapsed: 7.087591171264648
embedding subchunk number 52.0...
elapsed (s): 7.298367977142334
processing batch of abstracts...
elapsed: 476.31483817100525
writing embeddings to csv file...
elapsed: 7.068303346633911
embedding subchunk number 53.0...
elapsed (s): 7.261482000350952
processing batch of abstracts...
elapsed: 459.878315448761
writing embeddings to csv file...
elapsed: 7.187771320343018
embedding subchunk number 54.0...
elapsed (s): 7.441502094268799
processing batch of abstracts...
elapsed: 479.50791239738464
writing embeddings to csv file...
elapsed: 7.344176769256592
embedding subchunk number 55.0...
elapsed (s): 7.57568097114563
processing batch of abstracts...
elapsed: 506.02990889549255
writing embeddings to csv file...
elapsed: 7.515239477157593
embedding subchunk number 56.0...
elapsed (s): 7.755205392837524
processing batch of abstracts...
elapsed: 525.0816562175751
writing embeddings to csv file...
elapsed: 7.202049016952515
embedding subchunk number 57.0...
elapsed (s): 7.4334986209869385
processing batch of abstracts...
elapsed: 564.8690032958984
writing embeddings to csv file...
elapsed: 7.20468544960022
embedding subchunk number 58.0...
elapsed (s): 7.503257989883423
processing batch of abstracts...
elapsed: 582.3880441188812
writing embeddings to csv file...
elapsed: 7.091441631317139
embedding subchunk number 59.0...
elapsed (s): 7.3585522174835205
processing batch of abstracts...
elapsed: 632.0722851753235
writing embeddings to csv file...
elapsed: 7.207517385482788
