My SLURM_ARRAY_TASK_I:  31
Input arguments: ['./embed_pubmed__array_gpu_job.py', '31']
slurm array id: 31
GPU sanity checks: 
device ID: 0
<torch.cuda.device object at 0x7f1fa637f2e8>
N devices: 1
Tesla K80
is available? True
Spacy GPU? True
elapsed (s): 1.8547642230987549
embedding subchunk number 0.0...
elapsed (s): 0.10420513153076172
processing batch of abstracts...
elapsed: 0.7218515872955322
writing embeddings to csv file...
elapsed: 0.007098197937011719
embedding subchunk number 1.0...
elapsed (s): 0.14706659317016602
processing batch of abstracts...
elapsed: 435.46048307418823
writing embeddings to csv file...
elapsed: 7.5947980880737305
embedding subchunk number 2.0...
elapsed (s): 7.728379964828491
processing batch of abstracts...
elapsed: 441.72633051872253
writing embeddings to csv file...
elapsed: 7.580726623535156
embedding subchunk number 3.0...
elapsed (s): 7.840686082839966
processing batch of abstracts...
elapsed: 428.16693329811096
writing embeddings to csv file...
elapsed: 7.513835430145264
embedding subchunk number 4.0...
elapsed (s): 7.6852686405181885
processing batch of abstracts...
elapsed: 404.1981427669525
writing embeddings to csv file...
elapsed: 7.451176404953003
embedding subchunk number 5.0...
elapsed (s): 7.5856287479400635
processing batch of abstracts...
elapsed: 183.5073368549347
writing embeddings to csv file...
elapsed: 7.499507665634155
embedding subchunk number 6.0...
elapsed (s): 7.532442569732666
processing batch of abstracts...
elapsed: 52.85563898086548
writing embeddings to csv file...
elapsed: 7.4486541748046875
embedding subchunk number 7.0...
elapsed (s): 7.515632390975952
processing batch of abstracts...
elapsed: 59.414236307144165
writing embeddings to csv file...
elapsed: 7.374420881271362
embedding subchunk number 8.0...
elapsed (s): 7.4315924644470215
processing batch of abstracts...
elapsed: 62.6104781627655
writing embeddings to csv file...
elapsed: 7.324855327606201
embedding subchunk number 9.0...
elapsed (s): 7.421719551086426
processing batch of abstracts...
elapsed: 56.67969489097595
writing embeddings to csv file...
elapsed: 7.32394552230835
embedding subchunk number 10.0...
elapsed (s): 7.611197233200073
processing batch of abstracts...
elapsed: 212.31777811050415
writing embeddings to csv file...
elapsed: 7.413271903991699
embedding subchunk number 11.0...
elapsed (s): 7.571930170059204
processing batch of abstracts...
elapsed: 272.2412428855896
writing embeddings to csv file...
elapsed: 7.391120672225952
embedding subchunk number 12.0...
elapsed (s): 7.696388006210327
processing batch of abstracts...
elapsed: 308.7480933666229
writing embeddings to csv file...
elapsed: 7.4075703620910645
embedding subchunk number 13.0...
elapsed (s): 7.583235263824463
processing batch of abstracts...
elapsed: 369.28148674964905
writing embeddings to csv file...
elapsed: 7.400362014770508
embedding subchunk number 14.0...
elapsed (s): 7.636708498001099
processing batch of abstracts...
elapsed: 380.4185664653778
writing embeddings to csv file...
elapsed: 7.509494304656982
embedding subchunk number 15.0...
elapsed (s): 7.722534656524658
processing batch of abstracts...
elapsed: 473.582150220871
writing embeddings to csv file...
elapsed: 7.453696966171265
embedding subchunk number 16.0...
elapsed (s): 7.857310056686401
processing batch of abstracts...
elapsed: 444.1852638721466
writing embeddings to csv file...
elapsed: 7.52170205116272
embedding subchunk number 17.0...
elapsed (s): 7.761659383773804
processing batch of abstracts...
elapsed: 536.4580290317535
writing embeddings to csv file...
elapsed: 7.596951007843018
embedding subchunk number 18.0...
elapsed (s): 7.825879335403442
processing batch of abstracts...
elapsed: 530.6847066879272
writing embeddings to csv file...
elapsed: 7.406782627105713
embedding subchunk number 19.0...
elapsed (s): 7.78102970123291
processing batch of abstracts...
elapsed: 599.319052696228
writing embeddings to csv file...
elapsed: 7.634555816650391
embedding subchunk number 20.0...
elapsed (s): 7.837642669677734
processing batch of abstracts...
elapsed: 557.4394638538361
writing embeddings to csv file...
elapsed: 7.482707977294922
embedding subchunk number 21.0...
elapsed (s): 7.748638391494751
processing batch of abstracts...
elapsed: 549.0649697780609
writing embeddings to csv file...
elapsed: 7.258901119232178
embedding subchunk number 22.0...
elapsed (s): 7.491832971572876
processing batch of abstracts...
elapsed: 541.4493474960327
writing embeddings to csv file...
elapsed: 7.173768997192383
embedding subchunk number 23.0...
elapsed (s): 7.454822540283203
processing batch of abstracts...
elapsed: 535.5748536586761
writing embeddings to csv file...
elapsed: 7.1650190353393555
embedding subchunk number 24.0...
elapsed (s): 7.381120204925537
processing batch of abstracts...
elapsed: 545.6896560192108
writing embeddings to csv file...
elapsed: 7.124063491821289
embedding subchunk number 25.0...
elapsed (s): 7.4057488441467285
processing batch of abstracts...
elapsed: 519.6363794803619
writing embeddings to csv file...
elapsed: 7.208014249801636
embedding subchunk number 26.0...
elapsed (s): 7.523393392562866
processing batch of abstracts...
elapsed: 542.9769847393036
writing embeddings to csv file...
elapsed: 7.111412048339844
embedding subchunk number 27.0...
elapsed (s): 7.36225700378418
processing batch of abstracts...
elapsed: 519.503014087677
writing embeddings to csv file...
elapsed: 7.1618812084198
embedding subchunk number 28.0...
elapsed (s): 7.395692348480225
processing batch of abstracts...
elapsed: 541.1623978614807
writing embeddings to csv file...
elapsed: 7.282970190048218
embedding subchunk number 29.0...
elapsed (s): 7.578815221786499
processing batch of abstracts...
elapsed: 590.3024482727051
writing embeddings to csv file...
elapsed: 7.182349443435669
embedding subchunk number 30.0...
elapsed (s): 7.465811729431152
processing batch of abstracts...
elapsed: 604.2488672733307
writing embeddings to csv file...
elapsed: 7.154021739959717
embedding subchunk number 31.0...
elapsed (s): 7.366578102111816
processing batch of abstracts...
elapsed: 429.9049687385559
writing embeddings to csv file...
elapsed: 7.112496852874756
embedding subchunk number 32.0...
elapsed (s): 7.2816290855407715
processing batch of abstracts...
elapsed: 374.7891445159912
writing embeddings to csv file...
elapsed: 7.129631757736206
embedding subchunk number 33.0...
elapsed (s): 7.347389221191406
processing batch of abstracts...
elapsed: 393.46719336509705
writing embeddings to csv file...
elapsed: 7.262487173080444
embedding subchunk number 34.0...
elapsed (s): 7.50441312789917
processing batch of abstracts...
elapsed: 428.3131539821625
writing embeddings to csv file...
elapsed: 7.1267409324646
embedding subchunk number 35.0...
elapsed (s): 7.354669094085693
processing batch of abstracts...
elapsed: 392.2985701560974
writing embeddings to csv file...
elapsed: 7.1503987312316895
embedding subchunk number 36.0...
elapsed (s): 7.3193652629852295
processing batch of abstracts...
elapsed: 334.44558930397034
writing embeddings to csv file...
elapsed: 7.217622995376587
embedding subchunk number 37.0...
elapsed (s): 7.523648500442505
processing batch of abstracts...
elapsed: 334.00147342681885
writing embeddings to csv file...
elapsed: 7.089128255844116
embedding subchunk number 38.0...
elapsed (s): 7.249018669128418
processing batch of abstracts...
elapsed: 291.06933879852295
writing embeddings to csv file...
elapsed: 7.1228721141815186
embedding subchunk number 39.0...
elapsed (s): 7.281556606292725
processing batch of abstracts...
elapsed: 211.73366928100586
writing embeddings to csv file...
elapsed: 7.070266008377075
embedding subchunk number 40.0...
elapsed (s): 7.291738748550415
processing batch of abstracts...
elapsed: 202.9682445526123
writing embeddings to csv file...
elapsed: 7.0886452198028564
embedding subchunk number 41.0...
elapsed (s): 7.27935791015625
processing batch of abstracts...
elapsed: 182.7443869113922
writing embeddings to csv file...
elapsed: 7.067608118057251
embedding subchunk number 42.0...
elapsed (s): 7.199310302734375
processing batch of abstracts...
elapsed: 205.15462613105774
writing embeddings to csv file...
elapsed: 7.068730354309082
embedding subchunk number 43.0...
elapsed (s): 7.291832447052002
processing batch of abstracts...
elapsed: 192.38201069831848
writing embeddings to csv file...
elapsed: 7.066696405410767
embedding subchunk number 44.0...
elapsed (s): 7.275973081588745
processing batch of abstracts...
elapsed: 234.1336362361908
writing embeddings to csv file...
elapsed: 7.153403997421265
embedding subchunk number 45.0...
elapsed (s): 7.189081907272339
processing batch of abstracts...
elapsed: 54.059563875198364
writing embeddings to csv file...
elapsed: 7.07769775390625
embedding subchunk number 46.0...
elapsed (s): 7.105935573577881
processing batch of abstracts...
elapsed: 46.77608370780945
writing embeddings to csv file...
elapsed: 7.03431248664856
embedding subchunk number 47.0...
elapsed (s): 7.162667751312256
processing batch of abstracts...
elapsed: 209.1219608783722
writing embeddings to csv file...
elapsed: 7.0641045570373535
embedding subchunk number 48.0...
elapsed (s): 7.277091979980469
processing batch of abstracts...
elapsed: 250.77899479866028
writing embeddings to csv file...
elapsed: 7.053181886672974
embedding subchunk number 49.0...
elapsed (s): 7.234647274017334
processing batch of abstracts...
elapsed: 300.75642681121826
writing embeddings to csv file...
elapsed: 7.0958123207092285
embedding subchunk number 50.0...
elapsed (s): 7.370957612991333
processing batch of abstracts...
elapsed: 485.70932817459106
writing embeddings to csv file...
elapsed: 7.0995588302612305
embedding subchunk number 51.0...
elapsed (s): 7.343662977218628
processing batch of abstracts...
elapsed: 504.4333653450012
writing embeddings to csv file...
elapsed: 7.128260850906372
embedding subchunk number 52.0...
elapsed (s): 7.3662073612213135
processing batch of abstracts...
elapsed: 502.25767755508423
writing embeddings to csv file...
elapsed: 7.4666948318481445
embedding subchunk number 53.0...
elapsed (s): 7.753617763519287
processing batch of abstracts...
elapsed: 509.5643289089203
writing embeddings to csv file...
elapsed: 7.118702173233032
embedding subchunk number 54.0...
elapsed (s): 7.337742328643799
processing batch of abstracts...
elapsed: 433.8281846046448
writing embeddings to csv file...
elapsed: 7.110391616821289
embedding subchunk number 55.0...
elapsed (s): 7.329172372817993
processing batch of abstracts...
elapsed: 369.62056255340576
writing embeddings to csv file...
elapsed: 7.147575855255127
embedding subchunk number 56.0...
elapsed (s): 7.357676982879639
processing batch of abstracts...
elapsed: 357.6822326183319
writing embeddings to csv file...
elapsed: 7.152465581893921
embedding subchunk number 57.0...
elapsed (s): 7.364075183868408
processing batch of abstracts...
elapsed: 422.75851130485535
writing embeddings to csv file...
elapsed: 7.1130383014678955
embedding subchunk number 58.0...
elapsed (s): 7.5513832569122314
processing batch of abstracts...
elapsed: 507.1285619735718
writing embeddings to csv file...
elapsed: 7.069494962692261
embedding subchunk number 59.0...
elapsed (s): 7.315563917160034
processing batch of abstracts...
elapsed: 555.890527009964
writing embeddings to csv file...
elapsed: 7.059283971786499
