My SLURM_ARRAY_TASK_I:  25
Input arguments: ['./embed_pubmed__array_gpu_job.py', '25']
slurm array id: 25
GPU sanity checks: 
device ID: 0
<torch.cuda.device object at 0x7f6a2e596470>
N devices: 1
Tesla K80
is available? True
Spacy GPU? True
elapsed (s): 1.957226276397705
embedding subchunk number 0.0...
elapsed (s): 0.0481264591217041
processing batch of abstracts...
elapsed: 0.6706578731536865
writing embeddings to csv file...
elapsed: 0.006352424621582031
embedding subchunk number 1.0...
elapsed (s): 0.1851210594177246
processing batch of abstracts...
elapsed: 570.1394398212433
writing embeddings to csv file...
elapsed: 7.6970226764678955
embedding subchunk number 2.0...
elapsed (s): 7.829646825790405
processing batch of abstracts...
elapsed: 522.4625985622406
writing embeddings to csv file...
elapsed: 7.740878343582153
embedding subchunk number 3.0...
elapsed (s): 8.002273082733154
processing batch of abstracts...
elapsed: 473.00798630714417
writing embeddings to csv file...
elapsed: 7.647205591201782
embedding subchunk number 4.0...
elapsed (s): 7.853687047958374
processing batch of abstracts...
elapsed: 461.2926163673401
writing embeddings to csv file...
elapsed: 7.9774391651153564
embedding subchunk number 5.0...
elapsed (s): 8.226837158203125
processing batch of abstracts...
elapsed: 507.5968554019928
writing embeddings to csv file...
elapsed: 7.7618865966796875
embedding subchunk number 6.0...
elapsed (s): 7.974533796310425
processing batch of abstracts...
elapsed: 487.4591660499573
writing embeddings to csv file...
elapsed: 7.763298749923706
embedding subchunk number 7.0...
elapsed (s): 8.006933212280273
processing batch of abstracts...
elapsed: 505.0950016975403
writing embeddings to csv file...
elapsed: 7.705560207366943
embedding subchunk number 8.0...
elapsed (s): 7.843864917755127
processing batch of abstracts...
elapsed: 426.11482310295105
writing embeddings to csv file...
elapsed: 7.71837306022644
embedding subchunk number 9.0...
elapsed (s): 7.988437175750732
processing batch of abstracts...
elapsed: 530.7440044879913
writing embeddings to csv file...
elapsed: 7.713574647903442
embedding subchunk number 10.0...
elapsed (s): 7.943579912185669
processing batch of abstracts...
elapsed: 641.5806066989899
writing embeddings to csv file...
elapsed: 7.726079225540161
embedding subchunk number 11.0...
elapsed (s): 8.00229263305664
processing batch of abstracts...
elapsed: 649.9168484210968
writing embeddings to csv file...
elapsed: 7.548252105712891
embedding subchunk number 12.0...
elapsed (s): 7.635175704956055
processing batch of abstracts...
elapsed: 304.17086601257324
writing embeddings to csv file...
elapsed: 7.586915731430054
embedding subchunk number 13.0...
elapsed (s): 7.6898863315582275
processing batch of abstracts...
elapsed: 210.4997148513794
writing embeddings to csv file...
elapsed: 7.743234157562256
embedding subchunk number 14.0...
elapsed (s): 7.851719379425049
processing batch of abstracts...
elapsed: 96.47397565841675
writing embeddings to csv file...
elapsed: 7.523769378662109
embedding subchunk number 15.0...
elapsed (s): 7.696861743927002
processing batch of abstracts...
elapsed: 306.2105059623718
writing embeddings to csv file...
elapsed: 7.711509466171265
embedding subchunk number 16.0...
elapsed (s): 7.90430212020874
processing batch of abstracts...
elapsed: 379.0491955280304
writing embeddings to csv file...
elapsed: 8.257388830184937
embedding subchunk number 17.0...
elapsed (s): 8.548797369003296
processing batch of abstracts...
elapsed: 515.4466063976288
writing embeddings to csv file...
elapsed: 7.913570880889893
embedding subchunk number 18.0...
elapsed (s): 8.142390012741089
processing batch of abstracts...
elapsed: 537.0944945812225
writing embeddings to csv file...
elapsed: 7.535833120346069
embedding subchunk number 19.0...
elapsed (s): 7.729808807373047
processing batch of abstracts...
elapsed: 368.68602776527405
writing embeddings to csv file...
elapsed: 7.5156073570251465
embedding subchunk number 20.0...
elapsed (s): 7.770991325378418
processing batch of abstracts...
elapsed: 449.89781498908997
writing embeddings to csv file...
elapsed: 7.733429193496704
embedding subchunk number 21.0...
elapsed (s): 7.989004135131836
processing batch of abstracts...
elapsed: 449.1760063171387
writing embeddings to csv file...
elapsed: 7.572904109954834
embedding subchunk number 22.0...
elapsed (s): 7.823915004730225
processing batch of abstracts...
elapsed: 411.58862495422363
writing embeddings to csv file...
elapsed: 7.576533555984497
embedding subchunk number 23.0...
elapsed (s): 7.8242409229278564
processing batch of abstracts...
elapsed: 501.3757972717285
writing embeddings to csv file...
elapsed: 7.582622289657593
embedding subchunk number 24.0...
elapsed (s): 7.7727978229522705
processing batch of abstracts...
elapsed: 439.41129541397095
writing embeddings to csv file...
elapsed: 7.361394166946411
embedding subchunk number 25.0...
elapsed (s): 7.5839385986328125
processing batch of abstracts...
elapsed: 355.1464636325836
writing embeddings to csv file...
elapsed: 7.37821888923645
embedding subchunk number 26.0...
elapsed (s): 7.546201705932617
processing batch of abstracts...
elapsed: 363.87364387512207
writing embeddings to csv file...
elapsed: 7.344797849655151
embedding subchunk number 27.0...
elapsed (s): 7.579049348831177
processing batch of abstracts...
elapsed: 349.6234481334686
writing embeddings to csv file...
elapsed: 7.492063760757446
embedding subchunk number 28.0...
elapsed (s): 7.631338596343994
processing batch of abstracts...
elapsed: 334.894161939621
writing embeddings to csv file...
elapsed: 7.300067186355591
embedding subchunk number 29.0...
elapsed (s): 7.4785356521606445
processing batch of abstracts...
elapsed: 280.43004631996155
writing embeddings to csv file...
elapsed: 7.269710063934326
embedding subchunk number 30.0...
elapsed (s): 7.41089391708374
processing batch of abstracts...
elapsed: 338.18521332740784
writing embeddings to csv file...
elapsed: 7.821152687072754
embedding subchunk number 31.0...
elapsed (s): 8.09500002861023
processing batch of abstracts...
elapsed: 568.8490817546844
writing embeddings to csv file...
elapsed: 7.393429279327393
embedding subchunk number 32.0...
elapsed (s): 7.593836545944214
processing batch of abstracts...
elapsed: 559.1956970691681
writing embeddings to csv file...
elapsed: 7.641819715499878
embedding subchunk number 33.0...
elapsed (s): 7.904985666275024
processing batch of abstracts...
elapsed: 527.48792552948
writing embeddings to csv file...
elapsed: 7.275686264038086
embedding subchunk number 34.0...
elapsed (s): 7.458616256713867
processing batch of abstracts...
elapsed: 524.0352456569672
writing embeddings to csv file...
elapsed: 7.293159246444702
embedding subchunk number 35.0...
elapsed (s): 7.569154739379883
processing batch of abstracts...
elapsed: 536.1434857845306
writing embeddings to csv file...
elapsed: 7.304577112197876
embedding subchunk number 36.0...
elapsed (s): 7.453027963638306
processing batch of abstracts...
elapsed: 526.3365018367767
writing embeddings to csv file...
elapsed: 7.7746734619140625
embedding subchunk number 37.0...
elapsed (s): 8.078311443328857
processing batch of abstracts...
elapsed: 539.500580072403
writing embeddings to csv file...
elapsed: 7.49181056022644
embedding subchunk number 38.0...
elapsed (s): 7.6802778244018555
processing batch of abstracts...
elapsed: 490.6992926597595
writing embeddings to csv file...
elapsed: 7.636981964111328
embedding subchunk number 39.0...
elapsed (s): 7.875936031341553
processing batch of abstracts...
elapsed: 488.78733134269714
writing embeddings to csv file...
elapsed: 7.215941667556763
embedding subchunk number 40.0...
elapsed (s): 7.361170291900635
processing batch of abstracts...
elapsed: 488.5237395763397
writing embeddings to csv file...
elapsed: 7.337343692779541
embedding subchunk number 41.0...
elapsed (s): 7.589849233627319
processing batch of abstracts...
elapsed: 509.7868161201477
writing embeddings to csv file...
elapsed: 7.314083576202393
embedding subchunk number 42.0...
elapsed (s): 7.470053434371948
processing batch of abstracts...
elapsed: 507.0158181190491
writing embeddings to csv file...
elapsed: 7.36757755279541
embedding subchunk number 43.0...
elapsed (s): 7.643669128417969
processing batch of abstracts...
elapsed: 605.6366596221924
writing embeddings to csv file...
elapsed: 7.64159083366394
embedding subchunk number 44.0...
elapsed (s): 7.8058412075042725
processing batch of abstracts...
elapsed: 555.9380483627319
writing embeddings to csv file...
elapsed: 7.535429954528809
embedding subchunk number 45.0...
elapsed (s): 7.775351524353027
processing batch of abstracts...
elapsed: 529.0892069339752
writing embeddings to csv file...
elapsed: 7.182960271835327
embedding subchunk number 46.0...
elapsed (s): 7.422376871109009
processing batch of abstracts...
elapsed: 580.1070692539215
writing embeddings to csv file...
elapsed: 7.481082201004028
embedding subchunk number 47.0...
elapsed (s): 7.801601409912109
processing batch of abstracts...
elapsed: 623.6741559505463
writing embeddings to csv file...
elapsed: 7.6406800746917725
embedding subchunk number 48.0...
elapsed (s): 7.874133110046387
processing batch of abstracts...
elapsed: 591.7417073249817
writing embeddings to csv file...
elapsed: 7.169785022735596
embedding subchunk number 49.0...
elapsed (s): 7.487669229507446
processing batch of abstracts...
elapsed: 567.0454177856445
writing embeddings to csv file...
elapsed: 7.3314666748046875
embedding subchunk number 50.0...
elapsed (s): 7.59767746925354
processing batch of abstracts...
elapsed: 618.0452439785004
writing embeddings to csv file...
elapsed: 7.213365793228149
embedding subchunk number 51.0...
elapsed (s): 7.4840967655181885
processing batch of abstracts...
elapsed: 586.3585364818573
writing embeddings to csv file...
elapsed: 7.282640218734741
embedding subchunk number 52.0...
elapsed (s): 7.490567684173584
processing batch of abstracts...
elapsed: 581.5230708122253
writing embeddings to csv file...
elapsed: 7.237496614456177
embedding subchunk number 53.0...
elapsed (s): 7.592897176742554
processing batch of abstracts...
elapsed: 591.5209279060364
writing embeddings to csv file...
elapsed: 7.260181903839111
embedding subchunk number 54.0...
elapsed (s): 7.4886534214019775
processing batch of abstracts...
elapsed: 563.682853937149
writing embeddings to csv file...
elapsed: 7.48662543296814
embedding subchunk number 55.0...
elapsed (s): 7.792982578277588
processing batch of abstracts...
elapsed: 548.5544655323029
writing embeddings to csv file...
elapsed: 7.31964373588562
embedding subchunk number 56.0...
elapsed (s): 7.550196409225464
processing batch of abstracts...
elapsed: 567.7733480930328
writing embeddings to csv file...
elapsed: 7.7862770557403564
embedding subchunk number 57.0...
elapsed (s): 8.045748472213745
processing batch of abstracts...
elapsed: 547.5045704841614
writing embeddings to csv file...
elapsed: 7.229194402694702
embedding subchunk number 58.0...
elapsed (s): 7.417065620422363
processing batch of abstracts...
elapsed: 532.2961375713348
writing embeddings to csv file...
elapsed: 7.30923867225647
embedding subchunk number 59.0...
elapsed (s): 7.594807386398315
processing batch of abstracts...
elapsed: 514.4268012046814
writing embeddings to csv file...
elapsed: 7.395189523696899
