My SLURM_ARRAY_TASK_I:  36
Input arguments: ['./embed_pubmed__array_gpu_job.py', '36']
slurm array id: 36
GPU sanity checks: 
device ID: 0
<torch.cuda.device object at 0x7f9bac36a7b8>
N devices: 1
Tesla K80
is available? True
Spacy GPU? True
elapsed (s): 1.0822622776031494
embedding subchunk number 0.0...
elapsed (s): 0.05717897415161133
processing batch of abstracts...
elapsed: 0.3208329677581787
writing embeddings to csv file...
elapsed: 0.004361867904663086
embedding subchunk number 1.0...
elapsed (s): 0.1722414493560791
processing batch of abstracts...
elapsed: 603.1848845481873
writing embeddings to csv file...
elapsed: 7.120579481124878
embedding subchunk number 2.0...
elapsed (s): 7.252976417541504
processing batch of abstracts...
elapsed: 534.0124368667603
writing embeddings to csv file...
elapsed: 6.256533622741699
embedding subchunk number 3.0...
elapsed (s): 6.554364919662476
processing batch of abstracts...
elapsed: 590.2973515987396
writing embeddings to csv file...
elapsed: 7.081109285354614
embedding subchunk number 4.0...
elapsed (s): 7.317813158035278
processing batch of abstracts...
elapsed: 602.2833385467529
writing embeddings to csv file...
elapsed: 7.160571575164795
embedding subchunk number 5.0...
elapsed (s): 7.4635937213897705
processing batch of abstracts...
elapsed: 558.9637320041656
writing embeddings to csv file...
elapsed: 7.125141143798828
embedding subchunk number 6.0...
elapsed (s): 7.475034475326538
processing batch of abstracts...
elapsed: 580.1532049179077
writing embeddings to csv file...
elapsed: 7.153508901596069
embedding subchunk number 7.0...
elapsed (s): 7.370217561721802
processing batch of abstracts...
elapsed: 413.95107865333557
writing embeddings to csv file...
elapsed: 7.148088693618774
embedding subchunk number 8.0...
elapsed (s): 7.439539670944214
processing batch of abstracts...
elapsed: 561.5288569927216
writing embeddings to csv file...
elapsed: 7.229430913925171
embedding subchunk number 9.0...
elapsed (s): 7.319308280944824
processing batch of abstracts...
elapsed: 334.21889090538025
writing embeddings to csv file...
elapsed: 7.165193557739258
embedding subchunk number 10.0...
elapsed (s): 7.404252767562866
processing batch of abstracts...
elapsed: 493.32206201553345
writing embeddings to csv file...
elapsed: 7.057330131530762
embedding subchunk number 11.0...
elapsed (s): 7.270124673843384
processing batch of abstracts...
elapsed: 542.9461936950684
writing embeddings to csv file...
elapsed: 7.069943428039551
embedding subchunk number 12.0...
elapsed (s): 7.345146179199219
processing batch of abstracts...
elapsed: 593.7909126281738
writing embeddings to csv file...
elapsed: 7.107052803039551
embedding subchunk number 13.0...
elapsed (s): 7.342000484466553
processing batch of abstracts...
elapsed: 535.0546188354492
writing embeddings to csv file...
elapsed: 7.07658052444458
embedding subchunk number 14.0...
elapsed (s): 7.3084352016448975
processing batch of abstracts...
elapsed: 509.084844827652
writing embeddings to csv file...
elapsed: 7.076704502105713
embedding subchunk number 15.0...
elapsed (s): 7.249056577682495
processing batch of abstracts...
elapsed: 455.95967626571655
writing embeddings to csv file...
elapsed: 7.285131216049194
embedding subchunk number 16.0...
elapsed (s): 7.501751184463501
processing batch of abstracts...
elapsed: 390.661940574646
writing embeddings to csv file...
elapsed: 7.078806638717651
embedding subchunk number 17.0...
elapsed (s): 7.225445032119751
processing batch of abstracts...
elapsed: 393.4990692138672
writing embeddings to csv file...
elapsed: 7.172871351242065
embedding subchunk number 18.0...
elapsed (s): 7.42241096496582
processing batch of abstracts...
elapsed: 421.30297565460205
writing embeddings to csv file...
elapsed: 7.189485549926758
embedding subchunk number 19.0...
elapsed (s): 7.334977388381958
processing batch of abstracts...
elapsed: 391.0468125343323
writing embeddings to csv file...
elapsed: 7.086658239364624
embedding subchunk number 20.0...
elapsed (s): 7.411888599395752
processing batch of abstracts...
elapsed: 378.7811176776886
writing embeddings to csv file...
elapsed: 7.205973148345947
embedding subchunk number 21.0...
elapsed (s): 7.358672380447388
processing batch of abstracts...
elapsed: 372.0077950954437
writing embeddings to csv file...
elapsed: 7.084115982055664
embedding subchunk number 22.0...
elapsed (s): 7.304206371307373
processing batch of abstracts...
elapsed: 322.5399103164673
writing embeddings to csv file...
elapsed: 7.098513603210449
embedding subchunk number 23.0...
elapsed (s): 7.283216714859009
processing batch of abstracts...
elapsed: 346.0745015144348
writing embeddings to csv file...
elapsed: 7.130281209945679
embedding subchunk number 24.0...
elapsed (s): 7.306981086730957
processing batch of abstracts...
elapsed: 283.14490032196045
writing embeddings to csv file...
elapsed: 7.187111854553223
embedding subchunk number 25.0...
elapsed (s): 7.40090274810791
processing batch of abstracts...
elapsed: 408.89260363578796
writing embeddings to csv file...
elapsed: 7.108717203140259
embedding subchunk number 26.0...
elapsed (s): 7.406597852706909
processing batch of abstracts...
elapsed: 451.35703682899475
writing embeddings to csv file...
elapsed: 7.29312801361084
embedding subchunk number 27.0...
elapsed (s): 7.472647666931152
processing batch of abstracts...
elapsed: 436.48643469810486
writing embeddings to csv file...
elapsed: 7.190924882888794
embedding subchunk number 28.0...
elapsed (s): 7.514235258102417
processing batch of abstracts...
elapsed: 377.74048042297363
writing embeddings to csv file...
elapsed: 7.069373607635498
embedding subchunk number 29.0...
elapsed (s): 7.277238845825195
processing batch of abstracts...
elapsed: 402.2632546424866
writing embeddings to csv file...
elapsed: 7.070244073867798
embedding subchunk number 30.0...
elapsed (s): 7.2843077182769775
processing batch of abstracts...
elapsed: 415.100953578949
writing embeddings to csv file...
elapsed: 7.033679723739624
embedding subchunk number 31.0...
elapsed (s): 7.211870431900024
processing batch of abstracts...
elapsed: 400.8409016132355
writing embeddings to csv file...
elapsed: 7.14337682723999
embedding subchunk number 32.0...
elapsed (s): 7.421730041503906
processing batch of abstracts...
elapsed: 414.27641582489014
writing embeddings to csv file...
elapsed: 7.048731803894043
embedding subchunk number 33.0...
elapsed (s): 7.285583019256592
processing batch of abstracts...
elapsed: 482.7773892879486
writing embeddings to csv file...
elapsed: 7.15521240234375
embedding subchunk number 34.0...
elapsed (s): 7.619832754135132
processing batch of abstracts...
elapsed: 467.70340752601624
writing embeddings to csv file...
elapsed: 7.146032333374023
embedding subchunk number 35.0...
elapsed (s): 7.310760498046875
processing batch of abstracts...
elapsed: 448.78862619400024
writing embeddings to csv file...
elapsed: 7.057915925979614
embedding subchunk number 36.0...
elapsed (s): 7.2957680225372314
processing batch of abstracts...
elapsed: 460.06258726119995
writing embeddings to csv file...
elapsed: 7.07455587387085
embedding subchunk number 37.0...
elapsed (s): 7.251047849655151
processing batch of abstracts...
elapsed: 423.7283582687378
writing embeddings to csv file...
elapsed: 7.216617822647095
embedding subchunk number 38.0...
elapsed (s): 7.471936464309692
processing batch of abstracts...
elapsed: 531.1027681827545
writing embeddings to csv file...
elapsed: 7.133254528045654
embedding subchunk number 39.0...
elapsed (s): 7.2136008739471436
processing batch of abstracts...
elapsed: 297.48872470855713
writing embeddings to csv file...
elapsed: 7.451724529266357
embedding subchunk number 40.0...
elapsed (s): 7.558300495147705
processing batch of abstracts...
elapsed: 194.4458703994751
writing embeddings to csv file...
elapsed: 7.03079891204834
embedding subchunk number 41.0...
elapsed (s): 7.112926006317139
processing batch of abstracts...
elapsed: 62.50187134742737
writing embeddings to csv file...
elapsed: 7.103576421737671
embedding subchunk number 42.0...
elapsed (s): 7.277287483215332
processing batch of abstracts...
elapsed: 236.38061594963074
writing embeddings to csv file...
elapsed: 7.320661544799805
embedding subchunk number 43.0...
elapsed (s): 7.679237604141235
processing batch of abstracts...
elapsed: 502.4012062549591
writing embeddings to csv file...
elapsed: 7.128552675247192
embedding subchunk number 44.0...
elapsed (s): 7.393252849578857
processing batch of abstracts...
elapsed: 497.55628871917725
writing embeddings to csv file...
elapsed: 7.158000707626343
embedding subchunk number 45.0...
elapsed (s): 7.3715980052948
processing batch of abstracts...
elapsed: 476.0730822086334
writing embeddings to csv file...
elapsed: 7.057507753372192
embedding subchunk number 46.0...
elapsed (s): 7.287619590759277
processing batch of abstracts...
elapsed: 544.388680934906
writing embeddings to csv file...
elapsed: 7.162169456481934
embedding subchunk number 47.0...
elapsed (s): 7.55396294593811
processing batch of abstracts...
elapsed: 528.5043294429779
writing embeddings to csv file...
elapsed: 7.09554123878479
embedding subchunk number 48.0...
elapsed (s): 7.326113224029541
processing batch of abstracts...
elapsed: 492.24095487594604
writing embeddings to csv file...
elapsed: 7.047054767608643
embedding subchunk number 49.0...
elapsed (s): 7.352953195571899
processing batch of abstracts...
elapsed: 568.4395682811737
writing embeddings to csv file...
elapsed: 7.126891374588013
embedding subchunk number 50.0...
elapsed (s): 7.441903829574585
processing batch of abstracts...
elapsed: 639.2400832176208
writing embeddings to csv file...
elapsed: 7.107964038848877
embedding subchunk number 51.0...
elapsed (s): 7.322805643081665
processing batch of abstracts...
elapsed: 491.09497714042664
writing embeddings to csv file...
elapsed: 7.117307186126709
embedding subchunk number 52.0...
elapsed (s): 7.44976019859314
processing batch of abstracts...
elapsed: 395.57039761543274
writing embeddings to csv file...
elapsed: 7.121838331222534
embedding subchunk number 53.0...
elapsed (s): 7.351781129837036
processing batch of abstracts...
elapsed: 380.13170409202576
writing embeddings to csv file...
elapsed: 7.035614013671875
embedding subchunk number 54.0...
elapsed (s): 7.265087604522705
processing batch of abstracts...
elapsed: 374.95979833602905
writing embeddings to csv file...
elapsed: 7.035870552062988
embedding subchunk number 55.0...
elapsed (s): 7.221743822097778
processing batch of abstracts...
elapsed: 322.38474225997925
writing embeddings to csv file...
elapsed: 7.120029926300049
embedding subchunk number 56.0...
elapsed (s): 7.313513517379761
processing batch of abstracts...
elapsed: 330.0170748233795
writing embeddings to csv file...
elapsed: 7.121567487716675
embedding subchunk number 57.0...
elapsed (s): 7.336862087249756
processing batch of abstracts...
elapsed: 411.72076988220215
writing embeddings to csv file...
elapsed: 7.175980567932129
embedding subchunk number 58.0...
elapsed (s): 7.415684700012207
processing batch of abstracts...
elapsed: 488.37641286849976
writing embeddings to csv file...
elapsed: 7.0604729652404785
embedding subchunk number 59.0...
elapsed (s): 7.351201057434082
processing batch of abstracts...
elapsed: 519.2998561859131
writing embeddings to csv file...
elapsed: 7.068958759307861
