My SLURM_ARRAY_TASK_I:  11
Input arguments: ['./embed_pubmed__array_gpu_job.py', '11']
slurm array id: 11
GPU sanity checks: 
device ID: 0
<torch.cuda.device object at 0x7f77574997b8>
N devices: 1
Tesla K80
is available? True
Spacy GPU? True
elapsed (s): 1.1749508380889893
embedding subchunk number 0.0...
elapsed (s): 0.03981351852416992
processing batch of abstracts...
elapsed: 0.42099905014038086
writing embeddings to csv file...
elapsed: 0.15521621704101562
embedding subchunk number 1.0...
elapsed (s): 0.29340267181396484
processing batch of abstracts...
elapsed: 489.03986525535583
writing embeddings to csv file...
elapsed: 7.479958534240723
embedding subchunk number 2.0...
elapsed (s): 7.584882974624634
processing batch of abstracts...
elapsed: 446.50063824653625
writing embeddings to csv file...
elapsed: 7.445694446563721
embedding subchunk number 3.0...
elapsed (s): 7.674487352371216
processing batch of abstracts...
elapsed: 387.71190333366394
writing embeddings to csv file...
elapsed: 7.463629722595215
embedding subchunk number 4.0...
elapsed (s): 7.599912643432617
processing batch of abstracts...
elapsed: 335.67516326904297
writing embeddings to csv file...
elapsed: 7.457354784011841
embedding subchunk number 5.0...
elapsed (s): 7.6295325756073
processing batch of abstracts...
elapsed: 202.2897822856903
writing embeddings to csv file...
elapsed: 7.477221488952637
embedding subchunk number 6.0...
elapsed (s): 7.988563537597656
processing batch of abstracts...
elapsed: 515.7686634063721
writing embeddings to csv file...
elapsed: 7.432629108428955
embedding subchunk number 7.0...
elapsed (s): 7.689077377319336
processing batch of abstracts...
elapsed: 573.5718052387238
writing embeddings to csv file...
elapsed: 7.445457935333252
embedding subchunk number 8.0...
elapsed (s): 7.55786919593811
processing batch of abstracts...
elapsed: 275.5454041957855
writing embeddings to csv file...
elapsed: 7.7875847816467285
embedding subchunk number 9.0...
elapsed (s): 7.949608087539673
processing batch of abstracts...
elapsed: 296.2219469547272
writing embeddings to csv file...
elapsed: 7.647046089172363
embedding subchunk number 10.0...
elapsed (s): 7.789592981338501
processing batch of abstracts...
elapsed: 294.5456519126892
writing embeddings to csv file...
elapsed: 7.436716318130493
embedding subchunk number 11.0...
elapsed (s): 7.618297815322876
processing batch of abstracts...
elapsed: 301.00975251197815
writing embeddings to csv file...
elapsed: 7.4167585372924805
embedding subchunk number 12.0...
elapsed (s): 7.5498740673065186
processing batch of abstracts...
elapsed: 306.867440700531
writing embeddings to csv file...
elapsed: 7.469475507736206
embedding subchunk number 13.0...
elapsed (s): 7.674744129180908
processing batch of abstracts...
elapsed: 438.5427279472351
writing embeddings to csv file...
elapsed: 7.520034313201904
embedding subchunk number 14.0...
elapsed (s): 7.617830753326416
processing batch of abstracts...
elapsed: 347.1512532234192
writing embeddings to csv file...
elapsed: 7.529489517211914
embedding subchunk number 15.0...
elapsed (s): 7.709107398986816
processing batch of abstracts...
elapsed: 298.21077275276184
writing embeddings to csv file...
elapsed: 7.58449387550354
embedding subchunk number 16.0...
elapsed (s): 7.659722566604614
processing batch of abstracts...
elapsed: 228.61397457122803
writing embeddings to csv file...
elapsed: 7.452411413192749
embedding subchunk number 17.0...
elapsed (s): 7.627441644668579
processing batch of abstracts...
elapsed: 244.6410870552063
writing embeddings to csv file...
elapsed: 7.153388023376465
embedding subchunk number 18.0...
elapsed (s): 7.294836521148682
processing batch of abstracts...
elapsed: 232.93785881996155
writing embeddings to csv file...
elapsed: 7.408147573471069
embedding subchunk number 19.0...
elapsed (s): 7.6059043407440186
processing batch of abstracts...
elapsed: 293.8606975078583
writing embeddings to csv file...
elapsed: 7.435830354690552
embedding subchunk number 20.0...
elapsed (s): 7.488856077194214
processing batch of abstracts...
elapsed: 142.81658673286438
writing embeddings to csv file...
elapsed: 7.39089035987854
embedding subchunk number 21.0...
elapsed (s): 7.579599380493164
processing batch of abstracts...
elapsed: 245.607164144516
writing embeddings to csv file...
elapsed: 7.452654838562012
embedding subchunk number 22.0...
elapsed (s): 7.617856979370117
processing batch of abstracts...
elapsed: 324.07788157463074
writing embeddings to csv file...
elapsed: 7.412448167800903
embedding subchunk number 23.0...
elapsed (s): 7.586868524551392
processing batch of abstracts...
elapsed: 291.6635785102844
writing embeddings to csv file...
elapsed: 7.472668886184692
embedding subchunk number 24.0...
elapsed (s): 7.675231695175171
processing batch of abstracts...
elapsed: 329.18911933898926
writing embeddings to csv file...
elapsed: 7.637564182281494
embedding subchunk number 25.0...
elapsed (s): 7.785971641540527
processing batch of abstracts...
elapsed: 312.2500820159912
writing embeddings to csv file...
elapsed: 7.5245020389556885
embedding subchunk number 26.0...
elapsed (s): 7.70862340927124
processing batch of abstracts...
elapsed: 270.2960481643677
writing embeddings to csv file...
elapsed: 7.379004955291748
embedding subchunk number 27.0...
elapsed (s): 7.503166913986206
processing batch of abstracts...
elapsed: 314.42228388786316
writing embeddings to csv file...
elapsed: 7.52263069152832
embedding subchunk number 28.0...
elapsed (s): 7.7005321979522705
processing batch of abstracts...
elapsed: 298.4001793861389
writing embeddings to csv file...
elapsed: 7.387916564941406
embedding subchunk number 29.0...
elapsed (s): 7.516639232635498
processing batch of abstracts...
elapsed: 294.61282896995544
writing embeddings to csv file...
elapsed: 7.453687429428101
embedding subchunk number 30.0...
elapsed (s): 7.636207818984985
processing batch of abstracts...
elapsed: 183.2371153831482
writing embeddings to csv file...
elapsed: 7.430649757385254
embedding subchunk number 31.0...
elapsed (s): 7.467184066772461
processing batch of abstracts...
elapsed: 75.93966770172119
writing embeddings to csv file...
elapsed: 7.363638877868652
embedding subchunk number 32.0...
elapsed (s): 7.515070199966431
processing batch of abstracts...
elapsed: 208.96372723579407
writing embeddings to csv file...
elapsed: 7.348505258560181
embedding subchunk number 33.0...
elapsed (s): 7.534442186355591
processing batch of abstracts...
elapsed: 219.53933119773865
writing embeddings to csv file...
elapsed: 7.301706790924072
embedding subchunk number 34.0...
elapsed (s): 7.44319748878479
processing batch of abstracts...
elapsed: 220.36052083969116
writing embeddings to csv file...
elapsed: 7.299986362457275
embedding subchunk number 35.0...
elapsed (s): 7.4421610832214355
processing batch of abstracts...
elapsed: 207.31869411468506
writing embeddings to csv file...
elapsed: 7.774965286254883
embedding subchunk number 36.0...
elapsed (s): 7.939398765563965
processing batch of abstracts...
elapsed: 241.95509505271912
writing embeddings to csv file...
elapsed: 7.430590867996216
embedding subchunk number 37.0...
elapsed (s): 7.577009201049805
processing batch of abstracts...
elapsed: 254.40735602378845
writing embeddings to csv file...
elapsed: 7.398153066635132
embedding subchunk number 38.0...
elapsed (s): 7.6625940799713135
processing batch of abstracts...
elapsed: 245.25004959106445
writing embeddings to csv file...
elapsed: 7.421172380447388
embedding subchunk number 39.0...
elapsed (s): 7.739394426345825
processing batch of abstracts...
elapsed: 280.4066081047058
writing embeddings to csv file...
elapsed: 7.415506362915039
embedding subchunk number 40.0...
elapsed (s): 7.594112157821655
processing batch of abstracts...
elapsed: 339.9951333999634
writing embeddings to csv file...
elapsed: 7.427645683288574
embedding subchunk number 41.0...
elapsed (s): 7.604748010635376
processing batch of abstracts...
elapsed: 318.91274213790894
writing embeddings to csv file...
elapsed: 7.4727091789245605
embedding subchunk number 42.0...
elapsed (s): 7.658258676528931
processing batch of abstracts...
elapsed: 373.93990874290466
writing embeddings to csv file...
elapsed: 7.429916143417358
embedding subchunk number 43.0...
elapsed (s): 7.578231573104858
processing batch of abstracts...
elapsed: 353.1951541900635
writing embeddings to csv file...
elapsed: 7.403716802597046
embedding subchunk number 44.0...
elapsed (s): 7.587846040725708
processing batch of abstracts...
elapsed: 291.8840506076813
writing embeddings to csv file...
elapsed: 7.404951572418213
embedding subchunk number 45.0...
elapsed (s): 7.561537265777588
processing batch of abstracts...
elapsed: 301.83897161483765
writing embeddings to csv file...
elapsed: 7.419729948043823
embedding subchunk number 46.0...
elapsed (s): 7.574404001235962
processing batch of abstracts...
elapsed: 298.00315022468567
writing embeddings to csv file...
elapsed: 7.350261449813843
embedding subchunk number 47.0...
elapsed (s): 7.583909034729004
processing batch of abstracts...
elapsed: 420.8423538208008
writing embeddings to csv file...
elapsed: 7.487940549850464
embedding subchunk number 48.0...
elapsed (s): 7.72285532951355
processing batch of abstracts...
elapsed: 419.7056233882904
writing embeddings to csv file...
elapsed: 7.513611316680908
embedding subchunk number 49.0...
elapsed (s): 7.741619825363159
processing batch of abstracts...
elapsed: 443.9843370914459
writing embeddings to csv file...
elapsed: 7.4438254833221436
embedding subchunk number 50.0...
elapsed (s): 7.622333288192749
processing batch of abstracts...
elapsed: 266.7497148513794
writing embeddings to csv file...
elapsed: 7.466007709503174
embedding subchunk number 51.0...
elapsed (s): 7.6556901931762695
processing batch of abstracts...
elapsed: 258.6655750274658
writing embeddings to csv file...
elapsed: 7.50841498374939
embedding subchunk number 52.0...
elapsed (s): 7.688231468200684
processing batch of abstracts...
elapsed: 262.2201898097992
writing embeddings to csv file...
elapsed: 7.3991005420684814
embedding subchunk number 53.0...
elapsed (s): 7.51993989944458
processing batch of abstracts...
elapsed: 165.92371702194214
writing embeddings to csv file...
elapsed: 7.607294797897339
embedding subchunk number 54.0...
elapsed (s): 7.787926197052002
processing batch of abstracts...
elapsed: 277.9658315181732
writing embeddings to csv file...
elapsed: 7.462573766708374
embedding subchunk number 55.0...
elapsed (s): 7.70051121711731
processing batch of abstracts...
elapsed: 582.1679327487946
writing embeddings to csv file...
elapsed: 7.978298664093018
embedding subchunk number 56.0...
elapsed (s): 8.257814645767212
processing batch of abstracts...
elapsed: 448.76589155197144
writing embeddings to csv file...
elapsed: 7.473138093948364
embedding subchunk number 57.0...
elapsed (s): 7.671744346618652
processing batch of abstracts...
elapsed: 375.4006576538086
writing embeddings to csv file...
elapsed: 7.553009510040283
embedding subchunk number 58.0...
elapsed (s): 7.742034673690796
processing batch of abstracts...
elapsed: 363.2515912055969
writing embeddings to csv file...
elapsed: 7.623501300811768
embedding subchunk number 59.0...
elapsed (s): 7.875817537307739
processing batch of abstracts...
elapsed: 389.6305606365204
writing embeddings to csv file...
elapsed: 7.442601442337036
