2007...
N citations: 13249036
SQL join executed in 194.85231041908264 s
fetched 100000 rows...
fetched 100000 rows...
fetched 100000 rows...
fetched 100000 rows...
fetched 100000 rows...
fetched 100000 rows...
fetched 100000 rows...
fetched 100000 rows...
fetched 100000 rows...
fetched 100000 rows...
fetched 100000 rows...
fetched 100000 rows...
fetched 100000 rows...
fetched 100000 rows...
fetched 100000 rows...
fetched 100000 rows...
fetched 100000 rows...
fetched 100000 rows...
fetched 100000 rows...
fetched 100000 rows...
fetched 100000 rows...
fetched 100000 rows...
fetched 100000 rows...
fetched 100000 rows...
fetched 100000 rows...
fetched 100000 rows...
fetched 100000 rows...
fetched 100000 rows...
fetched 100000 rows...
fetched 100000 rows...
fetched 100000 rows...
fetched 100000 rows...
fetched 100000 rows...
fetched 100000 rows...
fetched 100000 rows...
fetched 100000 rows...
fetched 100000 rows...
fetched 100000 rows...
fetched 100000 rows...
fetched 100000 rows...
fetched 100000 rows...
fetched
SQL results fetched and cast in 10322.98623585701 s
pca transform finished in 4.76837158203125e-07 s
finished writing output file in 4600.316785573959 s

2008...
N citations: 14925442
SQL join executed in 198.52558422088623 s
fetched 100000 rows...
